#
# There is insufficient memory for the Java Runtime Environment to continue.
# Native memory allocation (malloc) failed to allocate 195035136 bytes for committing reserved memory.
# Possible reasons:
#   The system is out of physical RAM or swap space
#   In 32 bit mode, the process size limit was hit
# Possible solutions:
#   Reduce memory load on the system
#   Increase physical memory or swap space
#   Check if swap backing store is full
#   Use 64 bit Java on a 64 bit OS
#   Decrease Java heap size (-Xmx/-Xms)
#   Decrease number of Java threads
#   Decrease Java thread stack sizes (-Xss)
#   Set larger code cache with -XX:ReservedCodeCacheSize=
# This output file may be truncated or incomplete.
#
#  Out of Memory Error (os_linux.cpp:2827), pid=18193, tid=140028955494144
#
# JRE version: OpenJDK Runtime Environment (7.0_101) (build 1.7.0_101-b00)
# Java VM: OpenJDK 64-Bit Server VM (24.95-b01 mixed mode linux-amd64 compressed oops)
# Derivative: IcedTea 2.6.6
# Distribution: Ubuntu 15.10, package 7u101-2.6.6-0ubuntu0.15.10.1
# Failed to write core dump. Core dumps have been disabled. To enable core dumping, try "ulimit -c unlimited" before starting Java again
#

---------------  T H R E A D  ---------------

Current thread (0x00007f5b04076000):  VMThread [stack: 0x00007f5b08168000,0x00007f5b08269000] [id=18202]

Stack: [0x00007f5b08168000,0x00007f5b08269000],  sp=0x00007f5b082674f0,  free space=1021k
Native frames: (J=compiled Java code, j=interpreted, Vv=VM code, C=native code)
V  [libjvm.so+0x996303]
V  [libjvm.so+0x48b94f]
V  [libjvm.so+0x802a2b]
V  [libjvm.so+0x7fce1e]
V  [libjvm.so+0x872f2b]
V  [libjvm.so+0x874873]
V  [libjvm.so+0x870af8]
V  [libjvm.so+0x870ddc]
V  [libjvm.so+0x8263e3]
V  [libjvm.so+0x997da2]
V  [libjvm.so+0x99cae7]
V  [libjvm.so+0x99a378]
V  [libjvm.so+0x99b6ef]
V  [libjvm.so+0x99bbe1]
V  [libjvm.so+0x7ff952]

VM_Operation (0x00007f5af9ace0d0): ParallelGCFailedAllocation, mode: safepoint, requested by thread 0x00007f5b04173000


---------------  P R O C E S S  ---------------

Java Threads: ( => current thread )
  0x00007f5b04174800 JavaThread "pool-1-thread-4" [_thread_blocked, id=18216, stack(0x00007f5af98ce000,0x00007f5af99cf000)]
  0x00007f5b04173000 JavaThread "pool-1-thread-3" [_thread_blocked, id=18215, stack(0x00007f5af99cf000,0x00007f5af9ad0000)]
  0x00007f5b0416f800 JavaThread "pool-1-thread-2" [_thread_blocked, id=18212, stack(0x00007f5b00015000,0x00007f5b00116000)]
  0x00007f5b0416d800 JavaThread "pool-2-thread-1" [_thread_blocked, id=18211, stack(0x00007f5b00116000,0x00007f5b00217000)]
  0x00007f5b0416d000 JavaThread "pool-1-thread-1" [_thread_blocked, id=18210, stack(0x00007f5b00217000,0x00007f5b00318000)]
  0x00007f5b040b1000 JavaThread "Service Thread" daemon [_thread_blocked, id=18208, stack(0x00007f5b00419000,0x00007f5b0051a000)]
  0x00007f5b040ae800 JavaThread "C2 CompilerThread1" daemon [_thread_blocked, id=18207, stack(0x00007f5b0051a000,0x00007f5b0061b000)]
  0x00007f5b040ab800 JavaThread "C2 CompilerThread0" daemon [_thread_blocked, id=18206, stack(0x00007f5b0061b000,0x00007f5b0071c000)]
  0x00007f5b040a9800 JavaThread "Signal Dispatcher" daemon [_thread_blocked, id=18205, stack(0x00007f5b0071c000,0x00007f5b0081d000)]
  0x00007f5b0407c800 JavaThread "Finalizer" daemon [_thread_blocked, id=18204, stack(0x00007f5b00eff000,0x00007f5b01000000)]
  0x00007f5b0407a800 JavaThread "Reference Handler" daemon [_thread_blocked, id=18203, stack(0x00007f5b08067000,0x00007f5b08168000)]
  0x00007f5b0400a800 JavaThread "main" [_thread_blocked, id=18195, stack(0x00007f5b0d3d6000,0x00007f5b0d4d7000)]

Other Threads:
=>0x00007f5b04076000 VMThread [stack: 0x00007f5b08168000,0x00007f5b08269000] [id=18202]
  0x00007f5b040bb800 WatcherThread [stack: 0x00007f5b00318000,0x00007f5b00419000] [id=18209]

VM state:at safepoint (normal execution)

VM Mutex/Monitor currently owned by a thread:  ([mutex/lock_event])
[0x00007f5b04006a20] Threads_lock - owner thread: 0x00007f5b04076000
[0x00007f5b04006f20] Heap_lock - owner thread: 0x00007f5b04173000

Heap
 PSYoungGen      total 128000K, used 5107K [0x00000000eaa80000, 0x00000000f2c80000, 0x0000000100000000)
  eden space 122880K, 0% used [0x00000000eaa80000,0x00000000eaa80000,0x00000000f2280000)
  from space 5120K, 99% used [0x00000000f2280000,0x00000000f277cc10,0x00000000f2780000)
  to   space 5120K, 0% used [0x00000000f2780000,0x00000000f2780000,0x00000000f2c80000)
 ParOldGen       total 81920K, used 72140K [0x00000000c0000000, 0x00000000c5000000, 0x00000000eaa80000)
  object space 81920K, 88% used [0x00000000c0000000,0x00000000c46733b0,0x00000000c5000000)
 PSPermGen       total 21504K, used 5903K [0x00000000b5a00000, 0x00000000b6f00000, 0x00000000c0000000)
  object space 21504K, 27% used [0x00000000b5a00000,0x00000000b5fc3d38,0x00000000b6f00000)

Card table byte_map: [0x00007f5b09d11000,0x00007f5b09f65000] byte_map_base: 0x00007f5b09764000

Polling page: 0x00007f5b0d4f8000

Code Cache  [0x00007f5b01000000, 0x00007f5b01270000, 0x00007f5b04000000)
 total_blobs=615 nmethods=402 adapters=166 free_code_cache=47352Kb largest_free_block=48454912

Compilation events (10 events):
Event: 22.120 Thread 0x00007f5b040ab800 nmethod 419 0x00007f5b011a72d0 code [0x00007f5b011a7400, 0x00007f5b011a7458]
Event: 22.120 Thread 0x00007f5b040ab800  420             com.android.dx.ssa.DeadCodeRemover::hasSideEffect (11 bytes)
Event: 22.139 Thread 0x00007f5b040ab800 nmethod 420 0x00007f5b011a6bd0 code [0x00007f5b011a6d40, 0x00007f5b011a6f58]
Event: 22.139 Thread 0x00007f5b040ab800  421             com.android.dx.cf.code.ExecutionStack::pop (54 bytes)
Event: 22.141 Thread 0x00007f5b040ab800 nmethod 421 0x00007f5b011a6650 code [0x00007f5b011a67a0, 0x00007f5b011a6958]
Event: 22.141 Thread 0x00007f5b040ab800  422             com.android.dx.cf.code.Merger::isPossiblyAssignableFrom (202 bytes)
Event: 22.160 Thread 0x00007f5b040ab800 nmethod 422 0x00007f5b011b4e50 code [0x00007f5b011b4fe0, 0x00007f5b011b5418]
Event: 22.161 Thread 0x00007f5b040ab800  423 %           com.android.dx.ssa.SsaConverter::placePhiFunctions @ 131 (394 bytes)
Event: 22.478 Thread 0x00007f5b040ab800 nmethod 423% 0x00007f5b011c5350 code [0x00007f5b011c56e0, 0x00007f5b011c7808]
Event: 22.478 Thread 0x00007f5b040ab800  424             com.android.dx.ssa.back.FirstFitLocalCombiningAllocator::handleNormalUnassociated (99 bytes)

GC Heap History (9 events):
Event: 2.953 GC heap before
{Heap before GC invocations=1 (full 0):
 PSYoungGen      total 35840K, used 30720K [0x00000000eaa80000, 0x00000000ed280000, 0x0000000100000000)
  eden space 30720K, 100% used [0x00000000eaa80000,0x00000000ec880000,0x00000000ec880000)
  from space 5120K, 0% used [0x00000000ecd80000,0x00000000ecd80000,0x00000000ed280000)
  to   space 5120K, 0% used [0x00000000ec880000,0x00000000ec880000,0x00000000ecd80000)
 ParOldGen       total 81920K, used 0K [0x00000000c0000000, 0x00000000c5000000, 0x00000000eaa80000)
  object space 81920K, 0% used [0x00000000c0000000,0x00000000c0000000,0x00000000c5000000)
 PSPermGen       total 21504K, used 5665K [0x00000000b5a00000, 0x00000000b6f00000, 0x00000000c0000000)
  object space 21504K, 26% used [0x00000000b5a00000,0x00000000b5f88588,0x00000000b6f00000)
Event: 2.988 GC heap after
Heap after GC invocations=1 (full 0):
 PSYoungGen      total 35840K, used 5090K [0x00000000eaa80000, 0x00000000ef080000, 0x0000000100000000)
  eden space 30720K, 0% used [0x00000000eaa80000,0x00000000eaa80000,0x00000000ec880000)
  from space 5120K, 99% used [0x00000000ec880000,0x00000000ecd789d0,0x00000000ecd80000)
  to   space 5120K, 0% used [0x00000000eeb80000,0x00000000eeb80000,0x00000000ef080000)
 ParOldGen       total 81920K, used 1115K [0x00000000c0000000, 0x00000000c5000000, 0x00000000eaa80000)
  object space 81920K, 1% used [0x00000000c0000000,0x00000000c0116d60,0x00000000c5000000)
 PSPermGen       total 21504K, used 5665K [0x00000000b5a00000, 0x00000000b6f00000, 0x00000000c0000000)
  object space 21504K, 26% used [0x00000000b5a00000,0x00000000b5f88588,0x00000000b6f00000)
}
Event: 5.071 GC heap before
{Heap before GC invocations=2 (full 0):
 PSYoungGen      total 35840K, used 35810K [0x00000000eaa80000, 0x00000000ef080000, 0x0000000100000000)
  eden space 30720K, 100% used [0x00000000eaa80000,0x00000000ec880000,0x00000000ec880000)
  from space 5120K, 99% used [0x00000000ec880000,0x00000000ecd789d0,0x00000000ecd80000)
  to   space 5120K, 0% used [0x00000000eeb80000,0x00000000eeb80000,0x00000000ef080000)
 ParOldGen       total 81920K, used 1115K [0x00000000c0000000, 0x00000000c5000000, 0x00000000eaa80000)
  object space 81920K, 1% used [0x00000000c0000000,0x00000000c0116d60,0x00000000c5000000)
 PSPermGen       total 21504K, used 5789K [0x00000000b5a00000, 0x00000000b6f00000, 0x00000000c0000000)
  object space 21504K, 26% used [0x00000000b5a00000,0x00000000b5fa77a0,0x00000000b6f00000)
Event: 5.145 GC heap after
Heap after GC invocations=2 (full 0):
 PSYoungGen      total 66560K, used 5090K [0x00000000eaa80000, 0x00000000ef080000, 0x0000000100000000)
  eden space 61440K, 0% used [0x00000000eaa80000,0x00000000eaa80000,0x00000000ee680000)
  from space 5120K, 99% used [0x00000000eeb80000,0x00000000ef078800,0x00000000ef080000)
  to   space 5120K, 0% used [0x00000000ee680000,0x00000000ee680000,0x00000000eeb80000)
 ParOldGen       total 81920K, used 8028K [0x00000000c0000000, 0x00000000c5000000, 0x00000000eaa80000)
  object space 81920K, 9% used [0x00000000c0000000,0x00000000c07d7358,0x00000000c5000000)
 PSPermGen       total 21504K, used 5789K [0x00000000b5a00000, 0x00000000b6f00000, 0x00000000c0000000)
  object space 21504K, 26% used [0x00000000b5a00000,0x00000000b5fa77a0,0x00000000b6f00000)
}
Event: 8.790 GC heap before
{Heap before GC invocations=3 (full 0):
 PSYoungGen      total 66560K, used 66530K [0x00000000eaa80000, 0x00000000ef080000, 0x0000000100000000)
  eden space 61440K, 100% used [0x00000000eaa80000,0x00000000ee680000,0x00000000ee680000)
  from space 5120K, 99% used [0x00000000eeb80000,0x00000000ef078800,0x00000000ef080000)
  to   space 5120K, 0% used [0x00000000ee680000,0x00000000ee680000,0x00000000eeb80000)
 ParOldGen       total 81920K, used 8028K [0x00000000c0000000, 0x00000000c5000000, 0x00000000eaa80000)
  object space 81920K, 9% used [0x00000000c0000000,0x00000000c07d7358,0x00000000c5000000)
 PSPermGen       total 21504K, used 5851K [0x00000000b5a00000, 0x00000000b6f00000, 0x00000000c0000000)
  object space 21504K, 27% used [0x00000000b5a00000,0x00000000b5fb6c00,0x00000000b6f00000)
Event: 8.976 GC heap after
Heap after GC invocations=3 (full 0):
 PSYoungGen      total 66560K, used 5110K [0x00000000eaa80000, 0x00000000f2c80000, 0x0000000100000000)
  eden space 61440K, 0% used [0x00000000eaa80000,0x00000000eaa80000,0x00000000ee680000)
  from space 5120K, 99% used [0x00000000ee680000,0x00000000eeb7d850,0x00000000eeb80000)
  to   space 5120K, 0% used [0x00000000f2780000,0x00000000f2780000,0x00000000f2c80000)
 ParOldGen       total 81920K, used 23564K [0x00000000c0000000, 0x00000000c5000000, 0x00000000eaa80000)
  object space 81920K, 28% used [0x00000000c0000000,0x00000000c1703120,0x00000000c5000000)
 PSPermGen       total 21504K, used 5851K [0x00000000b5a00000, 0x00000000b6f00000, 0x00000000c0000000)
  object space 21504K, 27% used [0x00000000b5a00000,0x00000000b5fb6c00,0x00000000b6f00000)
}
Event: 15.250 GC heap before
{Heap before GC invocations=4 (full 0):
 PSYoungGen      total 66560K, used 66550K [0x00000000eaa80000, 0x00000000f2c80000, 0x0000000100000000)
  eden space 61440K, 100% used [0x00000000eaa80000,0x00000000ee680000,0x00000000ee680000)
  from space 5120K, 99% used [0x00000000ee680000,0x00000000eeb7d850,0x00000000eeb80000)
  to   space 5120K, 0% used [0x00000000f2780000,0x00000000f2780000,0x00000000f2c80000)
 ParOldGen       total 81920K, used 23564K [0x00000000c0000000, 0x00000000c5000000, 0x00000000eaa80000)
  object space 81920K, 28% used [0x00000000c0000000,0x00000000c1703120,0x00000000c5000000)
 PSPermGen       total 21504K, used 5885K [0x00000000b5a00000, 0x00000000b6f00000, 0x00000000c0000000)
  object space 21504K, 27% used [0x00000000b5a00000,0x00000000b5fbf568,0x00000000b6f00000)
Event: 15.476 GC heap after
Heap after GC invocations=4 (full 0):
 PSYoungGen      total 128000K, used 5103K [0x00000000eaa80000, 0x00000000f2c80000, 0x0000000100000000)
  eden space 122880K, 0% used [0x00000000eaa80000,0x00000000eaa80000,0x00000000f2280000)
  from space 5120K, 99% used [0x00000000f2780000,0x00000000f2c7bde0,0x00000000f2c80000)
  to   space 5120K, 0% used [0x00000000f2280000,0x00000000f2280000,0x00000000f2780000)
 ParOldGen       total 81920K, used 49924K [0x00000000c0000000, 0x00000000c5000000, 0x00000000eaa80000)
  object space 81920K, 60% used [0x00000000c0000000,0x00000000c30c1098,0x00000000c5000000)
 PSPermGen       total 21504K, used 5885K [0x00000000b5a00000, 0x00000000b6f00000, 0x00000000c0000000)
  object space 21504K, 27% used [0x00000000b5a00000,0x00000000b5fbf568,0x00000000b6f00000)
}
Event: 23.087 GC heap before
{Heap before GC invocations=5 (full 0):
 PSYoungGen      total 128000K, used 127983K [0x00000000eaa80000, 0x00000000f2c80000, 0x0000000100000000)
  eden space 122880K, 100% used [0x00000000eaa80000,0x00000000f2280000,0x00000000f2280000)
  from space 5120K, 99% used [0x00000000f2780000,0x00000000f2c7bde0,0x00000000f2c80000)
  to   space 5120K, 0% used [0x00000000f2280000,0x00000000f2280000,0x00000000f2780000)
 ParOldGen       total 81920K, used 49924K [0x00000000c0000000, 0x00000000c5000000, 0x00000000eaa80000)
  object space 81920K, 60% used [0x00000000c0000000,0x00000000c30c1098,0x00000000c5000000)
 PSPermGen       total 21504K, used 5903K [0x00000000b5a00000, 0x00000000b6f00000, 0x00000000c0000000)
  object space 21504K, 27% used [0x00000000b5a00000,0x00000000b5fc3d38,0x00000000b6f00000)

Deoptimization events (10 events):
Event: 22.037 Thread 0x00007f5b0400a800 Uncommon trap: reason=null_check action=make_not_entrant pc=0x00007f5b010cdb44 method=com.android.dx.rop.type.Type.putIntern(Lcom/android/dx/rop/type/Type;)Lcom/android/dx/rop/type/Type; @ 18
Event: 22.059 Thread 0x00007f5b0416f800 Uncommon trap: reason=unstable_if action=reinterpret pc=0x00007f5b01068644 method=com.android.dx.rop.cst.Constant.compareTo(Lcom/android/dx/rop/cst/Constant;)I @ 12
Event: 22.063 Thread 0x00007f5b0400a800 Uncommon trap: reason=null_check action=make_not_entrant pc=0x00007f5b0115a2a4 method=com.android.dx.rop.type.Type.putIntern(Lcom/android/dx/rop/type/Type;)Lcom/android/dx/rop/type/Type; @ 18
Event: 22.294 Thread 0x00007f5b0400a800 Uncommon trap: reason=class_check action=maybe_recompile pc=0x00007f5b01194280 method=com.android.dx.ssa.SCCP.simulatePhi(Lcom/android/dx/ssa/PhiInsn;)V @ 124
Event: 22.476 Thread 0x00007f5b04173000 Uncommon trap: reason=class_check action=maybe_recompile pc=0x00007f5b01090528 method=com.android.dx.rop.type.Type.equals(Ljava/lang/Object;)Z @ 8
Event: 22.476 Thread 0x00007f5b04173000 Uncommon trap: reason=bimorphic action=maybe_recompile pc=0x00007f5b01199d5c method=com.android.dx.rop.code.Rops.opMoveResultPseudo(Lcom/android/dx/rop/type/TypeBearer;)Lcom/android/dx/rop/code/Rop; @ 7
Event: 22.477 Thread 0x00007f5b04173000 Uncommon trap: reason=bimorphic action=maybe_recompile pc=0x00007f5b011b2160 method=com.android.dx.ssa.LiteralOpUpgrader.tryReplacingWithConstant(Lcom/android/dx/ssa/NormalSsaInsn;)Z @ 52
Event: 22.480 Thread 0x00007f5b0416f800 Uncommon trap: reason=unstable_if action=reinterpret pc=0x00007f5b010c0fbc method=java.util.BitSet.clone()Ljava/lang/Object; @ 4
Event: 22.536 Thread 0x00007f5b04174800 Uncommon trap: reason=null_check action=make_not_entrant pc=0x00007f5b0119aba8 method=com.android.dx.rop.cst.CstType.intern(Lcom/android/dx/rop/type/Type;)Lcom/android/dx/rop/cst/CstType; @ 13
Event: 22.560 Thread 0x00007f5b04174800 Uncommon trap: reason=class_check action=maybe_recompile pc=0x00007f5b01194280 method=com.android.dx.ssa.SCCP.simulatePhi(Lcom/android/dx/ssa/PhiInsn;)V @ 124

Internal exceptions (10 events):
Event: 3.930 Thread 0x00007f5b04174800 Threw 0x00000000ebaabb40 at /build/openjdk-7-hZgspp/openjdk-7-7u101-2.6.6/build/openjdk/hotspot/src/share/vm/prims/jvm.cpp:1322
Event: 5.439 Thread 0x00007f5b04174800 Implicit null exception at 0x00007f5b010c7d7d to 0x00007f5b010ca1a5
Event: 5.735 Thread 0x00007f5b0416d000 Threw 0x00000000eb5e5178 at /build/openjdk-7-hZgspp/openjdk-7-7u101-2.6.6/build/openjdk/hotspot/src/share/vm/prims/jvm.cpp:1322
Event: 5.869 Thread 0x00007f5b0416d000 Threw 0x00000000eb8fe0f0 at /build/openjdk-7-hZgspp/openjdk-7-7u101-2.6.6/build/openjdk/hotspot/src/share/vm/prims/jvm.cpp:1322
Event: 9.602 Thread 0x00007f5b04174800 Threw 0x00000000eb663768 at /build/openjdk-7-hZgspp/openjdk-7-7u101-2.6.6/build/openjdk/hotspot/src/share/vm/prims/jvm.cpp:1322
Event: 9.622 Thread 0x00007f5b04174800 Threw 0x00000000eb934658 at /build/openjdk-7-hZgspp/openjdk-7-7u101-2.6.6/build/openjdk/hotspot/src/share/vm/prims/jvm.cpp:1322
Event: 10.214 Thread 0x00007f5b04174800 Threw 0x00000000ec021318 at /build/openjdk-7-hZgspp/openjdk-7-7u101-2.6.6/build/openjdk/hotspot/src/share/vm/prims/jvm.cpp:1322
Event: 22.037 Thread 0x00007f5b0400a800 Implicit null exception at 0x00007f5b010cd47f to 0x00007f5b010cdb35
Event: 22.063 Thread 0x00007f5b0400a800 Implicit null exception at 0x00007f5b0115a655 to 0x00007f5b0115a295
Event: 22.536 Thread 0x00007f5b04174800 Implicit null exception at 0x00007f5b011985c3 to 0x00007f5b0119ab9d

Events (10 events):
Event: 22.480 Thread 0x00007f5b0416f800 Uncommon trap: trap_request=0xffffff75 fr.pc=0x00007f5b010c0fbc
Event: 22.480 Thread 0x00007f5b0416f800 DEOPT PACKING pc=0x00007f5b010c0fbc sp=0x00007f5b001141f0
Event: 22.480 Thread 0x00007f5b0416f800 DEOPT UNPACKING pc=0x00007f5b01039445 sp=0x00007f5b001140f8 mode 2
Event: 22.536 Thread 0x00007f5b04174800 Uncommon trap: trap_request=0xfffffff4 fr.pc=0x00007f5b0119aba8
Event: 22.536 Thread 0x00007f5b04174800 DEOPT PACKING pc=0x00007f5b0119aba8 sp=0x00007f5af99cd0a0
Event: 22.536 Thread 0x00007f5b04174800 DEOPT UNPACKING pc=0x00007f5b01039445 sp=0x00007f5af99ccfb8 mode 2
Event: 22.560 Thread 0x00007f5b04174800 Uncommon trap: trap_request=0xffffffde fr.pc=0x00007f5b01194280
Event: 22.560 Thread 0x00007f5b04174800 DEOPT PACKING pc=0x00007f5b01194280 sp=0x00007f5af99cd1c0
Event: 22.560 Thread 0x00007f5b04174800 DEOPT UNPACKING pc=0x00007f5b01039445 sp=0x00007f5af99cd168 mode 2
Event: 23.066 Executing VM operation: ParallelGCFailedAllocation


Dynamic libraries:
00400000-00401000 r-xp 00000000 08:05 11799176                           /usr/lib/jvm/java-7-openjdk-amd64/jre/bin/java
00600000-00601000 r--p 00000000 08:05 11799176                           /usr/lib/jvm/java-7-openjdk-amd64/jre/bin/java
00601000-00602000 rw-p 00001000 08:05 11799176                           /usr/lib/jvm/java-7-openjdk-amd64/jre/bin/java
008a0000-008c1000 rw-p 00000000 00:00 0                                  [heap]
b5a00000-b6f00000 rw-p 00000000 00:00 0 
b6f00000-c0000000 rw-p 00000000 00:00 0 
c0000000-c5000000 rw-p 00000000 00:00 0 
c5000000-eaa80000 rw-p 00000000 00:00 0 
eaa80000-f2c80000 rw-p 00000000 00:00 0 
fe680000-100000000 rw-p 00000000 00:00 0 
7f5ab4000000-7f5ab402c000 rw-p 00000000 00:00 0 
7f5ab402c000-7f5ab8000000 ---p 00000000 00:00 0 
7f5abc000000-7f5abc021000 rw-p 00000000 00:00 0 
7f5abc021000-7f5ac0000000 ---p 00000000 00:00 0 
7f5ac0000000-7f5ac0021000 rw-p 00000000 00:00 0 
7f5ac0021000-7f5ac4000000 ---p 00000000 00:00 0 
7f5ac4000000-7f5ac4035000 rw-p 00000000 00:00 0 
7f5ac4035000-7f5ac8000000 ---p 00000000 00:00 0 
7f5ac8000000-7f5ac8021000 rw-p 00000000 00:00 0 
7f5ac8021000-7f5acc000000 ---p 00000000 00:00 0 
7f5acc000000-7f5acc021000 rw-p 00000000 00:00 0 
7f5acc021000-7f5ad0000000 ---p 00000000 00:00 0 
7f5ad0000000-7f5ad0021000 rw-p 00000000 00:00 0 
7f5ad0021000-7f5ad4000000 ---p 00000000 00:00 0 
7f5ad4000000-7f5ad55c6000 rw-p 00000000 00:00 0 
7f5ad55c6000-7f5ad8000000 ---p 00000000 00:00 0 
7f5ad8000000-7f5ad99b1000 rw-p 00000000 00:00 0 
7f5ad99b1000-7f5adc000000 ---p 00000000 00:00 0 
7f5adc000000-7f5adc021000 rw-p 00000000 00:00 0 
7f5adc021000-7f5ae0000000 ---p 00000000 00:00 0 
7f5ae0000000-7f5ae0021000 rw-p 00000000 00:00 0 
7f5ae0021000-7f5ae4000000 ---p 00000000 00:00 0 
7f5ae4000000-7f5ae4021000 rw-p 00000000 00:00 0 
7f5ae4021000-7f5ae8000000 ---p 00000000 00:00 0 
7f5ae8000000-7f5ae8021000 rw-p 00000000 00:00 0 
7f5ae8021000-7f5aec000000 ---p 00000000 00:00 0 
7f5aec000000-7f5aec021000 rw-p 00000000 00:00 0 
7f5aec021000-7f5af0000000 ---p 00000000 00:00 0 
7f5af0000000-7f5af0021000 rw-p 00000000 00:00 0 
7f5af0021000-7f5af4000000 ---p 00000000 00:00 0 
7f5af4000000-7f5af4021000 rw-p 00000000 00:00 0 
7f5af4021000-7f5af8000000 ---p 00000000 00:00 0 
7f5af98ce000-7f5af98d1000 ---p 00000000 00:00 0 
7f5af98d1000-7f5af99cf000 rw-p 00000000 00:00 0 
7f5af99cf000-7f5af99d2000 ---p 00000000 00:00 0 
7f5af99d2000-7f5afc000000 rw-p 00000000 00:00 0 
7f5afc000000-7f5afc021000 rw-p 00000000 00:00 0 
7f5afc021000-7f5b00000000 ---p 00000000 00:00 0 
7f5b00015000-7f5b00018000 ---p 00000000 00:00 0 
7f5b00018000-7f5b00116000 rw-p 00000000 00:00 0 
7f5b00116000-7f5b00119000 ---p 00000000 00:00 0 
7f5b00119000-7f5b00217000 rw-p 00000000 00:00 0 
7f5b00217000-7f5b0021a000 ---p 00000000 00:00 0 
7f5b0021a000-7f5b00318000 rw-p 00000000 00:00 0 
7f5b00318000-7f5b00319000 ---p 00000000 00:00 0 
7f5b00319000-7f5b00419000 rw-p 00000000 00:00 0 
7f5b00419000-7f5b0041c000 ---p 00000000 00:00 0 
7f5b0041c000-7f5b0051a000 rw-p 00000000 00:00 0 
7f5b0051a000-7f5b0051d000 ---p 00000000 00:00 0 
7f5b0051d000-7f5b0061b000 rw-p 00000000 00:00 0 
7f5b0061b000-7f5b0061e000 ---p 00000000 00:00 0 
7f5b0061e000-7f5b0071c000 rw-p 00000000 00:00 0 
7f5b0071c000-7f5b0071f000 ---p 00000000 00:00 0 
7f5b0071f000-7f5b0081d000 rw-p 00000000 00:00 0 
7f5b0081d000-7f5b00eff000 r--p 00000000 08:05 11541696                   /usr/lib/locale/locale-archive
7f5b00eff000-7f5b00f02000 ---p 00000000 00:00 0 
7f5b00f02000-7f5b01000000 rw-p 00000000 00:00 0 
7f5b01000000-7f5b01270000 rwxp 00000000 00:00 0 
7f5b01270000-7f5b0419e000 rw-p 00000000 00:00 0 
7f5b0419e000-7f5b08000000 ---p 00000000 00:00 0 
7f5b08039000-7f5b08040000 r--s 00000000 08:05 11799658                   /usr/lib/x86_64-linux-gnu/gconv/gconv-modules.cache
7f5b08040000-7f5b08054000 r--p 00000000 08:05 12718168                   /usr/share/locale-langpack/zh_CN/LC_MESSAGES/libc.mo
7f5b08054000-7f5b08063000 r--s 000df000 08:05 2098534                    /home/zuojj/Android/Sdk/build-tools/23.0.3/lib/dx.jar
7f5b08063000-7f5b08067000 r--s 00034000 08:05 11799245                   /usr/lib/jvm/java-7-openjdk-amd64/jre/lib/ext/sunjce_provider.jar
7f5b08067000-7f5b0806a000 ---p 00000000 00:00 0 
7f5b0806a000-7f5b08168000 rw-p 00000000 00:00 0 
7f5b08168000-7f5b08169000 ---p 00000000 00:00 0 
7f5b08169000-7f5b09266000 rw-p 00000000 00:00 0 
7f5b09266000-7f5b09418000 r--s 01d32000 08:05 11799233                   /usr/lib/jvm/java-7-openjdk-amd64/jre/lib/rt.jar
7f5b09418000-7f5b09764000 rw-p 00000000 00:00 0 
7f5b09764000-7f5b09765000 ---p 00000000 00:00 0 
7f5b09765000-7f5b09865000 rw-p 00000000 00:00 0 
7f5b09865000-7f5b09866000 ---p 00000000 00:00 0 
7f5b09866000-7f5b09966000 rw-p 00000000 00:00 0 
7f5b09966000-7f5b09967000 ---p 00000000 00:00 0 
7f5b09967000-7f5b09a67000 rw-p 00000000 00:00 0 
7f5b09a67000-7f5b09a68000 ---p 00000000 00:00 0 
7f5b09a68000-7f5b09b73000 rw-p 00000000 00:00 0 
7f5b09b73000-7f5b09bbb000 rw-p 00000000 00:00 0 
7f5b09bbb000-7f5b09be3000 rw-p 00000000 00:00 0 
7f5b09be3000-7f5b09d11000 rw-p 00000000 00:00 0 
7f5b09d11000-7f5b09d1c000 rw-p 00000000 00:00 0 
7f5b09d1c000-7f5b09d64000 rw-p 00000000 00:00 0 
7f5b09d64000-7f5b09d8c000 rw-p 00000000 00:00 0 
7f5b09d8c000-7f5b09eb9000 rw-p 00000000 00:00 0 
7f5b09eb9000-7f5b09efb000 rw-p 00000000 00:00 0 
7f5b09efb000-7f5b09f64000 rw-p 00000000 00:00 0 
7f5b09f64000-7f5b09f65000 rw-p 00000000 00:00 0 
7f5b09f65000-7f5b09f6d000 r-xp 00000000 08:05 11799203                   /usr/lib/jvm/java-7-openjdk-amd64/jre/lib/amd64/libzip.so
7f5b09f6d000-7f5b0a16c000 ---p 00008000 08:05 11799203                   /usr/lib/jvm/java-7-openjdk-amd64/jre/lib/amd64/libzip.so
7f5b0a16c000-7f5b0a16d000 r--p 00007000 08:05 11799203                   /usr/lib/jvm/java-7-openjdk-amd64/jre/lib/amd64/libzip.so
7f5b0a16d000-7f5b0a16e000 rw-p 00008000 08:05 11799203                   /usr/lib/jvm/java-7-openjdk-amd64/jre/lib/amd64/libzip.so
7f5b0a16e000-7f5b0a178000 r-xp 00000000 08:05 12845228                   /lib/x86_64-linux-gnu/libnss_files-2.21.so
7f5b0a178000-7f5b0a378000 ---p 0000a000 08:05 12845228                   /lib/x86_64-linux-gnu/libnss_files-2.21.so
7f5b0a378000-7f5b0a379000 r--p 0000a000 08:05 12845228                   /lib/x86_64-linux-gnu/libnss_files-2.21.so
7f5b0a379000-7f5b0a37a000 rw-p 0000b000 08:05 12845228                   /lib/x86_64-linux-gnu/libnss_files-2.21.so
7f5b0a37a000-7f5b0a385000 r-xp 00000000 08:05 12845242                   /lib/x86_64-linux-gnu/libnss_nis-2.21.so
7f5b0a385000-7f5b0a584000 ---p 0000b000 08:05 12845242                   /lib/x86_64-linux-gnu/libnss_nis-2.21.so
7f5b0a584000-7f5b0a585000 r--p 0000a000 08:05 12845242                   /lib/x86_64-linux-gnu/libnss_nis-2.21.so
7f5b0a585000-7f5b0a586000 rw-p 0000b000 08:05 12845242                   /lib/x86_64-linux-gnu/libnss_nis-2.21.so
7f5b0a586000-7f5b0a59d000 r-xp 00000000 08:05 12845245                   /lib/x86_64-linux-gnu/libnsl-2.21.so
7f5b0a59d000-7f5b0a79c000 ---p 00017000 08:05 12845245                   /lib/x86_64-linux-gnu/libnsl-2.21.so
7f5b0a79c000-7f5b0a79d000 r--p 00016000 08:05 12845245                   /lib/x86_64-linux-gnu/libnsl-2.21.so
7f5b0a79d000-7f5b0a79e000 rw-p 00017000 08:05 12845245                   /lib/x86_64-linux-gnu/libnsl-2.21.so
7f5b0a79e000-7f5b0a7a0000 rw-p 00000000 00:00 0 
7f5b0a7a0000-7f5b0a7a8000 r-xp 00000000 08:05 12845230                   /lib/x86_64-linux-gnu/libnss_compat-2.21.so
7f5b0a7a8000-7f5b0a9a7000 ---p 00008000 08:05 12845230                   /lib/x86_64-linux-gnu/libnss_compat-2.21.so
7f5b0a9a7000-7f5b0a9a8000 r--p 00007000 08:05 12845230                   /lib/x86_64-linux-gnu/libnss_compat-2.21.so
7f5b0a9a8000-7f5b0a9a9000 rw-p 00008000 08:05 12845230                   /lib/x86_64-linux-gnu/libnss_compat-2.21.so
7f5b0a9a9000-7f5b0a9d5000 r-xp 00000000 08:05 11799189                   /usr/lib/jvm/java-7-openjdk-amd64/jre/lib/amd64/libjava.so
7f5b0a9d5000-7f5b0abd4000 ---p 0002c000 08:05 11799189                   /usr/lib/jvm/java-7-openjdk-amd64/jre/lib/amd64/libjava.so
7f5b0abd4000-7f5b0abd5000 r--p 0002b000 08:05 11799189                   /usr/lib/jvm/java-7-openjdk-amd64/jre/lib/amd64/libjava.so
7f5b0abd5000-7f5b0abd7000 rw-p 0002c000 08:05 11799189                   /usr/lib/jvm/java-7-openjdk-amd64/jre/lib/amd64/libjava.so
7f5b0abd7000-7f5b0abe6000 r-xp 00000000 08:05 11799190                   /usr/lib/jvm/java-7-openjdk-amd64/jre/lib/amd64/libverify.so
7f5b0abe6000-7f5b0ade5000 ---p 0000f000 08:05 11799190                   /usr/lib/jvm/java-7-openjdk-amd64/jre/lib/amd64/libverify.so
7f5b0ade5000-7f5b0ade7000 r--p 0000e000 08:05 11799190                   /usr/lib/jvm/java-7-openjdk-amd64/jre/lib/amd64/libverify.so
7f5b0ade7000-7f5b0ade8000 rw-p 00010000 08:05 11799190                   /usr/lib/jvm/java-7-openjdk-amd64/jre/lib/amd64/libverify.so
7f5b0ade8000-7f5b0adef000 r-xp 00000000 08:05 12845229                   /lib/x86_64-linux-gnu/librt-2.21.so
7f5b0adef000-7f5b0afee000 ---p 00007000 08:05 12845229                   /lib/x86_64-linux-gnu/librt-2.21.so
7f5b0afee000-7f5b0afef000 r--p 00006000 08:05 12845229                   /lib/x86_64-linux-gnu/librt-2.21.so
7f5b0afef000-7f5b0aff0000 rw-p 00007000 08:05 12845229                   /lib/x86_64-linux-gnu/librt-2.21.so
7f5b0aff0000-7f5b0b006000 r-xp 00000000 08:05 12849246                   /lib/x86_64-linux-gnu/libgcc_s.so.1
7f5b0b006000-7f5b0b205000 ---p 00016000 08:05 12849246                   /lib/x86_64-linux-gnu/libgcc_s.so.1
7f5b0b205000-7f5b0b206000 r--p 00015000 08:05 12849246                   /lib/x86_64-linux-gnu/libgcc_s.so.1
7f5b0b206000-7f5b0b207000 rw-p 00016000 08:05 12849246                   /lib/x86_64-linux-gnu/libgcc_s.so.1
7f5b0b207000-7f5b0b30e000 r-xp 00000000 08:05 12845231                   /lib/x86_64-linux-gnu/libm-2.21.so
7f5b0b30e000-7f5b0b50d000 ---p 00107000 08:05 12845231                   /lib/x86_64-linux-gnu/libm-2.21.so
7f5b0b50d000-7f5b0b50e000 r--p 00106000 08:05 12845231                   /lib/x86_64-linux-gnu/libm-2.21.so
7f5b0b50e000-7f5b0b50f000 rw-p 00107000 08:05 12845231                   /lib/x86_64-linux-gnu/libm-2.21.so
7f5b0b50f000-7f5b0b682000 r-xp 00000000 08:05 11541573                   /usr/lib/x86_64-linux-gnu/libstdc++.so.6.0.21
7f5b0b682000-7f5b0b881000 ---p 00173000 08:05 11541573                   /usr/lib/x86_64-linux-gnu/libstdc++.so.6.0.21
7f5b0b881000-7f5b0b88b000 r--p 00172000 08:05 11541573                   /usr/lib/x86_64-linux-gnu/libstdc++.so.6.0.21
7f5b0b88b000-7f5b0b88d000 rw-p 0017c000 08:05 11541573                   /usr/lib/x86_64-linux-gnu/libstdc++.so.6.0.21
7f5b0b88d000-7f5b0b891000 rw-p 00000000 00:00 0 
7f5b0b891000-7f5b0c3e4000 r-xp 00000000 08:05 11799201                   /usr/lib/jvm/java-7-openjdk-amd64/jre/lib/amd64/server/libjvm.so
7f5b0c3e4000-7f5b0c5e3000 ---p 00b53000 08:05 11799201                   /usr/lib/jvm/java-7-openjdk-amd64/jre/lib/amd64/server/libjvm.so
7f5b0c5e3000-7f5b0c674000 r--p 00b52000 08:05 11799201                   /usr/lib/jvm/java-7-openjdk-amd64/jre/lib/amd64/server/libjvm.so
7f5b0c674000-7f5b0c697000 rw-p 00be3000 08:05 11799201                   /usr/lib/jvm/java-7-openjdk-amd64/jre/lib/amd64/server/libjvm.so
7f5b0c697000-7f5b0c6c4000 rw-p 00000000 00:00 0 
7f5b0c6c4000-7f5b0c6dd000 r-xp 00000000 08:05 12846150                   /lib/x86_64-linux-gnu/libz.so.1.2.8
7f5b0c6dd000-7f5b0c8dc000 ---p 00019000 08:05 12846150                   /lib/x86_64-linux-gnu/libz.so.1.2.8
7f5b0c8dc000-7f5b0c8dd000 r--p 00018000 08:05 12846150                   /lib/x86_64-linux-gnu/libz.so.1.2.8
7f5b0c8dd000-7f5b0c8de000 rw-p 00019000 08:05 12846150                   /lib/x86_64-linux-gnu/libz.so.1.2.8
7f5b0c8de000-7f5b0c8f6000 r-xp 00000000 08:05 12845232                   /lib/x86_64-linux-gnu/libpthread-2.21.so
7f5b0c8f6000-7f5b0caf6000 ---p 00018000 08:05 12845232                   /lib/x86_64-linux-gnu/libpthread-2.21.so
7f5b0caf6000-7f5b0caf7000 r--p 00018000 08:05 12845232                   /lib/x86_64-linux-gnu/libpthread-2.21.so
7f5b0caf7000-7f5b0caf8000 rw-p 00019000 08:05 12845232                   /lib/x86_64-linux-gnu/libpthread-2.21.so
7f5b0caf8000-7f5b0cafc000 rw-p 00000000 00:00 0 
7f5b0cafc000-7f5b0caff000 r-xp 00000000 08:05 12845235                   /lib/x86_64-linux-gnu/libdl-2.21.so
7f5b0caff000-7f5b0ccfe000 ---p 00003000 08:05 12845235                   /lib/x86_64-linux-gnu/libdl-2.21.so
7f5b0ccfe000-7f5b0ccff000 r--p 00002000 08:05 12845235                   /lib/x86_64-linux-gnu/libdl-2.21.so
7f5b0ccff000-7f5b0cd00000 rw-p 00003000 08:05 12845235                   /lib/x86_64-linux-gnu/libdl-2.21.so
7f5b0cd00000-7f5b0cec0000 r-xp 00000000 08:05 12845248                   /lib/x86_64-linux-gnu/libc-2.21.so
7f5b0cec0000-7f5b0d0c0000 ---p 001c0000 08:05 12845248                   /lib/x86_64-linux-gnu/libc-2.21.so
7f5b0d0c0000-7f5b0d0c4000 r--p 001c0000 08:05 12845248                   /lib/x86_64-linux-gnu/libc-2.21.so
7f5b0d0c4000-7f5b0d0c6000 rw-p 001c4000 08:05 12845248                   /lib/x86_64-linux-gnu/libc-2.21.so
7f5b0d0c6000-7f5b0d0ca000 rw-p 00000000 00:00 0 
7f5b0d0ca000-7f5b0d0d7000 r-xp 00000000 08:05 11799217                   /usr/lib/jvm/java-7-openjdk-amd64/jre/lib/amd64/jli/libjli.so
7f5b0d0d7000-7f5b0d2d6000 ---p 0000d000 08:05 11799217                   /usr/lib/jvm/java-7-openjdk-amd64/jre/lib/amd64/jli/libjli.so
7f5b0d2d6000-7f5b0d2d7000 r--p 0000c000 08:05 11799217                   /usr/lib/jvm/java-7-openjdk-amd64/jre/lib/amd64/jli/libjli.so
7f5b0d2d7000-7f5b0d2d8000 rw-p 0000d000 08:05 11799217                   /usr/lib/jvm/java-7-openjdk-amd64/jre/lib/amd64/jli/libjli.so
7f5b0d2d8000-7f5b0d2fc000 r-xp 00000000 08:05 12845246                   /lib/x86_64-linux-gnu/ld-2.21.so
7f5b0d2fe000-7f5b0d320000 rw-p 00000000 00:00 0 
7f5b0d320000-7f5b0d3d6000 rw-p 00000000 00:00 0 
7f5b0d3d6000-7f5b0d3d9000 ---p 00000000 00:00 0 
7f5b0d3d9000-7f5b0d4dc000 rw-p 00000000 00:00 0 
7f5b0d4de000-7f5b0d4df000 rw-p 00000000 00:00 0 
7f5b0d4df000-7f5b0d4e2000 r--s 0000f000 08:05 11799246                   /usr/lib/jvm/java-7-openjdk-amd64/jre/lib/ext/icedtea-sound.jar
7f5b0d4e2000-7f5b0d4e6000 r--s 00085000 08:05 11799247                   /usr/lib/jvm/java-7-openjdk-amd64/jre/lib/ext/localedata.jar
7f5b0d4e6000-7f5b0d4ea000 r--s 0003c000 08:05 11799248                   /usr/lib/jvm/java-7-openjdk-amd64/jre/lib/ext/sunpkcs11.jar
7f5b0d4ea000-7f5b0d4ec000 r--s 00012000 08:05 11799244                   /usr/lib/jvm/java-7-openjdk-amd64/jre/lib/ext/zipfs.jar
7f5b0d4ec000-7f5b0d4ee000 r--s 00007000 08:05 12061105                   /usr/share/java/java-atk-wrapper.jar
7f5b0d4ee000-7f5b0d4ef000 r--s 00002000 08:05 11799243                   /usr/lib/jvm/java-7-openjdk-amd64/jre/lib/ext/dnsns.jar
7f5b0d4ef000-7f5b0d4f7000 rw-s 00000000 08:05 8651255                    /tmp/hsperfdata_zuojj/18193
7f5b0d4f7000-7f5b0d4f8000 rw-p 00000000 00:00 0 
7f5b0d4f8000-7f5b0d4f9000 ---p 00000000 00:00 0 
7f5b0d4f9000-7f5b0d4fb000 rw-p 00000000 00:00 0 
7f5b0d4fb000-7f5b0d4fc000 r--p 00023000 08:05 12845246                   /lib/x86_64-linux-gnu/ld-2.21.so
7f5b0d4fc000-7f5b0d4fd000 rw-p 00024000 08:05 12845246                   /lib/x86_64-linux-gnu/ld-2.21.so
7f5b0d4fd000-7f5b0d4fe000 rw-p 00000000 00:00 0 
7ffe3f8b6000-7ffe3f8d7000 rw-p 00000000 00:00 0                          [stack]
7ffe3f966000-7ffe3f968000 r--p 00000000 00:00 0                          [vvar]
7ffe3f968000-7ffe3f96a000 r-xp 00000000 00:00 0                          [vdso]
ffffffffff600000-ffffffffff601000 r-xp 00000000 00:00 0                  [vsyscall]

VM Arguments:
jvm_args: -Djava.awt.headless=true -Xmx1024M -Dfile.encoding=UTF-8 -Duser.country=CN -Duser.language=zh -Duser.variant 
java_command: com.android.dx.command.Main --dex --force-jumbo --num-threads=4 --output /home/zuojj/workdir/filemanager/YMfileManager/app/build/intermediates/pre-dexed/debug/main_aed7516648a8c6e5766ca97d9a2d1aa1493512ed.jar /home/zuojj/workdir/filemanager/YMfileManager/app/build/intermediates/transforms/instantRun/debug/folders/1/5/main
Launcher Type: SUN_STANDARD

Environment Variables:
JAVA_HOME=/usr/local/java/jdk1.7.0_95
JRE_HOME=/usr/local/java/jre1.7.0_95
PATH=/home/zuojj/bin:/usr/local/sbin:/usr/local/bin:/usr/sbin:/usr/bin:/sbin:/bin:/usr/games:/usr/local/games:/usr/local/java/jre1.7.0_95/bin:/usr/local/java/jdk1.7.0_95/bin
LD_LIBRARY_PATH=/opt/android-studio/bin:
SHELL=/usr/bin/zsh
DISPLAY=:0

Signal Handlers:
SIGSEGV: [libjvm.so+0x996e60], sa_mask[0]=0x7ffbfeff, sa_flags=0x10000004
SIGBUS: [libjvm.so+0x996e60], sa_mask[0]=0x7ffbfeff, sa_flags=0x10000004
SIGFPE: [libjvm.so+0x7fdc90], sa_mask[0]=0x7ffbfeff, sa_flags=0x10000004
SIGPIPE: [libjvm.so+0x7fdc90], sa_mask[0]=0x7ffbfeff, sa_flags=0x10000004
SIGXFSZ: [libjvm.so+0x7fdc90], sa_mask[0]=0x7ffbfeff, sa_flags=0x10000004
SIGILL: [libjvm.so+0x7fdc90], sa_mask[0]=0x7ffbfeff, sa_flags=0x10000004
SIGUSR1: SIG_DFL, sa_mask[0]=0x00000000, sa_flags=0x00000000
SIGUSR2: [libjvm.so+0x7fdb10], sa_mask[0]=0x00000004, sa_flags=0x10000004
SIGHUP: [libjvm.so+0x7fdca0], sa_mask[0]=0x7ffbfeff, sa_flags=0x10000004
SIGINT: [libjvm.so+0x7fdca0], sa_mask[0]=0x7ffbfeff, sa_flags=0x10000004
SIGTERM: [libjvm.so+0x7fdca0], sa_mask[0]=0x7ffbfeff, sa_flags=0x10000004
SIGQUIT: [libjvm.so+0x7fdca0], sa_mask[0]=0x7ffbfeff, sa_flags=0x10000004
SIGTRAP: SIG_DFL, sa_mask[0]=0x00000000, sa_flags=0x00000000


---------------  S Y S T E M  ---------------

OS:Ubuntu 15.10 (wily)
uname:Linux 4.2.0-36-generic #42-Ubuntu SMP Thu May 12 22:05:35 UTC 2016 x86_64
libc:glibc 2.21 NPTL 2.21 
rlimit: STACK 8192k, CORE 0k, NPROC 30593, NOFILE 65536, AS infinity
load average:8.86 2.80 1.58

/proc/meminfo:
MemTotal:        7868668 kB
MemFree:           50468 kB
MemAvailable:      83220 kB
Buffers:            1384 kB
Cached:          1886276 kB
SwapCached:            0 kB
Active:          5958908 kB
Inactive:        1671864 kB
Active(anon):    5942344 kB
Inactive(anon):  1656200 kB
Active(file):      16564 kB
Inactive(file):    15664 kB
Unevictable:          32 kB
Mlocked:              32 kB
SwapTotal:             0 kB
SwapFree:              0 kB
Dirty:               452 kB
Writeback:             0 kB
AnonPages:       5743260 kB
Mapped:           597912 kB
Shmem:           1855340 kB
Slab:              80104 kB
SReclaimable:      42272 kB
SUnreclaim:        37832 kB
KernelStack:       11264 kB
PageTables:        44944 kB
NFS_Unstable:          0 kB
Bounce:                0 kB
WritebackTmp:          0 kB
CommitLimit:     3934332 kB
Committed_AS:   12385056 kB
VmallocTotal:   34359738367 kB
VmallocUsed:      365572 kB
VmallocChunk:   34358947836 kB
HardwareCorrupted:     0 kB
AnonHugePages:   3950592 kB
CmaTotal:              0 kB
CmaFree:               0 kB
HugePages_Total:       0
HugePages_Free:        0
HugePages_Rsvd:        0
HugePages_Surp:        0
Hugepagesize:       2048 kB
DirectMap4k:      113412 kB
DirectMap2M:     4818944 kB
DirectMap1G:     4194304 kB


CPU:total 4 (2 cores per cpu, 2 threads per core) family 6 model 61 stepping 4, cmov, cx8, fxsr, mmx, sse, sse2, sse3, ssse3, sse4.1, sse4.2, popcnt, avx, avx2, erms, ht, tsc, tscinvbit

/proc/cpuinfo:
processor	: 0
vendor_id	: GenuineIntel
cpu family	: 6
model		: 61
model name	: Intel(R) Core(TM) i5-5200U CPU @ 2.20GHz
stepping	: 4
microcode	: 0x21
cpu MHz		: 2667.929
cache size	: 3072 KB
physical id	: 0
siblings	: 4
core id		: 0
cpu cores	: 2
apicid		: 0
initial apicid	: 0
fpu		: yes
fpu_exception	: yes
cpuid level	: 20
wp		: yes
flags		: fpu vme de pse tsc msr pae mce cx8 apic sep mtrr pge mca cmov pat pse36 clflush dts acpi mmx fxsr sse sse2 ss ht tm pbe syscall nx pdpe1gb rdtscp lm constant_tsc arch_perfmon pebs bts rep_good nopl xtopology nonstop_tsc aperfmperf eagerfpu pni pclmulqdq dtes64 monitor ds_cpl vmx est tm2 ssse3 fma cx16 xtpr pdcm pcid sse4_1 sse4_2 x2apic movbe popcnt tsc_deadline_timer xsave avx f16c rdrand lahf_lm abm 3dnowprefetch ida arat epb pln pts dtherm intel_pt tpr_shadow vnmi flexpriority ept vpid fsgsbase tsc_adjust bmi1 avx2 smep bmi2 erms invpcid rdseed adx smap xsaveopt
bugs		:
bogomips	: 4390.23
clflush size	: 64
cache_alignment	: 64
address sizes	: 39 bits physical, 48 bits virtual
power management:

processor	: 1
vendor_id	: GenuineIntel
cpu family	: 6
model		: 61
model name	: Intel(R) Core(TM) i5-5200U CPU @ 2.20GHz
stepping	: 4
microcode	: 0x21
cpu MHz		: 2613.101
cache size	: 3072 KB
physical id	: 0
siblings	: 4
core id		: 0
cpu cores	: 2
apicid		: 1
initial apicid	: 1
fpu		: yes
fpu_exception	: yes
cpuid level	: 20
wp		: yes
flags		: fpu vme de pse tsc msr pae mce cx8 apic sep mtrr pge mca cmov pat pse36 clflush dts acpi mmx fxsr sse sse2 ss ht tm pbe syscall nx pdpe1gb rdtscp lm constant_tsc arch_perfmon pebs bts rep_good nopl xtopology nonstop_tsc aperfmperf eagerfpu pni pclmulqdq dtes64 monitor ds_cpl vmx est tm2 ssse3 fma cx16 xtpr pdcm pcid sse4_1 sse4_2 x2apic movbe popcnt tsc_deadline_timer xsave avx f16c rdrand lahf_lm abm 3dnowprefetch ida arat epb pln pts dtherm intel_pt tpr_shadow vnmi flexpriority ept vpid fsgsbase tsc_adjust bmi1 avx2 smep bmi2 erms invpcid rdseed adx smap xsaveopt
bugs		:
bogomips	: 4390.23
clflush size	: 64
cache_alignment	: 64
address sizes	: 39 bits physical, 48 bits virtual
power management:

processor	: 2
vendor_id	: GenuineIntel
cpu family	: 6
model		: 61
model name	: Intel(R) Core(TM) i5-5200U CPU @ 2.20GHz
stepping	: 4
microcode	: 0x21
cpu MHz		: 2500.093
cache size	: 3072 KB
physical id	: 0
siblings	: 4
core id		: 1
cpu cores	: 2
apicid		: 2
initial apicid	: 2
fpu		: yes
fpu_exception	: yes
cpuid level	: 20
wp		: yes
flags		: fpu vme de pse tsc msr pae mce cx8 apic sep mtrr pge mca cmov pat pse36 clflush dts acpi mmx fxsr sse sse2 ss ht tm pbe syscall nx pdpe1gb rdtscp lm constant_tsc arch_perfmon pebs bts rep_good nopl xtopology nonstop_tsc aperfmperf eagerfpu pni pclmulqdq dtes64 monitor ds_cpl vmx est tm2 ssse3 fma cx16 xtpr pdcm pcid sse4_1 sse4_2 x2apic movbe popcnt tsc_deadline_timer xsave avx f16c rdrand lahf_lm abm 3dnowprefetch ida arat epb pln pts dtherm intel_pt tpr_shadow vnmi flexpriority ept vpid fsgsbase tsc_adjust bmi1 avx2 smep bmi2 erms invpcid rdseed adx smap xsaveopt
bugs		:
bogomips	: 4390.23
clflush size	: 64
cache_alignment	: 64
address sizes	: 39 bits physical, 48 bits virtual
power management:

processor	: 3
vendor_id	: GenuineIntel
cpu family	: 6
model		: 61
model name	: Intel(R) Core(TM) i5-5200U CPU @ 2.20GHz
stepping	: 4
microcode	: 0x21
cpu MHz		: 2500.007
cache size	: 3072 KB
physical id	: 0
siblings	: 4
core id		: 1
cpu cores	: 2
apicid		: 3
initial apicid	: 3
fpu		: yes
fpu_exception	: yes
cpuid level	: 20
wp		: yes
flags		: fpu vme de pse tsc msr pae mce cx8 apic sep mtrr pge mca cmov pat pse36 clflush dts acpi mmx fxsr sse sse2 ss ht tm pbe syscall nx pdpe1gb rdtscp lm constant_tsc arch_perfmon pebs bts rep_good nopl xtopology nonstop_tsc aperfmperf eagerfpu pni pclmulqdq dtes64 monitor ds_cpl vmx est tm2 ssse3 fma cx16 xtpr pdcm pcid sse4_1 sse4_2 x2apic movbe popcnt tsc_deadline_timer xsave avx f16c rdrand lahf_lm abm 3dnowprefetch ida arat epb pln pts dtherm intel_pt tpr_shadow vnmi flexpriority ept vpid fsgsbase tsc_adjust bmi1 avx2 smep bmi2 erms invpcid rdseed adx smap xsaveopt
bugs		:
bogomips	: 4390.23
clflush size	: 64
cache_alignment	: 64
address sizes	: 39 bits physical, 48 bits virtual
power management:



Memory: 4k page, physical 7868668k(50468k free), swap 0k(0k free)

vm_info: OpenJDK 64-Bit Server VM (24.95-b01) for linux-amd64 JRE (1.7.0_101-b00), built on Apr 24 2016 20:35:58 by "buildd" with gcc 5.2.1 20151010

time: Fri Jun 17 18:19:19 2016
elapsed time: 29 seconds

