#
# There is insufficient memory for the Java Runtime Environment to continue.
# Native memory allocation (malloc) failed to allocate 62914560 bytes for committing reserved memory.
# Possible reasons:
#   The system is out of physical RAM or swap space
#   In 32 bit mode, the process size limit was hit
# Possible solutions:
#   Reduce memory load on the system
#   Increase physical memory or swap space
#   Check if swap backing store is full
#   Use 64 bit Java on a 64 bit OS
#   Decrease Java heap size (-Xmx/-Xms)
#   Decrease number of Java threads
#   Decrease Java thread stack sizes (-Xss)
#   Set larger code cache with -XX:ReservedCodeCacheSize=
# This output file may be truncated or incomplete.
#
#  Out of Memory Error (os_linux.cpp:2827), pid=13949, tid=140219569194752
#
# JRE version: OpenJDK Runtime Environment (7.0_101) (build 1.7.0_101-b00)
# Java VM: OpenJDK 64-Bit Server VM (24.95-b01 mixed mode linux-amd64 compressed oops)
# Derivative: IcedTea 2.6.6
# Distribution: Ubuntu 15.10, package 7u101-2.6.6-0ubuntu0.15.10.1
# Failed to write core dump. Core dumps have been disabled. To enable core dumping, try "ulimit -c unlimited" before starting Java again
#

---------------  T H R E A D  ---------------

Current thread (0x00007f8770076000):  VMThread [stack: 0x00007f87698cc000,0x00007f87699cd000] [id=13959]

Stack: [0x00007f87698cc000,0x00007f87699cd000],  sp=0x00007f87699cb4f0,  free space=1021k
Native frames: (J=compiled Java code, j=interpreted, Vv=VM code, C=native code)
V  [libjvm.so+0x996303]
V  [libjvm.so+0x48b94f]
V  [libjvm.so+0x802a2b]
V  [libjvm.so+0x7fce1e]
V  [libjvm.so+0x872f2b]
V  [libjvm.so+0x874873]
V  [libjvm.so+0x870af8]
V  [libjvm.so+0x870ddc]
V  [libjvm.so+0x8263e3]
V  [libjvm.so+0x997da2]
V  [libjvm.so+0x99cae7]
V  [libjvm.so+0x99a378]
V  [libjvm.so+0x99b6ef]
V  [libjvm.so+0x99bbe1]
V  [libjvm.so+0x7ff952]

VM_Operation (0x00007f8768ad2110): ParallelGCFailedAllocation, mode: safepoint, requested by thread 0x00007f8770195000


---------------  P R O C E S S  ---------------

Java Threads: ( => current thread )
  0x00007f877019d000 JavaThread "pool-1-thread-4" [_thread_blocked, id=13971, stack(0x00007f87685cf000,0x00007f87686d0000)]
  0x00007f877019b800 JavaThread "pool-1-thread-3" [_thread_blocked, id=13970, stack(0x00007f87686d0000,0x00007f87687d1000)]
  0x00007f8770197800 JavaThread "pool-1-thread-2" [_thread_blocked, id=13969, stack(0x00007f87687d1000,0x00007f87688d2000)]
  0x00007f8770196800 JavaThread "pool-2-thread-1" [_thread_blocked, id=13968, stack(0x00007f87688d2000,0x00007f87689d3000)]
  0x00007f8770195000 JavaThread "pool-1-thread-1" [_thread_blocked, id=13967, stack(0x00007f87689d3000,0x00007f8768ad4000)]
  0x00007f87700b1000 JavaThread "Service Thread" daemon [_thread_blocked, id=13965, stack(0x00007f8768be4000,0x00007f8768ce5000)]
  0x00007f87700ae800 JavaThread "C2 CompilerThread1" daemon [_thread_blocked, id=13964, stack(0x00007f8768ce5000,0x00007f8768de6000)]
  0x00007f87700ab800 JavaThread "C2 CompilerThread0" daemon [_thread_blocked, id=13963, stack(0x00007f8768de6000,0x00007f8768ee7000)]
  0x00007f87700a9800 JavaThread "Signal Dispatcher" daemon [_thread_blocked, id=13962, stack(0x00007f8768ee7000,0x00007f8768fe8000)]
  0x00007f877007c800 JavaThread "Finalizer" daemon [_thread_blocked, id=13961, stack(0x00007f87696ca000,0x00007f87697cb000)]
  0x00007f877007a800 JavaThread "Reference Handler" daemon [_thread_blocked, id=13960, stack(0x00007f87697cb000,0x00007f87698cc000)]
  0x00007f877000a800 JavaThread "main" [_thread_blocked, id=13954, stack(0x00007f8777e27000,0x00007f8777f28000)]

Other Threads:
=>0x00007f8770076000 VMThread [stack: 0x00007f87698cc000,0x00007f87699cd000] [id=13959]
  0x00007f87700bc000 WatcherThread [stack: 0x00007f8768ae3000,0x00007f8768be4000] [id=13966]

VM state:at safepoint (normal execution)

VM Mutex/Monitor currently owned by a thread:  ([mutex/lock_event])
[0x00007f8770006a20] Threads_lock - owner thread: 0x00007f8770076000
[0x00007f8770006f20] Heap_lock - owner thread: 0x00007f8770195000

Heap
 PSYoungGen      total 66560K, used 5093K [0x00000000eaa80000, 0x00000000ef080000, 0x0000000100000000)
  eden space 61440K, 0% used [0x00000000eaa80000,0x00000000eaa80000,0x00000000ee680000)
  from space 5120K, 99% used [0x00000000ee680000,0x00000000eeb79418,0x00000000eeb80000)
  to   space 5120K, 0% used [0x00000000eeb80000,0x00000000eeb80000,0x00000000ef080000)
 ParOldGen       total 81920K, used 29965K [0x00000000c0000000, 0x00000000c5000000, 0x00000000eaa80000)
  object space 81920K, 36% used [0x00000000c0000000,0x00000000c1d434a8,0x00000000c5000000)
 PSPermGen       total 21504K, used 5865K [0x00000000b5a00000, 0x00000000b6f00000, 0x00000000c0000000)
  object space 21504K, 27% used [0x00000000b5a00000,0x00000000b5fba680,0x00000000b6f00000)

Card table byte_map: [0x00007f8774762000,0x00007f87749b6000] byte_map_base: 0x00007f87741b5000

Polling page: 0x00007f8777f49000

Code Cache  [0x00007f876d000000, 0x00007f876d270000, 0x00007f8770000000)
 total_blobs=484 nmethods=270 adapters=166 free_code_cache=48011Kb largest_free_block=49111616

Compilation events (10 events):
Event: 3.292 Thread 0x00007f87700ab800 nmethod 271 0x00007f876d109fd0 code [0x00007f876d10a120, 0x00007f876d10a298]
Event: 3.292 Thread 0x00007f87700ab800  272             java.lang.AbstractStringBuilder::append (48 bytes)
Event: 3.298 Thread 0x00007f87700ab800 nmethod 272 0x00007f876d069b10 code [0x00007f876d069c80, 0x00007f876d06a038]
Event: 3.298 Thread 0x00007f87700ab800  273             com.android.dx.ssa.SsaMethod$1::visitNonMoveInsn (26 bytes)
Event: 3.299 Thread 0x00007f87700ab800 nmethod 273 0x00007f876d060b90 code [0x00007f876d060ce0, 0x00007f876d060dd8]
Event: 3.299 Thread 0x00007f87700ab800  274             java.util.ArrayList::ensureCapacity (28 bytes)
Event: 3.301 Thread 0x00007f87700ab800 nmethod 274 0x00007f876d06be10 code [0x00007f876d06bf60, 0x00007f876d06c078]
Event: 3.301 Thread 0x00007f87700ab800  275             com.android.dx.ssa.Dominators::compress (229 bytes)
Event: 3.324 Thread 0x00007f87700ab800 nmethod 275 0x00007f876d118f10 code [0x00007f876d119120, 0x00007f876d1199b0]
Event: 3.324 Thread 0x00007f87700ab800  276             java.lang.Float::isNaN (12 bytes)

GC Heap History (5 events):
Event: 1.663 GC heap before
{Heap before GC invocations=1 (full 0):
 PSYoungGen      total 35840K, used 30720K [0x00000000eaa80000, 0x00000000ed280000, 0x0000000100000000)
  eden space 30720K, 100% used [0x00000000eaa80000,0x00000000ec880000,0x00000000ec880000)
  from space 5120K, 0% used [0x00000000ecd80000,0x00000000ecd80000,0x00000000ed280000)
  to   space 5120K, 0% used [0x00000000ec880000,0x00000000ec880000,0x00000000ecd80000)
 ParOldGen       total 81920K, used 0K [0x00000000c0000000, 0x00000000c5000000, 0x00000000eaa80000)
  object space 81920K, 0% used [0x00000000c0000000,0x00000000c0000000,0x00000000c5000000)
 PSPermGen       total 21504K, used 5707K [0x00000000b5a00000, 0x00000000b6f00000, 0x00000000c0000000)
  object space 21504K, 26% used [0x00000000b5a00000,0x00000000b5f92ee0,0x00000000b6f00000)
Event: 1.679 GC heap after
Heap after GC invocations=1 (full 0):
 PSYoungGen      total 35840K, used 5101K [0x00000000eaa80000, 0x00000000ef080000, 0x0000000100000000)
  eden space 30720K, 0% used [0x00000000eaa80000,0x00000000eaa80000,0x00000000ec880000)
  from space 5120K, 99% used [0x00000000ec880000,0x00000000ecd7b4c0,0x00000000ecd80000)
  to   space 5120K, 0% used [0x00000000eeb80000,0x00000000eeb80000,0x00000000ef080000)
 ParOldGen       total 81920K, used 2827K [0x00000000c0000000, 0x00000000c5000000, 0x00000000eaa80000)
  object space 81920K, 3% used [0x00000000c0000000,0x00000000c02c2fd0,0x00000000c5000000)
 PSPermGen       total 21504K, used 5707K [0x00000000b5a00000, 0x00000000b6f00000, 0x00000000c0000000)
  object space 21504K, 26% used [0x00000000b5a00000,0x00000000b5f92ee0,0x00000000b6f00000)
}
Event: 2.273 GC heap before
{Heap before GC invocations=2 (full 0):
 PSYoungGen      total 35840K, used 35821K [0x00000000eaa80000, 0x00000000ef080000, 0x0000000100000000)
  eden space 30720K, 100% used [0x00000000eaa80000,0x00000000ec880000,0x00000000ec880000)
  from space 5120K, 99% used [0x00000000ec880000,0x00000000ecd7b4c0,0x00000000ecd80000)
  to   space 5120K, 0% used [0x00000000eeb80000,0x00000000eeb80000,0x00000000ef080000)
 ParOldGen       total 81920K, used 2827K [0x00000000c0000000, 0x00000000c5000000, 0x00000000eaa80000)
  object space 81920K, 3% used [0x00000000c0000000,0x00000000c02c2fd0,0x00000000c5000000)
 PSPermGen       total 21504K, used 5799K [0x00000000b5a00000, 0x00000000b6f00000, 0x00000000c0000000)
  object space 21504K, 26% used [0x00000000b5a00000,0x00000000b5fa9c70,0x00000000b6f00000)
Event: 2.495 GC heap after
Heap after GC invocations=2 (full 0):
 PSYoungGen      total 66560K, used 5104K [0x00000000eaa80000, 0x00000000ef080000, 0x0000000100000000)
  eden space 61440K, 0% used [0x00000000eaa80000,0x00000000eaa80000,0x00000000ee680000)
  from space 5120K, 99% used [0x00000000eeb80000,0x00000000ef07c358,0x00000000ef080000)
  to   space 5120K, 0% used [0x00000000ee680000,0x00000000ee680000,0x00000000eeb80000)
 ParOldGen       total 81920K, used 12122K [0x00000000c0000000, 0x00000000c5000000, 0x00000000eaa80000)
  object space 81920K, 14% used [0x00000000c0000000,0x00000000c0bd6878,0x00000000c5000000)
 PSPermGen       total 21504K, used 5799K [0x00000000b5a00000, 0x00000000b6f00000, 0x00000000c0000000)
  object space 21504K, 26% used [0x00000000b5a00000,0x00000000b5fa9c70,0x00000000b6f00000)
}
Event: 3.589 GC heap before
{Heap before GC invocations=3 (full 0):
 PSYoungGen      total 66560K, used 66544K [0x00000000eaa80000, 0x00000000ef080000, 0x0000000100000000)
  eden space 61440K, 100% used [0x00000000eaa80000,0x00000000ee680000,0x00000000ee680000)
  from space 5120K, 99% used [0x00000000eeb80000,0x00000000ef07c358,0x00000000ef080000)
  to   space 5120K, 0% used [0x00000000ee680000,0x00000000ee680000,0x00000000eeb80000)
 ParOldGen       total 81920K, used 12122K [0x00000000c0000000, 0x00000000c5000000, 0x00000000eaa80000)
  object space 81920K, 14% used [0x00000000c0000000,0x00000000c0bd6878,0x00000000c5000000)
 PSPermGen       total 21504K, used 5865K [0x00000000b5a00000, 0x00000000b6f00000, 0x00000000c0000000)
  object space 21504K, 27% used [0x00000000b5a00000,0x00000000b5fba680,0x00000000b6f00000)

Deoptimization events (10 events):
Event: 3.175 Thread 0x00007f8770197800 Uncommon trap: reason=class_check action=maybe_recompile pc=0x00007f876d08aee8 method=com.android.dx.rop.type.Type.equals(Ljava/lang/Object;)Z @ 8
Event: 3.175 Thread 0x00007f8770197800 Uncommon trap: reason=unstable_if action=reinterpret pc=0x00007f876d07ebe0 method=com.android.dx.cf.code.Ropper.addExceptionSetupBlocks()V @ 21
Event: 3.202 Thread 0x00007f8770197800 Uncommon trap: reason=unstable_if action=reinterpret pc=0x00007f876d073418 method=com.android.dx.cf.code.Ropper.labelToResultIndex(I)I @ 34
Event: 3.202 Thread 0x00007f8770197800 Uncommon trap: reason=unstable_if action=reinterpret pc=0x00007f876d0990a0 method=com.android.dx.rop.code.RegisterSpec.equals(ILcom/android/dx/rop/type/TypeBearer;Lcom/android/dx/rop/code/LocalItem;)Z @ 16
Event: 3.202 Thread 0x00007f8770197800 Uncommon trap: reason=class_check action=maybe_recompile pc=0x00007f876d08aee8 method=com.android.dx.rop.type.Type.equals(Ljava/lang/Object;)Z @ 8
Event: 3.202 Thread 0x00007f8770197800 Uncommon trap: reason=unstable_if action=reinterpret pc=0x00007f876d08dc78 method=com.android.dx.rop.code.RegisterSpec.equals(ILcom/android/dx/rop/type/TypeBearer;Lcom/android/dx/rop/code/LocalItem;)Z @ 16
Event: 3.203 Thread 0x00007f8770197800 Uncommon trap: reason=unstable_if action=reinterpret pc=0x00007f876d0ee7a4 method=com.android.dx.ssa.LocalVariableExtractor.processBlock(I)V @ 77
Event: 3.207 Thread 0x00007f8770197800 Uncommon trap: reason=unstable_if action=reinterpret pc=0x00007f876d096770 method=com.android.dx.rop.code.RegisterSpec.equals(ILcom/android/dx/rop/type/TypeBearer;Lcom/android/dx/rop/code/LocalItem;)Z @ 16
Event: 3.207 Thread 0x00007f8770197800 Uncommon trap: reason=class_check action=maybe_recompile pc=0x00007f876d08aee8 method=com.android.dx.rop.type.Type.equals(Ljava/lang/Object;)Z @ 8
Event: 3.208 Thread 0x00007f8770197800 Uncommon trap: reason=unstable_if action=reinterpret pc=0x00007f876d10832c method=com.android.dx.util.LabeledList.set(ILcom/android/dx/util/LabeledItem;)V @ 16

Internal exceptions (10 events):
Event: 1.485 Thread 0x00007f877000a800 Implicit null exception at 0x00007f876d07f43a to 0x00007f876d07f939
Event: 1.559 Thread 0x00007f8770195000 Threw 0x00000000ec27d460 at /build/openjdk-7-hZgspp/openjdk-7-7u101-2.6.6/build/openjdk/hotspot/src/share/vm/prims/jvm.cpp:1322
Event: 1.594 Thread 0x00007f8770195000 Threw 0x00000000ec2ca1e8 at /build/openjdk-7-hZgspp/openjdk-7-7u101-2.6.6/build/openjdk/hotspot/src/share/vm/prims/jvm.cpp:1322
Event: 1.595 Thread 0x00007f8770195000 Threw 0x00000000ec2d0178 at /build/openjdk-7-hZgspp/openjdk-7-7u101-2.6.6/build/openjdk/hotspot/src/share/vm/prims/jvm.cpp:1322
Event: 1.596 Thread 0x00007f8770195000 Threw 0x00000000ec2d5f90 at /build/openjdk-7-hZgspp/openjdk-7-7u101-2.6.6/build/openjdk/hotspot/src/share/vm/prims/jvm.cpp:1322
Event: 1.638 Thread 0x00007f877019b800 Threw 0x00000000ec6ae3b0 at /build/openjdk-7-hZgspp/openjdk-7-7u101-2.6.6/build/openjdk/hotspot/src/share/vm/prims/jvm.cpp:1322
Event: 2.270 Thread 0x00007f877019d000 Threw 0x00000000ec8437f0 at /build/openjdk-7-hZgspp/openjdk-7-7u101-2.6.6/build/openjdk/hotspot/src/share/vm/prims/jvm.cpp:1322
Event: 2.536 Thread 0x00007f877019d000 Threw 0x00000000eaaac658 at /build/openjdk-7-hZgspp/openjdk-7-7u101-2.6.6/build/openjdk/hotspot/src/share/vm/prims/jvm.cpp:1322
Event: 3.139 Thread 0x00007f8770197800 Threw 0x00000000ed51bba8 at /build/openjdk-7-hZgspp/openjdk-7-7u101-2.6.6/build/openjdk/hotspot/src/share/vm/prims/jvm.cpp:1322
Event: 3.143 Thread 0x00007f8770197800 Threw 0x00000000ed63c958 at /build/openjdk-7-hZgspp/openjdk-7-7u101-2.6.6/build/openjdk/hotspot/src/share/vm/prims/jvm.cpp:1322

Events (10 events):
Event: 3.207 Thread 0x00007f8770197800 DEOPT PACKING pc=0x00007f876d08aee8 sp=0x00007f87688cfff0
Event: 3.207 Thread 0x00007f8770197800 DEOPT UNPACKING pc=0x00007f876d039445 sp=0x00007f87688cffb8 mode 2
Event: 3.208 Thread 0x00007f8770197800 Uncommon trap: trap_request=0xffffff75 fr.pc=0x00007f876d10832c
Event: 3.208 Thread 0x00007f8770197800 DEOPT PACKING pc=0x00007f876d10832c sp=0x00007f87688d0030
Event: 3.208 Thread 0x00007f8770197800 DEOPT UNPACKING pc=0x00007f876d039445 sp=0x00007f87688d0010 mode 2
Event: 3.291 Thread 0x00007f87700ab800 flushing nmethod 0x00007f876d0609d0
Event: 3.292 Thread 0x00007f87700ab800 flushing nmethod 0x00007f876d069990
Event: 3.292 Thread 0x00007f87700ab800 flushing nmethod 0x00007f876d06b5d0
Event: 3.301 Thread 0x00007f87700ab800 flushing nmethod 0x00007f876d076d50
Event: 3.589 Executing VM operation: ParallelGCFailedAllocation


Dynamic libraries:
00400000-00401000 r-xp 00000000 08:05 11799176                           /usr/lib/jvm/java-7-openjdk-amd64/jre/bin/java
00600000-00601000 r--p 00000000 08:05 11799176                           /usr/lib/jvm/java-7-openjdk-amd64/jre/bin/java
00601000-00602000 rw-p 00001000 08:05 11799176                           /usr/lib/jvm/java-7-openjdk-amd64/jre/bin/java
01946000-01967000 rw-p 00000000 00:00 0                                  [heap]
b5a00000-b6f00000 rw-p 00000000 00:00 0 
b6f00000-c0000000 rw-p 00000000 00:00 0 
c0000000-c5000000 rw-p 00000000 00:00 0 
c5000000-eaa80000 rw-p 00000000 00:00 0 
eaa80000-ef080000 rw-p 00000000 00:00 0 
f2c80000-100000000 rw-p 00000000 00:00 0 
7f8714000000-7f8714037000 rw-p 00000000 00:00 0 
7f8714037000-7f8718000000 ---p 00000000 00:00 0 
7f871c000000-7f871c02b000 rw-p 00000000 00:00 0 
7f871c02b000-7f8720000000 ---p 00000000 00:00 0 
7f8720000000-7f8720023000 rw-p 00000000 00:00 0 
7f8720023000-7f8724000000 ---p 00000000 00:00 0 
7f8724000000-7f872402f000 rw-p 00000000 00:00 0 
7f872402f000-7f8728000000 ---p 00000000 00:00 0 
7f8728000000-7f8728021000 rw-p 00000000 00:00 0 
7f8728021000-7f872c000000 ---p 00000000 00:00 0 
7f872c000000-7f872c021000 rw-p 00000000 00:00 0 
7f872c021000-7f8730000000 ---p 00000000 00:00 0 
7f8730000000-7f8730021000 rw-p 00000000 00:00 0 
7f8730021000-7f8734000000 ---p 00000000 00:00 0 
7f8734000000-7f8734b44000 rw-p 00000000 00:00 0 
7f8734b44000-7f8738000000 ---p 00000000 00:00 0 
7f8738000000-7f873931f000 rw-p 00000000 00:00 0 
7f873931f000-7f873c000000 ---p 00000000 00:00 0 
7f873c000000-7f873c021000 rw-p 00000000 00:00 0 
7f873c021000-7f8740000000 ---p 00000000 00:00 0 
7f8740000000-7f8740021000 rw-p 00000000 00:00 0 
7f8740021000-7f8744000000 ---p 00000000 00:00 0 
7f8744000000-7f8744021000 rw-p 00000000 00:00 0 
7f8744021000-7f8748000000 ---p 00000000 00:00 0 
7f8748000000-7f8748021000 rw-p 00000000 00:00 0 
7f8748021000-7f874c000000 ---p 00000000 00:00 0 
7f874c000000-7f874c021000 rw-p 00000000 00:00 0 
7f874c021000-7f8750000000 ---p 00000000 00:00 0 
7f8754000000-7f8754021000 rw-p 00000000 00:00 0 
7f8754021000-7f8758000000 ---p 00000000 00:00 0 
7f875a87d000-7f875aad0000 rw-p 00000000 00:00 0 
7f875c000000-7f875c021000 rw-p 00000000 00:00 0 
7f875c021000-7f8760000000 ---p 00000000 00:00 0 
7f8764000000-7f8764021000 rw-p 00000000 00:00 0 
7f8764021000-7f8768000000 ---p 00000000 00:00 0 
7f87685bb000-7f87685cf000 r--p 00000000 08:05 12718168                   /usr/share/locale-langpack/zh_CN/LC_MESSAGES/libc.mo
7f87685cf000-7f87685d2000 ---p 00000000 00:00 0 
7f87685d2000-7f87686d0000 rw-p 00000000 00:00 0 
7f87686d0000-7f87686d3000 ---p 00000000 00:00 0 
7f87686d3000-7f87687d1000 rw-p 00000000 00:00 0 
7f87687d1000-7f87687d4000 ---p 00000000 00:00 0 
7f87687d4000-7f87688d2000 rw-p 00000000 00:00 0 
7f87688d2000-7f87688d5000 ---p 00000000 00:00 0 
7f87688d5000-7f87689d3000 rw-p 00000000 00:00 0 
7f87689d3000-7f87689d6000 ---p 00000000 00:00 0 
7f87689d6000-7f8768ad4000 rw-p 00000000 00:00 0 
7f8768ad4000-7f8768ae3000 r--s 000df000 08:05 2098534                    /home/zuojj/Android/Sdk/build-tools/23.0.3/lib/dx.jar
7f8768ae3000-7f8768ae4000 ---p 00000000 00:00 0 
7f8768ae4000-7f8768be4000 rw-p 00000000 00:00 0 
7f8768be4000-7f8768be7000 ---p 00000000 00:00 0 
7f8768be7000-7f8768ce5000 rw-p 00000000 00:00 0 
7f8768ce5000-7f8768ce8000 ---p 00000000 00:00 0 
7f8768ce8000-7f8768de6000 rw-p 00000000 00:00 0 
7f8768de6000-7f8768de9000 ---p 00000000 00:00 0 
7f8768de9000-7f8768ee7000 rw-p 00000000 00:00 0 
7f8768ee7000-7f8768eea000 ---p 00000000 00:00 0 
7f8768eea000-7f8768fe8000 rw-p 00000000 00:00 0 
7f8768fe8000-7f87696ca000 r--p 00000000 08:05 11541696                   /usr/lib/locale/locale-archive
7f87696ca000-7f87696cd000 ---p 00000000 00:00 0 
7f87696cd000-7f87697cb000 rw-p 00000000 00:00 0 
7f87697cb000-7f87697ce000 ---p 00000000 00:00 0 
7f87697ce000-7f87698cc000 rw-p 00000000 00:00 0 
7f87698cc000-7f87698cd000 ---p 00000000 00:00 0 
7f87698cd000-7f876a91e000 rw-p 00000000 00:00 0 
7f876a91e000-7f876aad0000 r--s 01d32000 08:05 11799233                   /usr/lib/jvm/java-7-openjdk-amd64/jre/lib/rt.jar
7f876aad0000-7f876d000000 rw-p 00000000 00:00 0 
7f876d000000-7f876d270000 rwxp 00000000 00:00 0 
7f876d270000-7f87701d8000 rw-p 00000000 00:00 0 
7f87701d8000-7f8774000000 ---p 00000000 00:00 0 
7f8774005000-7f877400c000 r--s 00000000 08:05 11799658                   /usr/lib/x86_64-linux-gnu/gconv/gconv-modules.cache
7f877400c000-7f8774010000 r--s 00034000 08:05 11799245                   /usr/lib/jvm/java-7-openjdk-amd64/jre/lib/ext/sunjce_provider.jar
7f8774010000-7f87741b5000 rw-p 00000000 00:00 0 
7f87741b5000-7f87741b6000 ---p 00000000 00:00 0 
7f87741b6000-7f87742b6000 rw-p 00000000 00:00 0 
7f87742b6000-7f87742b7000 ---p 00000000 00:00 0 
7f87742b7000-7f87743b7000 rw-p 00000000 00:00 0 
7f87743b7000-7f87743b8000 ---p 00000000 00:00 0 
7f87743b8000-7f87744b8000 rw-p 00000000 00:00 0 
7f87744b8000-7f87744b9000 ---p 00000000 00:00 0 
7f87744b9000-7f87745c4000 rw-p 00000000 00:00 0 
7f87745c4000-7f877460c000 rw-p 00000000 00:00 0 
7f877460c000-7f8774634000 rw-p 00000000 00:00 0 
7f8774634000-7f8774762000 rw-p 00000000 00:00 0 
7f8774762000-7f877476d000 rw-p 00000000 00:00 0 
7f877476d000-7f87747b5000 rw-p 00000000 00:00 0 
7f87747b5000-7f87747dd000 rw-p 00000000 00:00 0 
7f87747dd000-7f877490a000 rw-p 00000000 00:00 0 
7f877490a000-7f877492e000 rw-p 00000000 00:00 0 
7f877492e000-7f87749b5000 rw-p 00000000 00:00 0 
7f87749b5000-7f87749b6000 rw-p 00000000 00:00 0 
7f87749b6000-7f87749be000 r-xp 00000000 08:05 11799203                   /usr/lib/jvm/java-7-openjdk-amd64/jre/lib/amd64/libzip.so
7f87749be000-7f8774bbd000 ---p 00008000 08:05 11799203                   /usr/lib/jvm/java-7-openjdk-amd64/jre/lib/amd64/libzip.so
7f8774bbd000-7f8774bbe000 r--p 00007000 08:05 11799203                   /usr/lib/jvm/java-7-openjdk-amd64/jre/lib/amd64/libzip.so
7f8774bbe000-7f8774bbf000 rw-p 00008000 08:05 11799203                   /usr/lib/jvm/java-7-openjdk-amd64/jre/lib/amd64/libzip.so
7f8774bbf000-7f8774bc9000 r-xp 00000000 08:05 12845228                   /lib/x86_64-linux-gnu/libnss_files-2.21.so
7f8774bc9000-7f8774dc9000 ---p 0000a000 08:05 12845228                   /lib/x86_64-linux-gnu/libnss_files-2.21.so
7f8774dc9000-7f8774dca000 r--p 0000a000 08:05 12845228                   /lib/x86_64-linux-gnu/libnss_files-2.21.so
7f8774dca000-7f8774dcb000 rw-p 0000b000 08:05 12845228                   /lib/x86_64-linux-gnu/libnss_files-2.21.so
7f8774dcb000-7f8774dd6000 r-xp 00000000 08:05 12845242                   /lib/x86_64-linux-gnu/libnss_nis-2.21.so
7f8774dd6000-7f8774fd5000 ---p 0000b000 08:05 12845242                   /lib/x86_64-linux-gnu/libnss_nis-2.21.so
7f8774fd5000-7f8774fd6000 r--p 0000a000 08:05 12845242                   /lib/x86_64-linux-gnu/libnss_nis-2.21.so
7f8774fd6000-7f8774fd7000 rw-p 0000b000 08:05 12845242                   /lib/x86_64-linux-gnu/libnss_nis-2.21.so
7f8774fd7000-7f8774fee000 r-xp 00000000 08:05 12845245                   /lib/x86_64-linux-gnu/libnsl-2.21.so
7f8774fee000-7f87751ed000 ---p 00017000 08:05 12845245                   /lib/x86_64-linux-gnu/libnsl-2.21.so
7f87751ed000-7f87751ee000 r--p 00016000 08:05 12845245                   /lib/x86_64-linux-gnu/libnsl-2.21.so
7f87751ee000-7f87751ef000 rw-p 00017000 08:05 12845245                   /lib/x86_64-linux-gnu/libnsl-2.21.so
7f87751ef000-7f87751f1000 rw-p 00000000 00:00 0 
7f87751f1000-7f87751f9000 r-xp 00000000 08:05 12845230                   /lib/x86_64-linux-gnu/libnss_compat-2.21.so
7f87751f9000-7f87753f8000 ---p 00008000 08:05 12845230                   /lib/x86_64-linux-gnu/libnss_compat-2.21.so
7f87753f8000-7f87753f9000 r--p 00007000 08:05 12845230                   /lib/x86_64-linux-gnu/libnss_compat-2.21.so
7f87753f9000-7f87753fa000 rw-p 00008000 08:05 12845230                   /lib/x86_64-linux-gnu/libnss_compat-2.21.so
7f87753fa000-7f8775426000 r-xp 00000000 08:05 11799189                   /usr/lib/jvm/java-7-openjdk-amd64/jre/lib/amd64/libjava.so
7f8775426000-7f8775625000 ---p 0002c000 08:05 11799189                   /usr/lib/jvm/java-7-openjdk-amd64/jre/lib/amd64/libjava.so
7f8775625000-7f8775626000 r--p 0002b000 08:05 11799189                   /usr/lib/jvm/java-7-openjdk-amd64/jre/lib/amd64/libjava.so
7f8775626000-7f8775628000 rw-p 0002c000 08:05 11799189                   /usr/lib/jvm/java-7-openjdk-amd64/jre/lib/amd64/libjava.so
7f8775628000-7f8775637000 r-xp 00000000 08:05 11799190                   /usr/lib/jvm/java-7-openjdk-amd64/jre/lib/amd64/libverify.so
7f8775637000-7f8775836000 ---p 0000f000 08:05 11799190                   /usr/lib/jvm/java-7-openjdk-amd64/jre/lib/amd64/libverify.so
7f8775836000-7f8775838000 r--p 0000e000 08:05 11799190                   /usr/lib/jvm/java-7-openjdk-amd64/jre/lib/amd64/libverify.so
7f8775838000-7f8775839000 rw-p 00010000 08:05 11799190                   /usr/lib/jvm/java-7-openjdk-amd64/jre/lib/amd64/libverify.so
7f8775839000-7f8775840000 r-xp 00000000 08:05 12845229                   /lib/x86_64-linux-gnu/librt-2.21.so
7f8775840000-7f8775a3f000 ---p 00007000 08:05 12845229                   /lib/x86_64-linux-gnu/librt-2.21.so
7f8775a3f000-7f8775a40000 r--p 00006000 08:05 12845229                   /lib/x86_64-linux-gnu/librt-2.21.so
7f8775a40000-7f8775a41000 rw-p 00007000 08:05 12845229                   /lib/x86_64-linux-gnu/librt-2.21.so
7f8775a41000-7f8775a57000 r-xp 00000000 08:05 12849246                   /lib/x86_64-linux-gnu/libgcc_s.so.1
7f8775a57000-7f8775c56000 ---p 00016000 08:05 12849246                   /lib/x86_64-linux-gnu/libgcc_s.so.1
7f8775c56000-7f8775c57000 r--p 00015000 08:05 12849246                   /lib/x86_64-linux-gnu/libgcc_s.so.1
7f8775c57000-7f8775c58000 rw-p 00016000 08:05 12849246                   /lib/x86_64-linux-gnu/libgcc_s.so.1
7f8775c58000-7f8775d5f000 r-xp 00000000 08:05 12845231                   /lib/x86_64-linux-gnu/libm-2.21.so
7f8775d5f000-7f8775f5e000 ---p 00107000 08:05 12845231                   /lib/x86_64-linux-gnu/libm-2.21.so
7f8775f5e000-7f8775f5f000 r--p 00106000 08:05 12845231                   /lib/x86_64-linux-gnu/libm-2.21.so
7f8775f5f000-7f8775f60000 rw-p 00107000 08:05 12845231                   /lib/x86_64-linux-gnu/libm-2.21.so
7f8775f60000-7f87760d3000 r-xp 00000000 08:05 11541573                   /usr/lib/x86_64-linux-gnu/libstdc++.so.6.0.21
7f87760d3000-7f87762d2000 ---p 00173000 08:05 11541573                   /usr/lib/x86_64-linux-gnu/libstdc++.so.6.0.21
7f87762d2000-7f87762dc000 r--p 00172000 08:05 11541573                   /usr/lib/x86_64-linux-gnu/libstdc++.so.6.0.21
7f87762dc000-7f87762de000 rw-p 0017c000 08:05 11541573                   /usr/lib/x86_64-linux-gnu/libstdc++.so.6.0.21
7f87762de000-7f87762e2000 rw-p 00000000 00:00 0 
7f87762e2000-7f8776e35000 r-xp 00000000 08:05 11799201                   /usr/lib/jvm/java-7-openjdk-amd64/jre/lib/amd64/server/libjvm.so
7f8776e35000-7f8777034000 ---p 00b53000 08:05 11799201                   /usr/lib/jvm/java-7-openjdk-amd64/jre/lib/amd64/server/libjvm.so
7f8777034000-7f87770c5000 r--p 00b52000 08:05 11799201                   /usr/lib/jvm/java-7-openjdk-amd64/jre/lib/amd64/server/libjvm.so
7f87770c5000-7f87770e8000 rw-p 00be3000 08:05 11799201                   /usr/lib/jvm/java-7-openjdk-amd64/jre/lib/amd64/server/libjvm.so
7f87770e8000-7f8777115000 rw-p 00000000 00:00 0 
7f8777115000-7f877712e000 r-xp 00000000 08:05 12846150                   /lib/x86_64-linux-gnu/libz.so.1.2.8
7f877712e000-7f877732d000 ---p 00019000 08:05 12846150                   /lib/x86_64-linux-gnu/libz.so.1.2.8
7f877732d000-7f877732e000 r--p 00018000 08:05 12846150                   /lib/x86_64-linux-gnu/libz.so.1.2.8
7f877732e000-7f877732f000 rw-p 00019000 08:05 12846150                   /lib/x86_64-linux-gnu/libz.so.1.2.8
7f877732f000-7f8777347000 r-xp 00000000 08:05 12845232                   /lib/x86_64-linux-gnu/libpthread-2.21.so
7f8777347000-7f8777547000 ---p 00018000 08:05 12845232                   /lib/x86_64-linux-gnu/libpthread-2.21.so
7f8777547000-7f8777548000 r--p 00018000 08:05 12845232                   /lib/x86_64-linux-gnu/libpthread-2.21.so
7f8777548000-7f8777549000 rw-p 00019000 08:05 12845232                   /lib/x86_64-linux-gnu/libpthread-2.21.so
7f8777549000-7f877754d000 rw-p 00000000 00:00 0 
7f877754d000-7f8777550000 r-xp 00000000 08:05 12845235                   /lib/x86_64-linux-gnu/libdl-2.21.so
7f8777550000-7f877774f000 ---p 00003000 08:05 12845235                   /lib/x86_64-linux-gnu/libdl-2.21.so
7f877774f000-7f8777750000 r--p 00002000 08:05 12845235                   /lib/x86_64-linux-gnu/libdl-2.21.so
7f8777750000-7f8777751000 rw-p 00003000 08:05 12845235                   /lib/x86_64-linux-gnu/libdl-2.21.so
7f8777751000-7f8777911000 r-xp 00000000 08:05 12845248                   /lib/x86_64-linux-gnu/libc-2.21.so
7f8777911000-7f8777b11000 ---p 001c0000 08:05 12845248                   /lib/x86_64-linux-gnu/libc-2.21.so
7f8777b11000-7f8777b15000 r--p 001c0000 08:05 12845248                   /lib/x86_64-linux-gnu/libc-2.21.so
7f8777b15000-7f8777b17000 rw-p 001c4000 08:05 12845248                   /lib/x86_64-linux-gnu/libc-2.21.so
7f8777b17000-7f8777b1b000 rw-p 00000000 00:00 0 
7f8777b1b000-7f8777b28000 r-xp 00000000 08:05 11799217                   /usr/lib/jvm/java-7-openjdk-amd64/jre/lib/amd64/jli/libjli.so
7f8777b28000-7f8777d27000 ---p 0000d000 08:05 11799217                   /usr/lib/jvm/java-7-openjdk-amd64/jre/lib/amd64/jli/libjli.so
7f8777d27000-7f8777d28000 r--p 0000c000 08:05 11799217                   /usr/lib/jvm/java-7-openjdk-amd64/jre/lib/amd64/jli/libjli.so
7f8777d28000-7f8777d29000 rw-p 0000d000 08:05 11799217                   /usr/lib/jvm/java-7-openjdk-amd64/jre/lib/amd64/jli/libjli.so
7f8777d29000-7f8777d4d000 r-xp 00000000 08:05 12845246                   /lib/x86_64-linux-gnu/ld-2.21.so
7f8777d4f000-7f8777d71000 rw-p 00000000 00:00 0 
7f8777d71000-7f8777e27000 rw-p 00000000 00:00 0 
7f8777e27000-7f8777e2a000 ---p 00000000 00:00 0 
7f8777e2a000-7f8777f2d000 rw-p 00000000 00:00 0 
7f8777f2f000-7f8777f30000 rw-p 00000000 00:00 0 
7f8777f30000-7f8777f33000 r--s 0000f000 08:05 11799246                   /usr/lib/jvm/java-7-openjdk-amd64/jre/lib/ext/icedtea-sound.jar
7f8777f33000-7f8777f37000 r--s 00085000 08:05 11799247                   /usr/lib/jvm/java-7-openjdk-amd64/jre/lib/ext/localedata.jar
7f8777f37000-7f8777f3b000 r--s 0003c000 08:05 11799248                   /usr/lib/jvm/java-7-openjdk-amd64/jre/lib/ext/sunpkcs11.jar
7f8777f3b000-7f8777f3d000 r--s 00012000 08:05 11799244                   /usr/lib/jvm/java-7-openjdk-amd64/jre/lib/ext/zipfs.jar
7f8777f3d000-7f8777f3f000 r--s 00007000 08:05 12061105                   /usr/share/java/java-atk-wrapper.jar
7f8777f3f000-7f8777f40000 r--s 00002000 08:05 11799243                   /usr/lib/jvm/java-7-openjdk-amd64/jre/lib/ext/dnsns.jar
7f8777f40000-7f8777f48000 rw-s 00000000 08:05 8651211                    /tmp/hsperfdata_zuojj/13949
7f8777f48000-7f8777f49000 rw-p 00000000 00:00 0 
7f8777f49000-7f8777f4a000 ---p 00000000 00:00 0 
7f8777f4a000-7f8777f4c000 rw-p 00000000 00:00 0 
7f8777f4c000-7f8777f4d000 r--p 00023000 08:05 12845246                   /lib/x86_64-linux-gnu/ld-2.21.so
7f8777f4d000-7f8777f4e000 rw-p 00024000 08:05 12845246                   /lib/x86_64-linux-gnu/ld-2.21.so
7f8777f4e000-7f8777f4f000 rw-p 00000000 00:00 0 
7fffd2d0c000-7fffd2d2d000 rw-p 00000000 00:00 0                          [stack]
7fffd2dc5000-7fffd2dc7000 r--p 00000000 00:00 0                          [vvar]
7fffd2dc7000-7fffd2dc9000 r-xp 00000000 00:00 0                          [vdso]
ffffffffff600000-ffffffffff601000 r-xp 00000000 00:00 0                  [vsyscall]

VM Arguments:
jvm_args: -Djava.awt.headless=true -Xmx1024M -Dfile.encoding=UTF-8 -Duser.country=CN -Duser.language=zh -Duser.variant 
java_command: com.android.dx.command.Main --dex --force-jumbo --num-threads=4 --output /home/zuojj/workdir/filemanager/YMfileManager/app/build/intermediates/pre-dexed/debug/main_aed7516648a8c6e5766ca97d9a2d1aa1493512ed.jar /home/zuojj/workdir/filemanager/YMfileManager/app/build/intermediates/transforms/instantRun/debug/folders/1/5/main
Launcher Type: SUN_STANDARD

Environment Variables:
JAVA_HOME=/usr/local/java/jdk1.7.0_95
JRE_HOME=/usr/local/java/jre1.7.0_95
PATH=/home/zuojj/bin:/usr/local/sbin:/usr/local/bin:/usr/sbin:/usr/bin:/sbin:/bin:/usr/games:/usr/local/games:/usr/local/java/jre1.7.0_95/bin:/usr/local/java/jdk1.7.0_95/bin
LD_LIBRARY_PATH=/opt/android-studio/bin:
SHELL=/usr/bin/zsh
DISPLAY=:0

Signal Handlers:
SIGSEGV: [libjvm.so+0x996e60], sa_mask[0]=0x7ffbfeff, sa_flags=0x10000004
SIGBUS: [libjvm.so+0x996e60], sa_mask[0]=0x7ffbfeff, sa_flags=0x10000004
SIGFPE: [libjvm.so+0x7fdc90], sa_mask[0]=0x7ffbfeff, sa_flags=0x10000004
SIGPIPE: [libjvm.so+0x7fdc90], sa_mask[0]=0x7ffbfeff, sa_flags=0x10000004
SIGXFSZ: [libjvm.so+0x7fdc90], sa_mask[0]=0x7ffbfeff, sa_flags=0x10000004
SIGILL: [libjvm.so+0x7fdc90], sa_mask[0]=0x7ffbfeff, sa_flags=0x10000004
SIGUSR1: SIG_DFL, sa_mask[0]=0x00000000, sa_flags=0x00000000
SIGUSR2: [libjvm.so+0x7fdb10], sa_mask[0]=0x00000004, sa_flags=0x10000004
SIGHUP: [libjvm.so+0x7fdca0], sa_mask[0]=0x7ffbfeff, sa_flags=0x10000004
SIGINT: [libjvm.so+0x7fdca0], sa_mask[0]=0x7ffbfeff, sa_flags=0x10000004
SIGTERM: [libjvm.so+0x7fdca0], sa_mask[0]=0x7ffbfeff, sa_flags=0x10000004
SIGQUIT: [libjvm.so+0x7fdca0], sa_mask[0]=0x7ffbfeff, sa_flags=0x10000004
SIGTRAP: SIG_DFL, sa_mask[0]=0x00000000, sa_flags=0x00000000


---------------  S Y S T E M  ---------------

OS:Ubuntu 15.10 (wily)
uname:Linux 4.2.0-36-generic #42-Ubuntu SMP Thu May 12 22:05:35 UTC 2016 x86_64
libc:glibc 2.21 NPTL 2.21 
rlimit: STACK 8192k, CORE 0k, NPROC 30593, NOFILE 65536, AS infinity
load average:13.53 4.27 1.79

/proc/meminfo:
MemTotal:        7868668 kB
MemFree:           57276 kB
MemAvailable:      78488 kB
Buffers:             360 kB
Cached:          2681800 kB
SwapCached:            0 kB
Active:          5180704 kB
Inactive:        2443856 kB
Active(anon):    5174392 kB
Inactive(anon):  2436996 kB
Active(file):       6312 kB
Inactive(file):     6860 kB
Unevictable:          32 kB
Mlocked:              32 kB
SwapTotal:             0 kB
SwapFree:              0 kB
Dirty:               200 kB
Writeback:             0 kB
AnonPages:       4942540 kB
Mapped:           793864 kB
Shmem:           2668880 kB
Slab:              80628 kB
SReclaimable:      42456 kB
SUnreclaim:        38172 kB
KernelStack:       10240 kB
PageTables:        42052 kB
NFS_Unstable:          0 kB
Bounce:                0 kB
WritebackTmp:          0 kB
CommitLimit:     3934332 kB
Committed_AS:   11861996 kB
VmallocTotal:   34359738367 kB
VmallocUsed:      365604 kB
VmallocChunk:   34358947836 kB
HardwareCorrupted:     0 kB
AnonHugePages:   3645440 kB
CmaTotal:              0 kB
CmaFree:               0 kB
HugePages_Total:       0
HugePages_Free:        0
HugePages_Rsvd:        0
HugePages_Surp:        0
Hugepagesize:       2048 kB
DirectMap4k:      140036 kB
DirectMap2M:     6889472 kB
DirectMap1G:     2097152 kB


CPU:total 4 (2 cores per cpu, 2 threads per core) family 6 model 61 stepping 4, cmov, cx8, fxsr, mmx, sse, sse2, sse3, ssse3, sse4.1, sse4.2, popcnt, avx, avx2, erms, ht, tsc, tscinvbit

/proc/cpuinfo:
processor	: 0
vendor_id	: GenuineIntel
cpu family	: 6
model		: 61
model name	: Intel(R) Core(TM) i5-5200U CPU @ 2.20GHz
stepping	: 4
microcode	: 0x21
cpu MHz		: 2577.781
cache size	: 3072 KB
physical id	: 0
siblings	: 4
core id		: 0
cpu cores	: 2
apicid		: 0
initial apicid	: 0
fpu		: yes
fpu_exception	: yes
cpuid level	: 20
wp		: yes
flags		: fpu vme de pse tsc msr pae mce cx8 apic sep mtrr pge mca cmov pat pse36 clflush dts acpi mmx fxsr sse sse2 ss ht tm pbe syscall nx pdpe1gb rdtscp lm constant_tsc arch_perfmon pebs bts rep_good nopl xtopology nonstop_tsc aperfmperf eagerfpu pni pclmulqdq dtes64 monitor ds_cpl vmx est tm2 ssse3 fma cx16 xtpr pdcm pcid sse4_1 sse4_2 x2apic movbe popcnt tsc_deadline_timer xsave avx f16c rdrand lahf_lm abm 3dnowprefetch ida arat epb pln pts dtherm intel_pt tpr_shadow vnmi flexpriority ept vpid fsgsbase tsc_adjust bmi1 avx2 smep bmi2 erms invpcid rdseed adx smap xsaveopt
bugs		:
bogomips	: 4389.99
clflush size	: 64
cache_alignment	: 64
address sizes	: 39 bits physical, 48 bits virtual
power management:

processor	: 1
vendor_id	: GenuineIntel
cpu family	: 6
model		: 61
model name	: Intel(R) Core(TM) i5-5200U CPU @ 2.20GHz
stepping	: 4
microcode	: 0x21
cpu MHz		: 2336.812
cache size	: 3072 KB
physical id	: 0
siblings	: 4
core id		: 0
cpu cores	: 2
apicid		: 1
initial apicid	: 1
fpu		: yes
fpu_exception	: yes
cpuid level	: 20
wp		: yes
flags		: fpu vme de pse tsc msr pae mce cx8 apic sep mtrr pge mca cmov pat pse36 clflush dts acpi mmx fxsr sse sse2 ss ht tm pbe syscall nx pdpe1gb rdtscp lm constant_tsc arch_perfmon pebs bts rep_good nopl xtopology nonstop_tsc aperfmperf eagerfpu pni pclmulqdq dtes64 monitor ds_cpl vmx est tm2 ssse3 fma cx16 xtpr pdcm pcid sse4_1 sse4_2 x2apic movbe popcnt tsc_deadline_timer xsave avx f16c rdrand lahf_lm abm 3dnowprefetch ida arat epb pln pts dtherm intel_pt tpr_shadow vnmi flexpriority ept vpid fsgsbase tsc_adjust bmi1 avx2 smep bmi2 erms invpcid rdseed adx smap xsaveopt
bugs		:
bogomips	: 4389.99
clflush size	: 64
cache_alignment	: 64
address sizes	: 39 bits physical, 48 bits virtual
power management:

processor	: 2
vendor_id	: GenuineIntel
cpu family	: 6
model		: 61
model name	: Intel(R) Core(TM) i5-5200U CPU @ 2.20GHz
stepping	: 4
microcode	: 0x21
cpu MHz		: 2313.351
cache size	: 3072 KB
physical id	: 0
siblings	: 4
core id		: 1
cpu cores	: 2
apicid		: 2
initial apicid	: 2
fpu		: yes
fpu_exception	: yes
cpuid level	: 20
wp		: yes
flags		: fpu vme de pse tsc msr pae mce cx8 apic sep mtrr pge mca cmov pat pse36 clflush dts acpi mmx fxsr sse sse2 ss ht tm pbe syscall nx pdpe1gb rdtscp lm constant_tsc arch_perfmon pebs bts rep_good nopl xtopology nonstop_tsc aperfmperf eagerfpu pni pclmulqdq dtes64 monitor ds_cpl vmx est tm2 ssse3 fma cx16 xtpr pdcm pcid sse4_1 sse4_2 x2apic movbe popcnt tsc_deadline_timer xsave avx f16c rdrand lahf_lm abm 3dnowprefetch ida arat epb pln pts dtherm intel_pt tpr_shadow vnmi flexpriority ept vpid fsgsbase tsc_adjust bmi1 avx2 smep bmi2 erms invpcid rdseed adx smap xsaveopt
bugs		:
bogomips	: 4389.99
clflush size	: 64
cache_alignment	: 64
address sizes	: 39 bits physical, 48 bits virtual
power management:

processor	: 3
vendor_id	: GenuineIntel
cpu family	: 6
model		: 61
model name	: Intel(R) Core(TM) i5-5200U CPU @ 2.20GHz
stepping	: 4
microcode	: 0x21
cpu MHz		: 2451.539
cache size	: 3072 KB
physical id	: 0
siblings	: 4
core id		: 1
cpu cores	: 2
apicid		: 3
initial apicid	: 3
fpu		: yes
fpu_exception	: yes
cpuid level	: 20
wp		: yes
flags		: fpu vme de pse tsc msr pae mce cx8 apic sep mtrr pge mca cmov pat pse36 clflush dts acpi mmx fxsr sse sse2 ss ht tm pbe syscall nx pdpe1gb rdtscp lm constant_tsc arch_perfmon pebs bts rep_good nopl xtopology nonstop_tsc aperfmperf eagerfpu pni pclmulqdq dtes64 monitor ds_cpl vmx est tm2 ssse3 fma cx16 xtpr pdcm pcid sse4_1 sse4_2 x2apic movbe popcnt tsc_deadline_timer xsave avx f16c rdrand lahf_lm abm 3dnowprefetch ida arat epb pln pts dtherm intel_pt tpr_shadow vnmi flexpriority ept vpid fsgsbase tsc_adjust bmi1 avx2 smep bmi2 erms invpcid rdseed adx smap xsaveopt
bugs		:
bogomips	: 4389.99
clflush size	: 64
cache_alignment	: 64
address sizes	: 39 bits physical, 48 bits virtual
power management:



Memory: 4k page, physical 7868668k(57276k free), swap 0k(0k free)

vm_info: OpenJDK 64-Bit Server VM (24.95-b01) for linux-amd64 JRE (1.7.0_101-b00), built on Apr 24 2016 20:35:58 by "buildd" with gcc 5.2.1 20151010

time: Tue Jun  7 15:23:23 2016
elapsed time: 61 seconds

