#
# There is insufficient memory for the Java Runtime Environment to continue.
# Native memory allocation (malloc) failed to allocate 114294784 bytes for committing reserved memory.
# Possible reasons:
#   The system is out of physical RAM or swap space
#   In 32 bit mode, the process size limit was hit
# Possible solutions:
#   Reduce memory load on the system
#   Increase physical memory or swap space
#   Check if swap backing store is full
#   Use 64 bit Java on a 64 bit OS
#   Decrease Java heap size (-Xmx/-Xms)
#   Decrease number of Java threads
#   Decrease Java thread stack sizes (-Xss)
#   Set larger code cache with -XX:ReservedCodeCacheSize=
# This output file may be truncated or incomplete.
#
#  Out of Memory Error (os_linux.cpp:2827), pid=17841, tid=140366389438208
#
# JRE version: OpenJDK Runtime Environment (7.0_101) (build 1.7.0_101-b00)
# Java VM: OpenJDK 64-Bit Server VM (24.95-b01 mixed mode linux-amd64 compressed oops)
# Derivative: IcedTea 2.6.6
# Distribution: Ubuntu 15.10, package 7u101-2.6.6-0ubuntu0.15.10.1
# Failed to write core dump. Core dumps have been disabled. To enable core dumping, try "ulimit -c unlimited" before starting Java again
#

---------------  T H R E A D  ---------------

Current thread (0x00007fa994076000):  VMThread [stack: 0x00007fa998b7e000,0x00007fa998c7f000] [id=17850]

Stack: [0x00007fa998b7e000,0x00007fa998c7f000],  sp=0x00007fa998c7d4f0,  free space=1021k
Native frames: (J=compiled Java code, j=interpreted, Vv=VM code, C=native code)
V  [libjvm.so+0x996303]
V  [libjvm.so+0x48b94f]
V  [libjvm.so+0x802a2b]
V  [libjvm.so+0x7fce1e]
V  [libjvm.so+0x872f2b]
V  [libjvm.so+0x874873]
V  [libjvm.so+0x870af8]
V  [libjvm.so+0x870ddc]
V  [libjvm.so+0x8263e3]
V  [libjvm.so+0x997da2]
V  [libjvm.so+0x99cae7]
V  [libjvm.so+0x99a378]
V  [libjvm.so+0x99b6ef]
V  [libjvm.so+0x99bbe1]
V  [libjvm.so+0x7ff952]

VM_Operation (0x00007fa98e7cafd0): ParallelGCFailedAllocation, mode: safepoint, requested by thread 0x00007fa994184800


---------------  P R O C E S S  ---------------

Java Threads: ( => current thread )
  0x00007fa99418c800 JavaThread "pool-1-thread-4" [_thread_blocked, id=17880, stack(0x00007fa98e2c8000,0x00007fa98e3c9000)]
  0x00007fa99418b000 JavaThread "pool-1-thread-3" [_thread_blocked, id=17879, stack(0x00007fa98e3c9000,0x00007fa98e4ca000)]
  0x00007fa994187800 JavaThread "pool-1-thread-2" [_thread_blocked, id=17878, stack(0x00007fa98e4ca000,0x00007fa98e5cb000)]
  0x00007fa994186800 JavaThread "pool-2-thread-1" [_thread_blocked, id=17877, stack(0x00007fa98e5cb000,0x00007fa98e6cc000)]
  0x00007fa994184800 JavaThread "pool-1-thread-1" [_thread_blocked, id=17876, stack(0x00007fa98e6cc000,0x00007fa98e7cd000)]
  0x00007fa9940b1000 JavaThread "Service Thread" daemon [_thread_blocked, id=17869, stack(0x00007fa98e8ce000,0x00007fa98e9cf000)]
  0x00007fa9940ae800 JavaThread "C2 CompilerThread1" daemon [_thread_blocked, id=17865, stack(0x00007fa98e9cf000,0x00007fa98ead0000)]
  0x00007fa9940ab800 JavaThread "C2 CompilerThread0" daemon [_thread_blocked, id=17864, stack(0x00007fa998098000,0x00007fa998199000)]
  0x00007fa9940a9800 JavaThread "Signal Dispatcher" daemon [_thread_blocked, id=17862, stack(0x00007fa998199000,0x00007fa99829a000)]
  0x00007fa99407c800 JavaThread "Finalizer" daemon [_thread_blocked, id=17854, stack(0x00007fa99897c000,0x00007fa998a7d000)]
  0x00007fa99407a800 JavaThread "Reference Handler" daemon [_thread_blocked, id=17851, stack(0x00007fa998a7d000,0x00007fa998b7e000)]
  0x00007fa99400a800 JavaThread "main" [_thread_blocked, id=17843, stack(0x00007fa99ddec000,0x00007fa99deed000)]

Other Threads:
=>0x00007fa994076000 VMThread [stack: 0x00007fa998b7e000,0x00007fa998c7f000] [id=17850]
  0x00007fa9940bb800 WatcherThread [stack: 0x00007fa98e7cd000,0x00007fa98e8ce000] [id=17870]

VM state:at safepoint (normal execution)

VM Mutex/Monitor currently owned by a thread:  ([mutex/lock_event])
[0x00007fa994006a20] Threads_lock - owner thread: 0x00007fa994076000
[0x00007fa994006f20] Heap_lock - owner thread: 0x00007fa994184800

Heap
 PSYoungGen      total 128000K, used 5114K [0x00000000eaa80000, 0x00000000f2c80000, 0x0000000100000000)
  eden space 122880K, 0% used [0x00000000eaa80000,0x00000000eaa80000,0x00000000f2280000)
  from space 5120K, 99% used [0x00000000f2280000,0x00000000f277e940,0x00000000f2780000)
  to   space 5120K, 0% used [0x00000000f2780000,0x00000000f2780000,0x00000000f2c80000)
 ParOldGen       total 119808K, used 56468K [0x00000000c0000000, 0x00000000c7500000, 0x00000000eaa80000)
  object space 119808K, 47% used [0x00000000c0000000,0x00000000c37251f8,0x00000000c7500000)
 PSPermGen       total 21504K, used 5902K [0x00000000b5a00000, 0x00000000b6f00000, 0x00000000c0000000)
  object space 21504K, 27% used [0x00000000b5a00000,0x00000000b5fc3858,0x00000000b6f00000)

Card table byte_map: [0x00007fa99a727000,0x00007fa99a97b000] byte_map_base: 0x00007fa99a17a000

Polling page: 0x00007fa99df0e000

Code Cache  [0x00007fa991000000, 0x00007fa991270000, 0x00007fa994000000)
 total_blobs=608 nmethods=395 adapters=166 free_code_cache=47426Kb largest_free_block=48519488

Compilation events (10 events):
Event: 22.607 Thread 0x00007fa9940ab800 nmethod 415 0x00007fa9911a3350 code [0x00007fa9911a34a0, 0x00007fa9911a3618]
Event: 22.607 Thread 0x00007fa9940ab800  416             com.android.dx.rop.code.RegisterSpec::getType (10 bytes)
Event: 22.607 Thread 0x00007fa9940ab800 nmethod 416 0x00007fa99119c410 code [0x00007fa99119c560, 0x00007fa99119c5d8]
Event: 22.607 Thread 0x00007fa9940ab800  417             com.android.dx.util.IntList::binarysearch (124 bytes)
Event: 22.610 Thread 0x00007fa9940ab800 nmethod 417 0x00007fa9911a2e50 code [0x00007fa9911a2fa0, 0x00007fa9911a3178]
Event: 22.627 Thread 0x00007fa9940ab800  418             com.android.dx.ssa.back.FirstFitLocalCombiningAllocator$1::processInsn (169 bytes)
Event: 22.748 Thread 0x00007fa9940ab800 nmethod 418 0x00007fa9911b8710 code [0x00007fa9911b89c0, 0x00007fa9911b95a0]
Event: 22.748 Thread 0x00007fa9940ab800  419             com.android.dx.ssa.back.FirstFitLocalCombiningAllocator$1::visitNonMoveInsn (6 bytes)
Event: 22.749 Thread 0x00007fa9940ab800 nmethod 419 0x00007fa99117e490 code [0x00007fa99117e5e0, 0x00007fa99117e648]
Event: 22.749 Thread 0x00007fa9940ab800  420             com.android.dx.ssa.back.FirstFitLocalCombiningAllocator::handleNormalUnassociated (99 bytes)

GC Heap History (10 events):
Event: 3.209 GC heap after
Heap after GC invocations=1 (full 0):
 PSYoungGen      total 35840K, used 5101K [0x00000000eaa80000, 0x00000000ef080000, 0x0000000100000000)
  eden space 30720K, 0% used [0x00000000eaa80000,0x00000000eaa80000,0x00000000ec880000)
  from space 5120K, 99% used [0x00000000ec880000,0x00000000ecd7b5f8,0x00000000ecd80000)
  to   space 5120K, 0% used [0x00000000eeb80000,0x00000000eeb80000,0x00000000ef080000)
 ParOldGen       total 81920K, used 1194K [0x00000000c0000000, 0x00000000c5000000, 0x00000000eaa80000)
  object space 81920K, 1% used [0x00000000c0000000,0x00000000c012aac8,0x00000000c5000000)
 PSPermGen       total 21504K, used 5665K [0x00000000b5a00000, 0x00000000b6f00000, 0x00000000c0000000)
  object space 21504K, 26% used [0x00000000b5a00000,0x00000000b5f88788,0x00000000b6f00000)
}
Event: 5.329 GC heap before
{Heap before GC invocations=2 (full 0):
 PSYoungGen      total 35840K, used 35821K [0x00000000eaa80000, 0x00000000ef080000, 0x0000000100000000)
  eden space 30720K, 100% used [0x00000000eaa80000,0x00000000ec880000,0x00000000ec880000)
  from space 5120K, 99% used [0x00000000ec880000,0x00000000ecd7b5f8,0x00000000ecd80000)
  to   space 5120K, 0% used [0x00000000eeb80000,0x00000000eeb80000,0x00000000ef080000)
 ParOldGen       total 81920K, used 1194K [0x00000000c0000000, 0x00000000c5000000, 0x00000000eaa80000)
  object space 81920K, 1% used [0x00000000c0000000,0x00000000c012aac8,0x00000000c5000000)
 PSPermGen       total 21504K, used 5791K [0x00000000b5a00000, 0x00000000b6f00000, 0x00000000c0000000)
  object space 21504K, 26% used [0x00000000b5a00000,0x00000000b5fa7fc8,0x00000000b6f00000)
Event: 5.401 GC heap after
Heap after GC invocations=2 (full 0):
 PSYoungGen      total 66560K, used 5114K [0x00000000eaa80000, 0x00000000ef080000, 0x0000000100000000)
  eden space 61440K, 0% used [0x00000000eaa80000,0x00000000eaa80000,0x00000000ee680000)
  from space 5120K, 99% used [0x00000000eeb80000,0x00000000ef07e9c0,0x00000000ef080000)
  to   space 5120K, 0% used [0x00000000ee680000,0x00000000ee680000,0x00000000eeb80000)
 ParOldGen       total 81920K, used 8516K [0x00000000c0000000, 0x00000000c5000000, 0x00000000eaa80000)
  object space 81920K, 10% used [0x00000000c0000000,0x00000000c08513e0,0x00000000c5000000)
 PSPermGen       total 21504K, used 5791K [0x00000000b5a00000, 0x00000000b6f00000, 0x00000000c0000000)
  object space 21504K, 26% used [0x00000000b5a00000,0x00000000b5fa7fc8,0x00000000b6f00000)
}
Event: 8.523 GC heap before
{Heap before GC invocations=3 (full 0):
 PSYoungGen      total 66560K, used 66554K [0x00000000eaa80000, 0x00000000ef080000, 0x0000000100000000)
  eden space 61440K, 100% used [0x00000000eaa80000,0x00000000ee680000,0x00000000ee680000)
  from space 5120K, 99% used [0x00000000eeb80000,0x00000000ef07e9c0,0x00000000ef080000)
  to   space 5120K, 0% used [0x00000000ee680000,0x00000000ee680000,0x00000000eeb80000)
 ParOldGen       total 81920K, used 8516K [0x00000000c0000000, 0x00000000c5000000, 0x00000000eaa80000)
  object space 81920K, 10% used [0x00000000c0000000,0x00000000c08513e0,0x00000000c5000000)
 PSPermGen       total 21504K, used 5850K [0x00000000b5a00000, 0x00000000b6f00000, 0x00000000c0000000)
  object space 21504K, 27% used [0x00000000b5a00000,0x00000000b5fb6b18,0x00000000b6f00000)
Event: 8.641 GC heap after
Heap after GC invocations=3 (full 0):
 PSYoungGen      total 66560K, used 5115K [0x00000000eaa80000, 0x00000000f2c80000, 0x0000000100000000)
  eden space 61440K, 0% used [0x00000000eaa80000,0x00000000eaa80000,0x00000000ee680000)
  from space 5120K, 99% used [0x00000000ee680000,0x00000000eeb7ee18,0x00000000eeb80000)
  to   space 5120K, 0% used [0x00000000f2780000,0x00000000f2780000,0x00000000f2c80000)
 ParOldGen       total 81920K, used 24456K [0x00000000c0000000, 0x00000000c5000000, 0x00000000eaa80000)
  object space 81920K, 29% used [0x00000000c0000000,0x00000000c17e23f8,0x00000000c5000000)
 PSPermGen       total 21504K, used 5850K [0x00000000b5a00000, 0x00000000b6f00000, 0x00000000c0000000)
  object space 21504K, 27% used [0x00000000b5a00000,0x00000000b5fb6b18,0x00000000b6f00000)
}
Event: 14.943 GC heap before
{Heap before GC invocations=4 (full 0):
 PSYoungGen      total 66560K, used 66555K [0x00000000eaa80000, 0x00000000f2c80000, 0x0000000100000000)
  eden space 61440K, 100% used [0x00000000eaa80000,0x00000000ee680000,0x00000000ee680000)
  from space 5120K, 99% used [0x00000000ee680000,0x00000000eeb7ee18,0x00000000eeb80000)
  to   space 5120K, 0% used [0x00000000f2780000,0x00000000f2780000,0x00000000f2c80000)
 ParOldGen       total 81920K, used 24456K [0x00000000c0000000, 0x00000000c5000000, 0x00000000eaa80000)
  object space 81920K, 29% used [0x00000000c0000000,0x00000000c17e23f8,0x00000000c5000000)
 PSPermGen       total 21504K, used 5883K [0x00000000b5a00000, 0x00000000b6f00000, 0x00000000c0000000)
  object space 21504K, 27% used [0x00000000b5a00000,0x00000000b5fbeef0,0x00000000b6f00000)
Event: 15.107 GC heap after
Heap after GC invocations=4 (full 0):
 PSYoungGen      total 128000K, used 5090K [0x00000000eaa80000, 0x00000000f2c80000, 0x0000000100000000)
  eden space 122880K, 0% used [0x00000000eaa80000,0x00000000eaa80000,0x00000000f2280000)
  from space 5120K, 99% used [0x00000000f2780000,0x00000000f2c78ab0,0x00000000f2c80000)
  to   space 5120K, 0% used [0x00000000f2280000,0x00000000f2280000,0x00000000f2780000)
 ParOldGen       total 81920K, used 51719K [0x00000000c0000000, 0x00000000c5000000, 0x00000000eaa80000)
  object space 81920K, 63% used [0x00000000c0000000,0x00000000c3281ec0,0x00000000c5000000)
 PSPermGen       total 21504K, used 5883K [0x00000000b5a00000, 0x00000000b6f00000, 0x00000000c0000000)
  object space 21504K, 27% used [0x00000000b5a00000,0x00000000b5fbeef0,0x00000000b6f00000)
}
Event: 15.107 GC heap before
{Heap before GC invocations=5 (full 1):
 PSYoungGen      total 128000K, used 5090K [0x00000000eaa80000, 0x00000000f2c80000, 0x0000000100000000)
  eden space 122880K, 0% used [0x00000000eaa80000,0x00000000eaa80000,0x00000000f2280000)
  from space 5120K, 99% used [0x00000000f2780000,0x00000000f2c78ab0,0x00000000f2c80000)
  to   space 5120K, 0% used [0x00000000f2280000,0x00000000f2280000,0x00000000f2780000)
 ParOldGen       total 81920K, used 51719K [0x00000000c0000000, 0x00000000c5000000, 0x00000000eaa80000)
  object space 81920K, 63% used [0x00000000c0000000,0x00000000c3281ec0,0x00000000c5000000)
 PSPermGen       total 21504K, used 5883K [0x00000000b5a00000, 0x00000000b6f00000, 0x00000000c0000000)
  object space 21504K, 27% used [0x00000000b5a00000,0x00000000b5fbeef0,0x00000000b6f00000)
Event: 15.997 GC heap after
Heap after GC invocations=5 (full 1):
 PSYoungGen      total 128000K, used 0K [0x00000000eaa80000, 0x00000000f2c80000, 0x0000000100000000)
  eden space 122880K, 0% used [0x00000000eaa80000,0x00000000eaa80000,0x00000000f2280000)
  from space 5120K, 0% used [0x00000000f2780000,0x00000000f2780000,0x00000000f2c80000)
  to   space 5120K, 0% used [0x00000000f2280000,0x00000000f2280000,0x00000000f2780000)
 ParOldGen       total 119808K, used 38795K [0x00000000c0000000, 0x00000000c7500000, 0x00000000eaa80000)
  object space 119808K, 32% used [0x00000000c0000000,0x00000000c25e2e88,0x00000000c7500000)
 PSPermGen       total 21504K, used 5881K [0x00000000b5a00000, 0x00000000b6f00000, 0x00000000c0000000)
  object space 21504K, 27% used [0x00000000b5a00000,0x00000000b5fbe680,0x00000000b6f00000)
}
Event: 23.278 GC heap before
{Heap before GC invocations=6 (full 1):
 PSYoungGen      total 128000K, used 122880K [0x00000000eaa80000, 0x00000000f2c80000, 0x0000000100000000)
  eden space 122880K, 100% used [0x00000000eaa80000,0x00000000f2280000,0x00000000f2280000)
  from space 5120K, 0% used [0x00000000f2780000,0x00000000f2780000,0x00000000f2c80000)
  to   space 5120K, 0% used [0x00000000f2280000,0x00000000f2280000,0x00000000f2780000)
 ParOldGen       total 119808K, used 38795K [0x00000000c0000000, 0x00000000c7500000, 0x00000000eaa80000)
  object space 119808K, 32% used [0x00000000c0000000,0x00000000c25e2e88,0x00000000c7500000)
 PSPermGen       total 21504K, used 5902K [0x00000000b5a00000, 0x00000000b6f00000, 0x00000000c0000000)
  object space 21504K, 27% used [0x00000000b5a00000,0x00000000b5fc3858,0x00000000b6f00000)

Deoptimization events (10 events):
Event: 21.972 Thread 0x00007fa99400a800 Uncommon trap: reason=null_check action=make_not_entrant pc=0x00007fa9910e7d04 method=com.android.dx.rop.type.Type.putIntern(Lcom/android/dx/rop/type/Type;)Lcom/android/dx/rop/type/Type; @ 18
Event: 22.007 Thread 0x00007fa99400a800 Uncommon trap: reason=null_check action=make_not_entrant pc=0x00007fa991186ba4 method=com.android.dx.rop.type.Type.putIntern(Lcom/android/dx/rop/type/Type;)Lcom/android/dx/rop/type/Type; @ 18
Event: 22.023 Thread 0x00007fa994184800 Uncommon trap: reason=unstable_if action=reinterpret pc=0x00007fa991068584 method=com.android.dx.rop.cst.Constant.compareTo(Lcom/android/dx/rop/cst/Constant;)I @ 12
Event: 22.447 Thread 0x00007fa994187800 Uncommon trap: reason=class_check action=maybe_recompile pc=0x00007fa99108ece8 method=com.android.dx.rop.type.Type.equals(Ljava/lang/Object;)Z @ 8
Event: 22.447 Thread 0x00007fa994187800 Uncommon trap: reason=bimorphic action=maybe_recompile pc=0x00007fa9910bcd9c method=com.android.dx.rop.code.Rops.opMoveResultPseudo(Lcom/android/dx/rop/type/TypeBearer;)Lcom/android/dx/rop/code/Rop; @ 7
Event: 22.455 Thread 0x00007fa994187800 Uncommon trap: reason=unstable_if action=reinterpret pc=0x00007fa9910b2530 method=com.android.dx.rop.code.RegisterSpec.equals(ILcom/android/dx/rop/type/TypeBearer;Lcom/android/dx/rop/code/LocalItem;)Z @ 16
Event: 22.455 Thread 0x00007fa994187800 Uncommon trap: reason=bimorphic action=maybe_recompile pc=0x00007fa9911a65e0 method=com.android.dx.ssa.LiteralOpUpgrader.tryReplacingWithConstant(Lcom/android/dx/ssa/NormalSsaInsn;)Z @ 52
Event: 22.543 Thread 0x00007fa99418b000 Uncommon trap: reason=unstable_if action=reinterpret pc=0x00007fa9910dddac method=java.util.BitSet.clone()Ljava/lang/Object; @ 4
Event: 22.626 Thread 0x00007fa994184800 Uncommon trap: reason=null_check action=make_not_entrant pc=0x00007fa9910bd830 method=com.android.dx.rop.cst.CstType.intern(Lcom/android/dx/rop/type/Type;)Lcom/android/dx/rop/cst/CstType; @ 13
Event: 22.672 Thread 0x00007fa994184800 Uncommon trap: reason=class_check action=maybe_recompile pc=0x00007fa99114dc80 method=com.android.dx.ssa.SCCP.simulatePhi(Lcom/android/dx/ssa/PhiInsn;)V @ 124

Internal exceptions (10 events):
Event: 4.167 Thread 0x00007fa994187800 Threw 0x00000000eb9e3d88 at /build/openjdk-7-hZgspp/openjdk-7-7u101-2.6.6/build/openjdk/hotspot/src/share/vm/prims/jvm.cpp:1322
Event: 5.841 Thread 0x00007fa994184800 Threw 0x00000000eb3c3928 at /build/openjdk-7-hZgspp/openjdk-7-7u101-2.6.6/build/openjdk/hotspot/src/share/vm/prims/jvm.cpp:1322
Event: 5.950 Thread 0x00007fa994184800 Threw 0x00000000eb6529c8 at /build/openjdk-7-hZgspp/openjdk-7-7u101-2.6.6/build/openjdk/hotspot/src/share/vm/prims/jvm.cpp:1322
Event: 8.350 Thread 0x00007fa99400a800 Implicit null exception at 0x00007fa9910c37c9 to 0x00007fa9910c4e69
Event: 9.161 Thread 0x00007fa99418b000 Threw 0x00000000eb8a5150 at /build/openjdk-7-hZgspp/openjdk-7-7u101-2.6.6/build/openjdk/hotspot/src/share/vm/prims/jvm.cpp:1322
Event: 9.166 Thread 0x00007fa99418b000 Threw 0x00000000eb99a5b0 at /build/openjdk-7-hZgspp/openjdk-7-7u101-2.6.6/build/openjdk/hotspot/src/share/vm/prims/jvm.cpp:1322
Event: 9.966 Thread 0x00007fa99418b000 Threw 0x00000000ebe11f20 at /build/openjdk-7-hZgspp/openjdk-7-7u101-2.6.6/build/openjdk/hotspot/src/share/vm/prims/jvm.cpp:1322
Event: 21.972 Thread 0x00007fa99400a800 Implicit null exception at 0x00007fa9910e763f to 0x00007fa9910e7cf5
Event: 22.007 Thread 0x00007fa99400a800 Implicit null exception at 0x00007fa991186fa5 to 0x00007fa991186b95
Event: 22.626 Thread 0x00007fa994184800 Implicit null exception at 0x00007fa9910bbbd7 to 0x00007fa9910bd825

Events (10 events):
Event: 22.543 Thread 0x00007fa99418b000 Uncommon trap: trap_request=0xffffff75 fr.pc=0x00007fa9910dddac
Event: 22.543 Thread 0x00007fa99418b000 DEOPT PACKING pc=0x00007fa9910dddac sp=0x00007fa98e4c81e0
Event: 22.543 Thread 0x00007fa99418b000 DEOPT UNPACKING pc=0x00007fa991039445 sp=0x00007fa98e4c80f8 mode 2
Event: 22.626 Thread 0x00007fa994184800 Uncommon trap: trap_request=0xfffffff4 fr.pc=0x00007fa9910bd830
Event: 22.626 Thread 0x00007fa994184800 DEOPT PACKING pc=0x00007fa9910bd830 sp=0x00007fa98e7cb090
Event: 22.626 Thread 0x00007fa994184800 DEOPT UNPACKING pc=0x00007fa991039445 sp=0x00007fa98e7cafb8 mode 2
Event: 22.672 Thread 0x00007fa994184800 Uncommon trap: trap_request=0xffffffde fr.pc=0x00007fa99114dc80
Event: 22.672 Thread 0x00007fa994184800 DEOPT PACKING pc=0x00007fa99114dc80 sp=0x00007fa98e7cb280
Event: 22.672 Thread 0x00007fa994184800 DEOPT UNPACKING pc=0x00007fa991039445 sp=0x00007fa98e7cb160 mode 2
Event: 23.263 Executing VM operation: ParallelGCFailedAllocation


Dynamic libraries:
00400000-00401000 r-xp 00000000 08:05 11799176                           /usr/lib/jvm/java-7-openjdk-amd64/jre/bin/java
00600000-00601000 r--p 00000000 08:05 11799176                           /usr/lib/jvm/java-7-openjdk-amd64/jre/bin/java
00601000-00602000 rw-p 00001000 08:05 11799176                           /usr/lib/jvm/java-7-openjdk-amd64/jre/bin/java
00f25000-00f46000 rw-p 00000000 00:00 0                                  [heap]
b5a00000-b6f00000 rw-p 00000000 00:00 0 
b6f00000-c0000000 rw-p 00000000 00:00 0 
c0000000-c7500000 rw-p 00000000 00:00 0 
c7500000-eaa80000 rw-p 00000000 00:00 0 
eaa80000-f2c80000 rw-p 00000000 00:00 0 
f9980000-100000000 rw-p 00000000 00:00 0 
7fa948000000-7fa948030000 rw-p 00000000 00:00 0 
7fa948030000-7fa94c000000 ---p 00000000 00:00 0 
7fa94c000000-7fa94c033000 rw-p 00000000 00:00 0 
7fa94c033000-7fa950000000 ---p 00000000 00:00 0 
7fa950000000-7fa950021000 rw-p 00000000 00:00 0 
7fa950021000-7fa954000000 ---p 00000000 00:00 0 
7fa954000000-7fa954025000 rw-p 00000000 00:00 0 
7fa954025000-7fa958000000 ---p 00000000 00:00 0 
7fa958000000-7fa958021000 rw-p 00000000 00:00 0 
7fa958021000-7fa95c000000 ---p 00000000 00:00 0 
7fa95c000000-7fa95c02d000 rw-p 00000000 00:00 0 
7fa95c02d000-7fa960000000 ---p 00000000 00:00 0 
7fa960000000-7fa96144f000 rw-p 00000000 00:00 0 
7fa96144f000-7fa964000000 ---p 00000000 00:00 0 
7fa964000000-7fa964021000 rw-p 00000000 00:00 0 
7fa964021000-7fa968000000 ---p 00000000 00:00 0 
7fa968000000-7fa968021000 rw-p 00000000 00:00 0 
7fa968021000-7fa96c000000 ---p 00000000 00:00 0 
7fa96c000000-7fa96dc95000 rw-p 00000000 00:00 0 
7fa96dc95000-7fa970000000 ---p 00000000 00:00 0 
7fa970000000-7fa970021000 rw-p 00000000 00:00 0 
7fa970021000-7fa974000000 ---p 00000000 00:00 0 
7fa974000000-7fa974021000 rw-p 00000000 00:00 0 
7fa974021000-7fa978000000 ---p 00000000 00:00 0 
7fa978000000-7fa978021000 rw-p 00000000 00:00 0 
7fa978021000-7fa97c000000 ---p 00000000 00:00 0 
7fa97c000000-7fa97c03a000 rw-p 00000000 00:00 0 
7fa97c03a000-7fa980000000 ---p 00000000 00:00 0 
7fa980000000-7fa980021000 rw-p 00000000 00:00 0 
7fa980021000-7fa984000000 ---p 00000000 00:00 0 
7fa984000000-7fa984021000 rw-p 00000000 00:00 0 
7fa984021000-7fa988000000 ---p 00000000 00:00 0 
7fa988000000-7fa988021000 rw-p 00000000 00:00 0 
7fa988021000-7fa98c000000 ---p 00000000 00:00 0 
7fa98e2c8000-7fa98e2cb000 ---p 00000000 00:00 0 
7fa98e2cb000-7fa98e3c9000 rw-p 00000000 00:00 0 
7fa98e3c9000-7fa98e3cc000 ---p 00000000 00:00 0 
7fa98e3cc000-7fa98e4ca000 rw-p 00000000 00:00 0 
7fa98e4ca000-7fa98e4cd000 ---p 00000000 00:00 0 
7fa98e4cd000-7fa98e5cb000 rw-p 00000000 00:00 0 
7fa98e5cb000-7fa98e5ce000 ---p 00000000 00:00 0 
7fa98e5ce000-7fa98e6cc000 rw-p 00000000 00:00 0 
7fa98e6cc000-7fa98e6cf000 ---p 00000000 00:00 0 
7fa98e6cf000-7fa98e7cd000 rw-p 00000000 00:00 0 
7fa98e7cd000-7fa98e7ce000 ---p 00000000 00:00 0 
7fa98e7ce000-7fa98e8ce000 rw-p 00000000 00:00 0 
7fa98e8ce000-7fa98e8d1000 ---p 00000000 00:00 0 
7fa98e8d1000-7fa98e9cf000 rw-p 00000000 00:00 0 
7fa98e9cf000-7fa98e9d2000 ---p 00000000 00:00 0 
7fa98e9d2000-7fa991000000 rw-p 00000000 00:00 0 
7fa991000000-7fa991270000 rwxp 00000000 00:00 0 
7fa991270000-7fa9941bf000 rw-p 00000000 00:00 0 
7fa9941bf000-7fa998000000 ---p 00000000 00:00 0 
7fa99806a000-7fa998071000 r--s 00000000 08:05 11799658                   /usr/lib/x86_64-linux-gnu/gconv/gconv-modules.cache
7fa998071000-7fa998085000 r--p 00000000 08:05 12718168                   /usr/share/locale-langpack/zh_CN/LC_MESSAGES/libc.mo
7fa998085000-7fa998094000 r--s 000df000 08:05 2098534                    /home/zuojj/Android/Sdk/build-tools/23.0.3/lib/dx.jar
7fa998094000-7fa998098000 r--s 00034000 08:05 11799245                   /usr/lib/jvm/java-7-openjdk-amd64/jre/lib/ext/sunjce_provider.jar
7fa998098000-7fa99809b000 ---p 00000000 00:00 0 
7fa99809b000-7fa998199000 rw-p 00000000 00:00 0 
7fa998199000-7fa99819c000 ---p 00000000 00:00 0 
7fa99819c000-7fa99829a000 rw-p 00000000 00:00 0 
7fa99829a000-7fa99897c000 r--p 00000000 08:05 11541696                   /usr/lib/locale/locale-archive
7fa99897c000-7fa99897f000 ---p 00000000 00:00 0 
7fa99897f000-7fa998a7d000 rw-p 00000000 00:00 0 
7fa998a7d000-7fa998a80000 ---p 00000000 00:00 0 
7fa998a80000-7fa998b7e000 rw-p 00000000 00:00 0 
7fa998b7e000-7fa998b7f000 ---p 00000000 00:00 0 
7fa998b7f000-7fa999c7c000 rw-p 00000000 00:00 0 
7fa999c7c000-7fa999e2e000 r--s 01d32000 08:05 11799233                   /usr/lib/jvm/java-7-openjdk-amd64/jre/lib/rt.jar
7fa999e2e000-7fa99a17a000 rw-p 00000000 00:00 0 
7fa99a17a000-7fa99a17b000 ---p 00000000 00:00 0 
7fa99a17b000-7fa99a27b000 rw-p 00000000 00:00 0 
7fa99a27b000-7fa99a27c000 ---p 00000000 00:00 0 
7fa99a27c000-7fa99a37c000 rw-p 00000000 00:00 0 
7fa99a37c000-7fa99a37d000 ---p 00000000 00:00 0 
7fa99a37d000-7fa99a47d000 rw-p 00000000 00:00 0 
7fa99a47d000-7fa99a47e000 ---p 00000000 00:00 0 
7fa99a47e000-7fa99a589000 rw-p 00000000 00:00 0 
7fa99a589000-7fa99a5d1000 rw-p 00000000 00:00 0 
7fa99a5d1000-7fa99a60c000 rw-p 00000000 00:00 0 
7fa99a60c000-7fa99a727000 rw-p 00000000 00:00 0 
7fa99a727000-7fa99a732000 rw-p 00000000 00:00 0 
7fa99a732000-7fa99a77a000 rw-p 00000000 00:00 0 
7fa99a77a000-7fa99a7b5000 rw-p 00000000 00:00 0 
7fa99a7b5000-7fa99a8cf000 rw-p 00000000 00:00 0 
7fa99a8cf000-7fa99a911000 rw-p 00000000 00:00 0 
7fa99a911000-7fa99a97a000 rw-p 00000000 00:00 0 
7fa99a97a000-7fa99a97b000 rw-p 00000000 00:00 0 
7fa99a97b000-7fa99a983000 r-xp 00000000 08:05 11799203                   /usr/lib/jvm/java-7-openjdk-amd64/jre/lib/amd64/libzip.so
7fa99a983000-7fa99ab82000 ---p 00008000 08:05 11799203                   /usr/lib/jvm/java-7-openjdk-amd64/jre/lib/amd64/libzip.so
7fa99ab82000-7fa99ab83000 r--p 00007000 08:05 11799203                   /usr/lib/jvm/java-7-openjdk-amd64/jre/lib/amd64/libzip.so
7fa99ab83000-7fa99ab84000 rw-p 00008000 08:05 11799203                   /usr/lib/jvm/java-7-openjdk-amd64/jre/lib/amd64/libzip.so
7fa99ab84000-7fa99ab8e000 r-xp 00000000 08:05 12845228                   /lib/x86_64-linux-gnu/libnss_files-2.21.so
7fa99ab8e000-7fa99ad8e000 ---p 0000a000 08:05 12845228                   /lib/x86_64-linux-gnu/libnss_files-2.21.so
7fa99ad8e000-7fa99ad8f000 r--p 0000a000 08:05 12845228                   /lib/x86_64-linux-gnu/libnss_files-2.21.so
7fa99ad8f000-7fa99ad90000 rw-p 0000b000 08:05 12845228                   /lib/x86_64-linux-gnu/libnss_files-2.21.so
7fa99ad90000-7fa99ad9b000 r-xp 00000000 08:05 12845242                   /lib/x86_64-linux-gnu/libnss_nis-2.21.so
7fa99ad9b000-7fa99af9a000 ---p 0000b000 08:05 12845242                   /lib/x86_64-linux-gnu/libnss_nis-2.21.so
7fa99af9a000-7fa99af9b000 r--p 0000a000 08:05 12845242                   /lib/x86_64-linux-gnu/libnss_nis-2.21.so
7fa99af9b000-7fa99af9c000 rw-p 0000b000 08:05 12845242                   /lib/x86_64-linux-gnu/libnss_nis-2.21.so
7fa99af9c000-7fa99afb3000 r-xp 00000000 08:05 12845245                   /lib/x86_64-linux-gnu/libnsl-2.21.so
7fa99afb3000-7fa99b1b2000 ---p 00017000 08:05 12845245                   /lib/x86_64-linux-gnu/libnsl-2.21.so
7fa99b1b2000-7fa99b1b3000 r--p 00016000 08:05 12845245                   /lib/x86_64-linux-gnu/libnsl-2.21.so
7fa99b1b3000-7fa99b1b4000 rw-p 00017000 08:05 12845245                   /lib/x86_64-linux-gnu/libnsl-2.21.so
7fa99b1b4000-7fa99b1b6000 rw-p 00000000 00:00 0 
7fa99b1b6000-7fa99b1be000 r-xp 00000000 08:05 12845230                   /lib/x86_64-linux-gnu/libnss_compat-2.21.so
7fa99b1be000-7fa99b3bd000 ---p 00008000 08:05 12845230                   /lib/x86_64-linux-gnu/libnss_compat-2.21.so
7fa99b3bd000-7fa99b3be000 r--p 00007000 08:05 12845230                   /lib/x86_64-linux-gnu/libnss_compat-2.21.so
7fa99b3be000-7fa99b3bf000 rw-p 00008000 08:05 12845230                   /lib/x86_64-linux-gnu/libnss_compat-2.21.so
7fa99b3bf000-7fa99b3eb000 r-xp 00000000 08:05 11799189                   /usr/lib/jvm/java-7-openjdk-amd64/jre/lib/amd64/libjava.so
7fa99b3eb000-7fa99b5ea000 ---p 0002c000 08:05 11799189                   /usr/lib/jvm/java-7-openjdk-amd64/jre/lib/amd64/libjava.so
7fa99b5ea000-7fa99b5eb000 r--p 0002b000 08:05 11799189                   /usr/lib/jvm/java-7-openjdk-amd64/jre/lib/amd64/libjava.so
7fa99b5eb000-7fa99b5ed000 rw-p 0002c000 08:05 11799189                   /usr/lib/jvm/java-7-openjdk-amd64/jre/lib/amd64/libjava.so
7fa99b5ed000-7fa99b5fc000 r-xp 00000000 08:05 11799190                   /usr/lib/jvm/java-7-openjdk-amd64/jre/lib/amd64/libverify.so
7fa99b5fc000-7fa99b7fb000 ---p 0000f000 08:05 11799190                   /usr/lib/jvm/java-7-openjdk-amd64/jre/lib/amd64/libverify.so
7fa99b7fb000-7fa99b7fd000 r--p 0000e000 08:05 11799190                   /usr/lib/jvm/java-7-openjdk-amd64/jre/lib/amd64/libverify.so
7fa99b7fd000-7fa99b7fe000 rw-p 00010000 08:05 11799190                   /usr/lib/jvm/java-7-openjdk-amd64/jre/lib/amd64/libverify.so
7fa99b7fe000-7fa99b805000 r-xp 00000000 08:05 12845229                   /lib/x86_64-linux-gnu/librt-2.21.so
7fa99b805000-7fa99ba04000 ---p 00007000 08:05 12845229                   /lib/x86_64-linux-gnu/librt-2.21.so
7fa99ba04000-7fa99ba05000 r--p 00006000 08:05 12845229                   /lib/x86_64-linux-gnu/librt-2.21.so
7fa99ba05000-7fa99ba06000 rw-p 00007000 08:05 12845229                   /lib/x86_64-linux-gnu/librt-2.21.so
7fa99ba06000-7fa99ba1c000 r-xp 00000000 08:05 12849246                   /lib/x86_64-linux-gnu/libgcc_s.so.1
7fa99ba1c000-7fa99bc1b000 ---p 00016000 08:05 12849246                   /lib/x86_64-linux-gnu/libgcc_s.so.1
7fa99bc1b000-7fa99bc1c000 r--p 00015000 08:05 12849246                   /lib/x86_64-linux-gnu/libgcc_s.so.1
7fa99bc1c000-7fa99bc1d000 rw-p 00016000 08:05 12849246                   /lib/x86_64-linux-gnu/libgcc_s.so.1
7fa99bc1d000-7fa99bd24000 r-xp 00000000 08:05 12845231                   /lib/x86_64-linux-gnu/libm-2.21.so
7fa99bd24000-7fa99bf23000 ---p 00107000 08:05 12845231                   /lib/x86_64-linux-gnu/libm-2.21.so
7fa99bf23000-7fa99bf24000 r--p 00106000 08:05 12845231                   /lib/x86_64-linux-gnu/libm-2.21.so
7fa99bf24000-7fa99bf25000 rw-p 00107000 08:05 12845231                   /lib/x86_64-linux-gnu/libm-2.21.so
7fa99bf25000-7fa99c098000 r-xp 00000000 08:05 11541573                   /usr/lib/x86_64-linux-gnu/libstdc++.so.6.0.21
7fa99c098000-7fa99c297000 ---p 00173000 08:05 11541573                   /usr/lib/x86_64-linux-gnu/libstdc++.so.6.0.21
7fa99c297000-7fa99c2a1000 r--p 00172000 08:05 11541573                   /usr/lib/x86_64-linux-gnu/libstdc++.so.6.0.21
7fa99c2a1000-7fa99c2a3000 rw-p 0017c000 08:05 11541573                   /usr/lib/x86_64-linux-gnu/libstdc++.so.6.0.21
7fa99c2a3000-7fa99c2a7000 rw-p 00000000 00:00 0 
7fa99c2a7000-7fa99cdfa000 r-xp 00000000 08:05 11799201                   /usr/lib/jvm/java-7-openjdk-amd64/jre/lib/amd64/server/libjvm.so
7fa99cdfa000-7fa99cff9000 ---p 00b53000 08:05 11799201                   /usr/lib/jvm/java-7-openjdk-amd64/jre/lib/amd64/server/libjvm.so
7fa99cff9000-7fa99d08a000 r--p 00b52000 08:05 11799201                   /usr/lib/jvm/java-7-openjdk-amd64/jre/lib/amd64/server/libjvm.so
7fa99d08a000-7fa99d0ad000 rw-p 00be3000 08:05 11799201                   /usr/lib/jvm/java-7-openjdk-amd64/jre/lib/amd64/server/libjvm.so
7fa99d0ad000-7fa99d0da000 rw-p 00000000 00:00 0 
7fa99d0da000-7fa99d0f3000 r-xp 00000000 08:05 12846150                   /lib/x86_64-linux-gnu/libz.so.1.2.8
7fa99d0f3000-7fa99d2f2000 ---p 00019000 08:05 12846150                   /lib/x86_64-linux-gnu/libz.so.1.2.8
7fa99d2f2000-7fa99d2f3000 r--p 00018000 08:05 12846150                   /lib/x86_64-linux-gnu/libz.so.1.2.8
7fa99d2f3000-7fa99d2f4000 rw-p 00019000 08:05 12846150                   /lib/x86_64-linux-gnu/libz.so.1.2.8
7fa99d2f4000-7fa99d30c000 r-xp 00000000 08:05 12845232                   /lib/x86_64-linux-gnu/libpthread-2.21.so
7fa99d30c000-7fa99d50c000 ---p 00018000 08:05 12845232                   /lib/x86_64-linux-gnu/libpthread-2.21.so
7fa99d50c000-7fa99d50d000 r--p 00018000 08:05 12845232                   /lib/x86_64-linux-gnu/libpthread-2.21.so
7fa99d50d000-7fa99d50e000 rw-p 00019000 08:05 12845232                   /lib/x86_64-linux-gnu/libpthread-2.21.so
7fa99d50e000-7fa99d512000 rw-p 00000000 00:00 0 
7fa99d512000-7fa99d515000 r-xp 00000000 08:05 12845235                   /lib/x86_64-linux-gnu/libdl-2.21.so
7fa99d515000-7fa99d714000 ---p 00003000 08:05 12845235                   /lib/x86_64-linux-gnu/libdl-2.21.so
7fa99d714000-7fa99d715000 r--p 00002000 08:05 12845235                   /lib/x86_64-linux-gnu/libdl-2.21.so
7fa99d715000-7fa99d716000 rw-p 00003000 08:05 12845235                   /lib/x86_64-linux-gnu/libdl-2.21.so
7fa99d716000-7fa99d8d6000 r-xp 00000000 08:05 12845248                   /lib/x86_64-linux-gnu/libc-2.21.so
7fa99d8d6000-7fa99dad6000 ---p 001c0000 08:05 12845248                   /lib/x86_64-linux-gnu/libc-2.21.so
7fa99dad6000-7fa99dada000 r--p 001c0000 08:05 12845248                   /lib/x86_64-linux-gnu/libc-2.21.so
7fa99dada000-7fa99dadc000 rw-p 001c4000 08:05 12845248                   /lib/x86_64-linux-gnu/libc-2.21.so
7fa99dadc000-7fa99dae0000 rw-p 00000000 00:00 0 
7fa99dae0000-7fa99daed000 r-xp 00000000 08:05 11799217                   /usr/lib/jvm/java-7-openjdk-amd64/jre/lib/amd64/jli/libjli.so
7fa99daed000-7fa99dcec000 ---p 0000d000 08:05 11799217                   /usr/lib/jvm/java-7-openjdk-amd64/jre/lib/amd64/jli/libjli.so
7fa99dcec000-7fa99dced000 r--p 0000c000 08:05 11799217                   /usr/lib/jvm/java-7-openjdk-amd64/jre/lib/amd64/jli/libjli.so
7fa99dced000-7fa99dcee000 rw-p 0000d000 08:05 11799217                   /usr/lib/jvm/java-7-openjdk-amd64/jre/lib/amd64/jli/libjli.so
7fa99dcee000-7fa99dd12000 r-xp 00000000 08:05 12845246                   /lib/x86_64-linux-gnu/ld-2.21.so
7fa99dd14000-7fa99dd36000 rw-p 00000000 00:00 0 
7fa99dd36000-7fa99ddec000 rw-p 00000000 00:00 0 
7fa99ddec000-7fa99ddef000 ---p 00000000 00:00 0 
7fa99ddef000-7fa99def2000 rw-p 00000000 00:00 0 
7fa99def4000-7fa99def5000 rw-p 00000000 00:00 0 
7fa99def5000-7fa99def8000 r--s 0000f000 08:05 11799246                   /usr/lib/jvm/java-7-openjdk-amd64/jre/lib/ext/icedtea-sound.jar
7fa99def8000-7fa99defc000 r--s 00085000 08:05 11799247                   /usr/lib/jvm/java-7-openjdk-amd64/jre/lib/ext/localedata.jar
7fa99defc000-7fa99df00000 r--s 0003c000 08:05 11799248                   /usr/lib/jvm/java-7-openjdk-amd64/jre/lib/ext/sunpkcs11.jar
7fa99df00000-7fa99df02000 r--s 00012000 08:05 11799244                   /usr/lib/jvm/java-7-openjdk-amd64/jre/lib/ext/zipfs.jar
7fa99df02000-7fa99df04000 r--s 00007000 08:05 12061105                   /usr/share/java/java-atk-wrapper.jar
7fa99df04000-7fa99df05000 r--s 00002000 08:05 11799243                   /usr/lib/jvm/java-7-openjdk-amd64/jre/lib/ext/dnsns.jar
7fa99df05000-7fa99df0d000 rw-s 00000000 08:05 8651246                    /tmp/hsperfdata_zuojj/17841
7fa99df0d000-7fa99df0e000 rw-p 00000000 00:00 0 
7fa99df0e000-7fa99df0f000 ---p 00000000 00:00 0 
7fa99df0f000-7fa99df11000 rw-p 00000000 00:00 0 
7fa99df11000-7fa99df12000 r--p 00023000 08:05 12845246                   /lib/x86_64-linux-gnu/ld-2.21.so
7fa99df12000-7fa99df13000 rw-p 00024000 08:05 12845246                   /lib/x86_64-linux-gnu/ld-2.21.so
7fa99df13000-7fa99df14000 rw-p 00000000 00:00 0 
7ffde1e0b000-7ffde1e2c000 rw-p 00000000 00:00 0                          [stack]
7ffde1f5d000-7ffde1f5f000 r--p 00000000 00:00 0                          [vvar]
7ffde1f5f000-7ffde1f61000 r-xp 00000000 00:00 0                          [vdso]
ffffffffff600000-ffffffffff601000 r-xp 00000000 00:00 0                  [vsyscall]

VM Arguments:
jvm_args: -Djava.awt.headless=true -Xmx1024M -Dfile.encoding=UTF-8 -Duser.country=CN -Duser.language=zh -Duser.variant 
java_command: com.android.dx.command.Main --dex --force-jumbo --num-threads=4 --output /home/zuojj/workdir/filemanager/YMfileManager/app/build/intermediates/pre-dexed/debug/main_aed7516648a8c6e5766ca97d9a2d1aa1493512ed.jar /home/zuojj/workdir/filemanager/YMfileManager/app/build/intermediates/transforms/instantRun/debug/folders/1/5/main
Launcher Type: SUN_STANDARD

Environment Variables:
JAVA_HOME=/usr/local/java/jdk1.7.0_95
JRE_HOME=/usr/local/java/jre1.7.0_95
PATH=/home/zuojj/bin:/usr/local/sbin:/usr/local/bin:/usr/sbin:/usr/bin:/sbin:/bin:/usr/games:/usr/local/games:/usr/local/java/jre1.7.0_95/bin:/usr/local/java/jdk1.7.0_95/bin
LD_LIBRARY_PATH=/opt/android-studio/bin:
SHELL=/usr/bin/zsh
DISPLAY=:0

Signal Handlers:
SIGSEGV: [libjvm.so+0x996e60], sa_mask[0]=0x7ffbfeff, sa_flags=0x10000004
SIGBUS: [libjvm.so+0x996e60], sa_mask[0]=0x7ffbfeff, sa_flags=0x10000004
SIGFPE: [libjvm.so+0x7fdc90], sa_mask[0]=0x7ffbfeff, sa_flags=0x10000004
SIGPIPE: [libjvm.so+0x7fdc90], sa_mask[0]=0x7ffbfeff, sa_flags=0x10000004
SIGXFSZ: [libjvm.so+0x7fdc90], sa_mask[0]=0x7ffbfeff, sa_flags=0x10000004
SIGILL: [libjvm.so+0x7fdc90], sa_mask[0]=0x7ffbfeff, sa_flags=0x10000004
SIGUSR1: SIG_DFL, sa_mask[0]=0x00000000, sa_flags=0x00000000
SIGUSR2: [libjvm.so+0x7fdb10], sa_mask[0]=0x00000004, sa_flags=0x10000004
SIGHUP: [libjvm.so+0x7fdca0], sa_mask[0]=0x7ffbfeff, sa_flags=0x10000004
SIGINT: [libjvm.so+0x7fdca0], sa_mask[0]=0x7ffbfeff, sa_flags=0x10000004
SIGTERM: [libjvm.so+0x7fdca0], sa_mask[0]=0x7ffbfeff, sa_flags=0x10000004
SIGQUIT: [libjvm.so+0x7fdca0], sa_mask[0]=0x7ffbfeff, sa_flags=0x10000004
SIGTRAP: SIG_DFL, sa_mask[0]=0x00000000, sa_flags=0x00000000


---------------  S Y S T E M  ---------------

OS:Ubuntu 15.10 (wily)
uname:Linux 4.2.0-36-generic #42-Ubuntu SMP Thu May 12 22:05:35 UTC 2016 x86_64
libc:glibc 2.21 NPTL 2.21 
rlimit: STACK 8192k, CORE 0k, NPROC 30593, NOFILE 65536, AS infinity
load average:10.25 3.39 2.14

/proc/meminfo:
MemTotal:        7868668 kB
MemFree:           57356 kB
MemAvailable:      82516 kB
Buffers:             588 kB
Cached:          1981308 kB
SwapCached:            0 kB
Active:          5821828 kB
Inactive:        1800700 kB
Active(anon):    5811672 kB
Inactive(anon):  1791432 kB
Active(file):      10156 kB
Inactive(file):     9268 kB
Unevictable:          32 kB
Mlocked:              32 kB
SwapTotal:             0 kB
SwapFree:              0 kB
Dirty:               284 kB
Writeback:             0 kB
AnonPages:       5640804 kB
Mapped:           620876 kB
Shmem:           1962380 kB
Slab:              81020 kB
SReclaimable:      43280 kB
SUnreclaim:        37740 kB
KernelStack:       11264 kB
PageTables:        44856 kB
NFS_Unstable:          0 kB
Bounce:                0 kB
WritebackTmp:          0 kB
CommitLimit:     3934332 kB
Committed_AS:   12576192 kB
VmallocTotal:   34359738367 kB
VmallocUsed:      365572 kB
VmallocChunk:   34358947836 kB
HardwareCorrupted:     0 kB
AnonHugePages:   3770368 kB
CmaTotal:              0 kB
CmaFree:               0 kB
HugePages_Total:       0
HugePages_Free:        0
HugePages_Rsvd:        0
HugePages_Surp:        0
Hugepagesize:       2048 kB
DirectMap4k:      133892 kB
DirectMap2M:     6895616 kB
DirectMap1G:     2097152 kB


CPU:total 4 (2 cores per cpu, 2 threads per core) family 6 model 61 stepping 4, cmov, cx8, fxsr, mmx, sse, sse2, sse3, ssse3, sse4.1, sse4.2, popcnt, avx, avx2, erms, ht, tsc, tscinvbit

/proc/cpuinfo:
processor	: 0
vendor_id	: GenuineIntel
cpu family	: 6
model		: 61
model name	: Intel(R) Core(TM) i5-5200U CPU @ 2.20GHz
stepping	: 4
microcode	: 0x21
cpu MHz		: 2424.726
cache size	: 3072 KB
physical id	: 0
siblings	: 4
core id		: 0
cpu cores	: 2
apicid		: 0
initial apicid	: 0
fpu		: yes
fpu_exception	: yes
cpuid level	: 20
wp		: yes
flags		: fpu vme de pse tsc msr pae mce cx8 apic sep mtrr pge mca cmov pat pse36 clflush dts acpi mmx fxsr sse sse2 ss ht tm pbe syscall nx pdpe1gb rdtscp lm constant_tsc arch_perfmon pebs bts rep_good nopl xtopology nonstop_tsc aperfmperf eagerfpu pni pclmulqdq dtes64 monitor ds_cpl vmx est tm2 ssse3 fma cx16 xtpr pdcm pcid sse4_1 sse4_2 x2apic movbe popcnt tsc_deadline_timer xsave avx f16c rdrand lahf_lm abm 3dnowprefetch ida arat epb pln pts dtherm intel_pt tpr_shadow vnmi flexpriority ept vpid fsgsbase tsc_adjust bmi1 avx2 smep bmi2 erms invpcid rdseed adx smap xsaveopt
bugs		:
bogomips	: 4389.61
clflush size	: 64
cache_alignment	: 64
address sizes	: 39 bits physical, 48 bits virtual
power management:

processor	: 1
vendor_id	: GenuineIntel
cpu family	: 6
model		: 61
model name	: Intel(R) Core(TM) i5-5200U CPU @ 2.20GHz
stepping	: 4
microcode	: 0x21
cpu MHz		: 2165.968
cache size	: 3072 KB
physical id	: 0
siblings	: 4
core id		: 0
cpu cores	: 2
apicid		: 1
initial apicid	: 1
fpu		: yes
fpu_exception	: yes
cpuid level	: 20
wp		: yes
flags		: fpu vme de pse tsc msr pae mce cx8 apic sep mtrr pge mca cmov pat pse36 clflush dts acpi mmx fxsr sse sse2 ss ht tm pbe syscall nx pdpe1gb rdtscp lm constant_tsc arch_perfmon pebs bts rep_good nopl xtopology nonstop_tsc aperfmperf eagerfpu pni pclmulqdq dtes64 monitor ds_cpl vmx est tm2 ssse3 fma cx16 xtpr pdcm pcid sse4_1 sse4_2 x2apic movbe popcnt tsc_deadline_timer xsave avx f16c rdrand lahf_lm abm 3dnowprefetch ida arat epb pln pts dtherm intel_pt tpr_shadow vnmi flexpriority ept vpid fsgsbase tsc_adjust bmi1 avx2 smep bmi2 erms invpcid rdseed adx smap xsaveopt
bugs		:
bogomips	: 4389.61
clflush size	: 64
cache_alignment	: 64
address sizes	: 39 bits physical, 48 bits virtual
power management:

processor	: 2
vendor_id	: GenuineIntel
cpu family	: 6
model		: 61
model name	: Intel(R) Core(TM) i5-5200U CPU @ 2.20GHz
stepping	: 4
microcode	: 0x21
cpu MHz		: 2691.562
cache size	: 3072 KB
physical id	: 0
siblings	: 4
core id		: 1
cpu cores	: 2
apicid		: 2
initial apicid	: 2
fpu		: yes
fpu_exception	: yes
cpuid level	: 20
wp		: yes
flags		: fpu vme de pse tsc msr pae mce cx8 apic sep mtrr pge mca cmov pat pse36 clflush dts acpi mmx fxsr sse sse2 ss ht tm pbe syscall nx pdpe1gb rdtscp lm constant_tsc arch_perfmon pebs bts rep_good nopl xtopology nonstop_tsc aperfmperf eagerfpu pni pclmulqdq dtes64 monitor ds_cpl vmx est tm2 ssse3 fma cx16 xtpr pdcm pcid sse4_1 sse4_2 x2apic movbe popcnt tsc_deadline_timer xsave avx f16c rdrand lahf_lm abm 3dnowprefetch ida arat epb pln pts dtherm intel_pt tpr_shadow vnmi flexpriority ept vpid fsgsbase tsc_adjust bmi1 avx2 smep bmi2 erms invpcid rdseed adx smap xsaveopt
bugs		:
bogomips	: 4389.61
clflush size	: 64
cache_alignment	: 64
address sizes	: 39 bits physical, 48 bits virtual
power management:

processor	: 3
vendor_id	: GenuineIntel
cpu family	: 6
model		: 61
model name	: Intel(R) Core(TM) i5-5200U CPU @ 2.20GHz
stepping	: 4
microcode	: 0x21
cpu MHz		: 2354.945
cache size	: 3072 KB
physical id	: 0
siblings	: 4
core id		: 1
cpu cores	: 2
apicid		: 3
initial apicid	: 3
fpu		: yes
fpu_exception	: yes
cpuid level	: 20
wp		: yes
flags		: fpu vme de pse tsc msr pae mce cx8 apic sep mtrr pge mca cmov pat pse36 clflush dts acpi mmx fxsr sse sse2 ss ht tm pbe syscall nx pdpe1gb rdtscp lm constant_tsc arch_perfmon pebs bts rep_good nopl xtopology nonstop_tsc aperfmperf eagerfpu pni pclmulqdq dtes64 monitor ds_cpl vmx est tm2 ssse3 fma cx16 xtpr pdcm pcid sse4_1 sse4_2 x2apic movbe popcnt tsc_deadline_timer xsave avx f16c rdrand lahf_lm abm 3dnowprefetch ida arat epb pln pts dtherm intel_pt tpr_shadow vnmi flexpriority ept vpid fsgsbase tsc_adjust bmi1 avx2 smep bmi2 erms invpcid rdseed adx smap xsaveopt
bugs		:
bogomips	: 4389.61
clflush size	: 64
cache_alignment	: 64
address sizes	: 39 bits physical, 48 bits virtual
power management:



Memory: 4k page, physical 7868668k(56364k free), swap 0k(0k free)

vm_info: OpenJDK 64-Bit Server VM (24.95-b01) for linux-amd64 JRE (1.7.0_101-b00), built on Apr 24 2016 20:35:58 by "buildd" with gcc 5.2.1 20151010

time: Wed Jun 15 16:19:30 2016
elapsed time: 36 seconds

