#
# There is insufficient memory for the Java Runtime Environment to continue.
# Native memory allocation (malloc) failed to allocate 83886080 bytes for committing reserved memory.
# Possible reasons:
#   The system is out of physical RAM or swap space
#   In 32 bit mode, the process size limit was hit
# Possible solutions:
#   Reduce memory load on the system
#   Increase physical memory or swap space
#   Check if swap backing store is full
#   Use 64 bit Java on a 64 bit OS
#   Decrease Java heap size (-Xmx/-Xms)
#   Decrease number of Java threads
#   Decrease Java thread stack sizes (-Xss)
#   Set larger code cache with -XX:ReservedCodeCacheSize=
# This output file may be truncated or incomplete.
#
#  Out of Memory Error (os_linux.cpp:2827), pid=18609, tid=140398737479424
#
# JRE version: OpenJDK Runtime Environment (7.0_101) (build 1.7.0_101-b00)
# Java VM: OpenJDK 64-Bit Server VM (24.95-b01 mixed mode linux-amd64 compressed oops)
# Derivative: IcedTea 2.6.6
# Distribution: Ubuntu 15.10, package 7u101-2.6.6-0ubuntu0.15.10.1
# Failed to write core dump. Core dumps have been disabled. To enable core dumping, try "ulimit -c unlimited" before starting Java again
#

---------------  T H R E A D  ---------------

Current thread (0x00007fb124076000):  VMThread [stack: 0x00007fb120cfd000,0x00007fb120dfe000] [id=18618]

Stack: [0x00007fb120cfd000,0x00007fb120dfe000],  sp=0x00007fb120dfc4f0,  free space=1021k
Native frames: (J=compiled Java code, j=interpreted, Vv=VM code, C=native code)
V  [libjvm.so+0x996303]
V  [libjvm.so+0x48b94f]
V  [libjvm.so+0x802a2b]
V  [libjvm.so+0x7fce1e]
V  [libjvm.so+0x872f2b]
V  [libjvm.so+0x874873]
V  [libjvm.so+0x870af8]
V  [libjvm.so+0x870ddc]
V  [libjvm.so+0x8263e3]
V  [libjvm.so+0x997da2]
V  [libjvm.so+0x99cae7]
V  [libjvm.so+0x99a378]
V  [libjvm.so+0x99b6ef]
V  [libjvm.so+0x99bbe1]
V  [libjvm.so+0x7ff952]

VM_Operation (0x00007fb113afafc0): ParallelGCFailedAllocation, mode: safepoint, requested by thread 0x00007fb12419d800


---------------  P R O C E S S  ---------------

Java Threads: ( => current thread )
  0x00007fb12419d800 JavaThread "pool-1-thread-4" [_thread_blocked, id=18630, stack(0x00007fb1139fc000,0x00007fb113afd000)]
  0x00007fb12419b800 JavaThread "pool-1-thread-3" [_thread_blocked, id=18629, stack(0x00007fb113afd000,0x00007fb113bfe000)]
  0x00007fb12419a800 JavaThread "pool-1-thread-2" [_thread_blocked, id=18628, stack(0x00007fb113bfe000,0x00007fb113cff000)]
  0x00007fb124199000 JavaThread "pool-2-thread-1" [_thread_blocked, id=18627, stack(0x00007fb118006000,0x00007fb118107000)]
  0x00007fb124197000 JavaThread "pool-1-thread-1" [_thread_blocked, id=18626, stack(0x00007fb118107000,0x00007fb118208000)]
  0x00007fb1240b1000 JavaThread "Service Thread" daemon [_thread_blocked, id=18624, stack(0x00007fb120015000,0x00007fb120116000)]
  0x00007fb1240ae800 JavaThread "C2 CompilerThread1" daemon [_thread_blocked, id=18623, stack(0x00007fb120116000,0x00007fb120217000)]
  0x00007fb1240ab800 JavaThread "C2 CompilerThread0" daemon [_thread_blocked, id=18622, stack(0x00007fb120217000,0x00007fb120318000)]
  0x00007fb1240a9800 JavaThread "Signal Dispatcher" daemon [_thread_blocked, id=18621, stack(0x00007fb120318000,0x00007fb120419000)]
  0x00007fb12407c800 JavaThread "Finalizer" daemon [_thread_blocked, id=18620, stack(0x00007fb120afb000,0x00007fb120bfc000)]
  0x00007fb12407a800 JavaThread "Reference Handler" daemon [_thread_blocked, id=18619, stack(0x00007fb120bfc000,0x00007fb120cfd000)]
  0x00007fb12400a800 JavaThread "main" [_thread_blocked, id=18611, stack(0x00007fb12cfdd000,0x00007fb12d0de000)]

Other Threads:
=>0x00007fb124076000 VMThread [stack: 0x00007fb120cfd000,0x00007fb120dfe000] [id=18618]
  0x00007fb1240bb800 WatcherThread [stack: 0x00007fb1199cf000,0x00007fb119ad0000] [id=18625]

VM state:at safepoint (normal execution)

VM Mutex/Monitor currently owned by a thread:  ([mutex/lock_event])
[0x00007fb124006aa0] Threads_lock - owner thread: 0x00007fb124076000
[0x00007fb124006fa0] Heap_lock - owner thread: 0x00007fb12419d800

Heap
 PSYoungGen      total 66560K, used 5106K [0x00000000eaa80000, 0x00000000ef080000, 0x0000000100000000)
  eden space 61440K, 0% used [0x00000000eaa80000,0x00000000eaa80000,0x00000000ee680000)
  from space 5120K, 99% used [0x00000000ee680000,0x00000000eeb7c968,0x00000000eeb80000)
  to   space 5120K, 0% used [0x00000000eeb80000,0x00000000eeb80000,0x00000000ef080000)
 ParOldGen       total 81920K, used 23143K [0x00000000c0000000, 0x00000000c5000000, 0x00000000eaa80000)
  object space 81920K, 28% used [0x00000000c0000000,0x00000000c1699d30,0x00000000c5000000)
 PSPermGen       total 21504K, used 6355K [0x00000000b5a00000, 0x00000000b6f00000, 0x00000000c0000000)
  object space 21504K, 29% used [0x00000000b5a00000,0x00000000b6034f80,0x00000000b6f00000)

Card table byte_map: [0x00007fb129918000,0x00007fb129b6c000] byte_map_base: 0x00007fb12936b000

Polling page: 0x00007fb12d0ff000

Code Cache  [0x00007fb121000000, 0x00007fb121270000, 0x00007fb124000000)
 total_blobs=509 nmethods=278 adapters=184 free_code_cache=47937Kb largest_free_block=49008640

Compilation events (10 events):
Event: 13.034 Thread 0x00007fb1240ae800 nmethod 281 0x00007fb121113510 code [0x00007fb1211136a0, 0x00007fb1211138f8]
Event: 13.034 Thread 0x00007fb1240ae800  282             com.android.dx.util.FixedSizeList::hashCode (8 bytes)
Event: 13.036 Thread 0x00007fb1240ae800 nmethod 282 0x00007fb121113110 code [0x00007fb121113260, 0x00007fb1211133d8]
Event: 13.036 Thread 0x00007fb1240ae800  283             java.lang.String::getChars (62 bytes)
Event: 13.051 Thread 0x00007fb1240ae800 nmethod 283 0x00007fb121112cd0 code [0x00007fb121112e20, 0x00007fb121112f98]
Event: 13.051 Thread 0x00007fb1240ae800  284             java.lang.AbstractStringBuilder::append (48 bytes)
Event: 13.089 Thread 0x00007fb1240ae800 nmethod 284 0x00007fb121095d50 code [0x00007fb121095ec0, 0x00007fb1210962d8]
Event: 13.089 Thread 0x00007fb1240ae800  285             com.android.dx.cf.iface.StdAttributeList::findFirst (44 bytes)
Event: 13.092 Thread 0x00007fb1240ae800 nmethod 285 0x00007fb1210956d0 code [0x00007fb121095840, 0x00007fb121095af8]
Event: 13.092 Thread 0x00007fb1240ae800  286             com.android.dx.ssa.SsaBasicBlock::forEachInsn (37 bytes)

GC Heap History (9 events):
Event: 2.993 GC heap before
{Heap before GC invocations=1 (full 0):
 PSYoungGen      total 35840K, used 30720K [0x00000000eaa80000, 0x00000000ed280000, 0x0000000100000000)
  eden space 30720K, 100% used [0x00000000eaa80000,0x00000000ec880000,0x00000000ec880000)
  from space 5120K, 0% used [0x00000000ecd80000,0x00000000ecd80000,0x00000000ed280000)
  to   space 5120K, 0% used [0x00000000ec880000,0x00000000ec880000,0x00000000ecd80000)
 ParOldGen       total 81920K, used 0K [0x00000000c0000000, 0x00000000c5000000, 0x00000000eaa80000)
  object space 81920K, 0% used [0x00000000c0000000,0x00000000c0000000,0x00000000c5000000)
 PSPermGen       total 21504K, used 6114K [0x00000000b5a00000, 0x00000000b6f00000, 0x00000000c0000000)
  object space 21504K, 28% used [0x00000000b5a00000,0x00000000b5ff8960,0x00000000b6f00000)
Event: 3.019 GC heap after
Heap after GC invocations=1 (full 0):
 PSYoungGen      total 35840K, used 5093K [0x00000000eaa80000, 0x00000000ed280000, 0x0000000100000000)
  eden space 30720K, 0% used [0x00000000eaa80000,0x00000000eaa80000,0x00000000ec880000)
  from space 5120K, 99% used [0x00000000ec880000,0x00000000ecd79498,0x00000000ecd80000)
  to   space 5120K, 0% used [0x00000000ecd80000,0x00000000ecd80000,0x00000000ed280000)
 ParOldGen       total 81920K, used 908K [0x00000000c0000000, 0x00000000c5000000, 0x00000000eaa80000)
  object space 81920K, 1% used [0x00000000c0000000,0x00000000c00e3180,0x00000000c5000000)
 PSPermGen       total 21504K, used 6114K [0x00000000b5a00000, 0x00000000b6f00000, 0x00000000c0000000)
  object space 21504K, 28% used [0x00000000b5a00000,0x00000000b5ff8960,0x00000000b6f00000)
}
Event: 6.029 GC heap before
{Heap before GC invocations=2 (full 0):
 PSYoungGen      total 35840K, used 35813K [0x00000000eaa80000, 0x00000000ed280000, 0x0000000100000000)
  eden space 30720K, 100% used [0x00000000eaa80000,0x00000000ec880000,0x00000000ec880000)
  from space 5120K, 99% used [0x00000000ec880000,0x00000000ecd79498,0x00000000ecd80000)
  to   space 5120K, 0% used [0x00000000ecd80000,0x00000000ecd80000,0x00000000ed280000)
 ParOldGen       total 81920K, used 908K [0x00000000c0000000, 0x00000000c5000000, 0x00000000eaa80000)
  object space 81920K, 1% used [0x00000000c0000000,0x00000000c00e3180,0x00000000c5000000)
 PSPermGen       total 21504K, used 6249K [0x00000000b5a00000, 0x00000000b6f00000, 0x00000000c0000000)
  object space 21504K, 29% used [0x00000000b5a00000,0x00000000b601a780,0x00000000b6f00000)
Event: 6.124 GC heap after
Heap after GC invocations=2 (full 0):
 PSYoungGen      total 35840K, used 5090K [0x00000000eaa80000, 0x00000000ef080000, 0x0000000100000000)
  eden space 30720K, 0% used [0x00000000eaa80000,0x00000000eaa80000,0x00000000ec880000)
  from space 5120K, 99% used [0x00000000ecd80000,0x00000000ed278ba8,0x00000000ed280000)
  to   space 5120K, 0% used [0x00000000ec880000,0x00000000ec880000,0x00000000ecd80000)
 ParOldGen       total 81920K, used 4369K [0x00000000c0000000, 0x00000000c5000000, 0x00000000eaa80000)
  object space 81920K, 5% used [0x00000000c0000000,0x00000000c0444488,0x00000000c5000000)
 PSPermGen       total 21504K, used 6249K [0x00000000b5a00000, 0x00000000b6f00000, 0x00000000c0000000)
  object space 21504K, 29% used [0x00000000b5a00000,0x00000000b601a780,0x00000000b6f00000)
}
Event: 7.881 GC heap before
{Heap before GC invocations=3 (full 0):
 PSYoungGen      total 35840K, used 35810K [0x00000000eaa80000, 0x00000000ef080000, 0x0000000100000000)
  eden space 30720K, 100% used [0x00000000eaa80000,0x00000000ec880000,0x00000000ec880000)
  from space 5120K, 99% used [0x00000000ecd80000,0x00000000ed278ba8,0x00000000ed280000)
  to   space 5120K, 0% used [0x00000000ec880000,0x00000000ec880000,0x00000000ecd80000)
 ParOldGen       total 81920K, used 4369K [0x00000000c0000000, 0x00000000c5000000, 0x00000000eaa80000)
  object space 81920K, 5% used [0x00000000c0000000,0x00000000c0444488,0x00000000c5000000)
 PSPermGen       total 21504K, used 6286K [0x00000000b5a00000, 0x00000000b6f00000, 0x00000000c0000000)
  object space 21504K, 29% used [0x00000000b5a00000,0x00000000b6023900,0x00000000b6f00000)
Event: 7.951 GC heap after
Heap after GC invocations=3 (full 0):
 PSYoungGen      total 35840K, used 5097K [0x00000000eaa80000, 0x00000000ef080000, 0x0000000100000000)
  eden space 30720K, 0% used [0x00000000eaa80000,0x00000000eaa80000,0x00000000ec880000)
  from space 5120K, 99% used [0x00000000ec880000,0x00000000ecd7a408,0x00000000ecd80000)
  to   space 5120K, 0% used [0x00000000eeb80000,0x00000000eeb80000,0x00000000ef080000)
 ParOldGen       total 81920K, used 9264K [0x00000000c0000000, 0x00000000c5000000, 0x00000000eaa80000)
  object space 81920K, 11% used [0x00000000c0000000,0x00000000c090c148,0x00000000c5000000)
 PSPermGen       total 21504K, used 6286K [0x00000000b5a00000, 0x00000000b6f00000, 0x00000000c0000000)
  object space 21504K, 29% used [0x00000000b5a00000,0x00000000b6023900,0x00000000b6f00000)
}
Event: 10.224 GC heap before
{Heap before GC invocations=4 (full 0):
 PSYoungGen      total 35840K, used 35817K [0x00000000eaa80000, 0x00000000ef080000, 0x0000000100000000)
  eden space 30720K, 100% used [0x00000000eaa80000,0x00000000ec880000,0x00000000ec880000)
  from space 5120K, 99% used [0x00000000ec880000,0x00000000ecd7a408,0x00000000ecd80000)
  to   space 5120K, 0% used [0x00000000eeb80000,0x00000000eeb80000,0x00000000ef080000)
 ParOldGen       total 81920K, used 9264K [0x00000000c0000000, 0x00000000c5000000, 0x00000000eaa80000)
  object space 81920K, 11% used [0x00000000c0000000,0x00000000c090c148,0x00000000c5000000)
 PSPermGen       total 21504K, used 6320K [0x00000000b5a00000, 0x00000000b6f00000, 0x00000000c0000000)
  object space 21504K, 29% used [0x00000000b5a00000,0x00000000b602c000,0x00000000b6f00000)
Event: 10.325 GC heap after
Heap after GC invocations=4 (full 0):
 PSYoungGen      total 66560K, used 5108K [0x00000000eaa80000, 0x00000000ef080000, 0x0000000100000000)
  eden space 61440K, 0% used [0x00000000eaa80000,0x00000000eaa80000,0x00000000ee680000)
  from space 5120K, 99% used [0x00000000eeb80000,0x00000000ef07d298,0x00000000ef080000)
  to   space 5120K, 0% used [0x00000000ee680000,0x00000000ee680000,0x00000000eeb80000)
 ParOldGen       total 81920K, used 14321K [0x00000000c0000000, 0x00000000c5000000, 0x00000000eaa80000)
  object space 81920K, 17% used [0x00000000c0000000,0x00000000c0dfc7f0,0x00000000c5000000)
 PSPermGen       total 21504K, used 6320K [0x00000000b5a00000, 0x00000000b6f00000, 0x00000000c0000000)
  object space 21504K, 29% used [0x00000000b5a00000,0x00000000b602c000,0x00000000b6f00000)
}
Event: 13.197 GC heap before
{Heap before GC invocations=5 (full 0):
 PSYoungGen      total 66560K, used 66548K [0x00000000eaa80000, 0x00000000ef080000, 0x0000000100000000)
  eden space 61440K, 100% used [0x00000000eaa80000,0x00000000ee680000,0x00000000ee680000)
  from space 5120K, 99% used [0x00000000eeb80000,0x00000000ef07d298,0x00000000ef080000)
  to   space 5120K, 0% used [0x00000000ee680000,0x00000000ee680000,0x00000000eeb80000)
 ParOldGen       total 81920K, used 14321K [0x00000000c0000000, 0x00000000c5000000, 0x00000000eaa80000)
  object space 81920K, 17% used [0x00000000c0000000,0x00000000c0dfc7f0,0x00000000c5000000)
 PSPermGen       total 21504K, used 6355K [0x00000000b5a00000, 0x00000000b6f00000, 0x00000000c0000000)
  object space 21504K, 29% used [0x00000000b5a00000,0x00000000b6034f80,0x00000000b6f00000)

Deoptimization events (10 events):
Event: 3.250 Thread 0x00007fb12419b800 Uncommon trap: reason=bimorphic action=maybe_recompile pc=0x00007fb121095914 method=com.android.dx.ssa.NormalSsaInsn.accept(Lcom/android/dx/ssa/SsaInsn$Visitor;)V @ 9
Event: 3.432 Thread 0x00007fb124197000 Uncommon trap: reason=null_check action=make_not_entrant pc=0x00007fb1210af0e8 method=com.android.dx.ssa.SsaRenamer.getLocalForNewReg(I)Lcom/android/dx/rop/code/LocalItem; @ 19
Event: 3.998 Thread 0x00007fb12400a800 Uncommon trap: reason=unstable_if action=reinterpret pc=0x00007fb12107ae04 method=com.android.dx.rop.cst.Constant.compareTo(Lcom/android/dx/rop/cst/Constant;)I @ 12
Event: 5.645 Thread 0x00007fb12400a800 Uncommon trap: reason=null_check action=make_not_entrant pc=0x00007fb1210d22c4 method=com.android.dx.rop.type.Type.putIntern(Lcom/android/dx/rop/type/Type;)Lcom/android/dx/rop/type/Type; @ 18
Event: 5.685 Thread 0x00007fb124197000 Uncommon trap: reason=null_check action=make_not_entrant pc=0x00007fb1210b49c0 method=com.android.dx.ssa.SsaRenamer.getLocalForNewReg(I)Lcom/android/dx/rop/code/LocalItem; @ 19
Event: 8.021 Thread 0x00007fb12419b800 Uncommon trap: reason=unstable_if action=reinterpret pc=0x00007fb12109fdf4 method=com.android.dx.util.IntList.binarysearch(I)I @ 105
Event: 8.699 Thread 0x00007fb124197000 Uncommon trap: reason=unstable_if action=reinterpret pc=0x00007fb12110157c method=com.android.dx.ssa.SCCP.simulateBranch(Lcom/android/dx/ssa/SsaInsn;)V @ 64
Event: 8.736 Thread 0x00007fb124197000 Uncommon trap: reason=unstable_if action=reinterpret pc=0x00007fb1210e404c method=com.android.dx.ssa.SsaMethod.updateOneDefinition(Lcom/android/dx/ssa/SsaInsn;Lcom/android/dx/rop/code/RegisterSpec;)V @ 4
Event: 10.341 Thread 0x00007fb12419d800 Uncommon trap: reason=unstable_if action=reinterpret pc=0x00007fb1210ef7b0 method=com.android.dx.ssa.Dominators.run()V @ 346
Event: 11.833 Thread 0x00007fb12419a800 Uncommon trap: reason=unstable_if action=reinterpret pc=0x00007fb1210e808c method=com.android.dx.rop.code.RegisterSpecSet.localItemToSpec(Lcom/android/dx/rop/code/LocalItem;)Lcom/android/dx/rop/code/RegisterSpec; @ 35

Internal exceptions (10 events):
Event: 2.330 Thread 0x00007fb12419a800 Implicit null exception at 0x00007fb12107ff52 to 0x00007fb12108018d
Event: 2.659 Thread 0x00007fb124197000 Threw 0x00000000ec2d98b8 at /build/openjdk-7-hZgspp/openjdk-7-7u101-2.6.6/build/openjdk/hotspot/src/share/vm/prims/jvm.cpp:1322
Event: 2.661 Thread 0x00007fb12419b800 Threw 0x00000000ec201af0 at /build/openjdk-7-hZgspp/openjdk-7-7u101-2.6.6/build/openjdk/hotspot/src/share/vm/prims/jvm.cpp:1322
Event: 3.432 Thread 0x00007fb124197000 Implicit null exception at 0x00007fb1210ad67b to 0x00007fb1210af0cd
Event: 5.644 Thread 0x00007fb12400a800 Implicit null exception at 0x00007fb1210d1bff to 0x00007fb1210d22b5
Event: 5.685 Thread 0x00007fb124197000 Implicit null exception at 0x00007fb1210b3e8c to 0x00007fb1210b499d
Event: 5.728 Thread 0x00007fb12400a800 Threw 0x00000000ec2b2a70 at /build/openjdk-7-hZgspp/openjdk-7-7u101-2.6.6/build/openjdk/hotspot/src/share/vm/prims/jvm.cpp:1322
Event: 7.706 Thread 0x00007fb12419a800 Threw 0x00000000ec50a528 at /build/openjdk-7-hZgspp/openjdk-7-7u101-2.6.6/build/openjdk/hotspot/src/share/vm/prims/jvm.cpp:1322
Event: 8.700 Thread 0x00007fb124197000 Threw 0x00000000eb951cd8 at /build/openjdk-7-hZgspp/openjdk-7-7u101-2.6.6/build/openjdk/hotspot/src/share/vm/prims/jvm.cpp:1322
Event: 13.088 Thread 0x00007fb12400a800 Threw 0x00000000ede22948 at /build/openjdk-7-hZgspp/openjdk-7-7u101-2.6.6/build/openjdk/hotspot/src/share/vm/prims/jvm.cpp:1322

Events (10 events):
Event: 10.341 Thread 0x00007fb12419d800 DEOPT PACKING pc=0x00007fb1210ef7b0 sp=0x00007fb113afb1b0
Event: 10.341 Thread 0x00007fb12419d800 DEOPT UNPACKING pc=0x00007fb121039445 sp=0x00007fb113afb1c0 mode 2
Event: 10.584 Thread 0x00007fb1240ae800 flushing nmethod 0x00007fb1210938d0
Event: 10.888 Thread 0x00007fb1240ae800 flushing nmethod 0x00007fb1210acfd0
Event: 11.832 Thread 0x00007fb12419a800 Uncommon trap: trap_request=0xffffff75 fr.pc=0x00007fb1210e808c
Event: 11.833 Thread 0x00007fb12419a800 DEOPT PACKING pc=0x00007fb1210e808c sp=0x00007fb113cfd1d0
Event: 11.833 Thread 0x00007fb12419a800 DEOPT UNPACKING pc=0x00007fb121039445 sp=0x00007fb113cfd128 mode 2
Event: 13.088 loading class 0x00007fb12412ee20
Event: 13.088 loading class 0x00007fb12412ee20 done
Event: 13.151 Executing VM operation: ParallelGCFailedAllocation


Dynamic libraries:
00400000-00401000 r-xp 00000000 08:05 11799176                           /usr/lib/jvm/java-7-openjdk-amd64/jre/bin/java
00600000-00601000 r--p 00000000 08:05 11799176                           /usr/lib/jvm/java-7-openjdk-amd64/jre/bin/java
00601000-00602000 rw-p 00001000 08:05 11799176                           /usr/lib/jvm/java-7-openjdk-amd64/jre/bin/java
01a17000-01a38000 rw-p 00000000 00:00 0                                  [heap]
b5a00000-b6f00000 rw-p 00000000 00:00 0 
b6f00000-c0000000 rw-p 00000000 00:00 0 
c0000000-c5000000 rw-p 00000000 00:00 0 
c5000000-eaa80000 rw-p 00000000 00:00 0 
eaa80000-ef080000 rw-p 00000000 00:00 0 
f4080000-100000000 rw-p 00000000 00:00 0 
7fb0d4000000-7fb0d4021000 rw-p 00000000 00:00 0 
7fb0d4021000-7fb0d8000000 ---p 00000000 00:00 0 
7fb0d8000000-7fb0d802d000 rw-p 00000000 00:00 0 
7fb0d802d000-7fb0dc000000 ---p 00000000 00:00 0 
7fb0dc000000-7fb0dc021000 rw-p 00000000 00:00 0 
7fb0dc021000-7fb0e0000000 ---p 00000000 00:00 0 
7fb0e0000000-7fb0e0021000 rw-p 00000000 00:00 0 
7fb0e0021000-7fb0e4000000 ---p 00000000 00:00 0 
7fb0e4000000-7fb0e4021000 rw-p 00000000 00:00 0 
7fb0e4021000-7fb0e8000000 ---p 00000000 00:00 0 
7fb0e8000000-7fb0e8031000 rw-p 00000000 00:00 0 
7fb0e8031000-7fb0ec000000 ---p 00000000 00:00 0 
7fb0ec000000-7fb0ed329000 rw-p 00000000 00:00 0 
7fb0ed329000-7fb0f0000000 ---p 00000000 00:00 0 
7fb0f0000000-7fb0f0021000 rw-p 00000000 00:00 0 
7fb0f0021000-7fb0f4000000 ---p 00000000 00:00 0 
7fb0f4000000-7fb0f4021000 rw-p 00000000 00:00 0 
7fb0f4021000-7fb0f8000000 ---p 00000000 00:00 0 
7fb0f8000000-7fb0f96e7000 rw-p 00000000 00:00 0 
7fb0f96e7000-7fb0fc000000 ---p 00000000 00:00 0 
7fb0fc000000-7fb0fc021000 rw-p 00000000 00:00 0 
7fb0fc021000-7fb100000000 ---p 00000000 00:00 0 
7fb100000000-7fb100021000 rw-p 00000000 00:00 0 
7fb100021000-7fb104000000 ---p 00000000 00:00 0 
7fb104000000-7fb104021000 rw-p 00000000 00:00 0 
7fb104021000-7fb108000000 ---p 00000000 00:00 0 
7fb108000000-7fb108021000 rw-p 00000000 00:00 0 
7fb108021000-7fb10c000000 ---p 00000000 00:00 0 
7fb10c000000-7fb10c021000 rw-p 00000000 00:00 0 
7fb10c021000-7fb110000000 ---p 00000000 00:00 0 
7fb1139fc000-7fb1139ff000 ---p 00000000 00:00 0 
7fb1139ff000-7fb113afd000 rw-p 00000000 00:00 0 
7fb113afd000-7fb113b00000 ---p 00000000 00:00 0 
7fb113b00000-7fb113bfe000 rw-p 00000000 00:00 0 
7fb113bfe000-7fb113c01000 ---p 00000000 00:00 0 
7fb113c01000-7fb114000000 rw-p 00000000 00:00 0 
7fb114000000-7fb114021000 rw-p 00000000 00:00 0 
7fb114021000-7fb118000000 ---p 00000000 00:00 0 
7fb118006000-7fb118009000 ---p 00000000 00:00 0 
7fb118009000-7fb118107000 rw-p 00000000 00:00 0 
7fb118107000-7fb11810a000 ---p 00000000 00:00 0 
7fb11810a000-7fb118208000 rw-p 00000000 00:00 0 
7fb118208000-7fb118274000 r-xp 00000000 08:05 12851331                   /lib/x86_64-linux-gnu/libpcre.so.3.13.1
7fb118274000-7fb118474000 ---p 0006c000 08:05 12851331                   /lib/x86_64-linux-gnu/libpcre.so.3.13.1
7fb118474000-7fb118475000 r--p 0006c000 08:05 12851331                   /lib/x86_64-linux-gnu/libpcre.so.3.13.1
7fb118475000-7fb118476000 rw-p 0006d000 08:05 12851331                   /lib/x86_64-linux-gnu/libpcre.so.3.13.1
7fb118476000-7fb11847d000 r-xp 00000000 08:05 11542088                   /usr/lib/x86_64-linux-gnu/libffi.so.6.0.4
7fb11847d000-7fb11867c000 ---p 00007000 08:05 11542088                   /usr/lib/x86_64-linux-gnu/libffi.so.6.0.4
7fb11867c000-7fb11867d000 r--p 00006000 08:05 11542088                   /usr/lib/x86_64-linux-gnu/libffi.so.6.0.4
7fb11867d000-7fb11867e000 rw-p 00007000 08:05 11542088                   /usr/lib/x86_64-linux-gnu/libffi.so.6.0.4
7fb11867e000-7fb118695000 r-xp 00000000 08:05 12845240                   /lib/x86_64-linux-gnu/libresolv-2.21.so
7fb118695000-7fb118895000 ---p 00017000 08:05 12845240                   /lib/x86_64-linux-gnu/libresolv-2.21.so
7fb118895000-7fb118896000 r--p 00017000 08:05 12845240                   /lib/x86_64-linux-gnu/libresolv-2.21.so
7fb118896000-7fb118897000 rw-p 00018000 08:05 12845240                   /lib/x86_64-linux-gnu/libresolv-2.21.so
7fb118897000-7fb118899000 rw-p 00000000 00:00 0 
7fb118899000-7fb1188ba000 r-xp 00000000 08:05 12851333                   /lib/x86_64-linux-gnu/libselinux.so.1
7fb1188ba000-7fb118ab9000 ---p 00021000 08:05 12851333                   /lib/x86_64-linux-gnu/libselinux.so.1
7fb118ab9000-7fb118aba000 r--p 00020000 08:05 12851333                   /lib/x86_64-linux-gnu/libselinux.so.1
7fb118aba000-7fb118abb000 rw-p 00021000 08:05 12851333                   /lib/x86_64-linux-gnu/libselinux.so.1
7fb118abb000-7fb118abd000 rw-p 00000000 00:00 0 
7fb118abd000-7fb118ac0000 r-xp 00000000 08:05 11534990                   /usr/lib/x86_64-linux-gnu/libgmodule-2.0.so.0.4600.2
7fb118ac0000-7fb118cbf000 ---p 00003000 08:05 11534990                   /usr/lib/x86_64-linux-gnu/libgmodule-2.0.so.0.4600.2
7fb118cbf000-7fb118cc0000 r--p 00002000 08:05 11534990                   /usr/lib/x86_64-linux-gnu/libgmodule-2.0.so.0.4600.2
7fb118cc0000-7fb118cc1000 rw-p 00003000 08:05 11534990                   /usr/lib/x86_64-linux-gnu/libgmodule-2.0.so.0.4600.2
7fb118cc1000-7fb118dce000 r-xp 00000000 08:05 12845862                   /lib/x86_64-linux-gnu/libglib-2.0.so.0.4600.2
7fb118dce000-7fb118fcd000 ---p 0010d000 08:05 12845862                   /lib/x86_64-linux-gnu/libglib-2.0.so.0.4600.2
7fb118fcd000-7fb118fce000 r--p 0010c000 08:05 12845862                   /lib/x86_64-linux-gnu/libglib-2.0.so.0.4600.2
7fb118fce000-7fb118fcf000 rw-p 0010d000 08:05 12845862                   /lib/x86_64-linux-gnu/libglib-2.0.so.0.4600.2
7fb118fcf000-7fb118fd0000 rw-p 00000000 00:00 0 
7fb118fd0000-7fb119022000 r-xp 00000000 08:05 11534989                   /usr/lib/x86_64-linux-gnu/libgobject-2.0.so.0.4600.2
7fb119022000-7fb119221000 ---p 00052000 08:05 11534989                   /usr/lib/x86_64-linux-gnu/libgobject-2.0.so.0.4600.2
7fb119221000-7fb119222000 r--p 00051000 08:05 11534989                   /usr/lib/x86_64-linux-gnu/libgobject-2.0.so.0.4600.2
7fb119222000-7fb119223000 rw-p 00052000 08:05 11534989                   /usr/lib/x86_64-linux-gnu/libgobject-2.0.so.0.4600.2
7fb119223000-7fb11939d000 r-xp 00000000 08:05 11534988                   /usr/lib/x86_64-linux-gnu/libgio-2.0.so.0.4600.2
7fb11939d000-7fb11959c000 ---p 0017a000 08:05 11534988                   /usr/lib/x86_64-linux-gnu/libgio-2.0.so.0.4600.2
7fb11959c000-7fb1195a0000 r--p 00179000 08:05 11534988                   /usr/lib/x86_64-linux-gnu/libgio-2.0.so.0.4600.2
7fb1195a0000-7fb1195a2000 rw-p 0017d000 08:05 11534988                   /usr/lib/x86_64-linux-gnu/libgio-2.0.so.0.4600.2
7fb1195a2000-7fb1195a4000 rw-p 00000000 00:00 0 
7fb1195a4000-7fb1195bb000 r-xp 00000000 08:05 11799198                   /usr/lib/jvm/java-7-openjdk-amd64/jre/lib/amd64/libnet.so
7fb1195bb000-7fb1197bb000 ---p 00017000 08:05 11799198                   /usr/lib/jvm/java-7-openjdk-amd64/jre/lib/amd64/libnet.so
7fb1197bb000-7fb1197bc000 r--p 00017000 08:05 11799198                   /usr/lib/jvm/java-7-openjdk-amd64/jre/lib/amd64/libnet.so
7fb1197bc000-7fb1197bd000 rw-p 00018000 08:05 11799198                   /usr/lib/jvm/java-7-openjdk-amd64/jre/lib/amd64/libnet.so
7fb1197bd000-7fb1197ce000 r-xp 00000000 08:05 11799220                   /usr/lib/jvm/java-7-openjdk-amd64/jre/lib/amd64/libnio.so
7fb1197ce000-7fb1199cd000 ---p 00011000 08:05 11799220                   /usr/lib/jvm/java-7-openjdk-amd64/jre/lib/amd64/libnio.so
7fb1199cd000-7fb1199ce000 r--p 00010000 08:05 11799220                   /usr/lib/jvm/java-7-openjdk-amd64/jre/lib/amd64/libnio.so
7fb1199ce000-7fb1199cf000 rw-p 00011000 08:05 11799220                   /usr/lib/jvm/java-7-openjdk-amd64/jre/lib/amd64/libnio.so
7fb1199cf000-7fb1199d0000 ---p 00000000 00:00 0 
7fb1199d0000-7fb11c000000 rw-p 00000000 00:00 0 
7fb11c000000-7fb11c021000 rw-p 00000000 00:00 0 
7fb11c021000-7fb120000000 ---p 00000000 00:00 0 
7fb120015000-7fb120018000 ---p 00000000 00:00 0 
7fb120018000-7fb120116000 rw-p 00000000 00:00 0 
7fb120116000-7fb120119000 ---p 00000000 00:00 0 
7fb120119000-7fb120217000 rw-p 00000000 00:00 0 
7fb120217000-7fb12021a000 ---p 00000000 00:00 0 
7fb12021a000-7fb120318000 rw-p 00000000 00:00 0 
7fb120318000-7fb12031b000 ---p 00000000 00:00 0 
7fb12031b000-7fb120419000 rw-p 00000000 00:00 0 
7fb120419000-7fb120afb000 r--p 00000000 08:05 11541696                   /usr/lib/locale/locale-archive
7fb120afb000-7fb120afe000 ---p 00000000 00:00 0 
7fb120afe000-7fb120bfc000 rw-p 00000000 00:00 0 
7fb120bfc000-7fb120bff000 ---p 00000000 00:00 0 
7fb120bff000-7fb120cfd000 rw-p 00000000 00:00 0 
7fb120cfd000-7fb120cfe000 ---p 00000000 00:00 0 
7fb120cfe000-7fb121000000 rw-p 00000000 00:00 0 
7fb121000000-7fb121270000 rwxp 00000000 00:00 0 
7fb121270000-7fb1241e6000 rw-p 00000000 00:00 0 
7fb1241e6000-7fb128000000 ---p 00000000 00:00 0 
7fb12803a000-7fb128041000 r--s 00000000 08:05 11799658                   /usr/lib/x86_64-linux-gnu/gconv/gconv-modules.cache
7fb128041000-7fb128055000 r--p 00000000 08:05 12718168                   /usr/share/locale-langpack/zh_CN/LC_MESSAGES/libc.mo
7fb128055000-7fb12805f000 r--s 0008b000 08:05 4194371                    /home/zuojj/workdir/filemanager/YMfileManager/app/build/intermediates/exploded-aar/com.android.support/appcompat-v7/23.3.0/jars/classes.jar
7fb12805f000-7fb12806e000 r--s 000df000 08:05 2098534                    /home/zuojj/Android/Sdk/build-tools/23.0.3/lib/dx.jar
7fb12806e000-7fb128072000 r--s 00034000 08:05 11799245                   /usr/lib/jvm/java-7-openjdk-amd64/jre/lib/ext/sunjce_provider.jar
7fb128072000-7fb128e6d000 rw-p 00000000 00:00 0 
7fb128e6d000-7fb12901f000 r--s 01d32000 08:05 11799233                   /usr/lib/jvm/java-7-openjdk-amd64/jre/lib/rt.jar
7fb12901f000-7fb12936b000 rw-p 00000000 00:00 0 
7fb12936b000-7fb12936c000 ---p 00000000 00:00 0 
7fb12936c000-7fb12946c000 rw-p 00000000 00:00 0 
7fb12946c000-7fb12946d000 ---p 00000000 00:00 0 
7fb12946d000-7fb12956d000 rw-p 00000000 00:00 0 
7fb12956d000-7fb12956e000 ---p 00000000 00:00 0 
7fb12956e000-7fb12966e000 rw-p 00000000 00:00 0 
7fb12966e000-7fb12966f000 ---p 00000000 00:00 0 
7fb12966f000-7fb12977a000 rw-p 00000000 00:00 0 
7fb12977a000-7fb1297c2000 rw-p 00000000 00:00 0 
7fb1297c2000-7fb1297ea000 rw-p 00000000 00:00 0 
7fb1297ea000-7fb129918000 rw-p 00000000 00:00 0 
7fb129918000-7fb129923000 rw-p 00000000 00:00 0 
7fb129923000-7fb12996b000 rw-p 00000000 00:00 0 
7fb12996b000-7fb129993000 rw-p 00000000 00:00 0 
7fb129993000-7fb129ac0000 rw-p 00000000 00:00 0 
7fb129ac0000-7fb129ae4000 rw-p 00000000 00:00 0 
7fb129ae4000-7fb129b6b000 rw-p 00000000 00:00 0 
7fb129b6b000-7fb129b6c000 rw-p 00000000 00:00 0 
7fb129b6c000-7fb129b74000 r-xp 00000000 08:05 11799203                   /usr/lib/jvm/java-7-openjdk-amd64/jre/lib/amd64/libzip.so
7fb129b74000-7fb129d73000 ---p 00008000 08:05 11799203                   /usr/lib/jvm/java-7-openjdk-amd64/jre/lib/amd64/libzip.so
7fb129d73000-7fb129d74000 r--p 00007000 08:05 11799203                   /usr/lib/jvm/java-7-openjdk-amd64/jre/lib/amd64/libzip.so
7fb129d74000-7fb129d75000 rw-p 00008000 08:05 11799203                   /usr/lib/jvm/java-7-openjdk-amd64/jre/lib/amd64/libzip.so
7fb129d75000-7fb129d7f000 r-xp 00000000 08:05 12845228                   /lib/x86_64-linux-gnu/libnss_files-2.21.so
7fb129d7f000-7fb129f7f000 ---p 0000a000 08:05 12845228                   /lib/x86_64-linux-gnu/libnss_files-2.21.so
7fb129f7f000-7fb129f80000 r--p 0000a000 08:05 12845228                   /lib/x86_64-linux-gnu/libnss_files-2.21.so
7fb129f80000-7fb129f81000 rw-p 0000b000 08:05 12845228                   /lib/x86_64-linux-gnu/libnss_files-2.21.so
7fb129f81000-7fb129f8c000 r-xp 00000000 08:05 12845242                   /lib/x86_64-linux-gnu/libnss_nis-2.21.so
7fb129f8c000-7fb12a18b000 ---p 0000b000 08:05 12845242                   /lib/x86_64-linux-gnu/libnss_nis-2.21.so
7fb12a18b000-7fb12a18c000 r--p 0000a000 08:05 12845242                   /lib/x86_64-linux-gnu/libnss_nis-2.21.so
7fb12a18c000-7fb12a18d000 rw-p 0000b000 08:05 12845242                   /lib/x86_64-linux-gnu/libnss_nis-2.21.so
7fb12a18d000-7fb12a1a4000 r-xp 00000000 08:05 12845245                   /lib/x86_64-linux-gnu/libnsl-2.21.so
7fb12a1a4000-7fb12a3a3000 ---p 00017000 08:05 12845245                   /lib/x86_64-linux-gnu/libnsl-2.21.so
7fb12a3a3000-7fb12a3a4000 r--p 00016000 08:05 12845245                   /lib/x86_64-linux-gnu/libnsl-2.21.so
7fb12a3a4000-7fb12a3a5000 rw-p 00017000 08:05 12845245                   /lib/x86_64-linux-gnu/libnsl-2.21.so
7fb12a3a5000-7fb12a3a7000 rw-p 00000000 00:00 0 
7fb12a3a7000-7fb12a3af000 r-xp 00000000 08:05 12845230                   /lib/x86_64-linux-gnu/libnss_compat-2.21.so
7fb12a3af000-7fb12a5ae000 ---p 00008000 08:05 12845230                   /lib/x86_64-linux-gnu/libnss_compat-2.21.so
7fb12a5ae000-7fb12a5af000 r--p 00007000 08:05 12845230                   /lib/x86_64-linux-gnu/libnss_compat-2.21.so
7fb12a5af000-7fb12a5b0000 rw-p 00008000 08:05 12845230                   /lib/x86_64-linux-gnu/libnss_compat-2.21.so
7fb12a5b0000-7fb12a5dc000 r-xp 00000000 08:05 11799189                   /usr/lib/jvm/java-7-openjdk-amd64/jre/lib/amd64/libjava.so
7fb12a5dc000-7fb12a7db000 ---p 0002c000 08:05 11799189                   /usr/lib/jvm/java-7-openjdk-amd64/jre/lib/amd64/libjava.so
7fb12a7db000-7fb12a7dc000 r--p 0002b000 08:05 11799189                   /usr/lib/jvm/java-7-openjdk-amd64/jre/lib/amd64/libjava.so
7fb12a7dc000-7fb12a7de000 rw-p 0002c000 08:05 11799189                   /usr/lib/jvm/java-7-openjdk-amd64/jre/lib/amd64/libjava.so
7fb12a7de000-7fb12a7ed000 r-xp 00000000 08:05 11799190                   /usr/lib/jvm/java-7-openjdk-amd64/jre/lib/amd64/libverify.so
7fb12a7ed000-7fb12a9ec000 ---p 0000f000 08:05 11799190                   /usr/lib/jvm/java-7-openjdk-amd64/jre/lib/amd64/libverify.so
7fb12a9ec000-7fb12a9ee000 r--p 0000e000 08:05 11799190                   /usr/lib/jvm/java-7-openjdk-amd64/jre/lib/amd64/libverify.so
7fb12a9ee000-7fb12a9ef000 rw-p 00010000 08:05 11799190                   /usr/lib/jvm/java-7-openjdk-amd64/jre/lib/amd64/libverify.so
7fb12a9ef000-7fb12a9f6000 r-xp 00000000 08:05 12845229                   /lib/x86_64-linux-gnu/librt-2.21.so
7fb12a9f6000-7fb12abf5000 ---p 00007000 08:05 12845229                   /lib/x86_64-linux-gnu/librt-2.21.so
7fb12abf5000-7fb12abf6000 r--p 00006000 08:05 12845229                   /lib/x86_64-linux-gnu/librt-2.21.so
7fb12abf6000-7fb12abf7000 rw-p 00007000 08:05 12845229                   /lib/x86_64-linux-gnu/librt-2.21.so
7fb12abf7000-7fb12ac0d000 r-xp 00000000 08:05 12849246                   /lib/x86_64-linux-gnu/libgcc_s.so.1
7fb12ac0d000-7fb12ae0c000 ---p 00016000 08:05 12849246                   /lib/x86_64-linux-gnu/libgcc_s.so.1
7fb12ae0c000-7fb12ae0d000 r--p 00015000 08:05 12849246                   /lib/x86_64-linux-gnu/libgcc_s.so.1
7fb12ae0d000-7fb12ae0e000 rw-p 00016000 08:05 12849246                   /lib/x86_64-linux-gnu/libgcc_s.so.1
7fb12ae0e000-7fb12af15000 r-xp 00000000 08:05 12845231                   /lib/x86_64-linux-gnu/libm-2.21.so
7fb12af15000-7fb12b114000 ---p 00107000 08:05 12845231                   /lib/x86_64-linux-gnu/libm-2.21.so
7fb12b114000-7fb12b115000 r--p 00106000 08:05 12845231                   /lib/x86_64-linux-gnu/libm-2.21.so
7fb12b115000-7fb12b116000 rw-p 00107000 08:05 12845231                   /lib/x86_64-linux-gnu/libm-2.21.so
7fb12b116000-7fb12b289000 r-xp 00000000 08:05 11541573                   /usr/lib/x86_64-linux-gnu/libstdc++.so.6.0.21
7fb12b289000-7fb12b488000 ---p 00173000 08:05 11541573                   /usr/lib/x86_64-linux-gnu/libstdc++.so.6.0.21
7fb12b488000-7fb12b492000 r--p 00172000 08:05 11541573                   /usr/lib/x86_64-linux-gnu/libstdc++.so.6.0.21
7fb12b492000-7fb12b494000 rw-p 0017c000 08:05 11541573                   /usr/lib/x86_64-linux-gnu/libstdc++.so.6.0.21
7fb12b494000-7fb12b498000 rw-p 00000000 00:00 0 
7fb12b498000-7fb12bfeb000 r-xp 00000000 08:05 11799201                   /usr/lib/jvm/java-7-openjdk-amd64/jre/lib/amd64/server/libjvm.so
7fb12bfeb000-7fb12c1ea000 ---p 00b53000 08:05 11799201                   /usr/lib/jvm/java-7-openjdk-amd64/jre/lib/amd64/server/libjvm.so
7fb12c1ea000-7fb12c27b000 r--p 00b52000 08:05 11799201                   /usr/lib/jvm/java-7-openjdk-amd64/jre/lib/amd64/server/libjvm.so
7fb12c27b000-7fb12c29e000 rw-p 00be3000 08:05 11799201                   /usr/lib/jvm/java-7-openjdk-amd64/jre/lib/amd64/server/libjvm.so
7fb12c29e000-7fb12c2cb000 rw-p 00000000 00:00 0 
7fb12c2cb000-7fb12c2e4000 r-xp 00000000 08:05 12846150                   /lib/x86_64-linux-gnu/libz.so.1.2.8
7fb12c2e4000-7fb12c4e3000 ---p 00019000 08:05 12846150                   /lib/x86_64-linux-gnu/libz.so.1.2.8
7fb12c4e3000-7fb12c4e4000 r--p 00018000 08:05 12846150                   /lib/x86_64-linux-gnu/libz.so.1.2.8
7fb12c4e4000-7fb12c4e5000 rw-p 00019000 08:05 12846150                   /lib/x86_64-linux-gnu/libz.so.1.2.8
7fb12c4e5000-7fb12c4fd000 r-xp 00000000 08:05 12845232                   /lib/x86_64-linux-gnu/libpthread-2.21.so
7fb12c4fd000-7fb12c6fd000 ---p 00018000 08:05 12845232                   /lib/x86_64-linux-gnu/libpthread-2.21.so
7fb12c6fd000-7fb12c6fe000 r--p 00018000 08:05 12845232                   /lib/x86_64-linux-gnu/libpthread-2.21.so
7fb12c6fe000-7fb12c6ff000 rw-p 00019000 08:05 12845232                   /lib/x86_64-linux-gnu/libpthread-2.21.so
7fb12c6ff000-7fb12c703000 rw-p 00000000 00:00 0 
7fb12c703000-7fb12c706000 r-xp 00000000 08:05 12845235                   /lib/x86_64-linux-gnu/libdl-2.21.so
7fb12c706000-7fb12c905000 ---p 00003000 08:05 12845235                   /lib/x86_64-linux-gnu/libdl-2.21.so
7fb12c905000-7fb12c906000 r--p 00002000 08:05 12845235                   /lib/x86_64-linux-gnu/libdl-2.21.so
7fb12c906000-7fb12c907000 rw-p 00003000 08:05 12845235                   /lib/x86_64-linux-gnu/libdl-2.21.so
7fb12c907000-7fb12cac7000 r-xp 00000000 08:05 12845248                   /lib/x86_64-linux-gnu/libc-2.21.so
7fb12cac7000-7fb12ccc7000 ---p 001c0000 08:05 12845248                   /lib/x86_64-linux-gnu/libc-2.21.so
7fb12ccc7000-7fb12cccb000 r--p 001c0000 08:05 12845248                   /lib/x86_64-linux-gnu/libc-2.21.so
7fb12cccb000-7fb12cccd000 rw-p 001c4000 08:05 12845248                   /lib/x86_64-linux-gnu/libc-2.21.so
7fb12cccd000-7fb12ccd1000 rw-p 00000000 00:00 0 
7fb12ccd1000-7fb12ccde000 r-xp 00000000 08:05 11799217                   /usr/lib/jvm/java-7-openjdk-amd64/jre/lib/amd64/jli/libjli.so
7fb12ccde000-7fb12cedd000 ---p 0000d000 08:05 11799217                   /usr/lib/jvm/java-7-openjdk-amd64/jre/lib/amd64/jli/libjli.so
7fb12cedd000-7fb12cede000 r--p 0000c000 08:05 11799217                   /usr/lib/jvm/java-7-openjdk-amd64/jre/lib/amd64/jli/libjli.so
7fb12cede000-7fb12cedf000 rw-p 0000d000 08:05 11799217                   /usr/lib/jvm/java-7-openjdk-amd64/jre/lib/amd64/jli/libjli.so
7fb12cedf000-7fb12cf03000 r-xp 00000000 08:05 12845246                   /lib/x86_64-linux-gnu/ld-2.21.so
7fb12cf05000-7fb12cf27000 rw-p 00000000 00:00 0 
7fb12cf27000-7fb12cfdd000 rw-p 00000000 00:00 0 
7fb12cfdd000-7fb12cfe0000 ---p 00000000 00:00 0 
7fb12cfe0000-7fb12d0e3000 rw-p 00000000 00:00 0 
7fb12d0e5000-7fb12d0e6000 rw-p 00000000 00:00 0 
7fb12d0e6000-7fb12d0e9000 r--s 0000f000 08:05 11799246                   /usr/lib/jvm/java-7-openjdk-amd64/jre/lib/ext/icedtea-sound.jar
7fb12d0e9000-7fb12d0ed000 r--s 00085000 08:05 11799247                   /usr/lib/jvm/java-7-openjdk-amd64/jre/lib/ext/localedata.jar
7fb12d0ed000-7fb12d0f1000 r--s 0003c000 08:05 11799248                   /usr/lib/jvm/java-7-openjdk-amd64/jre/lib/ext/sunpkcs11.jar
7fb12d0f1000-7fb12d0f3000 r--s 00012000 08:05 11799244                   /usr/lib/jvm/java-7-openjdk-amd64/jre/lib/ext/zipfs.jar
7fb12d0f3000-7fb12d0f5000 r--s 00007000 08:05 12061105                   /usr/share/java/java-atk-wrapper.jar
7fb12d0f5000-7fb12d0f6000 r--s 00002000 08:05 11799243                   /usr/lib/jvm/java-7-openjdk-amd64/jre/lib/ext/dnsns.jar
7fb12d0f6000-7fb12d0fe000 rw-s 00000000 08:05 8651256                    /tmp/hsperfdata_zuojj/18609
7fb12d0fe000-7fb12d0ff000 rw-p 00000000 00:00 0 
7fb12d0ff000-7fb12d100000 ---p 00000000 00:00 0 
7fb12d100000-7fb12d102000 rw-p 00000000 00:00 0 
7fb12d102000-7fb12d103000 r--p 00023000 08:05 12845246                   /lib/x86_64-linux-gnu/ld-2.21.so
7fb12d103000-7fb12d104000 rw-p 00024000 08:05 12845246                   /lib/x86_64-linux-gnu/ld-2.21.so
7fb12d104000-7fb12d105000 rw-p 00000000 00:00 0 
7ffd55a26000-7ffd55a47000 rw-p 00000000 00:00 0                          [stack]
7ffd55b47000-7ffd55b49000 r--p 00000000 00:00 0                          [vvar]
7ffd55b49000-7ffd55b4b000 r-xp 00000000 00:00 0                          [vdso]
ffffffffff600000-ffffffffff601000 r-xp 00000000 00:00 0                  [vsyscall]

VM Arguments:
jvm_args: -Djava.awt.headless=true -Xmx1024M -Dfile.encoding=UTF-8 -Duser.country=CN -Duser.language=zh -Duser.variant 
java_command: com.android.dx.command.Main --dex --force-jumbo --num-threads=4 --output /home/zuojj/workdir/filemanager/YMfileManager/app/build/intermediates/pre-dexed/debug/com.android.support-appcompat-v7-23.3.0_4e91a91fcd17048636de6eca2f93fb9b948b03af.jar /home/zuojj/workdir/filemanager/YMfileManager/app/build/intermediates/exploded-aar/com.android.support/appcompat-v7/23.3.0/jars/classes.jar
Launcher Type: SUN_STANDARD

Environment Variables:
JAVA_HOME=/usr/local/java/jdk1.7.0_95
JRE_HOME=/usr/local/java/jre1.7.0_95
PATH=/home/zuojj/bin:/usr/local/sbin:/usr/local/bin:/usr/sbin:/usr/bin:/sbin:/bin:/usr/games:/usr/local/games:/usr/local/java/jre1.7.0_95/bin:/usr/local/java/jdk1.7.0_95/bin
LD_LIBRARY_PATH=/opt/android-studio/bin:
SHELL=/usr/bin/zsh
DISPLAY=:0

Signal Handlers:
SIGSEGV: [libjvm.so+0x996e60], sa_mask[0]=0x7ffbfeff, sa_flags=0x10000004
SIGBUS: [libjvm.so+0x996e60], sa_mask[0]=0x7ffbfeff, sa_flags=0x10000004
SIGFPE: [libjvm.so+0x7fdc90], sa_mask[0]=0x7ffbfeff, sa_flags=0x10000004
SIGPIPE: [libjvm.so+0x7fdc90], sa_mask[0]=0x7ffbfeff, sa_flags=0x10000004
SIGXFSZ: [libjvm.so+0x7fdc90], sa_mask[0]=0x7ffbfeff, sa_flags=0x10000004
SIGILL: [libjvm.so+0x7fdc90], sa_mask[0]=0x7ffbfeff, sa_flags=0x10000004
SIGUSR1: SIG_DFL, sa_mask[0]=0x00000000, sa_flags=0x00000000
SIGUSR2: [libjvm.so+0x7fdb10], sa_mask[0]=0x00000004, sa_flags=0x10000004
SIGHUP: [libjvm.so+0x7fdca0], sa_mask[0]=0x7ffbfeff, sa_flags=0x10000004
SIGINT: [libjvm.so+0x7fdca0], sa_mask[0]=0x7ffbfeff, sa_flags=0x10000004
SIGTERM: [libjvm.so+0x7fdca0], sa_mask[0]=0x7ffbfeff, sa_flags=0x10000004
SIGQUIT: [libjvm.so+0x7fdca0], sa_mask[0]=0x7ffbfeff, sa_flags=0x10000004
SIGTRAP: SIG_DFL, sa_mask[0]=0x00000000, sa_flags=0x00000000


---------------  S Y S T E M  ---------------

OS:Ubuntu 15.10 (wily)
uname:Linux 4.2.0-36-generic #42-Ubuntu SMP Thu May 12 22:05:35 UTC 2016 x86_64
libc:glibc 2.21 NPTL 2.21 
rlimit: STACK 8192k, CORE 0k, NPROC 30593, NOFILE 65536, AS infinity
load average:14.00 5.36 2.68

/proc/meminfo:
MemTotal:        7868668 kB
MemFree:           51628 kB
MemAvailable:      78728 kB
Buffers:             628 kB
Cached:          1884172 kB
SwapCached:            0 kB
Active:          5955180 kB
Inactive:        1675396 kB
Active(anon):    5944904 kB
Inactive(anon):  1659212 kB
Active(file):      10276 kB
Inactive(file):    16184 kB
Unevictable:          32 kB
Mlocked:              32 kB
SwapTotal:             0 kB
SwapFree:              0 kB
Dirty:               280 kB
Writeback:             0 kB
AnonPages:       5745900 kB
Mapped:           593604 kB
Shmem:           1858248 kB
Slab:              79508 kB
SReclaimable:      41700 kB
SUnreclaim:        37808 kB
KernelStack:       11184 kB
PageTables:        44904 kB
NFS_Unstable:          0 kB
Bounce:                0 kB
WritebackTmp:          0 kB
CommitLimit:     3934332 kB
Committed_AS:   12487436 kB
VmallocTotal:   34359738367 kB
VmallocUsed:      365572 kB
VmallocChunk:   34358947836 kB
HardwareCorrupted:     0 kB
AnonHugePages:   4163584 kB
CmaTotal:              0 kB
CmaFree:               0 kB
HugePages_Total:       0
HugePages_Free:        0
HugePages_Rsvd:        0
HugePages_Surp:        0
Hugepagesize:       2048 kB
DirectMap4k:      113412 kB
DirectMap2M:     4818944 kB
DirectMap1G:     4194304 kB


CPU:total 4 (2 cores per cpu, 2 threads per core) family 6 model 61 stepping 4, cmov, cx8, fxsr, mmx, sse, sse2, sse3, ssse3, sse4.1, sse4.2, popcnt, avx, avx2, erms, ht, tsc, tscinvbit

/proc/cpuinfo:
processor	: 0
vendor_id	: GenuineIntel
cpu family	: 6
model		: 61
model name	: Intel(R) Core(TM) i5-5200U CPU @ 2.20GHz
stepping	: 4
microcode	: 0x21
cpu MHz		: 2497.687
cache size	: 3072 KB
physical id	: 0
siblings	: 4
core id		: 0
cpu cores	: 2
apicid		: 0
initial apicid	: 0
fpu		: yes
fpu_exception	: yes
cpuid level	: 20
wp		: yes
flags		: fpu vme de pse tsc msr pae mce cx8 apic sep mtrr pge mca cmov pat pse36 clflush dts acpi mmx fxsr sse sse2 ss ht tm pbe syscall nx pdpe1gb rdtscp lm constant_tsc arch_perfmon pebs bts rep_good nopl xtopology nonstop_tsc aperfmperf eagerfpu pni pclmulqdq dtes64 monitor ds_cpl vmx est tm2 ssse3 fma cx16 xtpr pdcm pcid sse4_1 sse4_2 x2apic movbe popcnt tsc_deadline_timer xsave avx f16c rdrand lahf_lm abm 3dnowprefetch ida arat epb pln pts dtherm intel_pt tpr_shadow vnmi flexpriority ept vpid fsgsbase tsc_adjust bmi1 avx2 smep bmi2 erms invpcid rdseed adx smap xsaveopt
bugs		:
bogomips	: 4390.23
clflush size	: 64
cache_alignment	: 64
address sizes	: 39 bits physical, 48 bits virtual
power management:

processor	: 1
vendor_id	: GenuineIntel
cpu family	: 6
model		: 61
model name	: Intel(R) Core(TM) i5-5200U CPU @ 2.20GHz
stepping	: 4
microcode	: 0x21
cpu MHz		: 2499.921
cache size	: 3072 KB
physical id	: 0
siblings	: 4
core id		: 0
cpu cores	: 2
apicid		: 1
initial apicid	: 1
fpu		: yes
fpu_exception	: yes
cpuid level	: 20
wp		: yes
flags		: fpu vme de pse tsc msr pae mce cx8 apic sep mtrr pge mca cmov pat pse36 clflush dts acpi mmx fxsr sse sse2 ss ht tm pbe syscall nx pdpe1gb rdtscp lm constant_tsc arch_perfmon pebs bts rep_good nopl xtopology nonstop_tsc aperfmperf eagerfpu pni pclmulqdq dtes64 monitor ds_cpl vmx est tm2 ssse3 fma cx16 xtpr pdcm pcid sse4_1 sse4_2 x2apic movbe popcnt tsc_deadline_timer xsave avx f16c rdrand lahf_lm abm 3dnowprefetch ida arat epb pln pts dtherm intel_pt tpr_shadow vnmi flexpriority ept vpid fsgsbase tsc_adjust bmi1 avx2 smep bmi2 erms invpcid rdseed adx smap xsaveopt
bugs		:
bogomips	: 4390.23
clflush size	: 64
cache_alignment	: 64
address sizes	: 39 bits physical, 48 bits virtual
power management:

processor	: 2
vendor_id	: GenuineIntel
cpu family	: 6
model		: 61
model name	: Intel(R) Core(TM) i5-5200U CPU @ 2.20GHz
stepping	: 4
microcode	: 0x21
cpu MHz		: 2372.390
cache size	: 3072 KB
physical id	: 0
siblings	: 4
core id		: 1
cpu cores	: 2
apicid		: 2
initial apicid	: 2
fpu		: yes
fpu_exception	: yes
cpuid level	: 20
wp		: yes
flags		: fpu vme de pse tsc msr pae mce cx8 apic sep mtrr pge mca cmov pat pse36 clflush dts acpi mmx fxsr sse sse2 ss ht tm pbe syscall nx pdpe1gb rdtscp lm constant_tsc arch_perfmon pebs bts rep_good nopl xtopology nonstop_tsc aperfmperf eagerfpu pni pclmulqdq dtes64 monitor ds_cpl vmx est tm2 ssse3 fma cx16 xtpr pdcm pcid sse4_1 sse4_2 x2apic movbe popcnt tsc_deadline_timer xsave avx f16c rdrand lahf_lm abm 3dnowprefetch ida arat epb pln pts dtherm intel_pt tpr_shadow vnmi flexpriority ept vpid fsgsbase tsc_adjust bmi1 avx2 smep bmi2 erms invpcid rdseed adx smap xsaveopt
bugs		:
bogomips	: 4390.23
clflush size	: 64
cache_alignment	: 64
address sizes	: 39 bits physical, 48 bits virtual
power management:

processor	: 3
vendor_id	: GenuineIntel
cpu family	: 6
model		: 61
model name	: Intel(R) Core(TM) i5-5200U CPU @ 2.20GHz
stepping	: 4
microcode	: 0x21
cpu MHz		: 2499.921
cache size	: 3072 KB
physical id	: 0
siblings	: 4
core id		: 1
cpu cores	: 2
apicid		: 3
initial apicid	: 3
fpu		: yes
fpu_exception	: yes
cpuid level	: 20
wp		: yes
flags		: fpu vme de pse tsc msr pae mce cx8 apic sep mtrr pge mca cmov pat pse36 clflush dts acpi mmx fxsr sse sse2 ss ht tm pbe syscall nx pdpe1gb rdtscp lm constant_tsc arch_perfmon pebs bts rep_good nopl xtopology nonstop_tsc aperfmperf eagerfpu pni pclmulqdq dtes64 monitor ds_cpl vmx est tm2 ssse3 fma cx16 xtpr pdcm pcid sse4_1 sse4_2 x2apic movbe popcnt tsc_deadline_timer xsave avx f16c rdrand lahf_lm abm 3dnowprefetch ida arat epb pln pts dtherm intel_pt tpr_shadow vnmi flexpriority ept vpid fsgsbase tsc_adjust bmi1 avx2 smep bmi2 erms invpcid rdseed adx smap xsaveopt
bugs		:
bogomips	: 4390.23
clflush size	: 64
cache_alignment	: 64
address sizes	: 39 bits physical, 48 bits virtual
power management:



Memory: 4k page, physical 7868668k(51628k free), swap 0k(0k free)

vm_info: OpenJDK 64-Bit Server VM (24.95-b01) for linux-amd64 JRE (1.7.0_101-b00), built on Apr 24 2016 20:35:58 by "buildd" with gcc 5.2.1 20151010

time: Fri Jun 17 18:23:19 2016
elapsed time: 36 seconds

