#
# There is insufficient memory for the Java Runtime Environment to continue.
# Native memory allocation (malloc) failed to allocate 146800640 bytes for committing reserved memory.
# Possible reasons:
#   The system is out of physical RAM or swap space
#   In 32 bit mode, the process size limit was hit
# Possible solutions:
#   Reduce memory load on the system
#   Increase physical memory or swap space
#   Check if swap backing store is full
#   Use 64 bit Java on a 64 bit OS
#   Decrease Java heap size (-Xmx/-Xms)
#   Decrease number of Java threads
#   Decrease Java thread stack sizes (-Xss)
#   Set larger code cache with -XX:ReservedCodeCacheSize=
# This output file may be truncated or incomplete.
#
#  Out of Memory Error (os_linux.cpp:2827), pid=18560, tid=140141093918464
#
# JRE version: OpenJDK Runtime Environment (7.0_101) (build 1.7.0_101-b00)
# Java VM: OpenJDK 64-Bit Server VM (24.95-b01 mixed mode linux-amd64 compressed oops)
# Derivative: IcedTea 2.6.6
# Distribution: Ubuntu 15.10, package 7u101-2.6.6-0ubuntu0.15.10.1
# Failed to write core dump. Core dumps have been disabled. To enable core dumping, try "ulimit -c unlimited" before starting Java again
#

---------------  T H R E A D  ---------------

Current thread (0x00007f7528076000):  VMThread [stack: 0x00007f75240f1000,0x00007f75241f2000] [id=18571]

Stack: [0x00007f75240f1000,0x00007f75241f2000],  sp=0x00007f75241f04f0,  free space=1021k
Native frames: (J=compiled Java code, j=interpreted, Vv=VM code, C=native code)
V  [libjvm.so+0x996303]
V  [libjvm.so+0x48b94f]
V  [libjvm.so+0x802a2b]
V  [libjvm.so+0x7fce1e]
V  [libjvm.so+0x872f2b]
V  [libjvm.so+0x874873]
V  [libjvm.so+0x870af8]
V  [libjvm.so+0x870ddc]
V  [libjvm.so+0x8263e3]
V  [libjvm.so+0x997da2]
V  [libjvm.so+0x99cae7]
V  [libjvm.so+0x99a378]
V  [libjvm.so+0x99b6ef]
V  [libjvm.so+0x99bbe1]
V  [libjvm.so+0x7ff952]

VM_Operation (0x00007f751c9e2050): ParallelGCFailedAllocation, mode: safepoint, requested by thread 0x00007f752819b000


---------------  P R O C E S S  ---------------

Java Threads: ( => current thread )
  0x00007f752819c800 JavaThread "pool-1-thread-4" [_thread_blocked, id=18591, stack(0x00007f751c7e2000,0x00007f751c8e3000)]
  0x00007f752819b000 JavaThread "pool-1-thread-3" [_thread_blocked, id=18589, stack(0x00007f751c8e3000,0x00007f751c9e4000)]
  0x00007f7528198000 JavaThread "pool-1-thread-2" [_thread_blocked, id=18588, stack(0x00007f751c9e4000,0x00007f751cae5000)]
  0x00007f7528196800 JavaThread "pool-2-thread-1" [_thread_blocked, id=18584, stack(0x00007f751cae5000,0x00007f751cbe6000)]
  0x00007f7528194800 JavaThread "pool-1-thread-1" [_thread_blocked, id=18582, stack(0x00007f751cbe6000,0x00007f751cce7000)]
  0x00007f75280b1000 JavaThread "Service Thread" daemon [_thread_blocked, id=18577, stack(0x00007f751cde8000,0x00007f751cee9000)]
  0x00007f75280ae800 JavaThread "C2 CompilerThread1" daemon [_thread_blocked, id=18576, stack(0x00007f751cee9000,0x00007f751cfea000)]
  0x00007f75280ab800 JavaThread "C2 CompilerThread0" daemon [_thread_blocked, id=18575, stack(0x00007f751cfea000,0x00007f751d0eb000)]
  0x00007f75280a9800 JavaThread "Signal Dispatcher" daemon [_thread_blocked, id=18574, stack(0x00007f751d0eb000,0x00007f751d1ec000)]
  0x00007f752807c800 JavaThread "Finalizer" daemon [_thread_blocked, id=18573, stack(0x00007f751d8ce000,0x00007f751d9cf000)]
  0x00007f752807a800 JavaThread "Reference Handler" daemon [_thread_blocked, id=18572, stack(0x00007f751d9cf000,0x00007f751dad0000)]
  0x00007f752800a800 JavaThread "main" [_thread_blocked, id=18562, stack(0x00007f7530399000,0x00007f753049a000)]

Other Threads:
=>0x00007f7528076000 VMThread [stack: 0x00007f75240f1000,0x00007f75241f2000] [id=18571]
  0x00007f75280bb800 WatcherThread [stack: 0x00007f751cce7000,0x00007f751cde8000] [id=18578]

VM state:at safepoint (normal execution)

VM Mutex/Monitor currently owned by a thread:  ([mutex/lock_event])
[0x00007f7528006a20] Threads_lock - owner thread: 0x00007f7528076000
[0x00007f7528006f20] Heap_lock - owner thread: 0x00007f752819b000

Heap
 PSYoungGen      total 144384K, used 23024K [0x00000000eaa80000, 0x00000000f4f80000, 0x0000000100000000)
  eden space 121344K, 0% used [0x00000000eaa80000,0x00000000eaa80000,0x00000000f2100000)
  from space 23040K, 99% used [0x00000000f2100000,0x00000000f377c080,0x00000000f3780000)
  to   space 21504K, 0% used [0x00000000f3780000,0x00000000f3780000,0x00000000f4c80000)
 ParOldGen       total 81920K, used 55174K [0x00000000c0000000, 0x00000000c5000000, 0x00000000eaa80000)
  object space 81920K, 67% used [0x00000000c0000000,0x00000000c35e1960,0x00000000c5000000)
 PSPermGen       total 21504K, used 5919K [0x00000000b5a00000, 0x00000000b6f00000, 0x00000000c0000000)
  object space 21504K, 27% used [0x00000000b5a00000,0x00000000b5fc7c88,0x00000000b6f00000)

Card table byte_map: [0x00007f752ccd4000,0x00007f752cf28000] byte_map_base: 0x00007f752c727000

Polling page: 0x00007f75304bb000

Code Cache  [0x00007f7525000000, 0x00007f7525270000, 0x00007f7528000000)
 total_blobs=646 nmethods=433 adapters=166 free_code_cache=47295Kb largest_free_block=48383296

Compilation events (10 events):
Event: 21.048 Thread 0x00007f75280ab800 nmethod 455 0x00007f75251d2e10 code [0x00007f75251d3080, 0x00007f75251d3b10]
Event: 21.048 Thread 0x00007f75280ab800  461             com.android.dx.ssa.SsaBasicBlock::isExitBlock (20 bytes)
Event: 21.049 Thread 0x00007f75280ab800 nmethod 461 0x00007f75251a8210 code [0x00007f75251a8360, 0x00007f75251a83d8]
Event: 21.049 Thread 0x00007f75280ab800  462             com.android.dx.ssa.SsaConverter::needsNewSuccessor (53 bytes)
Event: 21.068 Thread 0x00007f75280ab800 nmethod 462 0x00007f75251d0dd0 code [0x00007f75251d0f40, 0x00007f75251d1158]
Event: 21.068 Thread 0x00007f75280ab800  463             com.android.dx.rop.cst.CstBaseMethodRef::compareTo0 (29 bytes)
Event: 21.127 Thread 0x00007f75280ab800 nmethod 463 0x00007f75251a8ad0 code [0x00007f75251a8ca0, 0x00007f75251a95d8]
Event: 21.127 Thread 0x00007f75280ab800  464             com.android.dx.dex.cf.CfTranslator::translate0 (259 bytes)
Event: 21.185 Thread 0x00007f75280ae800 nmethod 460 0x00007f75251d9290 code [0x00007f75251d9520, 0x00007f75251da648]
Event: 21.185 Thread 0x00007f75280ae800  465             com.android.dx.ssa.SsaConverter::edgeSplitPredecessors (44 bytes)

GC Heap History (10 events):
Event: 5.016 GC heap after
Heap after GC invocations=2 (full 0):
 PSYoungGen      total 35840K, used 5112K [0x00000000eaa80000, 0x00000000ef080000, 0x0000000100000000)
  eden space 30720K, 0% used [0x00000000eaa80000,0x00000000eaa80000,0x00000000ec880000)
  from space 5120K, 99% used [0x00000000ecd80000,0x00000000ed27e1c8,0x00000000ed280000)
  to   space 5120K, 0% used [0x00000000ec880000,0x00000000ec880000,0x00000000ecd80000)
 ParOldGen       total 81920K, used 7124K [0x00000000c0000000, 0x00000000c5000000, 0x00000000eaa80000)
  object space 81920K, 8% used [0x00000000c0000000,0x00000000c06f5020,0x00000000c5000000)
 PSPermGen       total 21504K, used 5790K [0x00000000b5a00000, 0x00000000b6f00000, 0x00000000c0000000)
  object space 21504K, 26% used [0x00000000b5a00000,0x00000000b5fa7878,0x00000000b6f00000)
}
Event: 6.551 GC heap before
{Heap before GC invocations=3 (full 0):
 PSYoungGen      total 35840K, used 35832K [0x00000000eaa80000, 0x00000000ef080000, 0x0000000100000000)
  eden space 30720K, 100% used [0x00000000eaa80000,0x00000000ec880000,0x00000000ec880000)
  from space 5120K, 99% used [0x00000000ecd80000,0x00000000ed27e1c8,0x00000000ed280000)
  to   space 5120K, 0% used [0x00000000ec880000,0x00000000ec880000,0x00000000ecd80000)
 ParOldGen       total 81920K, used 7124K [0x00000000c0000000, 0x00000000c5000000, 0x00000000eaa80000)
  object space 81920K, 8% used [0x00000000c0000000,0x00000000c06f5020,0x00000000c5000000)
 PSPermGen       total 21504K, used 5831K [0x00000000b5a00000, 0x00000000b6f00000, 0x00000000c0000000)
  object space 21504K, 27% used [0x00000000b5a00000,0x00000000b5fb1d00,0x00000000b6f00000)
Event: 6.651 GC heap after
Heap after GC invocations=3 (full 0):
 PSYoungGen      total 35840K, used 5111K [0x00000000eaa80000, 0x00000000ef080000, 0x0000000100000000)
  eden space 30720K, 0% used [0x00000000eaa80000,0x00000000eaa80000,0x00000000ec880000)
  from space 5120K, 99% used [0x00000000ec880000,0x00000000ecd7dfd0,0x00000000ecd80000)
  to   space 5120K, 0% used [0x00000000eeb80000,0x00000000eeb80000,0x00000000ef080000)
 ParOldGen       total 81920K, used 16837K [0x00000000c0000000, 0x00000000c5000000, 0x00000000eaa80000)
  object space 81920K, 20% used [0x00000000c0000000,0x00000000c1071708,0x00000000c5000000)
 PSPermGen       total 21504K, used 5831K [0x00000000b5a00000, 0x00000000b6f00000, 0x00000000c0000000)
  object space 21504K, 27% used [0x00000000b5a00000,0x00000000b5fb1d00,0x00000000b6f00000)
}
Event: 8.053 GC heap before
{Heap before GC invocations=4 (full 0):
 PSYoungGen      total 35840K, used 35831K [0x00000000eaa80000, 0x00000000ef080000, 0x0000000100000000)
  eden space 30720K, 100% used [0x00000000eaa80000,0x00000000ec880000,0x00000000ec880000)
  from space 5120K, 99% used [0x00000000ec880000,0x00000000ecd7dfd0,0x00000000ecd80000)
  to   space 5120K, 0% used [0x00000000eeb80000,0x00000000eeb80000,0x00000000ef080000)
 ParOldGen       total 81920K, used 16837K [0x00000000c0000000, 0x00000000c5000000, 0x00000000eaa80000)
  object space 81920K, 20% used [0x00000000c0000000,0x00000000c1071708,0x00000000c5000000)
 PSPermGen       total 21504K, used 5848K [0x00000000b5a00000, 0x00000000b6f00000, 0x00000000c0000000)
  object space 21504K, 27% used [0x00000000b5a00000,0x00000000b5fb63e0,0x00000000b6f00000)
Event: 8.139 GC heap after
Heap after GC invocations=4 (full 0):
 PSYoungGen      total 66560K, used 5109K [0x00000000eaa80000, 0x00000000ef080000, 0x0000000100000000)
  eden space 61440K, 0% used [0x00000000eaa80000,0x00000000eaa80000,0x00000000ee680000)
  from space 5120K, 99% used [0x00000000eeb80000,0x00000000ef07d4d8,0x00000000ef080000)
  to   space 5120K, 0% used [0x00000000ee680000,0x00000000ee680000,0x00000000eeb80000)
 ParOldGen       total 81920K, used 24508K [0x00000000c0000000, 0x00000000c5000000, 0x00000000eaa80000)
  object space 81920K, 29% used [0x00000000c0000000,0x00000000c17ef1a0,0x00000000c5000000)
 PSPermGen       total 21504K, used 5848K [0x00000000b5a00000, 0x00000000b6f00000, 0x00000000c0000000)
  object space 21504K, 27% used [0x00000000b5a00000,0x00000000b5fb63e0,0x00000000b6f00000)
}
Event: 13.012 GC heap before
{Heap before GC invocations=5 (full 0):
 PSYoungGen      total 66560K, used 66549K [0x00000000eaa80000, 0x00000000ef080000, 0x0000000100000000)
  eden space 61440K, 100% used [0x00000000eaa80000,0x00000000ee680000,0x00000000ee680000)
  from space 5120K, 99% used [0x00000000eeb80000,0x00000000ef07d4d8,0x00000000ef080000)
  to   space 5120K, 0% used [0x00000000ee680000,0x00000000ee680000,0x00000000eeb80000)
 ParOldGen       total 81920K, used 24508K [0x00000000c0000000, 0x00000000c5000000, 0x00000000eaa80000)
  object space 81920K, 29% used [0x00000000c0000000,0x00000000c17ef1a0,0x00000000c5000000)
 PSPermGen       total 21504K, used 5881K [0x00000000b5a00000, 0x00000000b6f00000, 0x00000000c0000000)
  object space 21504K, 27% used [0x00000000b5a00000,0x00000000b5fbe4c8,0x00000000b6f00000)
Event: 13.151 GC heap after
Heap after GC invocations=5 (full 0):
 PSYoungGen      total 66560K, used 5105K [0x00000000eaa80000, 0x00000000f4c80000, 0x0000000100000000)
  eden space 61440K, 0% used [0x00000000eaa80000,0x00000000eaa80000,0x00000000ee680000)
  from space 5120K, 99% used [0x00000000ee680000,0x00000000eeb7c638,0x00000000eeb80000)
  to   space 21504K, 0% used [0x00000000f3780000,0x00000000f3780000,0x00000000f4c80000)
 ParOldGen       total 81920K, used 37984K [0x00000000c0000000, 0x00000000c5000000, 0x00000000eaa80000)
  object space 81920K, 46% used [0x00000000c0000000,0x00000000c2518330,0x00000000c5000000)
 PSPermGen       total 21504K, used 5881K [0x00000000b5a00000, 0x00000000b6f00000, 0x00000000c0000000)
  object space 21504K, 27% used [0x00000000b5a00000,0x00000000b5fbe4c8,0x00000000b6f00000)
}
Event: 16.745 GC heap before
{Heap before GC invocations=6 (full 0):
 PSYoungGen      total 66560K, used 66545K [0x00000000eaa80000, 0x00000000f4c80000, 0x0000000100000000)
  eden space 61440K, 100% used [0x00000000eaa80000,0x00000000ee680000,0x00000000ee680000)
  from space 5120K, 99% used [0x00000000ee680000,0x00000000eeb7c638,0x00000000eeb80000)
  to   space 21504K, 0% used [0x00000000f3780000,0x00000000f3780000,0x00000000f4c80000)
 ParOldGen       total 81920K, used 37984K [0x00000000c0000000, 0x00000000c5000000, 0x00000000eaa80000)
  object space 81920K, 46% used [0x00000000c0000000,0x00000000c2518330,0x00000000c5000000)
 PSPermGen       total 21504K, used 5905K [0x00000000b5a00000, 0x00000000b6f00000, 0x00000000c0000000)
  object space 21504K, 27% used [0x00000000b5a00000,0x00000000b5fc4440,0x00000000b6f00000)
Event: 16.943 GC heap after
Heap after GC invocations=6 (full 0):
 PSYoungGen      total 142848K, used 17776K [0x00000000eaa80000, 0x00000000f4f80000, 0x0000000100000000)
  eden space 121344K, 0% used [0x00000000eaa80000,0x00000000eaa80000,0x00000000f2100000)
  from space 21504K, 82% used [0x00000000f3780000,0x00000000f48dc2c8,0x00000000f4c80000)
  to   space 23040K, 0% used [0x00000000f2100000,0x00000000f2100000,0x00000000f3780000)
 ParOldGen       total 81920K, used 37984K [0x00000000c0000000, 0x00000000c5000000, 0x00000000eaa80000)
  object space 81920K, 46% used [0x00000000c0000000,0x00000000c2518330,0x00000000c5000000)
 PSPermGen       total 21504K, used 5905K [0x00000000b5a00000, 0x00000000b6f00000, 0x00000000c0000000)
  object space 21504K, 27% used [0x00000000b5a00000,0x00000000b5fc4440,0x00000000b6f00000)
}
Event: 21.231 GC heap before
{Heap before GC invocations=7 (full 0):
 PSYoungGen      total 142848K, used 139120K [0x00000000eaa80000, 0x00000000f4f80000, 0x0000000100000000)
  eden space 121344K, 100% used [0x00000000eaa80000,0x00000000f2100000,0x00000000f2100000)
  from space 21504K, 82% used [0x00000000f3780000,0x00000000f48dc2c8,0x00000000f4c80000)
  to   space 23040K, 0% used [0x00000000f2100000,0x00000000f2100000,0x00000000f3780000)
 ParOldGen       total 81920K, used 37984K [0x00000000c0000000, 0x00000000c5000000, 0x00000000eaa80000)
  object space 81920K, 46% used [0x00000000c0000000,0x00000000c2518330,0x00000000c5000000)
 PSPermGen       total 21504K, used 5919K [0x00000000b5a00000, 0x00000000b6f00000, 0x00000000c0000000)
  object space 21504K, 27% used [0x00000000b5a00000,0x00000000b5fc7c88,0x00000000b6f00000)

Deoptimization events (10 events):
Event: 18.246 Thread 0x00007f7528194800 Uncommon trap: reason=class_check action=maybe_recompile pc=0x00007f75250a1d3c method=java.util.HashMap.put(Ljava/lang/Object;Ljava/lang/Object;)Ljava/lang/Object; @ 83
Event: 18.303 Thread 0x00007f752800a800 Uncommon trap: reason=bimorphic action=maybe_recompile pc=0x00007f752512d780 method=com.android.dx.cf.code.BytecodeArray.parseInstruction(ILcom/android/dx/cf/code/BytecodeArray$Visitor;)I @ 2281
Event: 18.303 Thread 0x00007f752800a800 Uncommon trap: reason=bimorphic action=maybe_recompile pc=0x00007f752512d780 method=com.android.dx.cf.code.BytecodeArray.parseInstruction(ILcom/android/dx/cf/code/BytecodeArray$Visitor;)I @ 2281
Event: 18.539 Thread 0x00007f752800a800 Uncommon trap: reason=class_check action=maybe_recompile pc=0x00007f75251416f8 method=com.android.dx.ssa.SCCP.simulatePhi(Lcom/android/dx/ssa/PhiInsn;)V @ 124
Event: 18.540 Thread 0x00007f752800a800 Uncommon trap: reason=class_check action=maybe_recompile pc=0x00007f75250a1d3c method=java.util.HashMap.put(Ljava/lang/Object;Ljava/lang/Object;)Ljava/lang/Object; @ 83
Event: 18.540 Thread 0x00007f752800a800 Uncommon trap: reason=class_check action=maybe_recompile pc=0x00007f75250a1d3c method=java.util.HashMap.put(Ljava/lang/Object;Ljava/lang/Object;)Ljava/lang/Object; @ 83
Event: 19.246 Thread 0x00007f7528194800 Uncommon trap: reason=bimorphic action=maybe_recompile pc=0x00007f752512d780 method=com.android.dx.cf.code.BytecodeArray.parseInstruction(ILcom/android/dx/cf/code/BytecodeArray$Visitor;)I @ 2281
Event: 19.246 Thread 0x00007f7528194800 Uncommon trap: reason=bimorphic action=maybe_recompile pc=0x00007f752512d780 method=com.android.dx.cf.code.BytecodeArray.parseInstruction(ILcom/android/dx/cf/code/BytecodeArray$Visitor;)I @ 2281
Event: 20.596 Thread 0x00007f7528194800 Uncommon trap: reason=unstable_if action=reinterpret pc=0x00007f75251b7184 method=java.util.BitSet.ensureCapacity(I)V @ 6
Event: 21.167 Thread 0x00007f7528198000 Uncommon trap: reason=unstable_if action=reinterpret pc=0x00007f752514a0c8 method=com.android.dx.dex.code.RopTranslator.pickOrder()V @ 143

Internal exceptions (10 events):
Event: 3.530 Thread 0x00007f7528198000 Threw 0x00000000eb5b4d10 at /build/openjdk-7-hZgspp/openjdk-7-7u101-2.6.6/build/openjdk/hotspot/src/share/vm/prims/jvm.cpp:1322
Event: 3.904 Thread 0x00007f752819c800 Threw 0x00000000eb927918 at /build/openjdk-7-hZgspp/openjdk-7-7u101-2.6.6/build/openjdk/hotspot/src/share/vm/prims/jvm.cpp:1322
Event: 5.258 Thread 0x00007f752819c800 Implicit null exception at 0x00007f75250c4816 to 0x00007f75250c6c51
Event: 5.481 Thread 0x00007f752819b000 Threw 0x00000000eb5e4798 at /build/openjdk-7-hZgspp/openjdk-7-7u101-2.6.6/build/openjdk/hotspot/src/share/vm/prims/jvm.cpp:1322
Event: 5.582 Thread 0x00007f752819b000 Threw 0x00000000eb87af58 at /build/openjdk-7-hZgspp/openjdk-7-7u101-2.6.6/build/openjdk/hotspot/src/share/vm/prims/jvm.cpp:1322
Event: 8.996 Thread 0x00007f752819c800 Threw 0x00000000ebb16790 at /build/openjdk-7-hZgspp/openjdk-7-7u101-2.6.6/build/openjdk/hotspot/src/share/vm/prims/jvm.cpp:1322
Event: 9.050 Thread 0x00007f752819c800 Threw 0x00000000ebb47a38 at /build/openjdk-7-hZgspp/openjdk-7-7u101-2.6.6/build/openjdk/hotspot/src/share/vm/prims/jvm.cpp:1322
Event: 9.055 Thread 0x00007f752819c800 Threw 0x00000000ebb60d58 at /build/openjdk-7-hZgspp/openjdk-7-7u101-2.6.6/build/openjdk/hotspot/src/share/vm/prims/jvm.cpp:1322
Event: 15.970 Thread 0x00007f752800a800 Implicit null exception at 0x00007f75250af87f to 0x00007f75250aff35
Event: 18.151 Thread 0x00007f752800a800 Implicit null exception at 0x00007f75250be1a1 to 0x00007f75250bfc95

Events (10 events):
Event: 19.246 Thread 0x00007f7528194800 DEOPT UNPACKING pc=0x00007f7525039445 sp=0x00007f751cce5060 mode 2
Event: 19.590 Thread 0x00007f75280ae800 flushing nmethod 0x00007f75250cd110
Event: 20.592 Thread 0x00007f75280ae800 flushing nmethod 0x00007f75250af010
Event: 20.596 Thread 0x00007f7528194800 Uncommon trap: trap_request=0xffffff75 fr.pc=0x00007f75251b7184
Event: 20.596 Thread 0x00007f7528194800 DEOPT PACKING pc=0x00007f75251b7184 sp=0x00007f751cce51f0
Event: 20.596 Thread 0x00007f7528194800 DEOPT UNPACKING pc=0x00007f7525039445 sp=0x00007f751cce5010 mode 2
Event: 21.167 Thread 0x00007f7528198000 Uncommon trap: trap_request=0xffffff75 fr.pc=0x00007f752514a0c8
Event: 21.167 Thread 0x00007f7528198000 DEOPT PACKING pc=0x00007f752514a0c8 sp=0x00007f751cae3370
Event: 21.167 Thread 0x00007f7528198000 DEOPT UNPACKING pc=0x00007f7525039445 sp=0x00007f751cae32f8 mode 2
Event: 21.204 Executing VM operation: ParallelGCFailedAllocation


Dynamic libraries:
00400000-00401000 r-xp 00000000 08:05 11799176                           /usr/lib/jvm/java-7-openjdk-amd64/jre/bin/java
00600000-00601000 r--p 00000000 08:05 11799176                           /usr/lib/jvm/java-7-openjdk-amd64/jre/bin/java
00601000-00602000 rw-p 00001000 08:05 11799176                           /usr/lib/jvm/java-7-openjdk-amd64/jre/bin/java
00876000-00897000 rw-p 00000000 00:00 0                                  [heap]
b5a00000-b6f00000 rw-p 00000000 00:00 0 
b6f00000-c0000000 rw-p 00000000 00:00 0 
c0000000-c5000000 rw-p 00000000 00:00 0 
c5000000-eaa80000 rw-p 00000000 00:00 0 
eaa80000-f4f80000 rw-p 00000000 00:00 0 
fdb80000-100000000 rw-p 00000000 00:00 0 
7f74d8000000-7f74d8021000 rw-p 00000000 00:00 0 
7f74d8021000-7f74dc000000 ---p 00000000 00:00 0 
7f74dc000000-7f74dc043000 rw-p 00000000 00:00 0 
7f74dc043000-7f74e0000000 ---p 00000000 00:00 0 
7f74e0000000-7f74e0021000 rw-p 00000000 00:00 0 
7f74e0021000-7f74e4000000 ---p 00000000 00:00 0 
7f74e4000000-7f74e4021000 rw-p 00000000 00:00 0 
7f74e4021000-7f74e8000000 ---p 00000000 00:00 0 
7f74e8000000-7f74e8021000 rw-p 00000000 00:00 0 
7f74e8021000-7f74ec000000 ---p 00000000 00:00 0 
7f74ec000000-7f74ec03a000 rw-p 00000000 00:00 0 
7f74ec03a000-7f74f0000000 ---p 00000000 00:00 0 
7f74f0000000-7f74f13a3000 rw-p 00000000 00:00 0 
7f74f13a3000-7f74f4000000 ---p 00000000 00:00 0 
7f74f4000000-7f74f4021000 rw-p 00000000 00:00 0 
7f74f4021000-7f74f8000000 ---p 00000000 00:00 0 
7f74f8000000-7f74f8021000 rw-p 00000000 00:00 0 
7f74f8021000-7f74fc000000 ---p 00000000 00:00 0 
7f74fc000000-7f74fe15c000 rw-p 00000000 00:00 0 
7f74fe15c000-7f7500000000 ---p 00000000 00:00 0 
7f7500000000-7f7500021000 rw-p 00000000 00:00 0 
7f7500021000-7f7504000000 ---p 00000000 00:00 0 
7f7504000000-7f7504021000 rw-p 00000000 00:00 0 
7f7504021000-7f7508000000 ---p 00000000 00:00 0 
7f7508000000-7f7508021000 rw-p 00000000 00:00 0 
7f7508021000-7f750c000000 ---p 00000000 00:00 0 
7f750c000000-7f750c021000 rw-p 00000000 00:00 0 
7f750c021000-7f7510000000 ---p 00000000 00:00 0 
7f7510000000-7f7510021000 rw-p 00000000 00:00 0 
7f7510021000-7f7514000000 ---p 00000000 00:00 0 
7f7518000000-7f7518021000 rw-p 00000000 00:00 0 
7f7518021000-7f751c000000 ---p 00000000 00:00 0 
7f751c7e2000-7f751c7e5000 ---p 00000000 00:00 0 
7f751c7e5000-7f751c8e3000 rw-p 00000000 00:00 0 
7f751c8e3000-7f751c8e6000 ---p 00000000 00:00 0 
7f751c8e6000-7f751c9e4000 rw-p 00000000 00:00 0 
7f751c9e4000-7f751c9e7000 ---p 00000000 00:00 0 
7f751c9e7000-7f751cae5000 rw-p 00000000 00:00 0 
7f751cae5000-7f751cae8000 ---p 00000000 00:00 0 
7f751cae8000-7f751cbe6000 rw-p 00000000 00:00 0 
7f751cbe6000-7f751cbe9000 ---p 00000000 00:00 0 
7f751cbe9000-7f751cce7000 rw-p 00000000 00:00 0 
7f751cce7000-7f751cce8000 ---p 00000000 00:00 0 
7f751cce8000-7f751cde8000 rw-p 00000000 00:00 0 
7f751cde8000-7f751cdeb000 ---p 00000000 00:00 0 
7f751cdeb000-7f751cee9000 rw-p 00000000 00:00 0 
7f751cee9000-7f751ceec000 ---p 00000000 00:00 0 
7f751ceec000-7f751cfea000 rw-p 00000000 00:00 0 
7f751cfea000-7f751cfed000 ---p 00000000 00:00 0 
7f751cfed000-7f751d0eb000 rw-p 00000000 00:00 0 
7f751d0eb000-7f751d0ee000 ---p 00000000 00:00 0 
7f751d0ee000-7f751d1ec000 rw-p 00000000 00:00 0 
7f751d1ec000-7f751d8ce000 r--p 00000000 08:05 11541696                   /usr/lib/locale/locale-archive
7f751d8ce000-7f751d8d1000 ---p 00000000 00:00 0 
7f751d8d1000-7f751d9cf000 rw-p 00000000 00:00 0 
7f751d9cf000-7f751d9d2000 ---p 00000000 00:00 0 
7f751d9d2000-7f7520000000 rw-p 00000000 00:00 0 
7f7520000000-7f7520021000 rw-p 00000000 00:00 0 
7f7520021000-7f7524000000 ---p 00000000 00:00 0 
7f75240f1000-7f75240f2000 ---p 00000000 00:00 0 
7f75240f2000-7f7525000000 rw-p 00000000 00:00 0 
7f7525000000-7f7525270000 rwxp 00000000 00:00 0 
7f7525270000-7f75281c4000 rw-p 00000000 00:00 0 
7f75281c4000-7f752c000000 ---p 00000000 00:00 0 
7f752c00c000-7f752c013000 r--s 00000000 08:05 11799658                   /usr/lib/x86_64-linux-gnu/gconv/gconv-modules.cache
7f752c013000-7f752c027000 r--p 00000000 08:05 12718168                   /usr/share/locale-langpack/zh_CN/LC_MESSAGES/libc.mo
7f752c027000-7f752c036000 r--s 000df000 08:05 2098534                    /home/zuojj/Android/Sdk/build-tools/23.0.3/lib/dx.jar
7f752c036000-7f752c03a000 r--s 00034000 08:05 11799245                   /usr/lib/jvm/java-7-openjdk-amd64/jre/lib/ext/sunjce_provider.jar
7f752c03a000-7f752c229000 rw-p 00000000 00:00 0 
7f752c229000-7f752c3db000 r--s 01d32000 08:05 11799233                   /usr/lib/jvm/java-7-openjdk-amd64/jre/lib/rt.jar
7f752c3db000-7f752c727000 rw-p 00000000 00:00 0 
7f752c727000-7f752c728000 ---p 00000000 00:00 0 
7f752c728000-7f752c828000 rw-p 00000000 00:00 0 
7f752c828000-7f752c829000 ---p 00000000 00:00 0 
7f752c829000-7f752c929000 rw-p 00000000 00:00 0 
7f752c929000-7f752c92a000 ---p 00000000 00:00 0 
7f752c92a000-7f752ca2a000 rw-p 00000000 00:00 0 
7f752ca2a000-7f752ca2b000 ---p 00000000 00:00 0 
7f752ca2b000-7f752cb36000 rw-p 00000000 00:00 0 
7f752cb36000-7f752cb7e000 rw-p 00000000 00:00 0 
7f752cb7e000-7f752cba6000 rw-p 00000000 00:00 0 
7f752cba6000-7f752ccd4000 rw-p 00000000 00:00 0 
7f752ccd4000-7f752ccdf000 rw-p 00000000 00:00 0 
7f752ccdf000-7f752cd27000 rw-p 00000000 00:00 0 
7f752cd27000-7f752cd4f000 rw-p 00000000 00:00 0 
7f752cd4f000-7f752ce7c000 rw-p 00000000 00:00 0 
7f752ce7c000-7f752cecf000 rw-p 00000000 00:00 0 
7f752cecf000-7f752cf27000 rw-p 00000000 00:00 0 
7f752cf27000-7f752cf28000 rw-p 00000000 00:00 0 
7f752cf28000-7f752cf30000 r-xp 00000000 08:05 11799203                   /usr/lib/jvm/java-7-openjdk-amd64/jre/lib/amd64/libzip.so
7f752cf30000-7f752d12f000 ---p 00008000 08:05 11799203                   /usr/lib/jvm/java-7-openjdk-amd64/jre/lib/amd64/libzip.so
7f752d12f000-7f752d130000 r--p 00007000 08:05 11799203                   /usr/lib/jvm/java-7-openjdk-amd64/jre/lib/amd64/libzip.so
7f752d130000-7f752d131000 rw-p 00008000 08:05 11799203                   /usr/lib/jvm/java-7-openjdk-amd64/jre/lib/amd64/libzip.so
7f752d131000-7f752d13b000 r-xp 00000000 08:05 12845228                   /lib/x86_64-linux-gnu/libnss_files-2.21.so
7f752d13b000-7f752d33b000 ---p 0000a000 08:05 12845228                   /lib/x86_64-linux-gnu/libnss_files-2.21.so
7f752d33b000-7f752d33c000 r--p 0000a000 08:05 12845228                   /lib/x86_64-linux-gnu/libnss_files-2.21.so
7f752d33c000-7f752d33d000 rw-p 0000b000 08:05 12845228                   /lib/x86_64-linux-gnu/libnss_files-2.21.so
7f752d33d000-7f752d348000 r-xp 00000000 08:05 12845242                   /lib/x86_64-linux-gnu/libnss_nis-2.21.so
7f752d348000-7f752d547000 ---p 0000b000 08:05 12845242                   /lib/x86_64-linux-gnu/libnss_nis-2.21.so
7f752d547000-7f752d548000 r--p 0000a000 08:05 12845242                   /lib/x86_64-linux-gnu/libnss_nis-2.21.so
7f752d548000-7f752d549000 rw-p 0000b000 08:05 12845242                   /lib/x86_64-linux-gnu/libnss_nis-2.21.so
7f752d549000-7f752d560000 r-xp 00000000 08:05 12845245                   /lib/x86_64-linux-gnu/libnsl-2.21.so
7f752d560000-7f752d75f000 ---p 00017000 08:05 12845245                   /lib/x86_64-linux-gnu/libnsl-2.21.so
7f752d75f000-7f752d760000 r--p 00016000 08:05 12845245                   /lib/x86_64-linux-gnu/libnsl-2.21.so
7f752d760000-7f752d761000 rw-p 00017000 08:05 12845245                   /lib/x86_64-linux-gnu/libnsl-2.21.so
7f752d761000-7f752d763000 rw-p 00000000 00:00 0 
7f752d763000-7f752d76b000 r-xp 00000000 08:05 12845230                   /lib/x86_64-linux-gnu/libnss_compat-2.21.so
7f752d76b000-7f752d96a000 ---p 00008000 08:05 12845230                   /lib/x86_64-linux-gnu/libnss_compat-2.21.so
7f752d96a000-7f752d96b000 r--p 00007000 08:05 12845230                   /lib/x86_64-linux-gnu/libnss_compat-2.21.so
7f752d96b000-7f752d96c000 rw-p 00008000 08:05 12845230                   /lib/x86_64-linux-gnu/libnss_compat-2.21.so
7f752d96c000-7f752d998000 r-xp 00000000 08:05 11799189                   /usr/lib/jvm/java-7-openjdk-amd64/jre/lib/amd64/libjava.so
7f752d998000-7f752db97000 ---p 0002c000 08:05 11799189                   /usr/lib/jvm/java-7-openjdk-amd64/jre/lib/amd64/libjava.so
7f752db97000-7f752db98000 r--p 0002b000 08:05 11799189                   /usr/lib/jvm/java-7-openjdk-amd64/jre/lib/amd64/libjava.so
7f752db98000-7f752db9a000 rw-p 0002c000 08:05 11799189                   /usr/lib/jvm/java-7-openjdk-amd64/jre/lib/amd64/libjava.so
7f752db9a000-7f752dba9000 r-xp 00000000 08:05 11799190                   /usr/lib/jvm/java-7-openjdk-amd64/jre/lib/amd64/libverify.so
7f752dba9000-7f752dda8000 ---p 0000f000 08:05 11799190                   /usr/lib/jvm/java-7-openjdk-amd64/jre/lib/amd64/libverify.so
7f752dda8000-7f752ddaa000 r--p 0000e000 08:05 11799190                   /usr/lib/jvm/java-7-openjdk-amd64/jre/lib/amd64/libverify.so
7f752ddaa000-7f752ddab000 rw-p 00010000 08:05 11799190                   /usr/lib/jvm/java-7-openjdk-amd64/jre/lib/amd64/libverify.so
7f752ddab000-7f752ddb2000 r-xp 00000000 08:05 12845229                   /lib/x86_64-linux-gnu/librt-2.21.so
7f752ddb2000-7f752dfb1000 ---p 00007000 08:05 12845229                   /lib/x86_64-linux-gnu/librt-2.21.so
7f752dfb1000-7f752dfb2000 r--p 00006000 08:05 12845229                   /lib/x86_64-linux-gnu/librt-2.21.so
7f752dfb2000-7f752dfb3000 rw-p 00007000 08:05 12845229                   /lib/x86_64-linux-gnu/librt-2.21.so
7f752dfb3000-7f752dfc9000 r-xp 00000000 08:05 12849246                   /lib/x86_64-linux-gnu/libgcc_s.so.1
7f752dfc9000-7f752e1c8000 ---p 00016000 08:05 12849246                   /lib/x86_64-linux-gnu/libgcc_s.so.1
7f752e1c8000-7f752e1c9000 r--p 00015000 08:05 12849246                   /lib/x86_64-linux-gnu/libgcc_s.so.1
7f752e1c9000-7f752e1ca000 rw-p 00016000 08:05 12849246                   /lib/x86_64-linux-gnu/libgcc_s.so.1
7f752e1ca000-7f752e2d1000 r-xp 00000000 08:05 12845231                   /lib/x86_64-linux-gnu/libm-2.21.so
7f752e2d1000-7f752e4d0000 ---p 00107000 08:05 12845231                   /lib/x86_64-linux-gnu/libm-2.21.so
7f752e4d0000-7f752e4d1000 r--p 00106000 08:05 12845231                   /lib/x86_64-linux-gnu/libm-2.21.so
7f752e4d1000-7f752e4d2000 rw-p 00107000 08:05 12845231                   /lib/x86_64-linux-gnu/libm-2.21.so
7f752e4d2000-7f752e645000 r-xp 00000000 08:05 11541573                   /usr/lib/x86_64-linux-gnu/libstdc++.so.6.0.21
7f752e645000-7f752e844000 ---p 00173000 08:05 11541573                   /usr/lib/x86_64-linux-gnu/libstdc++.so.6.0.21
7f752e844000-7f752e84e000 r--p 00172000 08:05 11541573                   /usr/lib/x86_64-linux-gnu/libstdc++.so.6.0.21
7f752e84e000-7f752e850000 rw-p 0017c000 08:05 11541573                   /usr/lib/x86_64-linux-gnu/libstdc++.so.6.0.21
7f752e850000-7f752e854000 rw-p 00000000 00:00 0 
7f752e854000-7f752f3a7000 r-xp 00000000 08:05 11799201                   /usr/lib/jvm/java-7-openjdk-amd64/jre/lib/amd64/server/libjvm.so
7f752f3a7000-7f752f5a6000 ---p 00b53000 08:05 11799201                   /usr/lib/jvm/java-7-openjdk-amd64/jre/lib/amd64/server/libjvm.so
7f752f5a6000-7f752f637000 r--p 00b52000 08:05 11799201                   /usr/lib/jvm/java-7-openjdk-amd64/jre/lib/amd64/server/libjvm.so
7f752f637000-7f752f65a000 rw-p 00be3000 08:05 11799201                   /usr/lib/jvm/java-7-openjdk-amd64/jre/lib/amd64/server/libjvm.so
7f752f65a000-7f752f687000 rw-p 00000000 00:00 0 
7f752f687000-7f752f6a0000 r-xp 00000000 08:05 12846150                   /lib/x86_64-linux-gnu/libz.so.1.2.8
7f752f6a0000-7f752f89f000 ---p 00019000 08:05 12846150                   /lib/x86_64-linux-gnu/libz.so.1.2.8
7f752f89f000-7f752f8a0000 r--p 00018000 08:05 12846150                   /lib/x86_64-linux-gnu/libz.so.1.2.8
7f752f8a0000-7f752f8a1000 rw-p 00019000 08:05 12846150                   /lib/x86_64-linux-gnu/libz.so.1.2.8
7f752f8a1000-7f752f8b9000 r-xp 00000000 08:05 12845232                   /lib/x86_64-linux-gnu/libpthread-2.21.so
7f752f8b9000-7f752fab9000 ---p 00018000 08:05 12845232                   /lib/x86_64-linux-gnu/libpthread-2.21.so
7f752fab9000-7f752faba000 r--p 00018000 08:05 12845232                   /lib/x86_64-linux-gnu/libpthread-2.21.so
7f752faba000-7f752fabb000 rw-p 00019000 08:05 12845232                   /lib/x86_64-linux-gnu/libpthread-2.21.so
7f752fabb000-7f752fabf000 rw-p 00000000 00:00 0 
7f752fabf000-7f752fac2000 r-xp 00000000 08:05 12845235                   /lib/x86_64-linux-gnu/libdl-2.21.so
7f752fac2000-7f752fcc1000 ---p 00003000 08:05 12845235                   /lib/x86_64-linux-gnu/libdl-2.21.so
7f752fcc1000-7f752fcc2000 r--p 00002000 08:05 12845235                   /lib/x86_64-linux-gnu/libdl-2.21.so
7f752fcc2000-7f752fcc3000 rw-p 00003000 08:05 12845235                   /lib/x86_64-linux-gnu/libdl-2.21.so
7f752fcc3000-7f752fe83000 r-xp 00000000 08:05 12845248                   /lib/x86_64-linux-gnu/libc-2.21.so
7f752fe83000-7f7530083000 ---p 001c0000 08:05 12845248                   /lib/x86_64-linux-gnu/libc-2.21.so
7f7530083000-7f7530087000 r--p 001c0000 08:05 12845248                   /lib/x86_64-linux-gnu/libc-2.21.so
7f7530087000-7f7530089000 rw-p 001c4000 08:05 12845248                   /lib/x86_64-linux-gnu/libc-2.21.so
7f7530089000-7f753008d000 rw-p 00000000 00:00 0 
7f753008d000-7f753009a000 r-xp 00000000 08:05 11799217                   /usr/lib/jvm/java-7-openjdk-amd64/jre/lib/amd64/jli/libjli.so
7f753009a000-7f7530299000 ---p 0000d000 08:05 11799217                   /usr/lib/jvm/java-7-openjdk-amd64/jre/lib/amd64/jli/libjli.so
7f7530299000-7f753029a000 r--p 0000c000 08:05 11799217                   /usr/lib/jvm/java-7-openjdk-amd64/jre/lib/amd64/jli/libjli.so
7f753029a000-7f753029b000 rw-p 0000d000 08:05 11799217                   /usr/lib/jvm/java-7-openjdk-amd64/jre/lib/amd64/jli/libjli.so
7f753029b000-7f75302bf000 r-xp 00000000 08:05 12845246                   /lib/x86_64-linux-gnu/ld-2.21.so
7f75302c1000-7f75302e3000 rw-p 00000000 00:00 0 
7f75302e3000-7f7530399000 rw-p 00000000 00:00 0 
7f7530399000-7f753039c000 ---p 00000000 00:00 0 
7f753039c000-7f753049f000 rw-p 00000000 00:00 0 
7f75304a1000-7f75304a2000 rw-p 00000000 00:00 0 
7f75304a2000-7f75304a5000 r--s 0000f000 08:05 11799246                   /usr/lib/jvm/java-7-openjdk-amd64/jre/lib/ext/icedtea-sound.jar
7f75304a5000-7f75304a9000 r--s 00085000 08:05 11799247                   /usr/lib/jvm/java-7-openjdk-amd64/jre/lib/ext/localedata.jar
7f75304a9000-7f75304ad000 r--s 0003c000 08:05 11799248                   /usr/lib/jvm/java-7-openjdk-amd64/jre/lib/ext/sunpkcs11.jar
7f75304ad000-7f75304af000 r--s 00012000 08:05 11799244                   /usr/lib/jvm/java-7-openjdk-amd64/jre/lib/ext/zipfs.jar
7f75304af000-7f75304b1000 r--s 00007000 08:05 12061105                   /usr/share/java/java-atk-wrapper.jar
7f75304b1000-7f75304b2000 r--s 00002000 08:05 11799243                   /usr/lib/jvm/java-7-openjdk-amd64/jre/lib/ext/dnsns.jar
7f75304b2000-7f75304ba000 rw-s 00000000 08:05 8651257                    /tmp/hsperfdata_zuojj/18560
7f75304ba000-7f75304bb000 rw-p 00000000 00:00 0 
7f75304bb000-7f75304bc000 ---p 00000000 00:00 0 
7f75304bc000-7f75304be000 rw-p 00000000 00:00 0 
7f75304be000-7f75304bf000 r--p 00023000 08:05 12845246                   /lib/x86_64-linux-gnu/ld-2.21.so
7f75304bf000-7f75304c0000 rw-p 00024000 08:05 12845246                   /lib/x86_64-linux-gnu/ld-2.21.so
7f75304c0000-7f75304c1000 rw-p 00000000 00:00 0 
7ffdb0519000-7ffdb053a000 rw-p 00000000 00:00 0                          [stack]
7ffdb0577000-7ffdb0579000 r--p 00000000 00:00 0                          [vvar]
7ffdb0579000-7ffdb057b000 r-xp 00000000 00:00 0                          [vdso]
ffffffffff600000-ffffffffff601000 r-xp 00000000 00:00 0                  [vsyscall]

VM Arguments:
jvm_args: -Djava.awt.headless=true -Xmx1024M -Dfile.encoding=UTF-8 -Duser.country=CN -Duser.language=zh -Duser.variant 
java_command: com.android.dx.command.Main --dex --force-jumbo --num-threads=4 --output /home/zuojj/workdir/filemanager/YMfileManager/app/build/intermediates/pre-dexed/debug/main_aed7516648a8c6e5766ca97d9a2d1aa1493512ed.jar /home/zuojj/workdir/filemanager/YMfileManager/app/build/intermediates/transforms/instantRun/debug/folders/1/5/main
Launcher Type: SUN_STANDARD

Environment Variables:
JAVA_HOME=/usr/local/java/jdk1.7.0_95
JRE_HOME=/usr/local/java/jre1.7.0_95
PATH=/home/zuojj/bin:/usr/local/sbin:/usr/local/bin:/usr/sbin:/usr/bin:/sbin:/bin:/usr/games:/usr/local/games:/usr/local/java/jre1.7.0_95/bin:/usr/local/java/jdk1.7.0_95/bin
LD_LIBRARY_PATH=/opt/android-studio/bin:
SHELL=/usr/bin/zsh
DISPLAY=:0

Signal Handlers:
SIGSEGV: [libjvm.so+0x996e60], sa_mask[0]=0x7ffbfeff, sa_flags=0x10000004
SIGBUS: [libjvm.so+0x996e60], sa_mask[0]=0x7ffbfeff, sa_flags=0x10000004
SIGFPE: [libjvm.so+0x7fdc90], sa_mask[0]=0x7ffbfeff, sa_flags=0x10000004
SIGPIPE: [libjvm.so+0x7fdc90], sa_mask[0]=0x7ffbfeff, sa_flags=0x10000004
SIGXFSZ: [libjvm.so+0x7fdc90], sa_mask[0]=0x7ffbfeff, sa_flags=0x10000004
SIGILL: [libjvm.so+0x7fdc90], sa_mask[0]=0x7ffbfeff, sa_flags=0x10000004
SIGUSR1: SIG_DFL, sa_mask[0]=0x00000000, sa_flags=0x00000000
SIGUSR2: [libjvm.so+0x7fdb10], sa_mask[0]=0x00000004, sa_flags=0x10000004
SIGHUP: [libjvm.so+0x7fdca0], sa_mask[0]=0x7ffbfeff, sa_flags=0x10000004
SIGINT: [libjvm.so+0x7fdca0], sa_mask[0]=0x7ffbfeff, sa_flags=0x10000004
SIGTERM: [libjvm.so+0x7fdca0], sa_mask[0]=0x7ffbfeff, sa_flags=0x10000004
SIGQUIT: [libjvm.so+0x7fdca0], sa_mask[0]=0x7ffbfeff, sa_flags=0x10000004
SIGTRAP: SIG_DFL, sa_mask[0]=0x00000000, sa_flags=0x00000000


---------------  S Y S T E M  ---------------

OS:Ubuntu 15.10 (wily)
uname:Linux 4.2.0-36-generic #42-Ubuntu SMP Thu May 12 22:05:35 UTC 2016 x86_64
libc:glibc 2.21 NPTL 2.21 
rlimit: STACK 8192k, CORE 0k, NPROC 30593, NOFILE 65536, AS infinity
load average:14.00 5.36 2.68

/proc/meminfo:
MemTotal:        7868668 kB
MemFree:           51628 kB
MemAvailable:      78728 kB
Buffers:             628 kB
Cached:          1884172 kB
SwapCached:            0 kB
Active:          5955180 kB
Inactive:        1675396 kB
Active(anon):    5944904 kB
Inactive(anon):  1659212 kB
Active(file):      10276 kB
Inactive(file):    16184 kB
Unevictable:          32 kB
Mlocked:              32 kB
SwapTotal:             0 kB
SwapFree:              0 kB
Dirty:               280 kB
Writeback:             0 kB
AnonPages:       5745900 kB
Mapped:           593604 kB
Shmem:           1858248 kB
Slab:              79508 kB
SReclaimable:      41700 kB
SUnreclaim:        37808 kB
KernelStack:       11184 kB
PageTables:        44904 kB
NFS_Unstable:          0 kB
Bounce:                0 kB
WritebackTmp:          0 kB
CommitLimit:     3934332 kB
Committed_AS:   12487436 kB
VmallocTotal:   34359738367 kB
VmallocUsed:      365572 kB
VmallocChunk:   34358947836 kB
HardwareCorrupted:     0 kB
AnonHugePages:   4163584 kB
CmaTotal:              0 kB
CmaFree:               0 kB
HugePages_Total:       0
HugePages_Free:        0
HugePages_Rsvd:        0
HugePages_Surp:        0
Hugepagesize:       2048 kB
DirectMap4k:      113412 kB
DirectMap2M:     4818944 kB
DirectMap1G:     4194304 kB


CPU:total 4 (2 cores per cpu, 2 threads per core) family 6 model 61 stepping 4, cmov, cx8, fxsr, mmx, sse, sse2, sse3, ssse3, sse4.1, sse4.2, popcnt, avx, avx2, erms, ht, tsc, tscinvbit

/proc/cpuinfo:
processor	: 0
vendor_id	: GenuineIntel
cpu family	: 6
model		: 61
model name	: Intel(R) Core(TM) i5-5200U CPU @ 2.20GHz
stepping	: 4
microcode	: 0x21
cpu MHz		: 2497.687
cache size	: 3072 KB
physical id	: 0
siblings	: 4
core id		: 0
cpu cores	: 2
apicid		: 0
initial apicid	: 0
fpu		: yes
fpu_exception	: yes
cpuid level	: 20
wp		: yes
flags		: fpu vme de pse tsc msr pae mce cx8 apic sep mtrr pge mca cmov pat pse36 clflush dts acpi mmx fxsr sse sse2 ss ht tm pbe syscall nx pdpe1gb rdtscp lm constant_tsc arch_perfmon pebs bts rep_good nopl xtopology nonstop_tsc aperfmperf eagerfpu pni pclmulqdq dtes64 monitor ds_cpl vmx est tm2 ssse3 fma cx16 xtpr pdcm pcid sse4_1 sse4_2 x2apic movbe popcnt tsc_deadline_timer xsave avx f16c rdrand lahf_lm abm 3dnowprefetch ida arat epb pln pts dtherm intel_pt tpr_shadow vnmi flexpriority ept vpid fsgsbase tsc_adjust bmi1 avx2 smep bmi2 erms invpcid rdseed adx smap xsaveopt
bugs		:
bogomips	: 4390.23
clflush size	: 64
cache_alignment	: 64
address sizes	: 39 bits physical, 48 bits virtual
power management:

processor	: 1
vendor_id	: GenuineIntel
cpu family	: 6
model		: 61
model name	: Intel(R) Core(TM) i5-5200U CPU @ 2.20GHz
stepping	: 4
microcode	: 0x21
cpu MHz		: 2499.921
cache size	: 3072 KB
physical id	: 0
siblings	: 4
core id		: 0
cpu cores	: 2
apicid		: 1
initial apicid	: 1
fpu		: yes
fpu_exception	: yes
cpuid level	: 20
wp		: yes
flags		: fpu vme de pse tsc msr pae mce cx8 apic sep mtrr pge mca cmov pat pse36 clflush dts acpi mmx fxsr sse sse2 ss ht tm pbe syscall nx pdpe1gb rdtscp lm constant_tsc arch_perfmon pebs bts rep_good nopl xtopology nonstop_tsc aperfmperf eagerfpu pni pclmulqdq dtes64 monitor ds_cpl vmx est tm2 ssse3 fma cx16 xtpr pdcm pcid sse4_1 sse4_2 x2apic movbe popcnt tsc_deadline_timer xsave avx f16c rdrand lahf_lm abm 3dnowprefetch ida arat epb pln pts dtherm intel_pt tpr_shadow vnmi flexpriority ept vpid fsgsbase tsc_adjust bmi1 avx2 smep bmi2 erms invpcid rdseed adx smap xsaveopt
bugs		:
bogomips	: 4390.23
clflush size	: 64
cache_alignment	: 64
address sizes	: 39 bits physical, 48 bits virtual
power management:

processor	: 2
vendor_id	: GenuineIntel
cpu family	: 6
model		: 61
model name	: Intel(R) Core(TM) i5-5200U CPU @ 2.20GHz
stepping	: 4
microcode	: 0x21
cpu MHz		: 2372.390
cache size	: 3072 KB
physical id	: 0
siblings	: 4
core id		: 1
cpu cores	: 2
apicid		: 2
initial apicid	: 2
fpu		: yes
fpu_exception	: yes
cpuid level	: 20
wp		: yes
flags		: fpu vme de pse tsc msr pae mce cx8 apic sep mtrr pge mca cmov pat pse36 clflush dts acpi mmx fxsr sse sse2 ss ht tm pbe syscall nx pdpe1gb rdtscp lm constant_tsc arch_perfmon pebs bts rep_good nopl xtopology nonstop_tsc aperfmperf eagerfpu pni pclmulqdq dtes64 monitor ds_cpl vmx est tm2 ssse3 fma cx16 xtpr pdcm pcid sse4_1 sse4_2 x2apic movbe popcnt tsc_deadline_timer xsave avx f16c rdrand lahf_lm abm 3dnowprefetch ida arat epb pln pts dtherm intel_pt tpr_shadow vnmi flexpriority ept vpid fsgsbase tsc_adjust bmi1 avx2 smep bmi2 erms invpcid rdseed adx smap xsaveopt
bugs		:
bogomips	: 4390.23
clflush size	: 64
cache_alignment	: 64
address sizes	: 39 bits physical, 48 bits virtual
power management:

processor	: 3
vendor_id	: GenuineIntel
cpu family	: 6
model		: 61
model name	: Intel(R) Core(TM) i5-5200U CPU @ 2.20GHz
stepping	: 4
microcode	: 0x21
cpu MHz		: 2499.921
cache size	: 3072 KB
physical id	: 0
siblings	: 4
core id		: 1
cpu cores	: 2
apicid		: 3
initial apicid	: 3
fpu		: yes
fpu_exception	: yes
cpuid level	: 20
wp		: yes
flags		: fpu vme de pse tsc msr pae mce cx8 apic sep mtrr pge mca cmov pat pse36 clflush dts acpi mmx fxsr sse sse2 ss ht tm pbe syscall nx pdpe1gb rdtscp lm constant_tsc arch_perfmon pebs bts rep_good nopl xtopology nonstop_tsc aperfmperf eagerfpu pni pclmulqdq dtes64 monitor ds_cpl vmx est tm2 ssse3 fma cx16 xtpr pdcm pcid sse4_1 sse4_2 x2apic movbe popcnt tsc_deadline_timer xsave avx f16c rdrand lahf_lm abm 3dnowprefetch ida arat epb pln pts dtherm intel_pt tpr_shadow vnmi flexpriority ept vpid fsgsbase tsc_adjust bmi1 avx2 smep bmi2 erms invpcid rdseed adx smap xsaveopt
bugs		:
bogomips	: 4390.23
clflush size	: 64
cache_alignment	: 64
address sizes	: 39 bits physical, 48 bits virtual
power management:



Memory: 4k page, physical 7868668k(51628k free), swap 0k(0k free)

vm_info: OpenJDK 64-Bit Server VM (24.95-b01) for linux-amd64 JRE (1.7.0_101-b00), built on Apr 24 2016 20:35:58 by "buildd" with gcc 5.2.1 20151010

time: Fri Jun 17 18:23:19 2016
elapsed time: 45 seconds

