#
# There is insufficient memory for the Java Runtime Environment to continue.
# Native memory allocation (malloc) failed to allocate 166723584 bytes for committing reserved memory.
# Possible reasons:
#   The system is out of physical RAM or swap space
#   In 32 bit mode, the process size limit was hit
# Possible solutions:
#   Reduce memory load on the system
#   Increase physical memory or swap space
#   Check if swap backing store is full
#   Use 64 bit Java on a 64 bit OS
#   Decrease Java heap size (-Xmx/-Xms)
#   Decrease number of Java threads
#   Decrease Java thread stack sizes (-Xss)
#   Set larger code cache with -XX:ReservedCodeCacheSize=
# This output file may be truncated or incomplete.
#
#  Out of Memory Error (os_linux.cpp:2827), pid=13526, tid=140358553700096
#
# JRE version: OpenJDK Runtime Environment (7.0_101) (build 1.7.0_101-b00)
# Java VM: OpenJDK 64-Bit Server VM (24.95-b01 mixed mode linux-amd64 compressed oops)
# Derivative: IcedTea 2.6.6
# Distribution: Ubuntu 15.10, package 7u101-2.6.6-0ubuntu0.15.10.1
# Failed to write core dump. Core dumps have been disabled. To enable core dumping, try "ulimit -c unlimited" before starting Java again
#

---------------  T H R E A D  ---------------

Current thread (0x00007fa7cc076000):  VMThread [stack: 0x00007fa7c5ac0000,0x00007fa7c5bc1000] [id=13540]

Stack: [0x00007fa7c5ac0000,0x00007fa7c5bc1000],  sp=0x00007fa7c5bbf4f0,  free space=1021k
Native frames: (J=compiled Java code, j=interpreted, Vv=VM code, C=native code)
V  [libjvm.so+0x996303]
V  [libjvm.so+0x48b94f]
V  [libjvm.so+0x802a2b]
V  [libjvm.so+0x7fce1e]
V  [libjvm.so+0x872f2b]
V  [libjvm.so+0x874873]
V  [libjvm.so+0x870af8]
V  [libjvm.so+0x870ddc]
V  [libjvm.so+0x8263e3]
V  [libjvm.so+0x997da2]
V  [libjvm.so+0x99cae7]
V  [libjvm.so+0x99a378]
V  [libjvm.so+0x99b6ef]
V  [libjvm.so+0x99bbe1]
V  [libjvm.so+0x7ff952]

VM_Operation (0x00007fa796f37090): ParallelGCFailedAllocation, mode: safepoint, requested by thread 0x00007fa7cc19a800


---------------  P R O C E S S  ---------------

Java Threads: ( => current thread )
  0x00007fa7cc19d800 JavaThread "pool-1-thread-4" [_thread_blocked, id=13552, stack(0x00007fa796c36000,0x00007fa796d37000)]
  0x00007fa7cc19c000 JavaThread "pool-1-thread-3" [_thread_blocked, id=13551, stack(0x00007fa796d37000,0x00007fa796e38000)]
  0x00007fa7cc19a800 JavaThread "pool-1-thread-2" [_thread_blocked, id=13550, stack(0x00007fa796e38000,0x00007fa796f39000)]
  0x00007fa7cc199000 JavaThread "pool-2-thread-1" [_thread_blocked, id=13549, stack(0x00007fa796f39000,0x00007fa79703a000)]
  0x00007fa7cc197000 JavaThread "pool-1-thread-1" [_thread_blocked, id=13548, stack(0x00007fa79703a000,0x00007fa79713b000)]
  0x00007fa7cc0b1000 JavaThread "Service Thread" daemon [_thread_blocked, id=13546, stack(0x00007fa7c4dd8000,0x00007fa7c4ed9000)]
  0x00007fa7cc0ae800 JavaThread "C2 CompilerThread1" daemon [_thread_blocked, id=13545, stack(0x00007fa7c4ed9000,0x00007fa7c4fda000)]
  0x00007fa7cc0ab800 JavaThread "C2 CompilerThread0" daemon [_thread_blocked, id=13544, stack(0x00007fa7c4fda000,0x00007fa7c50db000)]
  0x00007fa7cc0a9800 JavaThread "Signal Dispatcher" daemon [_thread_blocked, id=13543, stack(0x00007fa7c50db000,0x00007fa7c51dc000)]
  0x00007fa7cc07c800 JavaThread "Finalizer" daemon [_thread_blocked, id=13542, stack(0x00007fa7c58be000,0x00007fa7c59bf000)]
  0x00007fa7cc07a800 JavaThread "Reference Handler" daemon [_thread_blocked, id=13541, stack(0x00007fa7c59bf000,0x00007fa7c5ac0000)]
  0x00007fa7cc00a800 JavaThread "main" [_thread_blocked, id=13528, stack(0x00007fa7d42ae000,0x00007fa7d43af000)]

Other Threads:
=>0x00007fa7cc076000 VMThread [stack: 0x00007fa7c5ac0000,0x00007fa7c5bc1000] [id=13540]
  0x00007fa7cc0bb800 WatcherThread [stack: 0x00007fa7c4cd7000,0x00007fa7c4dd8000] [id=13547]

VM state:at safepoint (normal execution)

VM Mutex/Monitor currently owned by a thread:  ([mutex/lock_event])
[0x00007fa7cc006aa0] Threads_lock - owner thread: 0x00007fa7cc076000
[0x00007fa7cc006fa0] Heap_lock - owner thread: 0x00007fa7cc19a800

Heap
 PSYoungGen      total 128000K, used 5095K [0x00000000eaa80000, 0x00000000f2c80000, 0x0000000100000000)
  eden space 122880K, 0% used [0x00000000eaa80000,0x00000000eaa80000,0x00000000f2280000)
  from space 5120K, 99% used [0x00000000f2280000,0x00000000f2779f50,0x00000000f2780000)
  to   space 5120K, 0% used [0x00000000f2780000,0x00000000f2780000,0x00000000f2c80000)
 ParOldGen       total 81920K, used 41292K [0x00000000c0000000, 0x00000000c5000000, 0x00000000eaa80000)
  object space 81920K, 50% used [0x00000000c0000000,0x00000000c28533c0,0x00000000c5000000)
 PSPermGen       total 21504K, used 6400K [0x00000000b5a00000, 0x00000000b6f00000, 0x00000000c0000000)
  object space 21504K, 29% used [0x00000000b5a00000,0x00000000b6040398,0x00000000b6f00000)

Card table byte_map: [0x00007fa7d0be9000,0x00007fa7d0e3d000] byte_map_base: 0x00007fa7d063c000

Polling page: 0x00007fa7d43d0000

Code Cache  [0x00007fa7c9000000, 0x00007fa7c9270000, 0x00007fa7cc000000)
 total_blobs=624 nmethods=392 adapters=184 free_code_cache=47411Kb largest_free_block=48463680

Compilation events (10 events):
Event: 20.630 Thread 0x00007fa7cc0ae800  401             com.android.dx.cf.attrib.BaseAttribute::getName (5 bytes)
Event: 20.630 Thread 0x00007fa7cc0ae800 nmethod 401 0x00007fa7c90ecf10 code [0x00007fa7c90ed040, 0x00007fa7c90ed098]
Event: 20.630 Thread 0x00007fa7cc0ae800  402             com.android.dx.rop.cst.CstString::isCategory2 (2 bytes)
Event: 20.630 Thread 0x00007fa7cc0ae800 nmethod 402 0x00007fa7c90a8510 code [0x00007fa7c90a8640, 0x00007fa7c90a8698]
Event: 20.630 Thread 0x00007fa7cc0ae800  403             com.android.dx.rop.cst.CstInteger::getType (4 bytes)
Event: 20.643 Thread 0x00007fa7cc0ae800 nmethod 403 0x00007fa7c91ae690 code [0x00007fa7c91ae7c0, 0x00007fa7c91ae818]
Event: 20.643 Thread 0x00007fa7cc0ae800  404             com.android.dx.ssa.back.LivenessAnalyzer::coInterferePhis (128 bytes)
Event: 20.817 Thread 0x00007fa7cc0ae800 nmethod 404 0x00007fa7c90d9b10 code [0x00007fa7c90d9dc0, 0x00007fa7c90db070]
Event: 20.817 Thread 0x00007fa7cc0ae800  405             com.android.dx.ssa.RegisterMapper::<init> (5 bytes)
Event: 21.611 Thread 0x00007fa7cc0ae800 nmethod 405 0x00007fa7c90d1710 code [0x00007fa7c90d1840, 0x00007fa7c90d1898]

GC Heap History (9 events):
Event: 3.359 GC heap before
{Heap before GC invocations=1 (full 0):
 PSYoungGen      total 35840K, used 30720K [0x00000000eaa80000, 0x00000000ed280000, 0x0000000100000000)
  eden space 30720K, 100% used [0x00000000eaa80000,0x00000000ec880000,0x00000000ec880000)
  from space 5120K, 0% used [0x00000000ecd80000,0x00000000ecd80000,0x00000000ed280000)
  to   space 5120K, 0% used [0x00000000ec880000,0x00000000ec880000,0x00000000ecd80000)
 ParOldGen       total 81920K, used 0K [0x00000000c0000000, 0x00000000c5000000, 0x00000000eaa80000)
  object space 81920K, 0% used [0x00000000c0000000,0x00000000c0000000,0x00000000c5000000)
 PSPermGen       total 21504K, used 6114K [0x00000000b5a00000, 0x00000000b6f00000, 0x00000000c0000000)
  object space 21504K, 28% used [0x00000000b5a00000,0x00000000b5ff8bb8,0x00000000b6f00000)
Event: 3.403 GC heap after
Heap after GC invocations=1 (full 0):
 PSYoungGen      total 35840K, used 5109K [0x00000000eaa80000, 0x00000000ef080000, 0x0000000100000000)
  eden space 30720K, 0% used [0x00000000eaa80000,0x00000000eaa80000,0x00000000ec880000)
  from space 5120K, 99% used [0x00000000ec880000,0x00000000ecd7d7c0,0x00000000ecd80000)
  to   space 5120K, 0% used [0x00000000eeb80000,0x00000000eeb80000,0x00000000ef080000)
 ParOldGen       total 81920K, used 951K [0x00000000c0000000, 0x00000000c5000000, 0x00000000eaa80000)
  object space 81920K, 1% used [0x00000000c0000000,0x00000000c00ede20,0x00000000c5000000)
 PSPermGen       total 21504K, used 6114K [0x00000000b5a00000, 0x00000000b6f00000, 0x00000000c0000000)
  object space 21504K, 28% used [0x00000000b5a00000,0x00000000b5ff8bb8,0x00000000b6f00000)
}
Event: 7.299 GC heap before
{Heap before GC invocations=2 (full 0):
 PSYoungGen      total 35840K, used 35829K [0x00000000eaa80000, 0x00000000ef080000, 0x0000000100000000)
  eden space 30720K, 100% used [0x00000000eaa80000,0x00000000ec880000,0x00000000ec880000)
  from space 5120K, 99% used [0x00000000ec880000,0x00000000ecd7d7c0,0x00000000ecd80000)
  to   space 5120K, 0% used [0x00000000eeb80000,0x00000000eeb80000,0x00000000ef080000)
 ParOldGen       total 81920K, used 951K [0x00000000c0000000, 0x00000000c5000000, 0x00000000eaa80000)
  object space 81920K, 1% used [0x00000000c0000000,0x00000000c00ede20,0x00000000c5000000)
 PSPermGen       total 21504K, used 6250K [0x00000000b5a00000, 0x00000000b6f00000, 0x00000000c0000000)
  object space 21504K, 29% used [0x00000000b5a00000,0x00000000b601aaf8,0x00000000b6f00000)
Event: 7.372 GC heap after
Heap after GC invocations=2 (full 0):
 PSYoungGen      total 66560K, used 5093K [0x00000000eaa80000, 0x00000000ef080000, 0x0000000100000000)
  eden space 61440K, 0% used [0x00000000eaa80000,0x00000000eaa80000,0x00000000ee680000)
  from space 5120K, 99% used [0x00000000eeb80000,0x00000000ef0794f8,0x00000000ef080000)
  to   space 5120K, 0% used [0x00000000ee680000,0x00000000ee680000,0x00000000eeb80000)
 ParOldGen       total 81920K, used 4461K [0x00000000c0000000, 0x00000000c5000000, 0x00000000eaa80000)
  object space 81920K, 5% used [0x00000000c0000000,0x00000000c045b458,0x00000000c5000000)
 PSPermGen       total 21504K, used 6250K [0x00000000b5a00000, 0x00000000b6f00000, 0x00000000c0000000)
  object space 21504K, 29% used [0x00000000b5a00000,0x00000000b601aaf8,0x00000000b6f00000)
}
Event: 11.393 GC heap before
{Heap before GC invocations=3 (full 0):
 PSYoungGen      total 66560K, used 66533K [0x00000000eaa80000, 0x00000000ef080000, 0x0000000100000000)
  eden space 61440K, 100% used [0x00000000eaa80000,0x00000000ee680000,0x00000000ee680000)
  from space 5120K, 99% used [0x00000000eeb80000,0x00000000ef0794f8,0x00000000ef080000)
  to   space 5120K, 0% used [0x00000000ee680000,0x00000000ee680000,0x00000000eeb80000)
 ParOldGen       total 81920K, used 4461K [0x00000000c0000000, 0x00000000c5000000, 0x00000000eaa80000)
  object space 81920K, 5% used [0x00000000c0000000,0x00000000c045b458,0x00000000c5000000)
 PSPermGen       total 21504K, used 6319K [0x00000000b5a00000, 0x00000000b6f00000, 0x00000000c0000000)
  object space 21504K, 29% used [0x00000000b5a00000,0x00000000b602be30,0x00000000b6f00000)
Event: 11.501 GC heap after
Heap after GC invocations=3 (full 0):
 PSYoungGen      total 66560K, used 5110K [0x00000000eaa80000, 0x00000000f2c80000, 0x0000000100000000)
  eden space 61440K, 0% used [0x00000000eaa80000,0x00000000eaa80000,0x00000000ee680000)
  from space 5120K, 99% used [0x00000000ee680000,0x00000000eeb7d9a0,0x00000000eeb80000)
  to   space 5120K, 0% used [0x00000000f2780000,0x00000000f2780000,0x00000000f2c80000)
 ParOldGen       total 81920K, used 13768K [0x00000000c0000000, 0x00000000c5000000, 0x00000000eaa80000)
  object space 81920K, 16% used [0x00000000c0000000,0x00000000c0d72098,0x00000000c5000000)
 PSPermGen       total 21504K, used 6319K [0x00000000b5a00000, 0x00000000b6f00000, 0x00000000c0000000)
  object space 21504K, 29% used [0x00000000b5a00000,0x00000000b602be30,0x00000000b6f00000)
}
Event: 15.658 GC heap before
{Heap before GC invocations=4 (full 0):
 PSYoungGen      total 66560K, used 66550K [0x00000000eaa80000, 0x00000000f2c80000, 0x0000000100000000)
  eden space 61440K, 100% used [0x00000000eaa80000,0x00000000ee680000,0x00000000ee680000)
  from space 5120K, 99% used [0x00000000ee680000,0x00000000eeb7d9a0,0x00000000eeb80000)
  to   space 5120K, 0% used [0x00000000f2780000,0x00000000f2780000,0x00000000f2c80000)
 ParOldGen       total 81920K, used 13768K [0x00000000c0000000, 0x00000000c5000000, 0x00000000eaa80000)
  object space 81920K, 16% used [0x00000000c0000000,0x00000000c0d72098,0x00000000c5000000)
 PSPermGen       total 21504K, used 6358K [0x00000000b5a00000, 0x00000000b6f00000, 0x00000000c0000000)
  object space 21504K, 29% used [0x00000000b5a00000,0x00000000b6035930,0x00000000b6f00000)
Event: 15.840 GC heap after
Heap after GC invocations=4 (full 0):
 PSYoungGen      total 128000K, used 5092K [0x00000000eaa80000, 0x00000000f2c80000, 0x0000000100000000)
  eden space 122880K, 0% used [0x00000000eaa80000,0x00000000eaa80000,0x00000000f2280000)
  from space 5120K, 99% used [0x00000000f2780000,0x00000000f2c792a0,0x00000000f2c80000)
  to   space 5120K, 0% used [0x00000000f2280000,0x00000000f2280000,0x00000000f2780000)
 ParOldGen       total 81920K, used 23189K [0x00000000c0000000, 0x00000000c5000000, 0x00000000eaa80000)
  object space 81920K, 28% used [0x00000000c0000000,0x00000000c16a5438,0x00000000c5000000)
 PSPermGen       total 21504K, used 6358K [0x00000000b5a00000, 0x00000000b6f00000, 0x00000000c0000000)
  object space 21504K, 29% used [0x00000000b5a00000,0x00000000b6035930,0x00000000b6f00000)
}
Event: 22.331 GC heap before
{Heap before GC invocations=5 (full 0):
 PSYoungGen      total 128000K, used 127972K [0x00000000eaa80000, 0x00000000f2c80000, 0x0000000100000000)
  eden space 122880K, 100% used [0x00000000eaa80000,0x00000000f2280000,0x00000000f2280000)
  from space 5120K, 99% used [0x00000000f2780000,0x00000000f2c792a0,0x00000000f2c80000)
  to   space 5120K, 0% used [0x00000000f2280000,0x00000000f2280000,0x00000000f2780000)
 ParOldGen       total 81920K, used 23189K [0x00000000c0000000, 0x00000000c5000000, 0x00000000eaa80000)
  object space 81920K, 28% used [0x00000000c0000000,0x00000000c16a5438,0x00000000c5000000)
 PSPermGen       total 21504K, used 6400K [0x00000000b5a00000, 0x00000000b6f00000, 0x00000000c0000000)
  object space 21504K, 29% used [0x00000000b5a00000,0x00000000b6040398,0x00000000b6f00000)

Deoptimization events (10 events):
Event: 8.731 Thread 0x00007fa7cc19d800 Uncommon trap: reason=unstable_if action=reinterpret pc=0x00007fa7c90a87b4 method=com.android.dx.util.IntList.binarysearch(I)I @ 105
Event: 8.755 Thread 0x00007fa7cc19d800 Uncommon trap: reason=unstable_if action=reinterpret pc=0x00007fa7c90955b4 method=com.android.dx.util.IntList.binarysearch(I)I @ 105
Event: 9.795 Thread 0x00007fa7cc19a800 Uncommon trap: reason=unstable_if action=reinterpret pc=0x00007fa7c90fa7f8 method=com.android.dx.ssa.SCCP.simulateBranch(Lcom/android/dx/ssa/SsaInsn;)V @ 64
Event: 9.798 Thread 0x00007fa7cc19a800 Uncommon trap: reason=unstable_if action=reinterpret pc=0x00007fa7c90e32cc method=com.android.dx.ssa.SsaMethod.updateOneDefinition(Lcom/android/dx/ssa/SsaInsn;Lcom/android/dx/rop/code/RegisterSpec;)V @ 4
Event: 13.027 Thread 0x00007fa7cc00a800 Uncommon trap: reason=unstable_if action=reinterpret pc=0x00007fa7c90d8f40 method=com.android.dx.rop.code.RegisterSpecSet.localItemToSpec(Lcom/android/dx/rop/code/LocalItem;)Lcom/android/dx/rop/code/RegisterSpec; @ 35
Event: 17.560 Thread 0x00007fa7cc19c000 Uncommon trap: reason=unstable_if action=reinterpret pc=0x00007fa7c91620c0 method=com.android.dx.cf.code.Ropper.isSynchronized()Z @ 12
Event: 18.498 Thread 0x00007fa7cc00a800 Uncommon trap: reason=bimorphic action=maybe_recompile pc=0x00007fa7c914d0b4 method=com.android.dx.ssa.SCCP.simulatePhi(Lcom/android/dx/ssa/PhiInsn;)V @ 124
Event: 18.576 Thread 0x00007fa7cc00a800 Uncommon trap: reason=bimorphic action=maybe_recompile pc=0x00007fa7c914d0b4 method=com.android.dx.ssa.SCCP.simulatePhi(Lcom/android/dx/ssa/PhiInsn;)V @ 124
Event: 18.723 Thread 0x00007fa7cc00a800 Uncommon trap: reason=bimorphic action=maybe_recompile pc=0x00007fa7c914cf50 method=com.android.dx.ssa.SCCP.simulatePhi(Lcom/android/dx/ssa/PhiInsn;)V @ 124
Event: 18.923 Thread 0x00007fa7cc00a800 Uncommon trap: reason=bimorphic action=maybe_recompile pc=0x00007fa7c914cf50 method=com.android.dx.ssa.SCCP.simulatePhi(Lcom/android/dx/ssa/PhiInsn;)V @ 124

Internal exceptions (10 events):
Event: 2.360 Thread 0x00007fa7cc19d800 Threw 0x00000000ebbf5c78 at /build/openjdk-7-hZgspp/openjdk-7-7u101-2.6.6/build/openjdk/hotspot/src/share/vm/prims/jvm.cpp:1322
Event: 2.486 Thread 0x00007fa7cc19c000 Implicit null exception at 0x00007fa7c9081791 to 0x00007fa7c90819d1
Event: 2.612 Thread 0x00007fa7cc00a800 Threw 0x00000000ebf61dd8 at /build/openjdk-7-hZgspp/openjdk-7-7u101-2.6.6/build/openjdk/hotspot/src/share/vm/prims/jvm.cpp:1322
Event: 2.683 Thread 0x00007fa7cc00a800 Threw 0x00000000ebf73548 at /build/openjdk-7-hZgspp/openjdk-7-7u101-2.6.6/build/openjdk/hotspot/src/share/vm/prims/jvm.cpp:1322
Event: 6.826 Thread 0x00007fa7cc00a800 Implicit null exception at 0x00007fa7c90b43bf to 0x00007fa7c90b4aa9
Event: 6.911 Thread 0x00007fa7cc19d800 Implicit null exception at 0x00007fa7c90ca901 to 0x00007fa7c90cc825
Event: 6.985 Thread 0x00007fa7cc00a800 Threw 0x00000000ec36e5f0 at /build/openjdk-7-hZgspp/openjdk-7-7u101-2.6.6/build/openjdk/hotspot/src/share/vm/prims/jvm.cpp:1322
Event: 8.771 Thread 0x00007fa7cc19d800 Threw 0x00000000ec538258 at /build/openjdk-7-hZgspp/openjdk-7-7u101-2.6.6/build/openjdk/hotspot/src/share/vm/prims/jvm.cpp:1322
Event: 9.797 Thread 0x00007fa7cc19a800 Threw 0x00000000ed5152a8 at /build/openjdk-7-hZgspp/openjdk-7-7u101-2.6.6/build/openjdk/hotspot/src/share/vm/prims/jvm.cpp:1322
Event: 15.084 Thread 0x00007fa7cc00a800 Threw 0x00000000edb9c600 at /build/openjdk-7-hZgspp/openjdk-7-7u101-2.6.6/build/openjdk/hotspot/src/share/vm/prims/jvm.cpp:1322

Events (10 events):
Event: 19.014 Thread 0x00007fa7cc0ae800 flushing nmethod 0x00007fa7c90b3b50
Event: 19.121 Thread 0x00007fa7cc0ae800 flushing nmethod 0x00007fa7c90ba4d0
Event: 19.121 Thread 0x00007fa7cc0ae800 flushing nmethod 0x00007fa7c90c9850
Event: 19.144 Thread 0x00007fa7cc0ae800 flushing nmethod 0x00007fa7c90e8f10
Event: 19.985 Thread 0x00007fa7cc0ab800 flushing nmethod 0x00007fa7c9095310
Event: 19.986 Thread 0x00007fa7cc0ab800 flushing nmethod 0x00007fa7c90a8510
Event: 20.376 Thread 0x00007fa7cc0ab800 flushing nmethod 0x00007fa7c90d6c90
Event: 20.376 Thread 0x00007fa7cc0ab800 flushing nmethod 0x00007fa7c90e3150
Event: 20.384 Thread 0x00007fa7cc0ab800 flushing nmethod 0x00007fa7c90f7f90
Event: 22.294 Executing VM operation: ParallelGCFailedAllocation


Dynamic libraries:
00400000-00401000 r-xp 00000000 08:05 11799176                           /usr/lib/jvm/java-7-openjdk-amd64/jre/bin/java
00600000-00601000 r--p 00000000 08:05 11799176                           /usr/lib/jvm/java-7-openjdk-amd64/jre/bin/java
00601000-00602000 rw-p 00001000 08:05 11799176                           /usr/lib/jvm/java-7-openjdk-amd64/jre/bin/java
00d50000-00d71000 rw-p 00000000 00:00 0                                  [heap]
b5a00000-b6f00000 rw-p 00000000 00:00 0 
b6f00000-c0000000 rw-p 00000000 00:00 0 
c0000000-c5000000 rw-p 00000000 00:00 0 
c5000000-eaa80000 rw-p 00000000 00:00 0 
eaa80000-f2c80000 rw-p 00000000 00:00 0 
fcb80000-100000000 rw-p 00000000 00:00 0 
7fa77c000000-7fa77c021000 rw-p 00000000 00:00 0 
7fa77c021000-7fa780000000 ---p 00000000 00:00 0 
7fa780000000-7fa780021000 rw-p 00000000 00:00 0 
7fa780021000-7fa784000000 ---p 00000000 00:00 0 
7fa784000000-7fa784021000 rw-p 00000000 00:00 0 
7fa784021000-7fa788000000 ---p 00000000 00:00 0 
7fa788000000-7fa788028000 rw-p 00000000 00:00 0 
7fa788028000-7fa78c000000 ---p 00000000 00:00 0 
7fa78c000000-7fa78c03b000 rw-p 00000000 00:00 0 
7fa78c03b000-7fa790000000 ---p 00000000 00:00 0 
7fa790000000-7fa790021000 rw-p 00000000 00:00 0 
7fa790021000-7fa794000000 ---p 00000000 00:00 0 
7fa796c36000-7fa796c39000 ---p 00000000 00:00 0 
7fa796c39000-7fa796d37000 rw-p 00000000 00:00 0 
7fa796d37000-7fa796d3a000 ---p 00000000 00:00 0 
7fa796d3a000-7fa796e38000 rw-p 00000000 00:00 0 
7fa796e38000-7fa796e3b000 ---p 00000000 00:00 0 
7fa796e3b000-7fa796f39000 rw-p 00000000 00:00 0 
7fa796f39000-7fa796f3c000 ---p 00000000 00:00 0 
7fa796f3c000-7fa79703a000 rw-p 00000000 00:00 0 
7fa79703a000-7fa79703d000 ---p 00000000 00:00 0 
7fa79703d000-7fa79743c000 rw-p 00000000 00:00 0 
7fa79743c000-7fa7974a8000 r-xp 00000000 08:05 12851331                   /lib/x86_64-linux-gnu/libpcre.so.3.13.1
7fa7974a8000-7fa7976a8000 ---p 0006c000 08:05 12851331                   /lib/x86_64-linux-gnu/libpcre.so.3.13.1
7fa7976a8000-7fa7976a9000 r--p 0006c000 08:05 12851331                   /lib/x86_64-linux-gnu/libpcre.so.3.13.1
7fa7976a9000-7fa7976aa000 rw-p 0006d000 08:05 12851331                   /lib/x86_64-linux-gnu/libpcre.so.3.13.1
7fa7976aa000-7fa7976b1000 r-xp 00000000 08:05 11542088                   /usr/lib/x86_64-linux-gnu/libffi.so.6.0.4
7fa7976b1000-7fa7978b0000 ---p 00007000 08:05 11542088                   /usr/lib/x86_64-linux-gnu/libffi.so.6.0.4
7fa7978b0000-7fa7978b1000 r--p 00006000 08:05 11542088                   /usr/lib/x86_64-linux-gnu/libffi.so.6.0.4
7fa7978b1000-7fa7978b2000 rw-p 00007000 08:05 11542088                   /usr/lib/x86_64-linux-gnu/libffi.so.6.0.4
7fa7978b2000-7fa7978c9000 r-xp 00000000 08:05 12845240                   /lib/x86_64-linux-gnu/libresolv-2.21.so
7fa7978c9000-7fa797ac9000 ---p 00017000 08:05 12845240                   /lib/x86_64-linux-gnu/libresolv-2.21.so
7fa797ac9000-7fa797aca000 r--p 00017000 08:05 12845240                   /lib/x86_64-linux-gnu/libresolv-2.21.so
7fa797aca000-7fa797acb000 rw-p 00018000 08:05 12845240                   /lib/x86_64-linux-gnu/libresolv-2.21.so
7fa797acb000-7fa797acd000 rw-p 00000000 00:00 0 
7fa797acd000-7fa797aee000 r-xp 00000000 08:05 12851333                   /lib/x86_64-linux-gnu/libselinux.so.1
7fa797aee000-7fa797ced000 ---p 00021000 08:05 12851333                   /lib/x86_64-linux-gnu/libselinux.so.1
7fa797ced000-7fa797cee000 r--p 00020000 08:05 12851333                   /lib/x86_64-linux-gnu/libselinux.so.1
7fa797cee000-7fa797cef000 rw-p 00021000 08:05 12851333                   /lib/x86_64-linux-gnu/libselinux.so.1
7fa797cef000-7fa797cf1000 rw-p 00000000 00:00 0 
7fa797cf1000-7fa797dfe000 r-xp 00000000 08:05 12845862                   /lib/x86_64-linux-gnu/libglib-2.0.so.0.4600.2
7fa797dfe000-7fa797ffd000 ---p 0010d000 08:05 12845862                   /lib/x86_64-linux-gnu/libglib-2.0.so.0.4600.2
7fa797ffd000-7fa797ffe000 r--p 0010c000 08:05 12845862                   /lib/x86_64-linux-gnu/libglib-2.0.so.0.4600.2
7fa797ffe000-7fa797fff000 rw-p 0010d000 08:05 12845862                   /lib/x86_64-linux-gnu/libglib-2.0.so.0.4600.2
7fa797fff000-7fa798000000 rw-p 00000000 00:00 0 
7fa798000000-7fa7997cd000 rw-p 00000000 00:00 0 
7fa7997cd000-7fa79c000000 ---p 00000000 00:00 0 
7fa79c000000-7fa79c021000 rw-p 00000000 00:00 0 
7fa79c021000-7fa7a0000000 ---p 00000000 00:00 0 
7fa7a0000000-7fa7a0021000 rw-p 00000000 00:00 0 
7fa7a0021000-7fa7a4000000 ---p 00000000 00:00 0 
7fa7a4000000-7fa7a56c9000 rw-p 00000000 00:00 0 
7fa7a56c9000-7fa7a8000000 ---p 00000000 00:00 0 
7fa7a8000000-7fa7a8021000 rw-p 00000000 00:00 0 
7fa7a8021000-7fa7ac000000 ---p 00000000 00:00 0 
7fa7ac000000-7fa7ac021000 rw-p 00000000 00:00 0 
7fa7ac021000-7fa7b0000000 ---p 00000000 00:00 0 
7fa7b0000000-7fa7b0021000 rw-p 00000000 00:00 0 
7fa7b0021000-7fa7b4000000 ---p 00000000 00:00 0 
7fa7b4000000-7fa7b4021000 rw-p 00000000 00:00 0 
7fa7b4021000-7fa7b8000000 ---p 00000000 00:00 0 
7fa7b8000000-7fa7b8021000 rw-p 00000000 00:00 0 
7fa7b8021000-7fa7bc000000 ---p 00000000 00:00 0 
7fa7bc000000-7fa7bc021000 rw-p 00000000 00:00 0 
7fa7bc021000-7fa7c0000000 ---p 00000000 00:00 0 
7fa7c0000000-7fa7c0021000 rw-p 00000000 00:00 0 
7fa7c0021000-7fa7c4000000 ---p 00000000 00:00 0 
7fa7c40d4000-7fa7c40d7000 r-xp 00000000 08:05 11534990                   /usr/lib/x86_64-linux-gnu/libgmodule-2.0.so.0.4600.2
7fa7c40d7000-7fa7c42d6000 ---p 00003000 08:05 11534990                   /usr/lib/x86_64-linux-gnu/libgmodule-2.0.so.0.4600.2
7fa7c42d6000-7fa7c42d7000 r--p 00002000 08:05 11534990                   /usr/lib/x86_64-linux-gnu/libgmodule-2.0.so.0.4600.2
7fa7c42d7000-7fa7c42d8000 rw-p 00003000 08:05 11534990                   /usr/lib/x86_64-linux-gnu/libgmodule-2.0.so.0.4600.2
7fa7c42d8000-7fa7c432a000 r-xp 00000000 08:05 11534989                   /usr/lib/x86_64-linux-gnu/libgobject-2.0.so.0.4600.2
7fa7c432a000-7fa7c4529000 ---p 00052000 08:05 11534989                   /usr/lib/x86_64-linux-gnu/libgobject-2.0.so.0.4600.2
7fa7c4529000-7fa7c452a000 r--p 00051000 08:05 11534989                   /usr/lib/x86_64-linux-gnu/libgobject-2.0.so.0.4600.2
7fa7c452a000-7fa7c452b000 rw-p 00052000 08:05 11534989                   /usr/lib/x86_64-linux-gnu/libgobject-2.0.so.0.4600.2
7fa7c452b000-7fa7c46a5000 r-xp 00000000 08:05 11534988                   /usr/lib/x86_64-linux-gnu/libgio-2.0.so.0.4600.2
7fa7c46a5000-7fa7c48a4000 ---p 0017a000 08:05 11534988                   /usr/lib/x86_64-linux-gnu/libgio-2.0.so.0.4600.2
7fa7c48a4000-7fa7c48a8000 r--p 00179000 08:05 11534988                   /usr/lib/x86_64-linux-gnu/libgio-2.0.so.0.4600.2
7fa7c48a8000-7fa7c48aa000 rw-p 0017d000 08:05 11534988                   /usr/lib/x86_64-linux-gnu/libgio-2.0.so.0.4600.2
7fa7c48aa000-7fa7c48ac000 rw-p 00000000 00:00 0 
7fa7c48ac000-7fa7c48c3000 r-xp 00000000 08:05 11799198                   /usr/lib/jvm/java-7-openjdk-amd64/jre/lib/amd64/libnet.so
7fa7c48c3000-7fa7c4ac3000 ---p 00017000 08:05 11799198                   /usr/lib/jvm/java-7-openjdk-amd64/jre/lib/amd64/libnet.so
7fa7c4ac3000-7fa7c4ac4000 r--p 00017000 08:05 11799198                   /usr/lib/jvm/java-7-openjdk-amd64/jre/lib/amd64/libnet.so
7fa7c4ac4000-7fa7c4ac5000 rw-p 00018000 08:05 11799198                   /usr/lib/jvm/java-7-openjdk-amd64/jre/lib/amd64/libnet.so
7fa7c4ac5000-7fa7c4ad6000 r-xp 00000000 08:05 11799220                   /usr/lib/jvm/java-7-openjdk-amd64/jre/lib/amd64/libnio.so
7fa7c4ad6000-7fa7c4cd5000 ---p 00011000 08:05 11799220                   /usr/lib/jvm/java-7-openjdk-amd64/jre/lib/amd64/libnio.so
7fa7c4cd5000-7fa7c4cd6000 r--p 00010000 08:05 11799220                   /usr/lib/jvm/java-7-openjdk-amd64/jre/lib/amd64/libnio.so
7fa7c4cd6000-7fa7c4cd7000 rw-p 00011000 08:05 11799220                   /usr/lib/jvm/java-7-openjdk-amd64/jre/lib/amd64/libnio.so
7fa7c4cd7000-7fa7c4cd8000 ---p 00000000 00:00 0 
7fa7c4cd8000-7fa7c4dd8000 rw-p 00000000 00:00 0 
7fa7c4dd8000-7fa7c4ddb000 ---p 00000000 00:00 0 
7fa7c4ddb000-7fa7c4ed9000 rw-p 00000000 00:00 0 
7fa7c4ed9000-7fa7c4edc000 ---p 00000000 00:00 0 
7fa7c4edc000-7fa7c4fda000 rw-p 00000000 00:00 0 
7fa7c4fda000-7fa7c4fdd000 ---p 00000000 00:00 0 
7fa7c4fdd000-7fa7c50db000 rw-p 00000000 00:00 0 
7fa7c50db000-7fa7c50de000 ---p 00000000 00:00 0 
7fa7c50de000-7fa7c51dc000 rw-p 00000000 00:00 0 
7fa7c51dc000-7fa7c58be000 r--p 00000000 08:05 11541696                   /usr/lib/locale/locale-archive
7fa7c58be000-7fa7c58c1000 ---p 00000000 00:00 0 
7fa7c58c1000-7fa7c59bf000 rw-p 00000000 00:00 0 
7fa7c59bf000-7fa7c59c2000 ---p 00000000 00:00 0 
7fa7c59c2000-7fa7c5ac0000 rw-p 00000000 00:00 0 
7fa7c5ac0000-7fa7c5ac1000 ---p 00000000 00:00 0 
7fa7c5ac1000-7fa7c9000000 rw-p 00000000 00:00 0 
7fa7c9000000-7fa7c9270000 rwxp 00000000 00:00 0 
7fa7c9270000-7fa7cc1dc000 rw-p 00000000 00:00 0 
7fa7cc1dc000-7fa7d0000000 ---p 00000000 00:00 0 
7fa7d0018000-7fa7d001f000 r--s 00000000 08:05 11799658                   /usr/lib/x86_64-linux-gnu/gconv/gconv-modules.cache
7fa7d001f000-7fa7d0033000 r--p 00000000 08:05 12718168                   /usr/share/locale-langpack/zh_CN/LC_MESSAGES/libc.mo
7fa7d0033000-7fa7d003d000 r--s 0008b000 08:05 4194374                    /home/zuojj/workdir/filemanager/YMfileManager/app/build/intermediates/exploded-aar/com.android.support/appcompat-v7/23.3.0/jars/classes.jar
7fa7d003d000-7fa7d004c000 r--s 000df000 08:05 2098534                    /home/zuojj/Android/Sdk/build-tools/23.0.3/lib/dx.jar
7fa7d004c000-7fa7d0050000 r--s 00034000 08:05 11799245                   /usr/lib/jvm/java-7-openjdk-amd64/jre/lib/ext/sunjce_provider.jar
7fa7d0050000-7fa7d013e000 rw-p 00000000 00:00 0 
7fa7d013e000-7fa7d02f0000 r--s 01d32000 08:05 11799233                   /usr/lib/jvm/java-7-openjdk-amd64/jre/lib/rt.jar
7fa7d02f0000-7fa7d063c000 rw-p 00000000 00:00 0 
7fa7d063c000-7fa7d063d000 ---p 00000000 00:00 0 
7fa7d063d000-7fa7d073d000 rw-p 00000000 00:00 0 
7fa7d073d000-7fa7d073e000 ---p 00000000 00:00 0 
7fa7d073e000-7fa7d083e000 rw-p 00000000 00:00 0 
7fa7d083e000-7fa7d083f000 ---p 00000000 00:00 0 
7fa7d083f000-7fa7d093f000 rw-p 00000000 00:00 0 
7fa7d093f000-7fa7d0940000 ---p 00000000 00:00 0 
7fa7d0940000-7fa7d0a4b000 rw-p 00000000 00:00 0 
7fa7d0a4b000-7fa7d0a93000 rw-p 00000000 00:00 0 
7fa7d0a93000-7fa7d0abb000 rw-p 00000000 00:00 0 
7fa7d0abb000-7fa7d0be9000 rw-p 00000000 00:00 0 
7fa7d0be9000-7fa7d0bf4000 rw-p 00000000 00:00 0 
7fa7d0bf4000-7fa7d0c3c000 rw-p 00000000 00:00 0 
7fa7d0c3c000-7fa7d0c64000 rw-p 00000000 00:00 0 
7fa7d0c64000-7fa7d0d91000 rw-p 00000000 00:00 0 
7fa7d0d91000-7fa7d0dd3000 rw-p 00000000 00:00 0 
7fa7d0dd3000-7fa7d0e3c000 rw-p 00000000 00:00 0 
7fa7d0e3c000-7fa7d0e3d000 rw-p 00000000 00:00 0 
7fa7d0e3d000-7fa7d0e45000 r-xp 00000000 08:05 11799203                   /usr/lib/jvm/java-7-openjdk-amd64/jre/lib/amd64/libzip.so
7fa7d0e45000-7fa7d1044000 ---p 00008000 08:05 11799203                   /usr/lib/jvm/java-7-openjdk-amd64/jre/lib/amd64/libzip.so
7fa7d1044000-7fa7d1045000 r--p 00007000 08:05 11799203                   /usr/lib/jvm/java-7-openjdk-amd64/jre/lib/amd64/libzip.so
7fa7d1045000-7fa7d1046000 rw-p 00008000 08:05 11799203                   /usr/lib/jvm/java-7-openjdk-amd64/jre/lib/amd64/libzip.so
7fa7d1046000-7fa7d1050000 r-xp 00000000 08:05 12845228                   /lib/x86_64-linux-gnu/libnss_files-2.21.so
7fa7d1050000-7fa7d1250000 ---p 0000a000 08:05 12845228                   /lib/x86_64-linux-gnu/libnss_files-2.21.so
7fa7d1250000-7fa7d1251000 r--p 0000a000 08:05 12845228                   /lib/x86_64-linux-gnu/libnss_files-2.21.so
7fa7d1251000-7fa7d1252000 rw-p 0000b000 08:05 12845228                   /lib/x86_64-linux-gnu/libnss_files-2.21.so
7fa7d1252000-7fa7d125d000 r-xp 00000000 08:05 12845242                   /lib/x86_64-linux-gnu/libnss_nis-2.21.so
7fa7d125d000-7fa7d145c000 ---p 0000b000 08:05 12845242                   /lib/x86_64-linux-gnu/libnss_nis-2.21.so
7fa7d145c000-7fa7d145d000 r--p 0000a000 08:05 12845242                   /lib/x86_64-linux-gnu/libnss_nis-2.21.so
7fa7d145d000-7fa7d145e000 rw-p 0000b000 08:05 12845242                   /lib/x86_64-linux-gnu/libnss_nis-2.21.so
7fa7d145e000-7fa7d1475000 r-xp 00000000 08:05 12845245                   /lib/x86_64-linux-gnu/libnsl-2.21.so
7fa7d1475000-7fa7d1674000 ---p 00017000 08:05 12845245                   /lib/x86_64-linux-gnu/libnsl-2.21.so
7fa7d1674000-7fa7d1675000 r--p 00016000 08:05 12845245                   /lib/x86_64-linux-gnu/libnsl-2.21.so
7fa7d1675000-7fa7d1676000 rw-p 00017000 08:05 12845245                   /lib/x86_64-linux-gnu/libnsl-2.21.so
7fa7d1676000-7fa7d1678000 rw-p 00000000 00:00 0 
7fa7d1678000-7fa7d1680000 r-xp 00000000 08:05 12845230                   /lib/x86_64-linux-gnu/libnss_compat-2.21.so
7fa7d1680000-7fa7d187f000 ---p 00008000 08:05 12845230                   /lib/x86_64-linux-gnu/libnss_compat-2.21.so
7fa7d187f000-7fa7d1880000 r--p 00007000 08:05 12845230                   /lib/x86_64-linux-gnu/libnss_compat-2.21.so
7fa7d1880000-7fa7d1881000 rw-p 00008000 08:05 12845230                   /lib/x86_64-linux-gnu/libnss_compat-2.21.so
7fa7d1881000-7fa7d18ad000 r-xp 00000000 08:05 11799189                   /usr/lib/jvm/java-7-openjdk-amd64/jre/lib/amd64/libjava.so
7fa7d18ad000-7fa7d1aac000 ---p 0002c000 08:05 11799189                   /usr/lib/jvm/java-7-openjdk-amd64/jre/lib/amd64/libjava.so
7fa7d1aac000-7fa7d1aad000 r--p 0002b000 08:05 11799189                   /usr/lib/jvm/java-7-openjdk-amd64/jre/lib/amd64/libjava.so
7fa7d1aad000-7fa7d1aaf000 rw-p 0002c000 08:05 11799189                   /usr/lib/jvm/java-7-openjdk-amd64/jre/lib/amd64/libjava.so
7fa7d1aaf000-7fa7d1abe000 r-xp 00000000 08:05 11799190                   /usr/lib/jvm/java-7-openjdk-amd64/jre/lib/amd64/libverify.so
7fa7d1abe000-7fa7d1cbd000 ---p 0000f000 08:05 11799190                   /usr/lib/jvm/java-7-openjdk-amd64/jre/lib/amd64/libverify.so
7fa7d1cbd000-7fa7d1cbf000 r--p 0000e000 08:05 11799190                   /usr/lib/jvm/java-7-openjdk-amd64/jre/lib/amd64/libverify.so
7fa7d1cbf000-7fa7d1cc0000 rw-p 00010000 08:05 11799190                   /usr/lib/jvm/java-7-openjdk-amd64/jre/lib/amd64/libverify.so
7fa7d1cc0000-7fa7d1cc7000 r-xp 00000000 08:05 12845229                   /lib/x86_64-linux-gnu/librt-2.21.so
7fa7d1cc7000-7fa7d1ec6000 ---p 00007000 08:05 12845229                   /lib/x86_64-linux-gnu/librt-2.21.so
7fa7d1ec6000-7fa7d1ec7000 r--p 00006000 08:05 12845229                   /lib/x86_64-linux-gnu/librt-2.21.so
7fa7d1ec7000-7fa7d1ec8000 rw-p 00007000 08:05 12845229                   /lib/x86_64-linux-gnu/librt-2.21.so
7fa7d1ec8000-7fa7d1ede000 r-xp 00000000 08:05 12849246                   /lib/x86_64-linux-gnu/libgcc_s.so.1
7fa7d1ede000-7fa7d20dd000 ---p 00016000 08:05 12849246                   /lib/x86_64-linux-gnu/libgcc_s.so.1
7fa7d20dd000-7fa7d20de000 r--p 00015000 08:05 12849246                   /lib/x86_64-linux-gnu/libgcc_s.so.1
7fa7d20de000-7fa7d20df000 rw-p 00016000 08:05 12849246                   /lib/x86_64-linux-gnu/libgcc_s.so.1
7fa7d20df000-7fa7d21e6000 r-xp 00000000 08:05 12845231                   /lib/x86_64-linux-gnu/libm-2.21.so
7fa7d21e6000-7fa7d23e5000 ---p 00107000 08:05 12845231                   /lib/x86_64-linux-gnu/libm-2.21.so
7fa7d23e5000-7fa7d23e6000 r--p 00106000 08:05 12845231                   /lib/x86_64-linux-gnu/libm-2.21.so
7fa7d23e6000-7fa7d23e7000 rw-p 00107000 08:05 12845231                   /lib/x86_64-linux-gnu/libm-2.21.so
7fa7d23e7000-7fa7d255a000 r-xp 00000000 08:05 11541573                   /usr/lib/x86_64-linux-gnu/libstdc++.so.6.0.21
7fa7d255a000-7fa7d2759000 ---p 00173000 08:05 11541573                   /usr/lib/x86_64-linux-gnu/libstdc++.so.6.0.21
7fa7d2759000-7fa7d2763000 r--p 00172000 08:05 11541573                   /usr/lib/x86_64-linux-gnu/libstdc++.so.6.0.21
7fa7d2763000-7fa7d2765000 rw-p 0017c000 08:05 11541573                   /usr/lib/x86_64-linux-gnu/libstdc++.so.6.0.21
7fa7d2765000-7fa7d2769000 rw-p 00000000 00:00 0 
7fa7d2769000-7fa7d32bc000 r-xp 00000000 08:05 11799201                   /usr/lib/jvm/java-7-openjdk-amd64/jre/lib/amd64/server/libjvm.so
7fa7d32bc000-7fa7d34bb000 ---p 00b53000 08:05 11799201                   /usr/lib/jvm/java-7-openjdk-amd64/jre/lib/amd64/server/libjvm.so
7fa7d34bb000-7fa7d354c000 r--p 00b52000 08:05 11799201                   /usr/lib/jvm/java-7-openjdk-amd64/jre/lib/amd64/server/libjvm.so
7fa7d354c000-7fa7d356f000 rw-p 00be3000 08:05 11799201                   /usr/lib/jvm/java-7-openjdk-amd64/jre/lib/amd64/server/libjvm.so
7fa7d356f000-7fa7d359c000 rw-p 00000000 00:00 0 
7fa7d359c000-7fa7d35b5000 r-xp 00000000 08:05 12846150                   /lib/x86_64-linux-gnu/libz.so.1.2.8
7fa7d35b5000-7fa7d37b4000 ---p 00019000 08:05 12846150                   /lib/x86_64-linux-gnu/libz.so.1.2.8
7fa7d37b4000-7fa7d37b5000 r--p 00018000 08:05 12846150                   /lib/x86_64-linux-gnu/libz.so.1.2.8
7fa7d37b5000-7fa7d37b6000 rw-p 00019000 08:05 12846150                   /lib/x86_64-linux-gnu/libz.so.1.2.8
7fa7d37b6000-7fa7d37ce000 r-xp 00000000 08:05 12845232                   /lib/x86_64-linux-gnu/libpthread-2.21.so
7fa7d37ce000-7fa7d39ce000 ---p 00018000 08:05 12845232                   /lib/x86_64-linux-gnu/libpthread-2.21.so
7fa7d39ce000-7fa7d39cf000 r--p 00018000 08:05 12845232                   /lib/x86_64-linux-gnu/libpthread-2.21.so
7fa7d39cf000-7fa7d39d0000 rw-p 00019000 08:05 12845232                   /lib/x86_64-linux-gnu/libpthread-2.21.so
7fa7d39d0000-7fa7d39d4000 rw-p 00000000 00:00 0 
7fa7d39d4000-7fa7d39d7000 r-xp 00000000 08:05 12845235                   /lib/x86_64-linux-gnu/libdl-2.21.so
7fa7d39d7000-7fa7d3bd6000 ---p 00003000 08:05 12845235                   /lib/x86_64-linux-gnu/libdl-2.21.so
7fa7d3bd6000-7fa7d3bd7000 r--p 00002000 08:05 12845235                   /lib/x86_64-linux-gnu/libdl-2.21.so
7fa7d3bd7000-7fa7d3bd8000 rw-p 00003000 08:05 12845235                   /lib/x86_64-linux-gnu/libdl-2.21.so
7fa7d3bd8000-7fa7d3d98000 r-xp 00000000 08:05 12845248                   /lib/x86_64-linux-gnu/libc-2.21.so
7fa7d3d98000-7fa7d3f98000 ---p 001c0000 08:05 12845248                   /lib/x86_64-linux-gnu/libc-2.21.so
7fa7d3f98000-7fa7d3f9c000 r--p 001c0000 08:05 12845248                   /lib/x86_64-linux-gnu/libc-2.21.so
7fa7d3f9c000-7fa7d3f9e000 rw-p 001c4000 08:05 12845248                   /lib/x86_64-linux-gnu/libc-2.21.so
7fa7d3f9e000-7fa7d3fa2000 rw-p 00000000 00:00 0 
7fa7d3fa2000-7fa7d3faf000 r-xp 00000000 08:05 11799217                   /usr/lib/jvm/java-7-openjdk-amd64/jre/lib/amd64/jli/libjli.so
7fa7d3faf000-7fa7d41ae000 ---p 0000d000 08:05 11799217                   /usr/lib/jvm/java-7-openjdk-amd64/jre/lib/amd64/jli/libjli.so
7fa7d41ae000-7fa7d41af000 r--p 0000c000 08:05 11799217                   /usr/lib/jvm/java-7-openjdk-amd64/jre/lib/amd64/jli/libjli.so
7fa7d41af000-7fa7d41b0000 rw-p 0000d000 08:05 11799217                   /usr/lib/jvm/java-7-openjdk-amd64/jre/lib/amd64/jli/libjli.so
7fa7d41b0000-7fa7d41d4000 r-xp 00000000 08:05 12845246                   /lib/x86_64-linux-gnu/ld-2.21.so
7fa7d41d6000-7fa7d41f8000 rw-p 00000000 00:00 0 
7fa7d41f8000-7fa7d42ae000 rw-p 00000000 00:00 0 
7fa7d42ae000-7fa7d42b1000 ---p 00000000 00:00 0 
7fa7d42b1000-7fa7d43b4000 rw-p 00000000 00:00 0 
7fa7d43b6000-7fa7d43b7000 rw-p 00000000 00:00 0 
7fa7d43b7000-7fa7d43ba000 r--s 0000f000 08:05 11799246                   /usr/lib/jvm/java-7-openjdk-amd64/jre/lib/ext/icedtea-sound.jar
7fa7d43ba000-7fa7d43be000 r--s 00085000 08:05 11799247                   /usr/lib/jvm/java-7-openjdk-amd64/jre/lib/ext/localedata.jar
7fa7d43be000-7fa7d43c2000 r--s 0003c000 08:05 11799248                   /usr/lib/jvm/java-7-openjdk-amd64/jre/lib/ext/sunpkcs11.jar
7fa7d43c2000-7fa7d43c4000 r--s 00012000 08:05 11799244                   /usr/lib/jvm/java-7-openjdk-amd64/jre/lib/ext/zipfs.jar
7fa7d43c4000-7fa7d43c6000 r--s 00007000 08:05 12061105                   /usr/share/java/java-atk-wrapper.jar
7fa7d43c6000-7fa7d43c7000 r--s 00002000 08:05 11799243                   /usr/lib/jvm/java-7-openjdk-amd64/jre/lib/ext/dnsns.jar
7fa7d43c7000-7fa7d43cf000 rw-s 00000000 08:05 8651179                    /tmp/hsperfdata_zuojj/13526
7fa7d43cf000-7fa7d43d0000 rw-p 00000000 00:00 0 
7fa7d43d0000-7fa7d43d1000 ---p 00000000 00:00 0 
7fa7d43d1000-7fa7d43d3000 rw-p 00000000 00:00 0 
7fa7d43d3000-7fa7d43d4000 r--p 00023000 08:05 12845246                   /lib/x86_64-linux-gnu/ld-2.21.so
7fa7d43d4000-7fa7d43d5000 rw-p 00024000 08:05 12845246                   /lib/x86_64-linux-gnu/ld-2.21.so
7fa7d43d5000-7fa7d43d6000 rw-p 00000000 00:00 0 
7ffc940d0000-7ffc940f1000 rw-p 00000000 00:00 0                          [stack]
7ffc94158000-7ffc9415a000 r--p 00000000 00:00 0                          [vvar]
7ffc9415a000-7ffc9415c000 r-xp 00000000 00:00 0                          [vdso]
ffffffffff600000-ffffffffff601000 r-xp 00000000 00:00 0                  [vsyscall]

VM Arguments:
jvm_args: -Djava.awt.headless=true -Xmx1024M -Dfile.encoding=UTF-8 -Duser.country=CN -Duser.language=zh -Duser.variant 
java_command: com.android.dx.command.Main --dex --force-jumbo --num-threads=4 --output /home/zuojj/workdir/filemanager/YMfileManager/app/build/intermediates/pre-dexed/debug/com.android.support-appcompat-v7-23.3.0_4e91a91fcd17048636de6eca2f93fb9b948b03af.jar /home/zuojj/workdir/filemanager/YMfileManager/app/build/intermediates/exploded-aar/com.android.support/appcompat-v7/23.3.0/jars/classes.jar
Launcher Type: SUN_STANDARD

Environment Variables:
JAVA_HOME=/usr/local/java/jdk1.7.0_95
JRE_HOME=/usr/local/java/jre1.7.0_95
PATH=/home/zuojj/bin:/usr/local/sbin:/usr/local/bin:/usr/sbin:/usr/bin:/sbin:/bin:/usr/games:/usr/local/games:/usr/local/java/jre1.7.0_95/bin:/usr/local/java/jdk1.7.0_95/bin
LD_LIBRARY_PATH=/opt/android-studio/bin:
SHELL=/usr/bin/zsh
DISPLAY=:0

Signal Handlers:
SIGSEGV: [libjvm.so+0x996e60], sa_mask[0]=0x7ffbfeff, sa_flags=0x10000004
SIGBUS: [libjvm.so+0x996e60], sa_mask[0]=0x7ffbfeff, sa_flags=0x10000004
SIGFPE: [libjvm.so+0x7fdc90], sa_mask[0]=0x7ffbfeff, sa_flags=0x10000004
SIGPIPE: [libjvm.so+0x7fdc90], sa_mask[0]=0x7ffbfeff, sa_flags=0x10000004
SIGXFSZ: [libjvm.so+0x7fdc90], sa_mask[0]=0x7ffbfeff, sa_flags=0x10000004
SIGILL: [libjvm.so+0x7fdc90], sa_mask[0]=0x7ffbfeff, sa_flags=0x10000004
SIGUSR1: SIG_DFL, sa_mask[0]=0x00000000, sa_flags=0x00000000
SIGUSR2: [libjvm.so+0x7fdb10], sa_mask[0]=0x00000004, sa_flags=0x10000004
SIGHUP: [libjvm.so+0x7fdca0], sa_mask[0]=0x7ffbfeff, sa_flags=0x10000004
SIGINT: [libjvm.so+0x7fdca0], sa_mask[0]=0x7ffbfeff, sa_flags=0x10000004
SIGTERM: [libjvm.so+0x7fdca0], sa_mask[0]=0x7ffbfeff, sa_flags=0x10000004
SIGQUIT: [libjvm.so+0x7fdca0], sa_mask[0]=0x7ffbfeff, sa_flags=0x10000004
SIGTRAP: SIG_DFL, sa_mask[0]=0x00000000, sa_flags=0x00000000


---------------  S Y S T E M  ---------------

OS:Ubuntu 15.10 (wily)
uname:Linux 4.2.0-36-generic #42-Ubuntu SMP Thu May 12 22:05:35 UTC 2016 x86_64
libc:glibc 2.21 NPTL 2.21 
rlimit: STACK 8192k, CORE 0k, NPROC 30593, NOFILE 65536, AS infinity
load average:11.57 4.33 2.32

/proc/meminfo:
MemTotal:        7868668 kB
MemFree:           58516 kB
MemAvailable:      80424 kB
Buffers:             528 kB
Cached:          2426384 kB
SwapCached:            0 kB
Active:          5371808 kB
Inactive:        2253900 kB
Active(anon):    5362432 kB
Inactive(anon):  2243864 kB
Active(file):       9376 kB
Inactive(file):    10036 kB
Unevictable:          32 kB
Mlocked:              32 kB
SwapTotal:             0 kB
SwapFree:              0 kB
Dirty:               432 kB
Writeback:             0 kB
AnonPages:       5198936 kB
Mapped:           740796 kB
Shmem:           2407392 kB
Slab:              77536 kB
SReclaimable:      40032 kB
SUnreclaim:        37504 kB
KernelStack:       11072 kB
PageTables:        42716 kB
NFS_Unstable:          0 kB
Bounce:                0 kB
WritebackTmp:          0 kB
CommitLimit:     3934332 kB
Committed_AS:   12353212 kB
VmallocTotal:   34359738367 kB
VmallocUsed:      365588 kB
VmallocChunk:   34358947836 kB
HardwareCorrupted:     0 kB
AnonHugePages:   3584000 kB
CmaTotal:              0 kB
CmaFree:               0 kB
HugePages_Total:       0
HugePages_Free:        0
HugePages_Rsvd:        0
HugePages_Surp:        0
Hugepagesize:       2048 kB
DirectMap4k:      125700 kB
DirectMap2M:     6903808 kB
DirectMap1G:     2097152 kB


CPU:total 4 (2 cores per cpu, 2 threads per core) family 6 model 61 stepping 4, cmov, cx8, fxsr, mmx, sse, sse2, sse3, ssse3, sse4.1, sse4.2, popcnt, avx, avx2, erms, ht, tsc, tscinvbit

/proc/cpuinfo:
processor	: 0
vendor_id	: GenuineIntel
cpu family	: 6
model		: 61
model name	: Intel(R) Core(TM) i5-5200U CPU @ 2.20GHz
stepping	: 4
microcode	: 0x21
cpu MHz		: 2377.375
cache size	: 3072 KB
physical id	: 0
siblings	: 4
core id		: 0
cpu cores	: 2
apicid		: 0
initial apicid	: 0
fpu		: yes
fpu_exception	: yes
cpuid level	: 20
wp		: yes
flags		: fpu vme de pse tsc msr pae mce cx8 apic sep mtrr pge mca cmov pat pse36 clflush dts acpi mmx fxsr sse sse2 ss ht tm pbe syscall nx pdpe1gb rdtscp lm constant_tsc arch_perfmon pebs bts rep_good nopl xtopology nonstop_tsc aperfmperf eagerfpu pni pclmulqdq dtes64 monitor ds_cpl vmx est tm2 ssse3 fma cx16 xtpr pdcm pcid sse4_1 sse4_2 x2apic movbe popcnt tsc_deadline_timer xsave avx f16c rdrand lahf_lm abm 3dnowprefetch ida arat epb pln pts dtherm intel_pt tpr_shadow vnmi flexpriority ept vpid fsgsbase tsc_adjust bmi1 avx2 smep bmi2 erms invpcid rdseed adx smap xsaveopt
bugs		:
bogomips	: 4390.35
clflush size	: 64
cache_alignment	: 64
address sizes	: 39 bits physical, 48 bits virtual
power management:

processor	: 1
vendor_id	: GenuineIntel
cpu family	: 6
model		: 61
model name	: Intel(R) Core(TM) i5-5200U CPU @ 2.20GHz
stepping	: 4
microcode	: 0x21
cpu MHz		: 2430.054
cache size	: 3072 KB
physical id	: 0
siblings	: 4
core id		: 0
cpu cores	: 2
apicid		: 1
initial apicid	: 1
fpu		: yes
fpu_exception	: yes
cpuid level	: 20
wp		: yes
flags		: fpu vme de pse tsc msr pae mce cx8 apic sep mtrr pge mca cmov pat pse36 clflush dts acpi mmx fxsr sse sse2 ss ht tm pbe syscall nx pdpe1gb rdtscp lm constant_tsc arch_perfmon pebs bts rep_good nopl xtopology nonstop_tsc aperfmperf eagerfpu pni pclmulqdq dtes64 monitor ds_cpl vmx est tm2 ssse3 fma cx16 xtpr pdcm pcid sse4_1 sse4_2 x2apic movbe popcnt tsc_deadline_timer xsave avx f16c rdrand lahf_lm abm 3dnowprefetch ida arat epb pln pts dtherm intel_pt tpr_shadow vnmi flexpriority ept vpid fsgsbase tsc_adjust bmi1 avx2 smep bmi2 erms invpcid rdseed adx smap xsaveopt
bugs		:
bogomips	: 4390.35
clflush size	: 64
cache_alignment	: 64
address sizes	: 39 bits physical, 48 bits virtual
power management:

processor	: 2
vendor_id	: GenuineIntel
cpu family	: 6
model		: 61
model name	: Intel(R) Core(TM) i5-5200U CPU @ 2.20GHz
stepping	: 4
microcode	: 0x21
cpu MHz		: 2558.187
cache size	: 3072 KB
physical id	: 0
siblings	: 4
core id		: 1
cpu cores	: 2
apicid		: 2
initial apicid	: 2
fpu		: yes
fpu_exception	: yes
cpuid level	: 20
wp		: yes
flags		: fpu vme de pse tsc msr pae mce cx8 apic sep mtrr pge mca cmov pat pse36 clflush dts acpi mmx fxsr sse sse2 ss ht tm pbe syscall nx pdpe1gb rdtscp lm constant_tsc arch_perfmon pebs bts rep_good nopl xtopology nonstop_tsc aperfmperf eagerfpu pni pclmulqdq dtes64 monitor ds_cpl vmx est tm2 ssse3 fma cx16 xtpr pdcm pcid sse4_1 sse4_2 x2apic movbe popcnt tsc_deadline_timer xsave avx f16c rdrand lahf_lm abm 3dnowprefetch ida arat epb pln pts dtherm intel_pt tpr_shadow vnmi flexpriority ept vpid fsgsbase tsc_adjust bmi1 avx2 smep bmi2 erms invpcid rdseed adx smap xsaveopt
bugs		:
bogomips	: 4390.35
clflush size	: 64
cache_alignment	: 64
address sizes	: 39 bits physical, 48 bits virtual
power management:

processor	: 3
vendor_id	: GenuineIntel
cpu family	: 6
model		: 61
model name	: Intel(R) Core(TM) i5-5200U CPU @ 2.20GHz
stepping	: 4
microcode	: 0x21
cpu MHz		: 2500.007
cache size	: 3072 KB
physical id	: 0
siblings	: 4
core id		: 1
cpu cores	: 2
apicid		: 3
initial apicid	: 3
fpu		: yes
fpu_exception	: yes
cpuid level	: 20
wp		: yes
flags		: fpu vme de pse tsc msr pae mce cx8 apic sep mtrr pge mca cmov pat pse36 clflush dts acpi mmx fxsr sse sse2 ss ht tm pbe syscall nx pdpe1gb rdtscp lm constant_tsc arch_perfmon pebs bts rep_good nopl xtopology nonstop_tsc aperfmperf eagerfpu pni pclmulqdq dtes64 monitor ds_cpl vmx est tm2 ssse3 fma cx16 xtpr pdcm pcid sse4_1 sse4_2 x2apic movbe popcnt tsc_deadline_timer xsave avx f16c rdrand lahf_lm abm 3dnowprefetch ida arat epb pln pts dtherm intel_pt tpr_shadow vnmi flexpriority ept vpid fsgsbase tsc_adjust bmi1 avx2 smep bmi2 erms invpcid rdseed adx smap xsaveopt
bugs		:
bogomips	: 4390.35
clflush size	: 64
cache_alignment	: 64
address sizes	: 39 bits physical, 48 bits virtual
power management:



Memory: 4k page, physical 7868668k(58516k free), swap 0k(0k free)

vm_info: OpenJDK 64-Bit Server VM (24.95-b01) for linux-amd64 JRE (1.7.0_101-b00), built on Apr 24 2016 20:35:58 by "buildd" with gcc 5.2.1 20151010

time: Sun Jun 12 16:50:31 2016
elapsed time: 38 seconds

