#
# There is insufficient memory for the Java Runtime Environment to continue.
# Native memory allocation (malloc) failed to allocate 191889408 bytes for committing reserved memory.
# Possible reasons:
#   The system is out of physical RAM or swap space
#   In 32 bit mode, the process size limit was hit
# Possible solutions:
#   Reduce memory load on the system
#   Increase physical memory or swap space
#   Check if swap backing store is full
#   Use 64 bit Java on a 64 bit OS
#   Decrease Java heap size (-Xmx/-Xms)
#   Decrease number of Java threads
#   Decrease Java thread stack sizes (-Xss)
#   Set larger code cache with -XX:ReservedCodeCacheSize=
# This output file may be truncated or incomplete.
#
#  Out of Memory Error (os_linux.cpp:2827), pid=15480, tid=139908200851200
#
# JRE version: OpenJDK Runtime Environment (7.0_101) (build 1.7.0_101-b00)
# Java VM: OpenJDK 64-Bit Server VM (24.95-b01 mixed mode linux-amd64 compressed oops)
# Derivative: IcedTea 2.6.6
# Distribution: Ubuntu 15.10, package 7u101-2.6.6-0ubuntu0.15.10.1
# Failed to write core dump. Core dumps have been disabled. To enable core dumping, try "ulimit -c unlimited" before starting Java again
#

---------------  T H R E A D  ---------------

Current thread (0x00007f3ef0076000):  VMThread [stack: 0x00007f3eea8ce000,0x00007f3eea9cf000] [id=15490]

Stack: [0x00007f3eea8ce000,0x00007f3eea9cf000],  sp=0x00007f3eea9cd4f0,  free space=1021k
Native frames: (J=compiled Java code, j=interpreted, Vv=VM code, C=native code)
V  [libjvm.so+0x996303]
V  [libjvm.so+0x48b94f]
V  [libjvm.so+0x802a2b]
V  [libjvm.so+0x7fce1e]
V  [libjvm.so+0x872f2b]
V  [libjvm.so+0x874873]
V  [libjvm.so+0x870af8]
V  [libjvm.so+0x870ddc]
V  [libjvm.so+0x8263e3]
V  [libjvm.so+0x997da2]
V  [libjvm.so+0x99cae7]
V  [libjvm.so+0x99a378]
V  [libjvm.so+0x99b6ef]
V  [libjvm.so+0x99bbe1]
V  [libjvm.so+0x7ff952]

VM_Operation (0x00007f3ee98e10c0): ParallelGCFailedAllocation, mode: safepoint, requested by thread 0x00007f3ef0197000


---------------  P R O C E S S  ---------------

Java Threads: ( => current thread )
  0x00007f3ef019c800 JavaThread "pool-1-thread-4" [_thread_blocked, id=15502, stack(0x00007f3ee95e0000,0x00007f3ee96e1000)]
  0x00007f3ef019b000 JavaThread "pool-1-thread-3" [_thread_blocked, id=15501, stack(0x00007f3ee96e1000,0x00007f3ee97e2000)]
  0x00007f3ef0197000 JavaThread "pool-1-thread-2" [_thread_blocked, id=15500, stack(0x00007f3ee97e2000,0x00007f3ee98e3000)]
  0x00007f3ef018c800 JavaThread "pool-2-thread-1" [_thread_blocked, id=15499, stack(0x00007f3ee98e3000,0x00007f3ee99e4000)]
  0x00007f3ef018b000 JavaThread "pool-1-thread-1" [_thread_blocked, id=15498, stack(0x00007f3ee99e4000,0x00007f3ee9ae5000)]
  0x00007f3ef00af000 JavaThread "Service Thread" daemon [_thread_blocked, id=15496, stack(0x00007f3ee9be6000,0x00007f3ee9ce7000)]
  0x00007f3ef00ac800 JavaThread "C2 CompilerThread1" daemon [_thread_blocked, id=15495, stack(0x00007f3ee9ce7000,0x00007f3ee9de8000)]
  0x00007f3ef00a9800 JavaThread "C2 CompilerThread0" daemon [_thread_blocked, id=15494, stack(0x00007f3ee9de8000,0x00007f3ee9ee9000)]
  0x00007f3ef00a7800 JavaThread "Signal Dispatcher" daemon [_thread_blocked, id=15493, stack(0x00007f3ee9ee9000,0x00007f3ee9fea000)]
  0x00007f3ef007c800 JavaThread "Finalizer" daemon [_thread_blocked, id=15492, stack(0x00007f3eea6cc000,0x00007f3eea7cd000)]
  0x00007f3ef007a800 JavaThread "Reference Handler" daemon [_thread_blocked, id=15491, stack(0x00007f3eea7cd000,0x00007f3eea8ce000)]
  0x00007f3ef000a800 JavaThread "main" [_thread_blocked, id=15485, stack(0x00007f3ef90c3000,0x00007f3ef91c4000)]

Other Threads:
=>0x00007f3ef0076000 VMThread [stack: 0x00007f3eea8ce000,0x00007f3eea9cf000] [id=15490]
  0x00007f3ef00ba000 WatcherThread [stack: 0x00007f3ee9ae5000,0x00007f3ee9be6000] [id=15497]

VM state:at safepoint (normal execution)

VM Mutex/Monitor currently owned by a thread:  ([mutex/lock_event])
[0x00007f3ef0006a20] Threads_lock - owner thread: 0x00007f3ef0076000
[0x00007f3ef0006f20] Heap_lock - owner thread: 0x00007f3ef0197000

Heap
 PSYoungGen      total 128000K, used 5114K [0x00000000eaa80000, 0x00000000f2c80000, 0x0000000100000000)
  eden space 122880K, 0% used [0x00000000eaa80000,0x00000000eaa80000,0x00000000f2280000)
  from space 5120K, 99% used [0x00000000f2280000,0x00000000f277eb78,0x00000000f2780000)
  to   space 5120K, 0% used [0x00000000f2780000,0x00000000f2780000,0x00000000f2c80000)
 ParOldGen       total 81920K, used 68324K [0x00000000c0000000, 0x00000000c5000000, 0x00000000eaa80000)
  object space 81920K, 83% used [0x00000000c0000000,0x00000000c42b9060,0x00000000c5000000)
 PSPermGen       total 21504K, used 5908K [0x00000000b5a00000, 0x00000000b6f00000, 0x00000000c0000000)
  object space 21504K, 27% used [0x00000000b5a00000,0x00000000b5fc53b0,0x00000000b6f00000)

Card table byte_map: [0x00007f3ef59fe000,0x00007f3ef5c52000] byte_map_base: 0x00007f3ef5451000

Polling page: 0x00007f3ef91e5000

Code Cache  [0x00007f3eed000000, 0x00007f3eed270000, 0x00007f3ef0000000)
 total_blobs=753 nmethods=540 adapters=166 free_code_cache=47101Kb largest_free_block=48152064

Compilation events (10 events):
Event: 5.597 Thread 0x00007f3ef00ac800 nmethod 564 0x00007f3eed0e8010 code [0x00007f3eed0e8160, 0x00007f3eed0e8378]
Event: 5.597 Thread 0x00007f3ef00ac800  565             com.android.dx.util.LabeledList::<init> (57 bytes)
Event: 5.604 Thread 0x00007f3ef00ac800 nmethod 565 0x00007f3eed0e7850 code [0x00007f3eed0e79c0, 0x00007f3eed0e7d88]
Event: 5.605 Thread 0x00007f3ef00ac800  566             com.android.dx.util.FixedSizeList::shrinkToFit (103 bytes)
Event: 5.607 Thread 0x00007f3ef00a9800 nmethod 563 0x00007f3eed0c6810 code [0x00007f3eed0c6980, 0x00007f3eed0c6bd8]
Event: 5.607 Thread 0x00007f3ef00a9800  567             com.android.dx.rop.code.LocalVariableExtractor::doit (49 bytes)
Event: 5.612 Thread 0x00007f3ef00ac800 nmethod 566 0x00007f3eed0c6150 code [0x00007f3eed0c62a0, 0x00007f3eed0c6678]
Event: 5.612 Thread 0x00007f3ef00ac800  568             com.android.dx.dex.code.BlockAddresses::setupArrays (113 bytes)
Event: 5.612 Thread 0x00007f3ef00a9800 nmethod 567 0x00007f3eed0c5b10 code [0x00007f3eed0c5c80, 0x00007f3eed0c5f68]
Event: 5.612 Thread 0x00007f3ef00a9800  569             com.android.dx.dex.code.RopTranslator::outputInstructions (69 bytes)

GC Heap History (9 events):
Event: 0.773 GC heap before
{Heap before GC invocations=1 (full 0):
 PSYoungGen      total 35840K, used 30720K [0x00000000eaa80000, 0x00000000ed280000, 0x0000000100000000)
  eden space 30720K, 100% used [0x00000000eaa80000,0x00000000ec880000,0x00000000ec880000)
  from space 5120K, 0% used [0x00000000ecd80000,0x00000000ecd80000,0x00000000ed280000)
  to   space 5120K, 0% used [0x00000000ec880000,0x00000000ec880000,0x00000000ecd80000)
 ParOldGen       total 81920K, used 0K [0x00000000c0000000, 0x00000000c5000000, 0x00000000eaa80000)
  object space 81920K, 0% used [0x00000000c0000000,0x00000000c0000000,0x00000000c5000000)
 PSPermGen       total 21504K, used 5659K [0x00000000b5a00000, 0x00000000b6f00000, 0x00000000c0000000)
  object space 21504K, 26% used [0x00000000b5a00000,0x00000000b5f86f48,0x00000000b6f00000)
Event: 0.788 GC heap after
Heap after GC invocations=1 (full 0):
 PSYoungGen      total 35840K, used 5114K [0x00000000eaa80000, 0x00000000ef080000, 0x0000000100000000)
  eden space 30720K, 0% used [0x00000000eaa80000,0x00000000eaa80000,0x00000000ec880000)
  from space 5120K, 99% used [0x00000000ec880000,0x00000000ecd7e950,0x00000000ecd80000)
  to   space 5120K, 0% used [0x00000000eeb80000,0x00000000eeb80000,0x00000000ef080000)
 ParOldGen       total 81920K, used 1086K [0x00000000c0000000, 0x00000000c5000000, 0x00000000eaa80000)
  object space 81920K, 1% used [0x00000000c0000000,0x00000000c010fa88,0x00000000c5000000)
 PSPermGen       total 21504K, used 5659K [0x00000000b5a00000, 0x00000000b6f00000, 0x00000000c0000000)
  object space 21504K, 26% used [0x00000000b5a00000,0x00000000b5f86f48,0x00000000b6f00000)
}
Event: 1.385 GC heap before
{Heap before GC invocations=2 (full 0):
 PSYoungGen      total 35840K, used 35834K [0x00000000eaa80000, 0x00000000ef080000, 0x0000000100000000)
  eden space 30720K, 100% used [0x00000000eaa80000,0x00000000ec880000,0x00000000ec880000)
  from space 5120K, 99% used [0x00000000ec880000,0x00000000ecd7e950,0x00000000ecd80000)
  to   space 5120K, 0% used [0x00000000eeb80000,0x00000000eeb80000,0x00000000ef080000)
 ParOldGen       total 81920K, used 1086K [0x00000000c0000000, 0x00000000c5000000, 0x00000000eaa80000)
  object space 81920K, 1% used [0x00000000c0000000,0x00000000c010fa88,0x00000000c5000000)
 PSPermGen       total 21504K, used 5801K [0x00000000b5a00000, 0x00000000b6f00000, 0x00000000c0000000)
  object space 21504K, 26% used [0x00000000b5a00000,0x00000000b5faa5d8,0x00000000b6f00000)
Event: 1.403 GC heap after
Heap after GC invocations=2 (full 0):
 PSYoungGen      total 66560K, used 5093K [0x00000000eaa80000, 0x00000000ef080000, 0x0000000100000000)
  eden space 61440K, 0% used [0x00000000eaa80000,0x00000000eaa80000,0x00000000ee680000)
  from space 5120K, 99% used [0x00000000eeb80000,0x00000000ef079438,0x00000000ef080000)
  to   space 5120K, 0% used [0x00000000ee680000,0x00000000ee680000,0x00000000eeb80000)
 ParOldGen       total 81920K, used 7821K [0x00000000c0000000, 0x00000000c5000000, 0x00000000eaa80000)
  object space 81920K, 9% used [0x00000000c0000000,0x00000000c07a3698,0x00000000c5000000)
 PSPermGen       total 21504K, used 5801K [0x00000000b5a00000, 0x00000000b6f00000, 0x00000000c0000000)
  object space 21504K, 26% used [0x00000000b5a00000,0x00000000b5faa5d8,0x00000000b6f00000)
}
Event: 2.432 GC heap before
{Heap before GC invocations=3 (full 0):
 PSYoungGen      total 66560K, used 66533K [0x00000000eaa80000, 0x00000000ef080000, 0x0000000100000000)
  eden space 61440K, 100% used [0x00000000eaa80000,0x00000000ee680000,0x00000000ee680000)
  from space 5120K, 99% used [0x00000000eeb80000,0x00000000ef079438,0x00000000ef080000)
  to   space 5120K, 0% used [0x00000000ee680000,0x00000000ee680000,0x00000000eeb80000)
 ParOldGen       total 81920K, used 7821K [0x00000000c0000000, 0x00000000c5000000, 0x00000000eaa80000)
  object space 81920K, 9% used [0x00000000c0000000,0x00000000c07a3698,0x00000000c5000000)
 PSPermGen       total 21504K, used 5864K [0x00000000b5a00000, 0x00000000b6f00000, 0x00000000c0000000)
  object space 21504K, 27% used [0x00000000b5a00000,0x00000000b5fba240,0x00000000b6f00000)
Event: 2.470 GC heap after
Heap after GC invocations=3 (full 0):
 PSYoungGen      total 66560K, used 5117K [0x00000000eaa80000, 0x00000000f2c80000, 0x0000000100000000)
  eden space 61440K, 0% used [0x00000000eaa80000,0x00000000eaa80000,0x00000000ee680000)
  from space 5120K, 99% used [0x00000000ee680000,0x00000000eeb7f7a8,0x00000000eeb80000)
  to   space 5120K, 0% used [0x00000000f2780000,0x00000000f2780000,0x00000000f2c80000)
 ParOldGen       total 81920K, used 25275K [0x00000000c0000000, 0x00000000c5000000, 0x00000000eaa80000)
  object space 81920K, 30% used [0x00000000c0000000,0x00000000c18aefb0,0x00000000c5000000)
 PSPermGen       total 21504K, used 5864K [0x00000000b5a00000, 0x00000000b6f00000, 0x00000000c0000000)
  object space 21504K, 27% used [0x00000000b5a00000,0x00000000b5fba240,0x00000000b6f00000)
}
Event: 4.190 GC heap before
{Heap before GC invocations=4 (full 0):
 PSYoungGen      total 66560K, used 66557K [0x00000000eaa80000, 0x00000000f2c80000, 0x0000000100000000)
  eden space 61440K, 100% used [0x00000000eaa80000,0x00000000ee680000,0x00000000ee680000)
  from space 5120K, 99% used [0x00000000ee680000,0x00000000eeb7f7a8,0x00000000eeb80000)
  to   space 5120K, 0% used [0x00000000f2780000,0x00000000f2780000,0x00000000f2c80000)
 ParOldGen       total 81920K, used 25275K [0x00000000c0000000, 0x00000000c5000000, 0x00000000eaa80000)
  object space 81920K, 30% used [0x00000000c0000000,0x00000000c18aefb0,0x00000000c5000000)
 PSPermGen       total 21504K, used 5888K [0x00000000b5a00000, 0x00000000b6f00000, 0x00000000c0000000)
  object space 21504K, 27% used [0x00000000b5a00000,0x00000000b5fc0330,0x00000000b6f00000)
Event: 4.244 GC heap after
Heap after GC invocations=4 (full 0):
 PSYoungGen      total 128000K, used 5098K [0x00000000eaa80000, 0x00000000f2c80000, 0x0000000100000000)
  eden space 122880K, 0% used [0x00000000eaa80000,0x00000000eaa80000,0x00000000f2280000)
  from space 5120K, 99% used [0x00000000f2780000,0x00000000f2c7a918,0x00000000f2c80000)
  to   space 5120K, 0% used [0x00000000f2280000,0x00000000f2280000,0x00000000f2780000)
 ParOldGen       total 81920K, used 42592K [0x00000000c0000000, 0x00000000c5000000, 0x00000000eaa80000)
  object space 81920K, 51% used [0x00000000c0000000,0x00000000c2998128,0x00000000c5000000)
 PSPermGen       total 21504K, used 5888K [0x00000000b5a00000, 0x00000000b6f00000, 0x00000000c0000000)
  object space 21504K, 27% used [0x00000000b5a00000,0x00000000b5fc0330,0x00000000b6f00000)
}
Event: 5.632 GC heap before
{Heap before GC invocations=5 (full 0):
 PSYoungGen      total 128000K, used 127978K [0x00000000eaa80000, 0x00000000f2c80000, 0x0000000100000000)
  eden space 122880K, 100% used [0x00000000eaa80000,0x00000000f2280000,0x00000000f2280000)
  from space 5120K, 99% used [0x00000000f2780000,0x00000000f2c7a918,0x00000000f2c80000)
  to   space 5120K, 0% used [0x00000000f2280000,0x00000000f2280000,0x00000000f2780000)
 ParOldGen       total 81920K, used 42592K [0x00000000c0000000, 0x00000000c5000000, 0x00000000eaa80000)
  object space 81920K, 51% used [0x00000000c0000000,0x00000000c2998128,0x00000000c5000000)
 PSPermGen       total 21504K, used 5908K [0x00000000b5a00000, 0x00000000b6f00000, 0x00000000c0000000)
  object space 21504K, 27% used [0x00000000b5a00000,0x00000000b5fc53b0,0x00000000b6f00000)

Deoptimization events (10 events):
Event: 3.371 Thread 0x00007f3ef000a800 Uncommon trap: reason=unstable_if action=reinterpret pc=0x00007f3eed0b8cdc method=com.android.dx.rop.code.RegisterSpec.equals(ILcom/android/dx/rop/type/TypeBearer;Lcom/android/dx/rop/code/LocalItem;)Z @ 16
Event: 3.873 Thread 0x00007f3ef000a800 Uncommon trap: reason=null_check action=make_not_entrant pc=0x00007f3eed15e104 method=com.android.dx.rop.type.Type.putIntern(Lcom/android/dx/rop/type/Type;)Lcom/android/dx/rop/type/Type; @ 18
Event: 4.551 Thread 0x00007f3ef018b000 Uncommon trap: reason=unstable_if action=reinterpret pc=0x00007f3eed0d1958 method=java.util.BitSet.clone()Ljava/lang/Object; @ 4
Event: 4.668 Thread 0x00007f3ef000a800 Uncommon trap: reason=class_check action=maybe_recompile pc=0x00007f3eed07d7d4 method=com.android.dx.rop.cst.CstKnownNull.equals(Ljava/lang/Object;)Z @ 1
Event: 4.690 Thread 0x00007f3ef018b000 Uncommon trap: reason=null_check action=make_not_entrant pc=0x00007f3eed19f60c method=com.android.dx.rop.cst.CstType.intern(Lcom/android/dx/rop/type/Type;)Lcom/android/dx/rop/cst/CstType; @ 13
Event: 4.712 Thread 0x00007f3ef018b000 Uncommon trap: reason=class_check action=maybe_recompile pc=0x00007f3eed07d7d4 method=com.android.dx.rop.cst.CstKnownNull.equals(Ljava/lang/Object;)Z @ 1
Event: 4.988 Thread 0x00007f3ef000a800 Uncommon trap: reason=class_check action=maybe_recompile pc=0x00007f3eed07d7d4 method=com.android.dx.rop.cst.CstKnownNull.equals(Ljava/lang/Object;)Z @ 1
Event: 5.174 Thread 0x00007f3ef019c800 Uncommon trap: reason=unstable_if action=reinterpret pc=0x00007f3eed170ed8 method=com.android.dx.util.BitIntSet.has(I)Z @ 8
Event: 5.292 Thread 0x00007f3ef018b000 Uncommon trap: reason=class_check action=maybe_recompile pc=0x00007f3eed07d7d4 method=com.android.dx.rop.cst.CstKnownNull.equals(Ljava/lang/Object;)Z @ 1
Event: 5.334 Thread 0x00007f3ef019b000 Uncommon trap: reason=unstable_if action=reinterpret pc=0x00007f3eed1952ec method=com.android.dx.util.BitIntSet.has(I)Z @ 8

Internal exceptions (10 events):
Event: 0.914 Thread 0x00007f3ef000a800 Threw 0x00000000eb0582f8 at /build/openjdk-7-hZgspp/openjdk-7-7u101-2.6.6/build/openjdk/hotspot/src/share/vm/prims/jvm.cpp:1322
Event: 0.991 Thread 0x00007f3ef019b000 Threw 0x00000000eb66c130 at /build/openjdk-7-hZgspp/openjdk-7-7u101-2.6.6/build/openjdk/hotspot/src/share/vm/prims/jvm.cpp:1322
Event: 1.222 Thread 0x00007f3ef018b000 Implicit null exception at 0x00007f3eed0d6738 to 0x00007f3eed0d7d3d
Event: 1.355 Thread 0x00007f3ef019c800 Threw 0x00000000ec4cfcb8 at /build/openjdk-7-hZgspp/openjdk-7-7u101-2.6.6/build/openjdk/hotspot/src/share/vm/prims/jvm.cpp:1322
Event: 1.595 Thread 0x00007f3ef0197000 Threw 0x00000000eb7aaad8 at /build/openjdk-7-hZgspp/openjdk-7-7u101-2.6.6/build/openjdk/hotspot/src/share/vm/prims/jvm.cpp:1322
Event: 1.620 Thread 0x00007f3ef0197000 Threw 0x00000000eb9aee10 at /build/openjdk-7-hZgspp/openjdk-7-7u101-2.6.6/build/openjdk/hotspot/src/share/vm/prims/jvm.cpp:1322
Event: 2.325 Thread 0x00007f3ef000a800 Threw 0x00000000edfdc3c8 at /build/openjdk-7-hZgspp/openjdk-7-7u101-2.6.6/build/openjdk/hotspot/src/share/vm/prims/jvm.cpp:1322
Event: 2.907 Thread 0x00007f3ef000a800 Threw 0x00000000ec14d7b8 at /build/openjdk-7-hZgspp/openjdk-7-7u101-2.6.6/build/openjdk/hotspot/src/share/vm/prims/jvm.cpp:1322
Event: 3.873 Thread 0x00007f3ef000a800 Implicit null exception at 0x00007f3eed15da3f to 0x00007f3eed15e0f5
Event: 4.690 Thread 0x00007f3ef018b000 Implicit null exception at 0x00007f3eed19cfbf to 0x00007f3eed19f601

Events (10 events):
Event: 5.292 Thread 0x00007f3ef018b000 Uncommon trap: trap_request=0xffffffde fr.pc=0x00007f3eed07d7d4
Event: 5.292 Thread 0x00007f3ef018b000 DEOPT PACKING pc=0x00007f3eed07d7d4 sp=0x00007f3ee9ae31d0
Event: 5.292 Thread 0x00007f3ef018b000 DEOPT UNPACKING pc=0x00007f3eed039445 sp=0x00007f3ee9ae3120 mode 2
Event: 5.311 Thread 0x00007f3ef00ac800 flushing nmethod 0x00007f3eed106950
Event: 5.311 Thread 0x00007f3ef00ac800 flushing nmethod 0x00007f3eed10fa90
Event: 5.311 Thread 0x00007f3ef00ac800 flushing nmethod 0x00007f3eed11dcd0
Event: 5.334 Thread 0x00007f3ef019b000 Uncommon trap: trap_request=0xffffff75 fr.pc=0x00007f3eed1952ec
Event: 5.334 Thread 0x00007f3ef019b000 DEOPT PACKING pc=0x00007f3eed1952ec sp=0x00007f3ee97dffd0
Event: 5.334 Thread 0x00007f3ef019b000 DEOPT UNPACKING pc=0x00007f3eed039445 sp=0x00007f3ee97dff90 mode 2
Event: 5.631 Executing VM operation: ParallelGCFailedAllocation


Dynamic libraries:
00400000-00401000 r-xp 00000000 08:05 11799176                           /usr/lib/jvm/java-7-openjdk-amd64/jre/bin/java
00600000-00601000 r--p 00000000 08:05 11799176                           /usr/lib/jvm/java-7-openjdk-amd64/jre/bin/java
00601000-00602000 rw-p 00001000 08:05 11799176                           /usr/lib/jvm/java-7-openjdk-amd64/jre/bin/java
01074000-01095000 rw-p 00000000 00:00 0                                  [heap]
b5a00000-b6f00000 rw-p 00000000 00:00 0 
b6f00000-c0000000 rw-p 00000000 00:00 0 
c0000000-c5000000 rw-p 00000000 00:00 0 
c5000000-eaa80000 rw-p 00000000 00:00 0 
eaa80000-f2c80000 rw-p 00000000 00:00 0 
fe380000-100000000 rw-p 00000000 00:00 0 
7f3e9c000000-7f3e9c021000 rw-p 00000000 00:00 0 
7f3e9c021000-7f3ea0000000 ---p 00000000 00:00 0 
7f3ea4000000-7f3ea4038000 rw-p 00000000 00:00 0 
7f3ea4038000-7f3ea8000000 ---p 00000000 00:00 0 
7f3ea8000000-7f3ea8021000 rw-p 00000000 00:00 0 
7f3ea8021000-7f3eac000000 ---p 00000000 00:00 0 
7f3eac000000-7f3eac042000 rw-p 00000000 00:00 0 
7f3eac042000-7f3eb0000000 ---p 00000000 00:00 0 
7f3eb0000000-7f3eb0021000 rw-p 00000000 00:00 0 
7f3eb0021000-7f3eb4000000 ---p 00000000 00:00 0 
7f3eb4000000-7f3eb4021000 rw-p 00000000 00:00 0 
7f3eb4021000-7f3eb8000000 ---p 00000000 00:00 0 
7f3eb8000000-7f3eb8021000 rw-p 00000000 00:00 0 
7f3eb8021000-7f3ebc000000 ---p 00000000 00:00 0 
7f3ebc000000-7f3ebd55f000 rw-p 00000000 00:00 0 
7f3ebd55f000-7f3ec0000000 ---p 00000000 00:00 0 
7f3ec0000000-7f3ec16d1000 rw-p 00000000 00:00 0 
7f3ec16d1000-7f3ec4000000 ---p 00000000 00:00 0 
7f3ec4000000-7f3ec4021000 rw-p 00000000 00:00 0 
7f3ec4021000-7f3ec8000000 ---p 00000000 00:00 0 
7f3ec8000000-7f3ec8021000 rw-p 00000000 00:00 0 
7f3ec8021000-7f3ecc000000 ---p 00000000 00:00 0 
7f3ecc000000-7f3ecc021000 rw-p 00000000 00:00 0 
7f3ecc021000-7f3ed0000000 ---p 00000000 00:00 0 
7f3ed0000000-7f3ed0021000 rw-p 00000000 00:00 0 
7f3ed0021000-7f3ed4000000 ---p 00000000 00:00 0 
7f3ed4000000-7f3ed4021000 rw-p 00000000 00:00 0 
7f3ed4021000-7f3ed8000000 ---p 00000000 00:00 0 
7f3ed8000000-7f3ed8021000 rw-p 00000000 00:00 0 
7f3ed8021000-7f3edc000000 ---p 00000000 00:00 0 
7f3edc000000-7f3edc021000 rw-p 00000000 00:00 0 
7f3edc021000-7f3ee0000000 ---p 00000000 00:00 0 
7f3ee4000000-7f3ee4021000 rw-p 00000000 00:00 0 
7f3ee4021000-7f3ee8000000 ---p 00000000 00:00 0 
7f3ee95e0000-7f3ee95e3000 ---p 00000000 00:00 0 
7f3ee95e3000-7f3ee96e1000 rw-p 00000000 00:00 0 
7f3ee96e1000-7f3ee96e4000 ---p 00000000 00:00 0 
7f3ee96e4000-7f3ee97e2000 rw-p 00000000 00:00 0 
7f3ee97e2000-7f3ee97e5000 ---p 00000000 00:00 0 
7f3ee97e5000-7f3ee98e3000 rw-p 00000000 00:00 0 
7f3ee98e3000-7f3ee98e6000 ---p 00000000 00:00 0 
7f3ee98e6000-7f3ee99e4000 rw-p 00000000 00:00 0 
7f3ee99e4000-7f3ee99e7000 ---p 00000000 00:00 0 
7f3ee99e7000-7f3ee9ae5000 rw-p 00000000 00:00 0 
7f3ee9ae5000-7f3ee9ae6000 ---p 00000000 00:00 0 
7f3ee9ae6000-7f3ee9be6000 rw-p 00000000 00:00 0 
7f3ee9be6000-7f3ee9be9000 ---p 00000000 00:00 0 
7f3ee9be9000-7f3ee9ce7000 rw-p 00000000 00:00 0 
7f3ee9ce7000-7f3ee9cea000 ---p 00000000 00:00 0 
7f3ee9cea000-7f3ee9de8000 rw-p 00000000 00:00 0 
7f3ee9de8000-7f3ee9deb000 ---p 00000000 00:00 0 
7f3ee9deb000-7f3ee9ee9000 rw-p 00000000 00:00 0 
7f3ee9ee9000-7f3ee9eec000 ---p 00000000 00:00 0 
7f3ee9eec000-7f3ee9fea000 rw-p 00000000 00:00 0 
7f3ee9fea000-7f3eea6cc000 r--p 00000000 08:05 11541696                   /usr/lib/locale/locale-archive
7f3eea6cc000-7f3eea6cf000 ---p 00000000 00:00 0 
7f3eea6cf000-7f3eea7cd000 rw-p 00000000 00:00 0 
7f3eea7cd000-7f3eea7d0000 ---p 00000000 00:00 0 
7f3eea7d0000-7f3eea8ce000 rw-p 00000000 00:00 0 
7f3eea8ce000-7f3eea8cf000 ---p 00000000 00:00 0 
7f3eea8cf000-7f3eed000000 rw-p 00000000 00:00 0 
7f3eed000000-7f3eed270000 rwxp 00000000 00:00 0 
7f3eed270000-7f3ef0208000 rw-p 00000000 00:00 0 
7f3ef0208000-7f3ef4000000 ---p 00000000 00:00 0 
7f3ef4029000-7f3ef4030000 r--s 00000000 08:05 11799658                   /usr/lib/x86_64-linux-gnu/gconv/gconv-modules.cache
7f3ef4030000-7f3ef4044000 r--p 00000000 08:05 12718168                   /usr/share/locale-langpack/zh_CN/LC_MESSAGES/libc.mo
7f3ef4044000-7f3ef4053000 r--s 000df000 08:05 2098534                    /home/zuojj/Android/Sdk/build-tools/23.0.3/lib/dx.jar
7f3ef4053000-7f3ef4057000 r--s 00034000 08:05 11799245                   /usr/lib/jvm/java-7-openjdk-amd64/jre/lib/ext/sunjce_provider.jar
7f3ef4057000-7f3ef4f53000 rw-p 00000000 00:00 0 
7f3ef4f53000-7f3ef5105000 r--s 01d32000 08:05 11799233                   /usr/lib/jvm/java-7-openjdk-amd64/jre/lib/rt.jar
7f3ef5105000-7f3ef5451000 rw-p 00000000 00:00 0 
7f3ef5451000-7f3ef5452000 ---p 00000000 00:00 0 
7f3ef5452000-7f3ef5552000 rw-p 00000000 00:00 0 
7f3ef5552000-7f3ef5553000 ---p 00000000 00:00 0 
7f3ef5553000-7f3ef5653000 rw-p 00000000 00:00 0 
7f3ef5653000-7f3ef5654000 ---p 00000000 00:00 0 
7f3ef5654000-7f3ef5754000 rw-p 00000000 00:00 0 
7f3ef5754000-7f3ef5755000 ---p 00000000 00:00 0 
7f3ef5755000-7f3ef5860000 rw-p 00000000 00:00 0 
7f3ef5860000-7f3ef58a8000 rw-p 00000000 00:00 0 
7f3ef58a8000-7f3ef58d0000 rw-p 00000000 00:00 0 
7f3ef58d0000-7f3ef59fe000 rw-p 00000000 00:00 0 
7f3ef59fe000-7f3ef5a09000 rw-p 00000000 00:00 0 
7f3ef5a09000-7f3ef5a51000 rw-p 00000000 00:00 0 
7f3ef5a51000-7f3ef5a79000 rw-p 00000000 00:00 0 
7f3ef5a79000-7f3ef5ba6000 rw-p 00000000 00:00 0 
7f3ef5ba6000-7f3ef5be8000 rw-p 00000000 00:00 0 
7f3ef5be8000-7f3ef5c51000 rw-p 00000000 00:00 0 
7f3ef5c51000-7f3ef5c52000 rw-p 00000000 00:00 0 
7f3ef5c52000-7f3ef5c5a000 r-xp 00000000 08:05 11799203                   /usr/lib/jvm/java-7-openjdk-amd64/jre/lib/amd64/libzip.so
7f3ef5c5a000-7f3ef5e59000 ---p 00008000 08:05 11799203                   /usr/lib/jvm/java-7-openjdk-amd64/jre/lib/amd64/libzip.so
7f3ef5e59000-7f3ef5e5a000 r--p 00007000 08:05 11799203                   /usr/lib/jvm/java-7-openjdk-amd64/jre/lib/amd64/libzip.so
7f3ef5e5a000-7f3ef5e5b000 rw-p 00008000 08:05 11799203                   /usr/lib/jvm/java-7-openjdk-amd64/jre/lib/amd64/libzip.so
7f3ef5e5b000-7f3ef5e65000 r-xp 00000000 08:05 12845228                   /lib/x86_64-linux-gnu/libnss_files-2.21.so
7f3ef5e65000-7f3ef6065000 ---p 0000a000 08:05 12845228                   /lib/x86_64-linux-gnu/libnss_files-2.21.so
7f3ef6065000-7f3ef6066000 r--p 0000a000 08:05 12845228                   /lib/x86_64-linux-gnu/libnss_files-2.21.so
7f3ef6066000-7f3ef6067000 rw-p 0000b000 08:05 12845228                   /lib/x86_64-linux-gnu/libnss_files-2.21.so
7f3ef6067000-7f3ef6072000 r-xp 00000000 08:05 12845242                   /lib/x86_64-linux-gnu/libnss_nis-2.21.so
7f3ef6072000-7f3ef6271000 ---p 0000b000 08:05 12845242                   /lib/x86_64-linux-gnu/libnss_nis-2.21.so
7f3ef6271000-7f3ef6272000 r--p 0000a000 08:05 12845242                   /lib/x86_64-linux-gnu/libnss_nis-2.21.so
7f3ef6272000-7f3ef6273000 rw-p 0000b000 08:05 12845242                   /lib/x86_64-linux-gnu/libnss_nis-2.21.so
7f3ef6273000-7f3ef628a000 r-xp 00000000 08:05 12845245                   /lib/x86_64-linux-gnu/libnsl-2.21.so
7f3ef628a000-7f3ef6489000 ---p 00017000 08:05 12845245                   /lib/x86_64-linux-gnu/libnsl-2.21.so
7f3ef6489000-7f3ef648a000 r--p 00016000 08:05 12845245                   /lib/x86_64-linux-gnu/libnsl-2.21.so
7f3ef648a000-7f3ef648b000 rw-p 00017000 08:05 12845245                   /lib/x86_64-linux-gnu/libnsl-2.21.so
7f3ef648b000-7f3ef648d000 rw-p 00000000 00:00 0 
7f3ef648d000-7f3ef6495000 r-xp 00000000 08:05 12845230                   /lib/x86_64-linux-gnu/libnss_compat-2.21.so
7f3ef6495000-7f3ef6694000 ---p 00008000 08:05 12845230                   /lib/x86_64-linux-gnu/libnss_compat-2.21.so
7f3ef6694000-7f3ef6695000 r--p 00007000 08:05 12845230                   /lib/x86_64-linux-gnu/libnss_compat-2.21.so
7f3ef6695000-7f3ef6696000 rw-p 00008000 08:05 12845230                   /lib/x86_64-linux-gnu/libnss_compat-2.21.so
7f3ef6696000-7f3ef66c2000 r-xp 00000000 08:05 11799189                   /usr/lib/jvm/java-7-openjdk-amd64/jre/lib/amd64/libjava.so
7f3ef66c2000-7f3ef68c1000 ---p 0002c000 08:05 11799189                   /usr/lib/jvm/java-7-openjdk-amd64/jre/lib/amd64/libjava.so
7f3ef68c1000-7f3ef68c2000 r--p 0002b000 08:05 11799189                   /usr/lib/jvm/java-7-openjdk-amd64/jre/lib/amd64/libjava.so
7f3ef68c2000-7f3ef68c4000 rw-p 0002c000 08:05 11799189                   /usr/lib/jvm/java-7-openjdk-amd64/jre/lib/amd64/libjava.so
7f3ef68c4000-7f3ef68d3000 r-xp 00000000 08:05 11799190                   /usr/lib/jvm/java-7-openjdk-amd64/jre/lib/amd64/libverify.so
7f3ef68d3000-7f3ef6ad2000 ---p 0000f000 08:05 11799190                   /usr/lib/jvm/java-7-openjdk-amd64/jre/lib/amd64/libverify.so
7f3ef6ad2000-7f3ef6ad4000 r--p 0000e000 08:05 11799190                   /usr/lib/jvm/java-7-openjdk-amd64/jre/lib/amd64/libverify.so
7f3ef6ad4000-7f3ef6ad5000 rw-p 00010000 08:05 11799190                   /usr/lib/jvm/java-7-openjdk-amd64/jre/lib/amd64/libverify.so
7f3ef6ad5000-7f3ef6adc000 r-xp 00000000 08:05 12845229                   /lib/x86_64-linux-gnu/librt-2.21.so
7f3ef6adc000-7f3ef6cdb000 ---p 00007000 08:05 12845229                   /lib/x86_64-linux-gnu/librt-2.21.so
7f3ef6cdb000-7f3ef6cdc000 r--p 00006000 08:05 12845229                   /lib/x86_64-linux-gnu/librt-2.21.so
7f3ef6cdc000-7f3ef6cdd000 rw-p 00007000 08:05 12845229                   /lib/x86_64-linux-gnu/librt-2.21.so
7f3ef6cdd000-7f3ef6cf3000 r-xp 00000000 08:05 12849246                   /lib/x86_64-linux-gnu/libgcc_s.so.1
7f3ef6cf3000-7f3ef6ef2000 ---p 00016000 08:05 12849246                   /lib/x86_64-linux-gnu/libgcc_s.so.1
7f3ef6ef2000-7f3ef6ef3000 r--p 00015000 08:05 12849246                   /lib/x86_64-linux-gnu/libgcc_s.so.1
7f3ef6ef3000-7f3ef6ef4000 rw-p 00016000 08:05 12849246                   /lib/x86_64-linux-gnu/libgcc_s.so.1
7f3ef6ef4000-7f3ef6ffb000 r-xp 00000000 08:05 12845231                   /lib/x86_64-linux-gnu/libm-2.21.so
7f3ef6ffb000-7f3ef71fa000 ---p 00107000 08:05 12845231                   /lib/x86_64-linux-gnu/libm-2.21.so
7f3ef71fa000-7f3ef71fb000 r--p 00106000 08:05 12845231                   /lib/x86_64-linux-gnu/libm-2.21.so
7f3ef71fb000-7f3ef71fc000 rw-p 00107000 08:05 12845231                   /lib/x86_64-linux-gnu/libm-2.21.so
7f3ef71fc000-7f3ef736f000 r-xp 00000000 08:05 11541573                   /usr/lib/x86_64-linux-gnu/libstdc++.so.6.0.21
7f3ef736f000-7f3ef756e000 ---p 00173000 08:05 11541573                   /usr/lib/x86_64-linux-gnu/libstdc++.so.6.0.21
7f3ef756e000-7f3ef7578000 r--p 00172000 08:05 11541573                   /usr/lib/x86_64-linux-gnu/libstdc++.so.6.0.21
7f3ef7578000-7f3ef757a000 rw-p 0017c000 08:05 11541573                   /usr/lib/x86_64-linux-gnu/libstdc++.so.6.0.21
7f3ef757a000-7f3ef757e000 rw-p 00000000 00:00 0 
7f3ef757e000-7f3ef80d1000 r-xp 00000000 08:05 11799201                   /usr/lib/jvm/java-7-openjdk-amd64/jre/lib/amd64/server/libjvm.so
7f3ef80d1000-7f3ef82d0000 ---p 00b53000 08:05 11799201                   /usr/lib/jvm/java-7-openjdk-amd64/jre/lib/amd64/server/libjvm.so
7f3ef82d0000-7f3ef8361000 r--p 00b52000 08:05 11799201                   /usr/lib/jvm/java-7-openjdk-amd64/jre/lib/amd64/server/libjvm.so
7f3ef8361000-7f3ef8384000 rw-p 00be3000 08:05 11799201                   /usr/lib/jvm/java-7-openjdk-amd64/jre/lib/amd64/server/libjvm.so
7f3ef8384000-7f3ef83b1000 rw-p 00000000 00:00 0 
7f3ef83b1000-7f3ef83ca000 r-xp 00000000 08:05 12846150                   /lib/x86_64-linux-gnu/libz.so.1.2.8
7f3ef83ca000-7f3ef85c9000 ---p 00019000 08:05 12846150                   /lib/x86_64-linux-gnu/libz.so.1.2.8
7f3ef85c9000-7f3ef85ca000 r--p 00018000 08:05 12846150                   /lib/x86_64-linux-gnu/libz.so.1.2.8
7f3ef85ca000-7f3ef85cb000 rw-p 00019000 08:05 12846150                   /lib/x86_64-linux-gnu/libz.so.1.2.8
7f3ef85cb000-7f3ef85e3000 r-xp 00000000 08:05 12845232                   /lib/x86_64-linux-gnu/libpthread-2.21.so
7f3ef85e3000-7f3ef87e3000 ---p 00018000 08:05 12845232                   /lib/x86_64-linux-gnu/libpthread-2.21.so
7f3ef87e3000-7f3ef87e4000 r--p 00018000 08:05 12845232                   /lib/x86_64-linux-gnu/libpthread-2.21.so
7f3ef87e4000-7f3ef87e5000 rw-p 00019000 08:05 12845232                   /lib/x86_64-linux-gnu/libpthread-2.21.so
7f3ef87e5000-7f3ef87e9000 rw-p 00000000 00:00 0 
7f3ef87e9000-7f3ef87ec000 r-xp 00000000 08:05 12845235                   /lib/x86_64-linux-gnu/libdl-2.21.so
7f3ef87ec000-7f3ef89eb000 ---p 00003000 08:05 12845235                   /lib/x86_64-linux-gnu/libdl-2.21.so
7f3ef89eb000-7f3ef89ec000 r--p 00002000 08:05 12845235                   /lib/x86_64-linux-gnu/libdl-2.21.so
7f3ef89ec000-7f3ef89ed000 rw-p 00003000 08:05 12845235                   /lib/x86_64-linux-gnu/libdl-2.21.so
7f3ef89ed000-7f3ef8bad000 r-xp 00000000 08:05 12845248                   /lib/x86_64-linux-gnu/libc-2.21.so
7f3ef8bad000-7f3ef8dad000 ---p 001c0000 08:05 12845248                   /lib/x86_64-linux-gnu/libc-2.21.so
7f3ef8dad000-7f3ef8db1000 r--p 001c0000 08:05 12845248                   /lib/x86_64-linux-gnu/libc-2.21.so
7f3ef8db1000-7f3ef8db3000 rw-p 001c4000 08:05 12845248                   /lib/x86_64-linux-gnu/libc-2.21.so
7f3ef8db3000-7f3ef8db7000 rw-p 00000000 00:00 0 
7f3ef8db7000-7f3ef8dc4000 r-xp 00000000 08:05 11799217                   /usr/lib/jvm/java-7-openjdk-amd64/jre/lib/amd64/jli/libjli.so
7f3ef8dc4000-7f3ef8fc3000 ---p 0000d000 08:05 11799217                   /usr/lib/jvm/java-7-openjdk-amd64/jre/lib/amd64/jli/libjli.so
7f3ef8fc3000-7f3ef8fc4000 r--p 0000c000 08:05 11799217                   /usr/lib/jvm/java-7-openjdk-amd64/jre/lib/amd64/jli/libjli.so
7f3ef8fc4000-7f3ef8fc5000 rw-p 0000d000 08:05 11799217                   /usr/lib/jvm/java-7-openjdk-amd64/jre/lib/amd64/jli/libjli.so
7f3ef8fc5000-7f3ef8fe9000 r-xp 00000000 08:05 12845246                   /lib/x86_64-linux-gnu/ld-2.21.so
7f3ef8feb000-7f3ef900d000 rw-p 00000000 00:00 0 
7f3ef900d000-7f3ef90c3000 rw-p 00000000 00:00 0 
7f3ef90c3000-7f3ef90c6000 ---p 00000000 00:00 0 
7f3ef90c6000-7f3ef91c9000 rw-p 00000000 00:00 0 
7f3ef91cb000-7f3ef91cc000 rw-p 00000000 00:00 0 
7f3ef91cc000-7f3ef91cf000 r--s 0000f000 08:05 11799246                   /usr/lib/jvm/java-7-openjdk-amd64/jre/lib/ext/icedtea-sound.jar
7f3ef91cf000-7f3ef91d3000 r--s 00085000 08:05 11799247                   /usr/lib/jvm/java-7-openjdk-amd64/jre/lib/ext/localedata.jar
7f3ef91d3000-7f3ef91d7000 r--s 0003c000 08:05 11799248                   /usr/lib/jvm/java-7-openjdk-amd64/jre/lib/ext/sunpkcs11.jar
7f3ef91d7000-7f3ef91d9000 r--s 00012000 08:05 11799244                   /usr/lib/jvm/java-7-openjdk-amd64/jre/lib/ext/zipfs.jar
7f3ef91d9000-7f3ef91db000 r--s 00007000 08:05 12061105                   /usr/share/java/java-atk-wrapper.jar
7f3ef91db000-7f3ef91dc000 r--s 00002000 08:05 11799243                   /usr/lib/jvm/java-7-openjdk-amd64/jre/lib/ext/dnsns.jar
7f3ef91dc000-7f3ef91e4000 rw-s 00000000 08:05 8651226                    /tmp/hsperfdata_zuojj/15480
7f3ef91e4000-7f3ef91e5000 rw-p 00000000 00:00 0 
7f3ef91e5000-7f3ef91e6000 ---p 00000000 00:00 0 
7f3ef91e6000-7f3ef91e8000 rw-p 00000000 00:00 0 
7f3ef91e8000-7f3ef91e9000 r--p 00023000 08:05 12845246                   /lib/x86_64-linux-gnu/ld-2.21.so
7f3ef91e9000-7f3ef91ea000 rw-p 00024000 08:05 12845246                   /lib/x86_64-linux-gnu/ld-2.21.so
7f3ef91ea000-7f3ef91eb000 rw-p 00000000 00:00 0 
7ffc977a9000-7ffc977ca000 rw-p 00000000 00:00 0                          [stack]
7ffc977ed000-7ffc977ef000 r--p 00000000 00:00 0                          [vvar]
7ffc977ef000-7ffc977f1000 r-xp 00000000 00:00 0                          [vdso]
ffffffffff600000-ffffffffff601000 r-xp 00000000 00:00 0                  [vsyscall]

VM Arguments:
jvm_args: -Djava.awt.headless=true -Xmx1024M -Dfile.encoding=UTF-8 -Duser.country=CN -Duser.language=zh -Duser.variant 
java_command: com.android.dx.command.Main --dex --force-jumbo --num-threads=4 --output /home/zuojj/workdir/filemanager/YMfileManager/app/build/intermediates/pre-dexed/debug/main_aed7516648a8c6e5766ca97d9a2d1aa1493512ed.jar /home/zuojj/workdir/filemanager/YMfileManager/app/build/intermediates/transforms/instantRun/debug/folders/1/5/main
Launcher Type: SUN_STANDARD

Environment Variables:
JAVA_HOME=/usr/local/java/jdk1.7.0_95
JRE_HOME=/usr/local/java/jre1.7.0_95
PATH=/home/zuojj/bin:/usr/local/sbin:/usr/local/bin:/usr/sbin:/usr/bin:/sbin:/bin:/usr/games:/usr/local/games:/usr/local/java/jre1.7.0_95/bin:/usr/local/java/jdk1.7.0_95/bin
LD_LIBRARY_PATH=/opt/android-studio/bin:
SHELL=/usr/bin/zsh
DISPLAY=:0

Signal Handlers:
SIGSEGV: [libjvm.so+0x996e60], sa_mask[0]=0x7ffbfeff, sa_flags=0x10000004
SIGBUS: [libjvm.so+0x996e60], sa_mask[0]=0x7ffbfeff, sa_flags=0x10000004
SIGFPE: [libjvm.so+0x7fdc90], sa_mask[0]=0x7ffbfeff, sa_flags=0x10000004
SIGPIPE: [libjvm.so+0x7fdc90], sa_mask[0]=0x7ffbfeff, sa_flags=0x10000004
SIGXFSZ: [libjvm.so+0x7fdc90], sa_mask[0]=0x7ffbfeff, sa_flags=0x10000004
SIGILL: [libjvm.so+0x7fdc90], sa_mask[0]=0x7ffbfeff, sa_flags=0x10000004
SIGUSR1: SIG_DFL, sa_mask[0]=0x00000000, sa_flags=0x00000000
SIGUSR2: [libjvm.so+0x7fdb10], sa_mask[0]=0x00000004, sa_flags=0x10000004
SIGHUP: [libjvm.so+0x7fdca0], sa_mask[0]=0x7ffbfeff, sa_flags=0x10000004
SIGINT: [libjvm.so+0x7fdca0], sa_mask[0]=0x7ffbfeff, sa_flags=0x10000004
SIGTERM: [libjvm.so+0x7fdca0], sa_mask[0]=0x7ffbfeff, sa_flags=0x10000004
SIGQUIT: [libjvm.so+0x7fdca0], sa_mask[0]=0x7ffbfeff, sa_flags=0x10000004
SIGTRAP: SIG_DFL, sa_mask[0]=0x00000000, sa_flags=0x00000000


---------------  S Y S T E M  ---------------

OS:Ubuntu 15.10 (wily)
uname:Linux 4.2.0-36-generic #42-Ubuntu SMP Thu May 12 22:05:35 UTC 2016 x86_64
libc:glibc 2.21 NPTL 2.21 
rlimit: STACK 8192k, CORE 0k, NPROC 30593, NOFILE 65536, AS infinity
load average:1.75 1.32 1.11

/proc/meminfo:
MemTotal:        7868668 kB
MemFree:           59892 kB
MemAvailable:     127864 kB
Buffers:            1812 kB
Cached:          2528052 kB
SwapCached:            0 kB
Active:          5314956 kB
Inactive:        2308216 kB
Active(anon):    5279284 kB
Inactive(anon):  2276476 kB
Active(file):      35672 kB
Inactive(file):    31740 kB
Unevictable:          32 kB
Mlocked:              32 kB
SwapTotal:             0 kB
SwapFree:              0 kB
Dirty:              2900 kB
Writeback:         10356 kB
AnonPages:       5093388 kB
Mapped:           839772 kB
Shmem:           2462408 kB
Slab:              79952 kB
SReclaimable:      42308 kB
SUnreclaim:        37644 kB
KernelStack:       10048 kB
PageTables:        42072 kB
NFS_Unstable:          0 kB
Bounce:                0 kB
WritebackTmp:          0 kB
CommitLimit:     3934332 kB
Committed_AS:   11683736 kB
VmallocTotal:   34359738367 kB
VmallocUsed:      365720 kB
VmallocChunk:   34358947836 kB
HardwareCorrupted:     0 kB
AnonHugePages:   3880960 kB
CmaTotal:              0 kB
CmaFree:               0 kB
HugePages_Total:       0
HugePages_Free:        0
HugePages_Rsvd:        0
HugePages_Surp:        0
Hugepagesize:       2048 kB
DirectMap4k:      125700 kB
DirectMap2M:     5855232 kB
DirectMap1G:     3145728 kB


CPU:total 4 (2 cores per cpu, 2 threads per core) family 6 model 61 stepping 4, cmov, cx8, fxsr, mmx, sse, sse2, sse3, ssse3, sse4.1, sse4.2, popcnt, avx, avx2, erms, ht, tsc, tscinvbit

/proc/cpuinfo:
processor	: 0
vendor_id	: GenuineIntel
cpu family	: 6
model		: 61
model name	: Intel(R) Core(TM) i5-5200U CPU @ 2.20GHz
stepping	: 4
microcode	: 0x21
cpu MHz		: 2547.875
cache size	: 3072 KB
physical id	: 0
siblings	: 4
core id		: 0
cpu cores	: 2
apicid		: 0
initial apicid	: 0
fpu		: yes
fpu_exception	: yes
cpuid level	: 20
wp		: yes
flags		: fpu vme de pse tsc msr pae mce cx8 apic sep mtrr pge mca cmov pat pse36 clflush dts acpi mmx fxsr sse sse2 ss ht tm pbe syscall nx pdpe1gb rdtscp lm constant_tsc arch_perfmon pebs bts rep_good nopl xtopology nonstop_tsc aperfmperf eagerfpu pni pclmulqdq dtes64 monitor ds_cpl vmx est tm2 ssse3 fma cx16 xtpr pdcm pcid sse4_1 sse4_2 x2apic movbe popcnt tsc_deadline_timer xsave avx f16c rdrand lahf_lm abm 3dnowprefetch ida arat epb pln pts dtherm intel_pt tpr_shadow vnmi flexpriority ept vpid fsgsbase tsc_adjust bmi1 avx2 smep bmi2 erms invpcid rdseed adx smap xsaveopt
bugs		:
bogomips	: 4389.86
clflush size	: 64
cache_alignment	: 64
address sizes	: 39 bits physical, 48 bits virtual
power management:

processor	: 1
vendor_id	: GenuineIntel
cpu family	: 6
model		: 61
model name	: Intel(R) Core(TM) i5-5200U CPU @ 2.20GHz
stepping	: 4
microcode	: 0x21
cpu MHz		: 2607.000
cache size	: 3072 KB
physical id	: 0
siblings	: 4
core id		: 0
cpu cores	: 2
apicid		: 1
initial apicid	: 1
fpu		: yes
fpu_exception	: yes
cpuid level	: 20
wp		: yes
flags		: fpu vme de pse tsc msr pae mce cx8 apic sep mtrr pge mca cmov pat pse36 clflush dts acpi mmx fxsr sse sse2 ss ht tm pbe syscall nx pdpe1gb rdtscp lm constant_tsc arch_perfmon pebs bts rep_good nopl xtopology nonstop_tsc aperfmperf eagerfpu pni pclmulqdq dtes64 monitor ds_cpl vmx est tm2 ssse3 fma cx16 xtpr pdcm pcid sse4_1 sse4_2 x2apic movbe popcnt tsc_deadline_timer xsave avx f16c rdrand lahf_lm abm 3dnowprefetch ida arat epb pln pts dtherm intel_pt tpr_shadow vnmi flexpriority ept vpid fsgsbase tsc_adjust bmi1 avx2 smep bmi2 erms invpcid rdseed adx smap xsaveopt
bugs		:
bogomips	: 4389.86
clflush size	: 64
cache_alignment	: 64
address sizes	: 39 bits physical, 48 bits virtual
power management:

processor	: 2
vendor_id	: GenuineIntel
cpu family	: 6
model		: 61
model name	: Intel(R) Core(TM) i5-5200U CPU @ 2.20GHz
stepping	: 4
microcode	: 0x21
cpu MHz		: 2500.007
cache size	: 3072 KB
physical id	: 0
siblings	: 4
core id		: 1
cpu cores	: 2
apicid		: 2
initial apicid	: 2
fpu		: yes
fpu_exception	: yes
cpuid level	: 20
wp		: yes
flags		: fpu vme de pse tsc msr pae mce cx8 apic sep mtrr pge mca cmov pat pse36 clflush dts acpi mmx fxsr sse sse2 ss ht tm pbe syscall nx pdpe1gb rdtscp lm constant_tsc arch_perfmon pebs bts rep_good nopl xtopology nonstop_tsc aperfmperf eagerfpu pni pclmulqdq dtes64 monitor ds_cpl vmx est tm2 ssse3 fma cx16 xtpr pdcm pcid sse4_1 sse4_2 x2apic movbe popcnt tsc_deadline_timer xsave avx f16c rdrand lahf_lm abm 3dnowprefetch ida arat epb pln pts dtherm intel_pt tpr_shadow vnmi flexpriority ept vpid fsgsbase tsc_adjust bmi1 avx2 smep bmi2 erms invpcid rdseed adx smap xsaveopt
bugs		:
bogomips	: 4389.86
clflush size	: 64
cache_alignment	: 64
address sizes	: 39 bits physical, 48 bits virtual
power management:

processor	: 3
vendor_id	: GenuineIntel
cpu family	: 6
model		: 61
model name	: Intel(R) Core(TM) i5-5200U CPU @ 2.20GHz
stepping	: 4
microcode	: 0x21
cpu MHz		: 2333.375
cache size	: 3072 KB
physical id	: 0
siblings	: 4
core id		: 1
cpu cores	: 2
apicid		: 3
initial apicid	: 3
fpu		: yes
fpu_exception	: yes
cpuid level	: 20
wp		: yes
flags		: fpu vme de pse tsc msr pae mce cx8 apic sep mtrr pge mca cmov pat pse36 clflush dts acpi mmx fxsr sse sse2 ss ht tm pbe syscall nx pdpe1gb rdtscp lm constant_tsc arch_perfmon pebs bts rep_good nopl xtopology nonstop_tsc aperfmperf eagerfpu pni pclmulqdq dtes64 monitor ds_cpl vmx est tm2 ssse3 fma cx16 xtpr pdcm pcid sse4_1 sse4_2 x2apic movbe popcnt tsc_deadline_timer xsave avx f16c rdrand lahf_lm abm 3dnowprefetch ida arat epb pln pts dtherm intel_pt tpr_shadow vnmi flexpriority ept vpid fsgsbase tsc_adjust bmi1 avx2 smep bmi2 erms invpcid rdseed adx smap xsaveopt
bugs		:
bogomips	: 4389.86
clflush size	: 64
cache_alignment	: 64
address sizes	: 39 bits physical, 48 bits virtual
power management:



Memory: 4k page, physical 7868668k(59892k free), swap 0k(0k free)

vm_info: OpenJDK 64-Bit Server VM (24.95-b01) for linux-amd64 JRE (1.7.0_101-b00), built on Apr 24 2016 20:35:58 by "buildd" with gcc 5.2.1 20151010

time: Wed Jun 22 17:12:29 2016
elapsed time: 7 seconds

