#
# There is insufficient memory for the Java Runtime Environment to continue.
# Native memory allocation (malloc) failed to allocate 166723584 bytes for committing reserved memory.
# Possible reasons:
#   The system is out of physical RAM or swap space
#   In 32 bit mode, the process size limit was hit
# Possible solutions:
#   Reduce memory load on the system
#   Increase physical memory or swap space
#   Check if swap backing store is full
#   Use 64 bit Java on a 64 bit OS
#   Decrease Java heap size (-Xmx/-Xms)
#   Decrease number of Java threads
#   Decrease Java thread stack sizes (-Xss)
#   Set larger code cache with -XX:ReservedCodeCacheSize=
# This output file may be truncated or incomplete.
#
#  Out of Memory Error (os_linux.cpp:2827), pid=17416, tid=140188210312960
#
# JRE version: OpenJDK Runtime Environment (7.0_101) (build 1.7.0_101-b00)
# Java VM: OpenJDK 64-Bit Server VM (24.95-b01 mixed mode linux-amd64 compressed oops)
# Derivative: IcedTea 2.6.6
# Distribution: Ubuntu 15.10, package 7u101-2.6.6-0ubuntu0.15.10.1
# Failed to write core dump. Core dumps have been disabled. To enable core dumping, try "ulimit -c unlimited" before starting Java again
#

---------------  T H R E A D  ---------------

Current thread (0x00007f8024076000):  VMThread [stack: 0x00007f801c6a3000,0x00007f801c7a4000] [id=17425]

Stack: [0x00007f801c6a3000,0x00007f801c7a4000],  sp=0x00007f801c7a24f0,  free space=1021k
Native frames: (J=compiled Java code, j=interpreted, Vv=VM code, C=native code)
V  [libjvm.so+0x996303]
V  [libjvm.so+0x48b94f]
V  [libjvm.so+0x802a2b]
V  [libjvm.so+0x7fce1e]
V  [libjvm.so+0x872f2b]
V  [libjvm.so+0x874873]
V  [libjvm.so+0x870af8]
V  [libjvm.so+0x870ddc]
V  [libjvm.so+0x8263e3]
V  [libjvm.so+0x997da2]
V  [libjvm.so+0x99cae7]
V  [libjvm.so+0x99a378]
V  [libjvm.so+0x99b6ef]
V  [libjvm.so+0x99bbe1]
V  [libjvm.so+0x7ff952]

VM_Operation (0x00007f801594f0c0): ParallelGCFailedAllocation, mode: safepoint, requested by thread 0x00007f80241a5800


---------------  P R O C E S S  ---------------

Java Threads: ( => current thread )
  0x00007f80241a5800 JavaThread "pool-2-thread-4" [_thread_blocked, id=17452, stack(0x00007f8015850000,0x00007f8015951000)]
  0x00007f80241a4000 JavaThread "pool-2-thread-3" [_thread_blocked, id=17451, stack(0x00007f8015951000,0x00007f8015a52000)]
  0x00007f80241a3000 JavaThread "pool-2-thread-2" [_thread_blocked, id=17450, stack(0x00007f8015a52000,0x00007f8015b53000)]
  0x00007f80241a1000 JavaThread "pool-3-thread-1" [_thread_blocked, id=17449, stack(0x00007f8015b53000,0x00007f8015c54000)]
  0x00007f802419f000 JavaThread "pool-2-thread-1" [_thread_blocked, id=17448, stack(0x00007f8015c54000,0x00007f8015d55000)]
  0x00007f80240b1000 JavaThread "Service Thread" daemon [_thread_blocked, id=17431, stack(0x00007f801c09d000,0x00007f801c19e000)]
  0x00007f80240ae800 JavaThread "C2 CompilerThread1" daemon [_thread_blocked, id=17430, stack(0x00007f801c19e000,0x00007f801c29f000)]
  0x00007f80240ab800 JavaThread "C2 CompilerThread0" daemon [_thread_blocked, id=17429, stack(0x00007f801c29f000,0x00007f801c3a0000)]
  0x00007f80240a9800 JavaThread "Signal Dispatcher" daemon [_thread_blocked, id=17428, stack(0x00007f801c3a0000,0x00007f801c4a1000)]
  0x00007f802407c800 JavaThread "Finalizer" daemon [_thread_blocked, id=17427, stack(0x00007f801c4a1000,0x00007f801c5a2000)]
  0x00007f802407a800 JavaThread "Reference Handler" daemon [_thread_blocked, id=17426, stack(0x00007f801c5a2000,0x00007f801c6a3000)]
  0x00007f802400a800 JavaThread "main" [_thread_blocked, id=17418, stack(0x00007f802ae46000,0x00007f802af47000)]

Other Threads:
=>0x00007f8024076000 VMThread [stack: 0x00007f801c6a3000,0x00007f801c7a4000] [id=17425]
  0x00007f80240bb800 WatcherThread [stack: 0x00007f801781d000,0x00007f801791e000] [id=17432]

VM state:at safepoint (normal execution)

VM Mutex/Monitor currently owned by a thread:  ([mutex/lock_event])
[0x00007f8024006ae0] Threads_lock - owner thread: 0x00007f8024076000
[0x00007f8024006fe0] Heap_lock - owner thread: 0x00007f80241a5800

Heap
 PSYoungGen      total 128000K, used 5111K [0x00000000eaa80000, 0x00000000f2c80000, 0x0000000100000000)
  eden space 122880K, 0% used [0x00000000eaa80000,0x00000000eaa80000,0x00000000f2280000)
  from space 5120K, 99% used [0x00000000f2280000,0x00000000f277df48,0x00000000f2780000)
  to   space 5120K, 0% used [0x00000000f2780000,0x00000000f2780000,0x00000000f2c80000)
 ParOldGen       total 81920K, used 40660K [0x00000000c0000000, 0x00000000c5000000, 0x00000000eaa80000)
  object space 81920K, 49% used [0x00000000c0000000,0x00000000c27b5070,0x00000000c5000000)
 PSPermGen       total 21504K, used 6406K [0x00000000b5a00000, 0x00000000b6f00000, 0x00000000c0000000)
  object space 21504K, 29% used [0x00000000b5a00000,0x00000000b6041910,0x00000000b6f00000)

Card table byte_map: [0x00007f802077c000,0x00007f80209d0000] byte_map_base: 0x00007f80201cf000

Polling page: 0x00007f802af68000

Code Cache  [0x00007f80209d0000, 0x00007f8020c40000, 0x00007f80239d0000)
 total_blobs=549 nmethods=318 adapters=184 free_code_cache=47641Kb largest_free_block=48710336

Compilation events (10 events):
Event: 16.266 Thread 0x00007f80240ab800 nmethod 319 0x00007f8020af7e10 code [0x00007f8020af7f60, 0x00007f8020af8118]
Event: 16.266 Thread 0x00007f80240ab800  320             com.android.dx.cf.code.Ropper::addExceptionSetupBlocks (203 bytes)
Event: 16.360 Thread 0x00007f80240ab800 nmethod 320 0x00007f8020b3a2d0 code [0x00007f8020b3a560, 0x00007f8020b3afb0]
Event: 16.360 Thread 0x00007f80240ab800  321   !         com.android.dx.cf.code.BytecodeArray::parseInstruction (2764 bytes)
Event: 18.475 Thread 0x00007f80240ae800 nmethod 312 0x00007f8020b46010 code [0x00007f8020b46bc0, 0x00007f8020b50130]
Event: 18.483 Thread 0x00007f80240ae800  322             com.android.dx.cf.code.ByteOps::opInfo (6 bytes)
Event: 18.487 Thread 0x00007f80240ae800 nmethod 322 0x00007f8020af9d10 code [0x00007f8020af9e40, 0x00007f8020af9eb8]
Event: 18.487 Thread 0x00007f80240ae800  323             com.android.dx.ssa.BasicRegisterMapper::addMapping (68 bytes)
Event: 18.509 Thread 0x00007f80240ae800 nmethod 323 0x00007f8020af9150 code [0x00007f8020af92c0, 0x00007f8020af9778]
Event: 18.509 Thread 0x00007f80240ae800  324             java.lang.StringBuilder::append (8 bytes)

GC Heap History (9 events):
Event: 3.060 GC heap before
{Heap before GC invocations=1 (full 0):
 PSYoungGen      total 35840K, used 30720K [0x00000000eaa80000, 0x00000000ed280000, 0x0000000100000000)
  eden space 30720K, 100% used [0x00000000eaa80000,0x00000000ec880000,0x00000000ec880000)
  from space 5120K, 0% used [0x00000000ecd80000,0x00000000ecd80000,0x00000000ed280000)
  to   space 5120K, 0% used [0x00000000ec880000,0x00000000ec880000,0x00000000ecd80000)
 ParOldGen       total 81920K, used 0K [0x00000000c0000000, 0x00000000c5000000, 0x00000000eaa80000)
  object space 81920K, 0% used [0x00000000c0000000,0x00000000c0000000,0x00000000c5000000)
 PSPermGen       total 21504K, used 6111K [0x00000000b5a00000, 0x00000000b6f00000, 0x00000000c0000000)
  object space 21504K, 28% used [0x00000000b5a00000,0x00000000b5ff7ef0,0x00000000b6f00000)
Event: 3.145 GC heap after
Heap after GC invocations=1 (full 0):
 PSYoungGen      total 35840K, used 5115K [0x00000000eaa80000, 0x00000000ef080000, 0x0000000100000000)
  eden space 30720K, 0% used [0x00000000eaa80000,0x00000000eaa80000,0x00000000ec880000)
  from space 5120K, 99% used [0x00000000ec880000,0x00000000ecd7edb8,0x00000000ecd80000)
  to   space 5120K, 0% used [0x00000000eeb80000,0x00000000eeb80000,0x00000000ef080000)
 ParOldGen       total 81920K, used 602K [0x00000000c0000000, 0x00000000c5000000, 0x00000000eaa80000)
  object space 81920K, 0% used [0x00000000c0000000,0x00000000c0096b30,0x00000000c5000000)
 PSPermGen       total 21504K, used 6111K [0x00000000b5a00000, 0x00000000b6f00000, 0x00000000c0000000)
  object space 21504K, 28% used [0x00000000b5a00000,0x00000000b5ff7ef0,0x00000000b6f00000)
}
Event: 4.698 GC heap before
{Heap before GC invocations=2 (full 0):
 PSYoungGen      total 35840K, used 35835K [0x00000000eaa80000, 0x00000000ef080000, 0x0000000100000000)
  eden space 30720K, 100% used [0x00000000eaa80000,0x00000000ec880000,0x00000000ec880000)
  from space 5120K, 99% used [0x00000000ec880000,0x00000000ecd7edb8,0x00000000ecd80000)
  to   space 5120K, 0% used [0x00000000eeb80000,0x00000000eeb80000,0x00000000ef080000)
 ParOldGen       total 81920K, used 602K [0x00000000c0000000, 0x00000000c5000000, 0x00000000eaa80000)
  object space 81920K, 0% used [0x00000000c0000000,0x00000000c0096b30,0x00000000c5000000)
 PSPermGen       total 21504K, used 6253K [0x00000000b5a00000, 0x00000000b6f00000, 0x00000000c0000000)
  object space 21504K, 29% used [0x00000000b5a00000,0x00000000b601b440,0x00000000b6f00000)
Event: 4.800 GC heap after
Heap after GC invocations=2 (full 0):
 PSYoungGen      total 66560K, used 5103K [0x00000000eaa80000, 0x00000000ef080000, 0x0000000100000000)
  eden space 61440K, 0% used [0x00000000eaa80000,0x00000000eaa80000,0x00000000ee680000)
  from space 5120K, 99% used [0x00000000eeb80000,0x00000000ef07bf60,0x00000000ef080000)
  to   space 5120K, 0% used [0x00000000ee680000,0x00000000ee680000,0x00000000eeb80000)
 ParOldGen       total 81920K, used 4228K [0x00000000c0000000, 0x00000000c5000000, 0x00000000eaa80000)
  object space 81920K, 5% used [0x00000000c0000000,0x00000000c0421368,0x00000000c5000000)
 PSPermGen       total 21504K, used 6253K [0x00000000b5a00000, 0x00000000b6f00000, 0x00000000c0000000)
  object space 21504K, 29% used [0x00000000b5a00000,0x00000000b601b440,0x00000000b6f00000)
}
Event: 9.289 GC heap before
{Heap before GC invocations=3 (full 0):
 PSYoungGen      total 66560K, used 66543K [0x00000000eaa80000, 0x00000000ef080000, 0x0000000100000000)
  eden space 61440K, 100% used [0x00000000eaa80000,0x00000000ee680000,0x00000000ee680000)
  from space 5120K, 99% used [0x00000000eeb80000,0x00000000ef07bf60,0x00000000ef080000)
  to   space 5120K, 0% used [0x00000000ee680000,0x00000000ee680000,0x00000000eeb80000)
 ParOldGen       total 81920K, used 4228K [0x00000000c0000000, 0x00000000c5000000, 0x00000000eaa80000)
  object space 81920K, 5% used [0x00000000c0000000,0x00000000c0421368,0x00000000c5000000)
 PSPermGen       total 21504K, used 6319K [0x00000000b5a00000, 0x00000000b6f00000, 0x00000000c0000000)
  object space 21504K, 29% used [0x00000000b5a00000,0x00000000b602bf58,0x00000000b6f00000)
Event: 9.399 GC heap after
Heap after GC invocations=3 (full 0):
 PSYoungGen      total 66560K, used 5105K [0x00000000eaa80000, 0x00000000f2c80000, 0x0000000100000000)
  eden space 61440K, 0% used [0x00000000eaa80000,0x00000000eaa80000,0x00000000ee680000)
  from space 5120K, 99% used [0x00000000ee680000,0x00000000eeb7c440,0x00000000eeb80000)
  to   space 5120K, 0% used [0x00000000f2780000,0x00000000f2780000,0x00000000f2c80000)
 ParOldGen       total 81920K, used 13550K [0x00000000c0000000, 0x00000000c5000000, 0x00000000eaa80000)
  object space 81920K, 16% used [0x00000000c0000000,0x00000000c0d3bbf8,0x00000000c5000000)
 PSPermGen       total 21504K, used 6319K [0x00000000b5a00000, 0x00000000b6f00000, 0x00000000c0000000)
  object space 21504K, 29% used [0x00000000b5a00000,0x00000000b602bf58,0x00000000b6f00000)
}
Event: 13.849 GC heap before
{Heap before GC invocations=4 (full 0):
 PSYoungGen      total 66560K, used 66545K [0x00000000eaa80000, 0x00000000f2c80000, 0x0000000100000000)
  eden space 61440K, 100% used [0x00000000eaa80000,0x00000000ee680000,0x00000000ee680000)
  from space 5120K, 99% used [0x00000000ee680000,0x00000000eeb7c440,0x00000000eeb80000)
  to   space 5120K, 0% used [0x00000000f2780000,0x00000000f2780000,0x00000000f2c80000)
 ParOldGen       total 81920K, used 13550K [0x00000000c0000000, 0x00000000c5000000, 0x00000000eaa80000)
  object space 81920K, 16% used [0x00000000c0000000,0x00000000c0d3bbf8,0x00000000c5000000)
 PSPermGen       total 21504K, used 6359K [0x00000000b5a00000, 0x00000000b6f00000, 0x00000000c0000000)
  object space 21504K, 29% used [0x00000000b5a00000,0x00000000b6035fc0,0x00000000b6f00000)
Event: 13.966 GC heap after
Heap after GC invocations=4 (full 0):
 PSYoungGen      total 128000K, used 5108K [0x00000000eaa80000, 0x00000000f2c80000, 0x0000000100000000)
  eden space 122880K, 0% used [0x00000000eaa80000,0x00000000eaa80000,0x00000000f2280000)
  from space 5120K, 99% used [0x00000000f2780000,0x00000000f2c7d2e8,0x00000000f2c80000)
  to   space 5120K, 0% used [0x00000000f2280000,0x00000000f2280000,0x00000000f2780000)
 ParOldGen       total 81920K, used 22389K [0x00000000c0000000, 0x00000000c5000000, 0x00000000eaa80000)
  object space 81920K, 27% used [0x00000000c0000000,0x00000000c15dd788,0x00000000c5000000)
 PSPermGen       total 21504K, used 6359K [0x00000000b5a00000, 0x00000000b6f00000, 0x00000000c0000000)
  object space 21504K, 29% used [0x00000000b5a00000,0x00000000b6035fc0,0x00000000b6f00000)
}
Event: 18.522 GC heap before
{Heap before GC invocations=5 (full 0):
 PSYoungGen      total 128000K, used 127988K [0x00000000eaa80000, 0x00000000f2c80000, 0x0000000100000000)
  eden space 122880K, 100% used [0x00000000eaa80000,0x00000000f2280000,0x00000000f2280000)
  from space 5120K, 99% used [0x00000000f2780000,0x00000000f2c7d2e8,0x00000000f2c80000)
  to   space 5120K, 0% used [0x00000000f2280000,0x00000000f2280000,0x00000000f2780000)
 ParOldGen       total 81920K, used 22389K [0x00000000c0000000, 0x00000000c5000000, 0x00000000eaa80000)
  object space 81920K, 27% used [0x00000000c0000000,0x00000000c15dd788,0x00000000c5000000)
 PSPermGen       total 21504K, used 6406K [0x00000000b5a00000, 0x00000000b6f00000, 0x00000000c0000000)
  object space 21504K, 29% used [0x00000000b5a00000,0x00000000b6041910,0x00000000b6f00000)

Deoptimization events (10 events):
Event: 3.210 Thread 0x00007f80241a5800 Uncommon trap: reason=unstable_if action=reinterpret pc=0x00007f8020a5eb30 method=com.android.dx.rop.code.RegisterSpec.equals(ILcom/android/dx/rop/type/TypeBearer;Lcom/android/dx/rop/code/LocalItem;)Z @ 42
Event: 4.598 Thread 0x00007f802400a800 Uncommon trap: reason=unstable_if action=reinterpret pc=0x00007f8020a4cbc4 method=com.android.dx.rop.cst.Constant.compareTo(Lcom/android/dx/rop/cst/Constant;)I @ 12
Event: 5.601 Thread 0x00007f802400a800 Uncommon trap: reason=unstable_if action=reinterpret pc=0x00007f8020a63b34 method=com.android.dx.util.IntList.binarysearch(I)I @ 105
Event: 5.674 Thread 0x00007f802400a800 Uncommon trap: reason=null_check action=make_not_entrant pc=0x00007f8020a9bfa8 method=com.android.dx.ssa.SsaRenamer.getLocalForNewReg(I)Lcom/android/dx/rop/code/LocalItem; @ 19
Event: 5.986 Thread 0x00007f80241a4000 Uncommon trap: reason=unstable_if action=reinterpret pc=0x00007f8020aa8460 method=com.android.dx.ssa.LocalVariableExtractor.processBlock(I)V @ 251
Event: 8.424 Thread 0x00007f80241a3000 Uncommon trap: reason=unstable_if action=reinterpret pc=0x00007f8020a30e4c method=com.android.dx.ssa.SsaMethod.updateOneDefinition(Lcom/android/dx/ssa/SsaInsn;Lcom/android/dx/rop/code/RegisterSpec;)V @ 4
Event: 8.513 Thread 0x00007f802400a800 Uncommon trap: reason=null_check action=make_not_entrant pc=0x00007f8020ab2778 method=com.android.dx.rop.type.Type.putIntern(Lcom/android/dx/rop/type/Type;)Lcom/android/dx/rop/type/Type; @ 18
Event: 15.471 Thread 0x00007f80241a3000 Uncommon trap: reason=unstable_if action=reinterpret pc=0x00007f8020b2100c method=com.android.dx.cf.code.Ropper.isSynchronized()Z @ 12
Event: 15.967 Thread 0x00007f80241a5800 Uncommon trap: reason=unstable_if action=reinterpret pc=0x00007f8020a9f19c method=java.util.BitSet.ensureCapacity(I)V @ 6
Event: 17.917 Thread 0x00007f80241a3000 Uncommon trap: reason=unstable_if action=reinterpret pc=0x00007f8020ab5ba0 method=com.android.dx.ssa.SCCP.simulateBranch(Lcom/android/dx/ssa/SsaInsn;)V @ 548

Internal exceptions (10 events):
Event: 2.070 Thread 0x00007f80241a4000 Threw 0x00000000eba1cb28 at /build/openjdk-7-hZgspp/openjdk-7-7u101-2.6.6/build/openjdk/hotspot/src/share/vm/prims/jvm.cpp:1322
Event: 2.285 Thread 0x00007f80241a4000 Threw 0x00000000ebd895a8 at /build/openjdk-7-hZgspp/openjdk-7-7u101-2.6.6/build/openjdk/hotspot/src/share/vm/prims/jvm.cpp:1322
Event: 2.645 Thread 0x00007f80241a5800 Threw 0x00000000ec0483e8 at /build/openjdk-7-hZgspp/openjdk-7-7u101-2.6.6/build/openjdk/hotspot/src/share/vm/prims/jvm.cpp:1322
Event: 2.695 Thread 0x00007f80241a4000 Threw 0x00000000ec209248 at /build/openjdk-7-hZgspp/openjdk-7-7u101-2.6.6/build/openjdk/hotspot/src/share/vm/prims/jvm.cpp:1322
Event: 3.747 Thread 0x00007f802400a800 Threw 0x00000000eb752be0 at /build/openjdk-7-hZgspp/openjdk-7-7u101-2.6.6/build/openjdk/hotspot/src/share/vm/prims/jvm.cpp:1322
Event: 5.674 Thread 0x00007f802400a800 Implicit null exception at 0x00007f8020a9a03c to 0x00007f8020a9bf85
Event: 8.250 Thread 0x00007f80241a3000 Threw 0x00000000ed73ee38 at /build/openjdk-7-hZgspp/openjdk-7-7u101-2.6.6/build/openjdk/hotspot/src/share/vm/prims/jvm.cpp:1322
Event: 8.513 Thread 0x00007f802400a800 Implicit null exception at 0x00007f8020ab20b3 to 0x00007f8020ab2769
Event: 9.497 Thread 0x00007f80241a3000 Threw 0x00000000eac399a8 at /build/openjdk-7-hZgspp/openjdk-7-7u101-2.6.6/build/openjdk/hotspot/src/share/vm/prims/jvm.cpp:1322
Event: 13.328 Thread 0x00007f802400a800 Threw 0x00000000edc57e48 at /build/openjdk-7-hZgspp/openjdk-7-7u101-2.6.6/build/openjdk/hotspot/src/share/vm/prims/jvm.cpp:1322

Events (10 events):
Event: 15.471 Thread 0x00007f80241a3000 Uncommon trap: trap_request=0xffffff75 fr.pc=0x00007f8020b2100c
Event: 15.478 Thread 0x00007f80241a3000 DEOPT PACKING pc=0x00007f8020b2100c sp=0x00007f8015b512f0
Event: 15.478 Thread 0x00007f80241a3000 DEOPT UNPACKING pc=0x00007f8020a09445 sp=0x00007f8015b51258 mode 2
Event: 15.958 Thread 0x00007f80241a5800 Uncommon trap: trap_request=0xffffff75 fr.pc=0x00007f8020a9f19c
Event: 15.967 Thread 0x00007f80241a5800 DEOPT PACKING pc=0x00007f8020a9f19c sp=0x00007f801594f270
Event: 15.967 Thread 0x00007f80241a5800 DEOPT UNPACKING pc=0x00007f8020a09445 sp=0x00007f801594f0a8 mode 2
Event: 17.917 Thread 0x00007f80241a3000 Uncommon trap: trap_request=0xffffff75 fr.pc=0x00007f8020ab5ba0
Event: 17.917 Thread 0x00007f80241a3000 DEOPT PACKING pc=0x00007f8020ab5ba0 sp=0x00007f8015b51190
Event: 17.917 Thread 0x00007f80241a3000 DEOPT UNPACKING pc=0x00007f8020a09445 sp=0x00007f8015b51158 mode 2
Event: 18.512 Executing VM operation: ParallelGCFailedAllocation


Dynamic libraries:
00400000-00401000 r-xp 00000000 08:05 11799176                           /usr/lib/jvm/java-7-openjdk-amd64/jre/bin/java
00600000-00601000 r--p 00000000 08:05 11799176                           /usr/lib/jvm/java-7-openjdk-amd64/jre/bin/java
00601000-00602000 rw-p 00001000 08:05 11799176                           /usr/lib/jvm/java-7-openjdk-amd64/jre/bin/java
00b0a000-00b2b000 rw-p 00000000 00:00 0                                  [heap]
b5a00000-b6f00000 rw-p 00000000 00:00 0 
b6f00000-c0000000 rw-p 00000000 00:00 0 
c0000000-c5000000 rw-p 00000000 00:00 0 
c5000000-eaa80000 rw-p 00000000 00:00 0 
eaa80000-f2c80000 rw-p 00000000 00:00 0 
fcb80000-100000000 rw-p 00000000 00:00 0 
7f7fd0000000-7f7fd0021000 rw-p 00000000 00:00 0 
7f7fd0021000-7f7fd4000000 ---p 00000000 00:00 0 
7f7fd8000000-7f7fd8024000 rw-p 00000000 00:00 0 
7f7fd8024000-7f7fdc000000 ---p 00000000 00:00 0 
7f7fdc000000-7f7fdc028000 rw-p 00000000 00:00 0 
7f7fdc028000-7f7fe0000000 ---p 00000000 00:00 0 
7f7fe0000000-7f7fe0036000 rw-p 00000000 00:00 0 
7f7fe0036000-7f7fe4000000 ---p 00000000 00:00 0 
7f7fe4000000-7f7fe4021000 rw-p 00000000 00:00 0 
7f7fe4021000-7f7fe8000000 ---p 00000000 00:00 0 
7f7fe8000000-7f7fe8021000 rw-p 00000000 00:00 0 
7f7fe8021000-7f7fec000000 ---p 00000000 00:00 0 
7f7fec000000-7f7fec021000 rw-p 00000000 00:00 0 
7f7fec021000-7f7ff0000000 ---p 00000000 00:00 0 
7f7ff0000000-7f7ff1374000 rw-p 00000000 00:00 0 
7f7ff1374000-7f7ff4000000 ---p 00000000 00:00 0 
7f7ff4000000-7f7ff55e0000 rw-p 00000000 00:00 0 
7f7ff55e0000-7f7ff8000000 ---p 00000000 00:00 0 
7f7ff8000000-7f7ff8021000 rw-p 00000000 00:00 0 
7f7ff8021000-7f7ffc000000 ---p 00000000 00:00 0 
7f7ffc000000-7f7ffc021000 rw-p 00000000 00:00 0 
7f7ffc021000-7f8000000000 ---p 00000000 00:00 0 
7f8000000000-7f8000021000 rw-p 00000000 00:00 0 
7f8000021000-7f8004000000 ---p 00000000 00:00 0 
7f8004000000-7f8004021000 rw-p 00000000 00:00 0 
7f8004021000-7f8008000000 ---p 00000000 00:00 0 
7f8008000000-7f8008021000 rw-p 00000000 00:00 0 
7f8008021000-7f800c000000 ---p 00000000 00:00 0 
7f800c000000-7f800c021000 rw-p 00000000 00:00 0 
7f800c021000-7f8010000000 ---p 00000000 00:00 0 
7f8010000000-7f8010021000 rw-p 00000000 00:00 0 
7f8010021000-7f8014000000 ---p 00000000 00:00 0 
7f8015850000-7f8015853000 ---p 00000000 00:00 0 
7f8015853000-7f8015951000 rw-p 00000000 00:00 0 
7f8015951000-7f8015954000 ---p 00000000 00:00 0 
7f8015954000-7f8015a52000 rw-p 00000000 00:00 0 
7f8015a52000-7f8015a55000 ---p 00000000 00:00 0 
7f8015a55000-7f8015b53000 rw-p 00000000 00:00 0 
7f8015b53000-7f8015b56000 ---p 00000000 00:00 0 
7f8015b56000-7f8015c54000 rw-p 00000000 00:00 0 
7f8015c54000-7f8015c57000 ---p 00000000 00:00 0 
7f8015c57000-7f8016056000 rw-p 00000000 00:00 0 
7f8016056000-7f80160c2000 r-xp 00000000 08:05 12851331                   /lib/x86_64-linux-gnu/libpcre.so.3.13.1
7f80160c2000-7f80162c2000 ---p 0006c000 08:05 12851331                   /lib/x86_64-linux-gnu/libpcre.so.3.13.1
7f80162c2000-7f80162c3000 r--p 0006c000 08:05 12851331                   /lib/x86_64-linux-gnu/libpcre.so.3.13.1
7f80162c3000-7f80162c4000 rw-p 0006d000 08:05 12851331                   /lib/x86_64-linux-gnu/libpcre.so.3.13.1
7f80162c4000-7f80162cb000 r-xp 00000000 08:05 11542088                   /usr/lib/x86_64-linux-gnu/libffi.so.6.0.4
7f80162cb000-7f80164ca000 ---p 00007000 08:05 11542088                   /usr/lib/x86_64-linux-gnu/libffi.so.6.0.4
7f80164ca000-7f80164cb000 r--p 00006000 08:05 11542088                   /usr/lib/x86_64-linux-gnu/libffi.so.6.0.4
7f80164cb000-7f80164cc000 rw-p 00007000 08:05 11542088                   /usr/lib/x86_64-linux-gnu/libffi.so.6.0.4
7f80164cc000-7f80164e3000 r-xp 00000000 08:05 12851816                   /lib/x86_64-linux-gnu/libresolv-2.21.so
7f80164e3000-7f80166e3000 ---p 00017000 08:05 12851816                   /lib/x86_64-linux-gnu/libresolv-2.21.so
7f80166e3000-7f80166e4000 r--p 00017000 08:05 12851816                   /lib/x86_64-linux-gnu/libresolv-2.21.so
7f80166e4000-7f80166e5000 rw-p 00018000 08:05 12851816                   /lib/x86_64-linux-gnu/libresolv-2.21.so
7f80166e5000-7f80166e7000 rw-p 00000000 00:00 0 
7f80166e7000-7f8016708000 r-xp 00000000 08:05 12851333                   /lib/x86_64-linux-gnu/libselinux.so.1
7f8016708000-7f8016907000 ---p 00021000 08:05 12851333                   /lib/x86_64-linux-gnu/libselinux.so.1
7f8016907000-7f8016908000 r--p 00020000 08:05 12851333                   /lib/x86_64-linux-gnu/libselinux.so.1
7f8016908000-7f8016909000 rw-p 00021000 08:05 12851333                   /lib/x86_64-linux-gnu/libselinux.so.1
7f8016909000-7f801690b000 rw-p 00000000 00:00 0 
7f801690b000-7f801690e000 r-xp 00000000 08:05 11536956                   /usr/lib/x86_64-linux-gnu/libgmodule-2.0.so.0.4600.2
7f801690e000-7f8016b0d000 ---p 00003000 08:05 11536956                   /usr/lib/x86_64-linux-gnu/libgmodule-2.0.so.0.4600.2
7f8016b0d000-7f8016b0e000 r--p 00002000 08:05 11536956                   /usr/lib/x86_64-linux-gnu/libgmodule-2.0.so.0.4600.2
7f8016b0e000-7f8016b0f000 rw-p 00003000 08:05 11536956                   /usr/lib/x86_64-linux-gnu/libgmodule-2.0.so.0.4600.2
7f8016b0f000-7f8016c1c000 r-xp 00000000 08:05 12849631                   /lib/x86_64-linux-gnu/libglib-2.0.so.0.4600.2
7f8016c1c000-7f8016e1b000 ---p 0010d000 08:05 12849631                   /lib/x86_64-linux-gnu/libglib-2.0.so.0.4600.2
7f8016e1b000-7f8016e1c000 r--p 0010c000 08:05 12849631                   /lib/x86_64-linux-gnu/libglib-2.0.so.0.4600.2
7f8016e1c000-7f8016e1d000 rw-p 0010d000 08:05 12849631                   /lib/x86_64-linux-gnu/libglib-2.0.so.0.4600.2
7f8016e1d000-7f8016e1e000 rw-p 00000000 00:00 0 
7f8016e1e000-7f8016e70000 r-xp 00000000 08:05 11536957                   /usr/lib/x86_64-linux-gnu/libgobject-2.0.so.0.4600.2
7f8016e70000-7f801706f000 ---p 00052000 08:05 11536957                   /usr/lib/x86_64-linux-gnu/libgobject-2.0.so.0.4600.2
7f801706f000-7f8017070000 r--p 00051000 08:05 11536957                   /usr/lib/x86_64-linux-gnu/libgobject-2.0.so.0.4600.2
7f8017070000-7f8017071000 rw-p 00052000 08:05 11536957                   /usr/lib/x86_64-linux-gnu/libgobject-2.0.so.0.4600.2
7f8017071000-7f80171eb000 r-xp 00000000 08:05 11536954                   /usr/lib/x86_64-linux-gnu/libgio-2.0.so.0.4600.2
7f80171eb000-7f80173ea000 ---p 0017a000 08:05 11536954                   /usr/lib/x86_64-linux-gnu/libgio-2.0.so.0.4600.2
7f80173ea000-7f80173ee000 r--p 00179000 08:05 11536954                   /usr/lib/x86_64-linux-gnu/libgio-2.0.so.0.4600.2
7f80173ee000-7f80173f0000 rw-p 0017d000 08:05 11536954                   /usr/lib/x86_64-linux-gnu/libgio-2.0.so.0.4600.2
7f80173f0000-7f80173f2000 rw-p 00000000 00:00 0 
7f80173f2000-7f8017409000 r-xp 00000000 08:05 11799198                   /usr/lib/jvm/java-7-openjdk-amd64/jre/lib/amd64/libnet.so
7f8017409000-7f8017609000 ---p 00017000 08:05 11799198                   /usr/lib/jvm/java-7-openjdk-amd64/jre/lib/amd64/libnet.so
7f8017609000-7f801760a000 r--p 00017000 08:05 11799198                   /usr/lib/jvm/java-7-openjdk-amd64/jre/lib/amd64/libnet.so
7f801760a000-7f801760b000 rw-p 00018000 08:05 11799198                   /usr/lib/jvm/java-7-openjdk-amd64/jre/lib/amd64/libnet.so
7f801760b000-7f801761c000 r-xp 00000000 08:05 11799220                   /usr/lib/jvm/java-7-openjdk-amd64/jre/lib/amd64/libnio.so
7f801761c000-7f801781b000 ---p 00011000 08:05 11799220                   /usr/lib/jvm/java-7-openjdk-amd64/jre/lib/amd64/libnio.so
7f801781b000-7f801781c000 r--p 00010000 08:05 11799220                   /usr/lib/jvm/java-7-openjdk-amd64/jre/lib/amd64/libnio.so
7f801781c000-7f801781d000 rw-p 00011000 08:05 11799220                   /usr/lib/jvm/java-7-openjdk-amd64/jre/lib/amd64/libnio.so
7f801781d000-7f801781e000 ---p 00000000 00:00 0 
7f801781e000-7f801791e000 rw-p 00000000 00:00 0 
7f801791e000-7f8018000000 r--p 00000000 08:05 11541696                   /usr/lib/locale/locale-archive
7f8018000000-7f8018021000 rw-p 00000000 00:00 0 
7f8018021000-7f801c000000 ---p 00000000 00:00 0 
7f801c073000-7f801c07a000 r--s 00000000 08:05 11796673                   /usr/lib/x86_64-linux-gnu/gconv/gconv-modules.cache
7f801c07a000-7f801c08e000 r--p 00000000 08:05 12718168                   /usr/share/locale-langpack/zh_CN/LC_MESSAGES/libc.mo
7f801c08e000-7f801c09d000 r--s 000df000 08:05 2098534                    /home/zuojj/Android/Sdk/build-tools/23.0.3/lib/dx.jar
7f801c09d000-7f801c0a0000 ---p 00000000 00:00 0 
7f801c0a0000-7f801c19e000 rw-p 00000000 00:00 0 
7f801c19e000-7f801c1a1000 ---p 00000000 00:00 0 
7f801c1a1000-7f801c29f000 rw-p 00000000 00:00 0 
7f801c29f000-7f801c2a2000 ---p 00000000 00:00 0 
7f801c2a2000-7f801c3a0000 rw-p 00000000 00:00 0 
7f801c3a0000-7f801c3a3000 ---p 00000000 00:00 0 
7f801c3a3000-7f801c4a1000 rw-p 00000000 00:00 0 
7f801c4a1000-7f801c4a4000 ---p 00000000 00:00 0 
7f801c4a4000-7f801c5a2000 rw-p 00000000 00:00 0 
7f801c5a2000-7f801c5a5000 ---p 00000000 00:00 0 
7f801c5a5000-7f801c6a3000 rw-p 00000000 00:00 0 
7f801c6a3000-7f801c6a4000 ---p 00000000 00:00 0 
7f801c6a4000-7f801d7a1000 rw-p 00000000 00:00 0 
7f801d7a1000-7f801d953000 r--s 01d32000 08:05 11799233                   /usr/lib/jvm/java-7-openjdk-amd64/jre/lib/rt.jar
7f801d953000-7f80201cf000 rw-p 00000000 00:00 0 
7f80201cf000-7f80201d0000 ---p 00000000 00:00 0 
7f80201d0000-7f80202d0000 rw-p 00000000 00:00 0 
7f80202d0000-7f80202d1000 ---p 00000000 00:00 0 
7f80202d1000-7f80203d1000 rw-p 00000000 00:00 0 
7f80203d1000-7f80203d2000 ---p 00000000 00:00 0 
7f80203d2000-7f80204d2000 rw-p 00000000 00:00 0 
7f80204d2000-7f80204d3000 ---p 00000000 00:00 0 
7f80204d3000-7f80205de000 rw-p 00000000 00:00 0 
7f80205de000-7f8020626000 rw-p 00000000 00:00 0 
7f8020626000-7f802064e000 rw-p 00000000 00:00 0 
7f802064e000-7f802077c000 rw-p 00000000 00:00 0 
7f802077c000-7f8020787000 rw-p 00000000 00:00 0 
7f8020787000-7f80207cf000 rw-p 00000000 00:00 0 
7f80207cf000-7f80207f7000 rw-p 00000000 00:00 0 
7f80207f7000-7f8020924000 rw-p 00000000 00:00 0 
7f8020924000-7f8020966000 rw-p 00000000 00:00 0 
7f8020966000-7f80209cf000 rw-p 00000000 00:00 0 
7f80209cf000-7f80209d0000 rw-p 00000000 00:00 0 
7f80209d0000-7f8020c40000 rwxp 00000000 00:00 0 
7f8020c40000-7f80239d0000 rw-p 00000000 00:00 0 
7f80239d0000-7f80239d8000 r-xp 00000000 08:05 11799203                   /usr/lib/jvm/java-7-openjdk-amd64/jre/lib/amd64/libzip.so
7f80239d8000-7f8023bd7000 ---p 00008000 08:05 11799203                   /usr/lib/jvm/java-7-openjdk-amd64/jre/lib/amd64/libzip.so
7f8023bd7000-7f8023bd8000 r--p 00007000 08:05 11799203                   /usr/lib/jvm/java-7-openjdk-amd64/jre/lib/amd64/libzip.so
7f8023bd8000-7f8023bd9000 rw-p 00008000 08:05 11799203                   /usr/lib/jvm/java-7-openjdk-amd64/jre/lib/amd64/libzip.so
7f8023bd9000-7f8023be5000 r-xp 00000000 08:05 12851723                   /lib/x86_64-linux-gnu/libnss_files-2.21.so
7f8023be5000-7f8023de4000 ---p 0000c000 08:05 12851723                   /lib/x86_64-linux-gnu/libnss_files-2.21.so
7f8023de4000-7f8023de5000 r--p 0000b000 08:05 12851723                   /lib/x86_64-linux-gnu/libnss_files-2.21.so
7f8023de5000-7f8023de6000 rw-p 0000c000 08:05 12851723                   /lib/x86_64-linux-gnu/libnss_files-2.21.so
7f8023de6000-7f8023dfd000 r-xp 00000000 08:05 12851733                   /lib/x86_64-linux-gnu/libnsl-2.21.so
7f8023dfd000-7f8023ffc000 ---p 00017000 08:05 12851733                   /lib/x86_64-linux-gnu/libnsl-2.21.so
7f8023ffc000-7f8023ffd000 r--p 00016000 08:05 12851733                   /lib/x86_64-linux-gnu/libnsl-2.21.so
7f8023ffd000-7f8023ffe000 rw-p 00017000 08:05 12851733                   /lib/x86_64-linux-gnu/libnsl-2.21.so
7f8023ffe000-7f8024000000 rw-p 00000000 00:00 0 
7f8024000000-7f80241db000 rw-p 00000000 00:00 0 
7f80241db000-7f8028000000 ---p 00000000 00:00 0 
7f8028000000-7f8028004000 r--s 00034000 08:05 11799245                   /usr/lib/jvm/java-7-openjdk-amd64/jre/lib/ext/sunjce_provider.jar
7f8028004000-7f802800f000 r-xp 00000000 08:05 12851792                   /lib/x86_64-linux-gnu/libnss_nis-2.21.so
7f802800f000-7f802820e000 ---p 0000b000 08:05 12851792                   /lib/x86_64-linux-gnu/libnss_nis-2.21.so
7f802820e000-7f802820f000 r--p 0000a000 08:05 12851792                   /lib/x86_64-linux-gnu/libnss_nis-2.21.so
7f802820f000-7f8028210000 rw-p 0000b000 08:05 12851792                   /lib/x86_64-linux-gnu/libnss_nis-2.21.so
7f8028210000-7f8028218000 r-xp 00000000 08:05 12851725                   /lib/x86_64-linux-gnu/libnss_compat-2.21.so
7f8028218000-7f8028417000 ---p 00008000 08:05 12851725                   /lib/x86_64-linux-gnu/libnss_compat-2.21.so
7f8028417000-7f8028418000 r--p 00007000 08:05 12851725                   /lib/x86_64-linux-gnu/libnss_compat-2.21.so
7f8028418000-7f8028419000 rw-p 00008000 08:05 12851725                   /lib/x86_64-linux-gnu/libnss_compat-2.21.so
7f8028419000-7f8028445000 r-xp 00000000 08:05 11799189                   /usr/lib/jvm/java-7-openjdk-amd64/jre/lib/amd64/libjava.so
7f8028445000-7f8028644000 ---p 0002c000 08:05 11799189                   /usr/lib/jvm/java-7-openjdk-amd64/jre/lib/amd64/libjava.so
7f8028644000-7f8028645000 r--p 0002b000 08:05 11799189                   /usr/lib/jvm/java-7-openjdk-amd64/jre/lib/amd64/libjava.so
7f8028645000-7f8028647000 rw-p 0002c000 08:05 11799189                   /usr/lib/jvm/java-7-openjdk-amd64/jre/lib/amd64/libjava.so
7f8028647000-7f8028656000 r-xp 00000000 08:05 11799190                   /usr/lib/jvm/java-7-openjdk-amd64/jre/lib/amd64/libverify.so
7f8028656000-7f8028855000 ---p 0000f000 08:05 11799190                   /usr/lib/jvm/java-7-openjdk-amd64/jre/lib/amd64/libverify.so
7f8028855000-7f8028857000 r--p 0000e000 08:05 11799190                   /usr/lib/jvm/java-7-openjdk-amd64/jre/lib/amd64/libverify.so
7f8028857000-7f8028858000 rw-p 00010000 08:05 11799190                   /usr/lib/jvm/java-7-openjdk-amd64/jre/lib/amd64/libverify.so
7f8028858000-7f802885f000 r-xp 00000000 08:05 12851719                   /lib/x86_64-linux-gnu/librt-2.21.so
7f802885f000-7f8028a5e000 ---p 00007000 08:05 12851719                   /lib/x86_64-linux-gnu/librt-2.21.so
7f8028a5e000-7f8028a5f000 r--p 00006000 08:05 12851719                   /lib/x86_64-linux-gnu/librt-2.21.so
7f8028a5f000-7f8028a60000 rw-p 00007000 08:05 12851719                   /lib/x86_64-linux-gnu/librt-2.21.so
7f8028a60000-7f8028a76000 r-xp 00000000 08:05 12849246                   /lib/x86_64-linux-gnu/libgcc_s.so.1
7f8028a76000-7f8028c75000 ---p 00016000 08:05 12849246                   /lib/x86_64-linux-gnu/libgcc_s.so.1
7f8028c75000-7f8028c76000 r--p 00015000 08:05 12849246                   /lib/x86_64-linux-gnu/libgcc_s.so.1
7f8028c76000-7f8028c77000 rw-p 00016000 08:05 12849246                   /lib/x86_64-linux-gnu/libgcc_s.so.1
7f8028c77000-7f8028d7e000 r-xp 00000000 08:05 12851800                   /lib/x86_64-linux-gnu/libm-2.21.so
7f8028d7e000-7f8028f7d000 ---p 00107000 08:05 12851800                   /lib/x86_64-linux-gnu/libm-2.21.so
7f8028f7d000-7f8028f7e000 r--p 00106000 08:05 12851800                   /lib/x86_64-linux-gnu/libm-2.21.so
7f8028f7e000-7f8028f7f000 rw-p 00107000 08:05 12851800                   /lib/x86_64-linux-gnu/libm-2.21.so
7f8028f7f000-7f80290f2000 r-xp 00000000 08:05 11541573                   /usr/lib/x86_64-linux-gnu/libstdc++.so.6.0.21
7f80290f2000-7f80292f1000 ---p 00173000 08:05 11541573                   /usr/lib/x86_64-linux-gnu/libstdc++.so.6.0.21
7f80292f1000-7f80292fb000 r--p 00172000 08:05 11541573                   /usr/lib/x86_64-linux-gnu/libstdc++.so.6.0.21
7f80292fb000-7f80292fd000 rw-p 0017c000 08:05 11541573                   /usr/lib/x86_64-linux-gnu/libstdc++.so.6.0.21
7f80292fd000-7f8029301000 rw-p 00000000 00:00 0 
7f8029301000-7f8029e54000 r-xp 00000000 08:05 11799201                   /usr/lib/jvm/java-7-openjdk-amd64/jre/lib/amd64/server/libjvm.so
7f8029e54000-7f802a053000 ---p 00b53000 08:05 11799201                   /usr/lib/jvm/java-7-openjdk-amd64/jre/lib/amd64/server/libjvm.so
7f802a053000-7f802a0e4000 r--p 00b52000 08:05 11799201                   /usr/lib/jvm/java-7-openjdk-amd64/jre/lib/amd64/server/libjvm.so
7f802a0e4000-7f802a107000 rw-p 00be3000 08:05 11799201                   /usr/lib/jvm/java-7-openjdk-amd64/jre/lib/amd64/server/libjvm.so
7f802a107000-7f802a134000 rw-p 00000000 00:00 0 
7f802a134000-7f802a14d000 r-xp 00000000 08:05 12846150                   /lib/x86_64-linux-gnu/libz.so.1.2.8
7f802a14d000-7f802a34c000 ---p 00019000 08:05 12846150                   /lib/x86_64-linux-gnu/libz.so.1.2.8
7f802a34c000-7f802a34d000 r--p 00018000 08:05 12846150                   /lib/x86_64-linux-gnu/libz.so.1.2.8
7f802a34d000-7f802a34e000 rw-p 00019000 08:05 12846150                   /lib/x86_64-linux-gnu/libz.so.1.2.8
7f802a34e000-7f802a366000 r-xp 00000000 08:05 12851721                   /lib/x86_64-linux-gnu/libpthread-2.21.so
7f802a366000-7f802a566000 ---p 00018000 08:05 12851721                   /lib/x86_64-linux-gnu/libpthread-2.21.so
7f802a566000-7f802a567000 r--p 00018000 08:05 12851721                   /lib/x86_64-linux-gnu/libpthread-2.21.so
7f802a567000-7f802a568000 rw-p 00019000 08:05 12851721                   /lib/x86_64-linux-gnu/libpthread-2.21.so
7f802a568000-7f802a56c000 rw-p 00000000 00:00 0 
7f802a56c000-7f802a56f000 r-xp 00000000 08:05 12851788                   /lib/x86_64-linux-gnu/libdl-2.21.so
7f802a56f000-7f802a76e000 ---p 00003000 08:05 12851788                   /lib/x86_64-linux-gnu/libdl-2.21.so
7f802a76e000-7f802a76f000 r--p 00002000 08:05 12851788                   /lib/x86_64-linux-gnu/libdl-2.21.so
7f802a76f000-7f802a770000 rw-p 00003000 08:05 12851788                   /lib/x86_64-linux-gnu/libdl-2.21.so
7f802a770000-7f802a930000 r-xp 00000000 08:05 12851804                   /lib/x86_64-linux-gnu/libc-2.21.so
7f802a930000-7f802ab30000 ---p 001c0000 08:05 12851804                   /lib/x86_64-linux-gnu/libc-2.21.so
7f802ab30000-7f802ab34000 r--p 001c0000 08:05 12851804                   /lib/x86_64-linux-gnu/libc-2.21.so
7f802ab34000-7f802ab36000 rw-p 001c4000 08:05 12851804                   /lib/x86_64-linux-gnu/libc-2.21.so
7f802ab36000-7f802ab3a000 rw-p 00000000 00:00 0 
7f802ab3a000-7f802ab47000 r-xp 00000000 08:05 11799217                   /usr/lib/jvm/java-7-openjdk-amd64/jre/lib/amd64/jli/libjli.so
7f802ab47000-7f802ad46000 ---p 0000d000 08:05 11799217                   /usr/lib/jvm/java-7-openjdk-amd64/jre/lib/amd64/jli/libjli.so
7f802ad46000-7f802ad47000 r--p 0000c000 08:05 11799217                   /usr/lib/jvm/java-7-openjdk-amd64/jre/lib/amd64/jli/libjli.so
7f802ad47000-7f802ad48000 rw-p 0000d000 08:05 11799217                   /usr/lib/jvm/java-7-openjdk-amd64/jre/lib/amd64/jli/libjli.so
7f802ad48000-7f802ad6c000 r-xp 00000000 08:05 12851780                   /lib/x86_64-linux-gnu/ld-2.21.so
7f802ad6e000-7f802ad90000 rw-p 00000000 00:00 0 
7f802ad90000-7f802ae46000 rw-p 00000000 00:00 0 
7f802ae46000-7f802ae49000 ---p 00000000 00:00 0 
7f802ae49000-7f802af4c000 rw-p 00000000 00:00 0 
7f802af4e000-7f802af4f000 rw-p 00000000 00:00 0 
7f802af4f000-7f802af52000 r--s 0000f000 08:05 11799246                   /usr/lib/jvm/java-7-openjdk-amd64/jre/lib/ext/icedtea-sound.jar
7f802af52000-7f802af56000 r--s 00085000 08:05 11799247                   /usr/lib/jvm/java-7-openjdk-amd64/jre/lib/ext/localedata.jar
7f802af56000-7f802af5a000 r--s 0003c000 08:05 11799248                   /usr/lib/jvm/java-7-openjdk-amd64/jre/lib/ext/sunpkcs11.jar
7f802af5a000-7f802af5c000 r--s 00012000 08:05 11799244                   /usr/lib/jvm/java-7-openjdk-amd64/jre/lib/ext/zipfs.jar
7f802af5c000-7f802af5e000 r--s 00007000 08:05 12061105                   /usr/share/java/java-atk-wrapper.jar
7f802af5e000-7f802af5f000 r--s 00002000 08:05 11799243                   /usr/lib/jvm/java-7-openjdk-amd64/jre/lib/ext/dnsns.jar
7f802af5f000-7f802af67000 rw-s 00000000 08:05 9306272                    /tmp/hsperfdata_zuojj/17416
7f802af67000-7f802af68000 rw-p 00000000 00:00 0 
7f802af68000-7f802af69000 ---p 00000000 00:00 0 
7f802af69000-7f802af6b000 rw-p 00000000 00:00 0 
7f802af6b000-7f802af6c000 r--p 00023000 08:05 12851780                   /lib/x86_64-linux-gnu/ld-2.21.so
7f802af6c000-7f802af6d000 rw-p 00024000 08:05 12851780                   /lib/x86_64-linux-gnu/ld-2.21.so
7f802af6d000-7f802af6e000 rw-p 00000000 00:00 0 
7fffbbb6a000-7fffbbb8b000 rw-p 00000000 00:00 0                          [stack]
7fffbbbe1000-7fffbbbe3000 r--p 00000000 00:00 0                          [vvar]
7fffbbbe3000-7fffbbbe5000 r-xp 00000000 00:00 0                          [vdso]
ffffffffff600000-ffffffffff601000 r-xp 00000000 00:00 0                  [vsyscall]

VM Arguments:
jvm_args: -Djava.awt.headless=true -Xmx1024M -Dfile.encoding=UTF-8 -Duser.country=CN -Duser.language=zh -Duser.variant 
java_command: com.android.dx.command.Main --dex --force-jumbo --num-threads=4 --multi-dex --output /home/zuojj/workdir/filemanager/YMfileManager/app/build/intermediates/transforms/dex/debug/folders/1000/10/com.android.support-appcompat-v7-23.3.0_4e91a91fcd17048636de6eca2f93fb9b948b03af /home/zuojj/workdir/filemanager/YMfileManager/app/build/intermediates/exploded-aar/com.android.support/appcompat-v7/23.3.0/jars/classes.jar
Launcher Type: SUN_STANDARD

Environment Variables:
JAVA_HOME=/usr/local/java/jdk1.7.0_95
JRE_HOME=/usr/local/java/jre1.7.0_95
PATH=/home/zuojj/bin:/usr/local/sbin:/usr/local/bin:/usr/sbin:/usr/bin:/sbin:/bin:/usr/games:/usr/local/games:/usr/local/java/jre1.7.0_95/bin:/usr/local/java/jdk1.7.0_95/bin
LD_LIBRARY_PATH=/opt/android-studio/bin:
SHELL=/bin/bash
DISPLAY=:0

Signal Handlers:
SIGSEGV: [libjvm.so+0x996e60], sa_mask[0]=0x7ffbfeff, sa_flags=0x10000004
SIGBUS: [libjvm.so+0x996e60], sa_mask[0]=0x7ffbfeff, sa_flags=0x10000004
SIGFPE: [libjvm.so+0x7fdc90], sa_mask[0]=0x7ffbfeff, sa_flags=0x10000004
SIGPIPE: [libjvm.so+0x7fdc90], sa_mask[0]=0x7ffbfeff, sa_flags=0x10000004
SIGXFSZ: [libjvm.so+0x7fdc90], sa_mask[0]=0x7ffbfeff, sa_flags=0x10000004
SIGILL: [libjvm.so+0x7fdc90], sa_mask[0]=0x7ffbfeff, sa_flags=0x10000004
SIGUSR1: SIG_DFL, sa_mask[0]=0x00000000, sa_flags=0x00000000
SIGUSR2: [libjvm.so+0x7fdb10], sa_mask[0]=0x00000004, sa_flags=0x10000004
SIGHUP: [libjvm.so+0x7fdca0], sa_mask[0]=0x7ffbfeff, sa_flags=0x10000004
SIGINT: [libjvm.so+0x7fdca0], sa_mask[0]=0x7ffbfeff, sa_flags=0x10000004
SIGTERM: [libjvm.so+0x7fdca0], sa_mask[0]=0x7ffbfeff, sa_flags=0x10000004
SIGQUIT: [libjvm.so+0x7fdca0], sa_mask[0]=0x7ffbfeff, sa_flags=0x10000004
SIGTRAP: SIG_DFL, sa_mask[0]=0x00000000, sa_flags=0x00000000


---------------  S Y S T E M  ---------------

OS:Ubuntu 15.10 (wily)
uname:Linux 4.2.0-36-generic #41-Ubuntu SMP Mon Apr 18 15:49:10 UTC 2016 x86_64
libc:glibc 2.21 NPTL 2.21 
rlimit: STACK 8192k, CORE 0k, NPROC 30593, NOFILE 65536, AS infinity
load average:16.74 5.07 2.21

/proc/meminfo:
MemTotal:        7868668 kB
MemFree:           51592 kB
MemAvailable:      84692 kB
Buffers:             716 kB
Cached:          1415076 kB
SwapCached:            0 kB
Active:          6389248 kB
Inactive:        1232788 kB
Active(anon):    6378740 kB
Inactive(anon):  1217540 kB
Active(file):      10508 kB
Inactive(file):    15248 kB
Unevictable:          32 kB
Mlocked:              32 kB
SwapTotal:             0 kB
SwapFree:              0 kB
Dirty:               256 kB
Writeback:             0 kB
AnonPages:       6206436 kB
Mapped:           459624 kB
Shmem:           1389876 kB
Slab:              87872 kB
SReclaimable:      48052 kB
SUnreclaim:        39820 kB
KernelStack:       11968 kB
PageTables:        45956 kB
NFS_Unstable:          0 kB
Bounce:                0 kB
WritebackTmp:          0 kB
CommitLimit:     3934332 kB
Committed_AS:   12395720 kB
VmallocTotal:   34359738367 kB
VmallocUsed:      365556 kB
VmallocChunk:   34358947836 kB
HardwareCorrupted:     0 kB
AnonHugePages:   3678208 kB
CmaTotal:              0 kB
CmaFree:               0 kB
HugePages_Total:       0
HugePages_Free:        0
HugePages_Rsvd:        0
HugePages_Surp:        0
Hugepagesize:       2048 kB
DirectMap4k:      131844 kB
DirectMap2M:     4800512 kB
DirectMap1G:     4194304 kB


CPU:total 4 (2 cores per cpu, 2 threads per core) family 6 model 61 stepping 4, cmov, cx8, fxsr, mmx, sse, sse2, sse3, ssse3, sse4.1, sse4.2, popcnt, avx, avx2, erms, ht, tsc, tscinvbit

/proc/cpuinfo:
processor	: 0
vendor_id	: GenuineIntel
cpu family	: 6
model		: 61
model name	: Intel(R) Core(TM) i5-5200U CPU @ 2.20GHz
stepping	: 4
microcode	: 0x21
cpu MHz		: 794.664
cache size	: 3072 KB
physical id	: 0
siblings	: 4
core id		: 0
cpu cores	: 2
apicid		: 0
initial apicid	: 0
fpu		: yes
fpu_exception	: yes
cpuid level	: 20
wp		: yes
flags		: fpu vme de pse tsc msr pae mce cx8 apic sep mtrr pge mca cmov pat pse36 clflush dts acpi mmx fxsr sse sse2 ss ht tm pbe syscall nx pdpe1gb rdtscp lm constant_tsc arch_perfmon pebs bts rep_good nopl xtopology nonstop_tsc aperfmperf eagerfpu pni pclmulqdq dtes64 monitor ds_cpl vmx est tm2 ssse3 fma cx16 xtpr pdcm pcid sse4_1 sse4_2 x2apic movbe popcnt tsc_deadline_timer xsave avx f16c rdrand lahf_lm abm 3dnowprefetch ida arat epb pln pts dtherm intel_pt tpr_shadow vnmi flexpriority ept vpid fsgsbase tsc_adjust bmi1 avx2 smep bmi2 erms invpcid rdseed adx smap xsaveopt
bugs		:
bogomips	: 4389.40
clflush size	: 64
cache_alignment	: 64
address sizes	: 39 bits physical, 48 bits virtual
power management:

processor	: 1
vendor_id	: GenuineIntel
cpu family	: 6
model		: 61
model name	: Intel(R) Core(TM) i5-5200U CPU @ 2.20GHz
stepping	: 4
microcode	: 0x21
cpu MHz		: 799.218
cache size	: 3072 KB
physical id	: 0
siblings	: 4
core id		: 0
cpu cores	: 2
apicid		: 1
initial apicid	: 1
fpu		: yes
fpu_exception	: yes
cpuid level	: 20
wp		: yes
flags		: fpu vme de pse tsc msr pae mce cx8 apic sep mtrr pge mca cmov pat pse36 clflush dts acpi mmx fxsr sse sse2 ss ht tm pbe syscall nx pdpe1gb rdtscp lm constant_tsc arch_perfmon pebs bts rep_good nopl xtopology nonstop_tsc aperfmperf eagerfpu pni pclmulqdq dtes64 monitor ds_cpl vmx est tm2 ssse3 fma cx16 xtpr pdcm pcid sse4_1 sse4_2 x2apic movbe popcnt tsc_deadline_timer xsave avx f16c rdrand lahf_lm abm 3dnowprefetch ida arat epb pln pts dtherm intel_pt tpr_shadow vnmi flexpriority ept vpid fsgsbase tsc_adjust bmi1 avx2 smep bmi2 erms invpcid rdseed adx smap xsaveopt
bugs		:
bogomips	: 4389.40
clflush size	: 64
cache_alignment	: 64
address sizes	: 39 bits physical, 48 bits virtual
power management:

processor	: 2
vendor_id	: GenuineIntel
cpu family	: 6
model		: 61
model name	: Intel(R) Core(TM) i5-5200U CPU @ 2.20GHz
stepping	: 4
microcode	: 0x21
cpu MHz		: 794.664
cache size	: 3072 KB
physical id	: 0
siblings	: 4
core id		: 1
cpu cores	: 2
apicid		: 2
initial apicid	: 2
fpu		: yes
fpu_exception	: yes
cpuid level	: 20
wp		: yes
flags		: fpu vme de pse tsc msr pae mce cx8 apic sep mtrr pge mca cmov pat pse36 clflush dts acpi mmx fxsr sse sse2 ss ht tm pbe syscall nx pdpe1gb rdtscp lm constant_tsc arch_perfmon pebs bts rep_good nopl xtopology nonstop_tsc aperfmperf eagerfpu pni pclmulqdq dtes64 monitor ds_cpl vmx est tm2 ssse3 fma cx16 xtpr pdcm pcid sse4_1 sse4_2 x2apic movbe popcnt tsc_deadline_timer xsave avx f16c rdrand lahf_lm abm 3dnowprefetch ida arat epb pln pts dtherm intel_pt tpr_shadow vnmi flexpriority ept vpid fsgsbase tsc_adjust bmi1 avx2 smep bmi2 erms invpcid rdseed adx smap xsaveopt
bugs		:
bogomips	: 4389.40
clflush size	: 64
cache_alignment	: 64
address sizes	: 39 bits physical, 48 bits virtual
power management:

processor	: 3
vendor_id	: GenuineIntel
cpu family	: 6
model		: 61
model name	: Intel(R) Core(TM) i5-5200U CPU @ 2.20GHz
stepping	: 4
microcode	: 0x21
cpu MHz		: 904.664
cache size	: 3072 KB
physical id	: 0
siblings	: 4
core id		: 1
cpu cores	: 2
apicid		: 3
initial apicid	: 3
fpu		: yes
fpu_exception	: yes
cpuid level	: 20
wp		: yes
flags		: fpu vme de pse tsc msr pae mce cx8 apic sep mtrr pge mca cmov pat pse36 clflush dts acpi mmx fxsr sse sse2 ss ht tm pbe syscall nx pdpe1gb rdtscp lm constant_tsc arch_perfmon pebs bts rep_good nopl xtopology nonstop_tsc aperfmperf eagerfpu pni pclmulqdq dtes64 monitor ds_cpl vmx est tm2 ssse3 fma cx16 xtpr pdcm pcid sse4_1 sse4_2 x2apic movbe popcnt tsc_deadline_timer xsave avx f16c rdrand lahf_lm abm 3dnowprefetch ida arat epb pln pts dtherm intel_pt tpr_shadow vnmi flexpriority ept vpid fsgsbase tsc_adjust bmi1 avx2 smep bmi2 erms invpcid rdseed adx smap xsaveopt
bugs		:
bogomips	: 4389.40
clflush size	: 64
cache_alignment	: 64
address sizes	: 39 bits physical, 48 bits virtual
power management:



Memory: 4k page, physical 7868668k(51592k free), swap 0k(0k free)

vm_info: OpenJDK 64-Bit Server VM (24.95-b01) for linux-amd64 JRE (1.7.0_101-b00), built on Apr 24 2016 20:35:58 by "buildd" with gcc 5.2.1 20151010

time: Thu May 26 17:50:11 2016
elapsed time: 38 seconds

