#
# There is insufficient memory for the Java Runtime Environment to continue.
# Native memory allocation (malloc) failed to allocate 167772160 bytes for committing reserved memory.
# Possible reasons:
#   The system is out of physical RAM or swap space
#   In 32 bit mode, the process size limit was hit
# Possible solutions:
#   Reduce memory load on the system
#   Increase physical memory or swap space
#   Check if swap backing store is full
#   Use 64 bit Java on a 64 bit OS
#   Decrease Java heap size (-Xmx/-Xms)
#   Decrease number of Java threads
#   Decrease Java thread stack sizes (-Xss)
#   Set larger code cache with -XX:ReservedCodeCacheSize=
# This output file may be truncated or incomplete.
#
#  Out of Memory Error (os_linux.cpp:2827), pid=17888, tid=140421284931328
#
# JRE version: OpenJDK Runtime Environment (7.0_101) (build 1.7.0_101-b00)
# Java VM: OpenJDK 64-Bit Server VM (24.95-b01 mixed mode linux-amd64 compressed oops)
# Derivative: IcedTea 2.6.6
# Distribution: Ubuntu 15.10, package 7u101-2.6.6-0ubuntu0.15.10.1
# Failed to write core dump. Core dumps have been disabled. To enable core dumping, try "ulimit -c unlimited" before starting Java again
#

---------------  T H R E A D  ---------------

Current thread (0x00007fb65c076000):  VMThread [stack: 0x00007fb660bea000,0x00007fb660ceb000] [id=17897]

Stack: [0x00007fb660bea000,0x00007fb660ceb000],  sp=0x00007fb660ce94f0,  free space=1021k
Native frames: (J=compiled Java code, j=interpreted, Vv=VM code, C=native code)
V  [libjvm.so+0x996303]
V  [libjvm.so+0x48b94f]
V  [libjvm.so+0x802a2b]
V  [libjvm.so+0x7fce1e]
V  [libjvm.so+0x872f2b]
V  [libjvm.so+0x874873]
V  [libjvm.so+0x870af8]
V  [libjvm.so+0x870ddc]
V  [libjvm.so+0x8263e3]
V  [libjvm.so+0x997da2]
V  [libjvm.so+0x99cae7]
V  [libjvm.so+0x99a378]
V  [libjvm.so+0x99b6ef]
V  [libjvm.so+0x99bbe1]
V  [libjvm.so+0x7ff952]

VM_Operation (0x00007fb6509100a0): ParallelGCFailedAllocation, mode: safepoint, requested by thread 0x00007fb65c19d800


---------------  P R O C E S S  ---------------

Java Threads: ( => current thread )
  0x00007fb65c19d800 JavaThread "pool-1-thread-4" [_thread_blocked, id=17909, stack(0x00007fb650811000,0x00007fb650912000)]
  0x00007fb65c19c000 JavaThread "pool-1-thread-3" [_thread_blocked, id=17908, stack(0x00007fb650912000,0x00007fb650a13000)]
  0x00007fb65c19b000 JavaThread "pool-1-thread-2" [_thread_blocked, id=17907, stack(0x00007fb650a13000,0x00007fb650b14000)]
  0x00007fb65c199000 JavaThread "pool-2-thread-1" [_thread_blocked, id=17906, stack(0x00007fb650b14000,0x00007fb650c15000)]
  0x00007fb65c197000 JavaThread "pool-1-thread-1" [_thread_blocked, id=17905, stack(0x00007fb650c15000,0x00007fb650d16000)]
  0x00007fb65c0b1000 JavaThread "Service Thread" daemon [_thread_blocked, id=17903, stack(0x00007fb658eff000,0x00007fb659000000)]
  0x00007fb65c0ae800 JavaThread "C2 CompilerThread1" daemon [_thread_blocked, id=17902, stack(0x00007fb660003000,0x00007fb660104000)]
  0x00007fb65c0ab800 JavaThread "C2 CompilerThread0" daemon [_thread_blocked, id=17901, stack(0x00007fb660104000,0x00007fb660205000)]
  0x00007fb65c0a9800 JavaThread "Signal Dispatcher" daemon [_thread_blocked, id=17900, stack(0x00007fb660205000,0x00007fb660306000)]
  0x00007fb65c07c800 JavaThread "Finalizer" daemon [_thread_blocked, id=17899, stack(0x00007fb6609e8000,0x00007fb660ae9000)]
  0x00007fb65c07a800 JavaThread "Reference Handler" daemon [_thread_blocked, id=17898, stack(0x00007fb660ae9000,0x00007fb660bea000)]
  0x00007fb65c00a800 JavaThread "main" [_thread_blocked, id=17891, stack(0x00007fb665e58000,0x00007fb665f59000)]

Other Threads:
=>0x00007fb65c076000 VMThread [stack: 0x00007fb660bea000,0x00007fb660ceb000] [id=17897]
  0x00007fb65c0bb800 WatcherThread [stack: 0x00007fb658dfe000,0x00007fb658eff000] [id=17904]

VM state:at safepoint (normal execution)

VM Mutex/Monitor currently owned by a thread:  ([mutex/lock_event])
[0x00007fb65c006aa0] Threads_lock - owner thread: 0x00007fb65c076000
[0x00007fb65c006fa0] Heap_lock - owner thread: 0x00007fb65c19d800

Heap
 PSYoungGen      total 128000K, used 5116K [0x00000000eaa80000, 0x00000000f2c80000, 0x0000000100000000)
  eden space 122880K, 0% used [0x00000000eaa80000,0x00000000eaa80000,0x00000000f2280000)
  from space 5120K, 99% used [0x00000000f2280000,0x00000000f277f1d8,0x00000000f2780000)
  to   space 5120K, 0% used [0x00000000f2780000,0x00000000f2780000,0x00000000f2c80000)
 ParOldGen       total 81920K, used 41189K [0x00000000c0000000, 0x00000000c5000000, 0x00000000eaa80000)
  object space 81920K, 50% used [0x00000000c0000000,0x00000000c2839618,0x00000000c5000000)
 PSPermGen       total 21504K, used 6407K [0x00000000b5a00000, 0x00000000b6f00000, 0x00000000c0000000)
  object space 21504K, 29% used [0x00000000b5a00000,0x00000000b6041c60,0x00000000b6f00000)

Card table byte_map: [0x00007fb662793000,0x00007fb6629e7000] byte_map_base: 0x00007fb6621e6000

Polling page: 0x00007fb665f7a000

Code Cache  [0x00007fb659000000, 0x00007fb659270000, 0x00007fb65c000000)
 total_blobs=553 nmethods=322 adapters=184 free_code_cache=47655Kb largest_free_block=48668096

Compilation events (10 events):
Event: 15.669 Thread 0x00007fb65c0ab800 nmethod 324 0x00007fb659166bd0 code [0x00007fb659166d00, 0x00007fb659166d58]
Event: 15.670 Thread 0x00007fb65c0ab800  325             com.android.dx.ssa.SCCP::addBlockToWorklist (47 bytes)
Event: 15.732 Thread 0x00007fb65c0ab800 nmethod 325 0x00007fb659126610 code [0x00007fb6591267e0, 0x00007fb659126f70]
Event: 15.732 Thread 0x00007fb65c0ab800  326             com.android.dx.ssa.SsaMethod::getExitBlock (26 bytes)
Event: 15.733 Thread 0x00007fb65c0ab800 nmethod 326 0x00007fb659126210 code [0x00007fb659126360, 0x00007fb659126478]
Event: 15.733 Thread 0x00007fb65c0ab800  327             com.android.dx.util.BitIntSet$1::hasNext (13 bytes)
Event: 15.734 Thread 0x00007fb65c0ab800 nmethod 327 0x00007fb659126010 code [0x00007fb659126140, 0x00007fb659126198]
Event: 15.734 Thread 0x00007fb65c0ab800  328             com.android.dx.cf.iface.StdAttributeList::get (9 bytes)
Event: 15.735 Thread 0x00007fb65c0ab800 nmethod 328 0x00007fb659127d50 code [0x00007fb659127ea0, 0x00007fb659127f98]
Event: 15.735 Thread 0x00007fb65c0ab800  329             com.android.dx.dex.code.RopTranslator::pickOrder (400 bytes)

GC Heap History (9 events):
Event: 3.553 GC heap before
{Heap before GC invocations=1 (full 0):
 PSYoungGen      total 35840K, used 30720K [0x00000000eaa80000, 0x00000000ed280000, 0x0000000100000000)
  eden space 30720K, 100% used [0x00000000eaa80000,0x00000000ec880000,0x00000000ec880000)
  from space 5120K, 0% used [0x00000000ecd80000,0x00000000ecd80000,0x00000000ed280000)
  to   space 5120K, 0% used [0x00000000ec880000,0x00000000ec880000,0x00000000ecd80000)
 ParOldGen       total 81920K, used 0K [0x00000000c0000000, 0x00000000c5000000, 0x00000000eaa80000)
  object space 81920K, 0% used [0x00000000c0000000,0x00000000c0000000,0x00000000c5000000)
 PSPermGen       total 21504K, used 6117K [0x00000000b5a00000, 0x00000000b6f00000, 0x00000000c0000000)
  object space 21504K, 28% used [0x00000000b5a00000,0x00000000b5ff9660,0x00000000b6f00000)
Event: 3.620 GC heap after
Heap after GC invocations=1 (full 0):
 PSYoungGen      total 35840K, used 5091K [0x00000000eaa80000, 0x00000000ef080000, 0x0000000100000000)
  eden space 30720K, 0% used [0x00000000eaa80000,0x00000000eaa80000,0x00000000ec880000)
  from space 5120K, 99% used [0x00000000ec880000,0x00000000ecd78d20,0x00000000ecd80000)
  to   space 5120K, 0% used [0x00000000eeb80000,0x00000000eeb80000,0x00000000ef080000)
 ParOldGen       total 81920K, used 676K [0x00000000c0000000, 0x00000000c5000000, 0x00000000eaa80000)
  object space 81920K, 0% used [0x00000000c0000000,0x00000000c00a91d8,0x00000000c5000000)
 PSPermGen       total 21504K, used 6117K [0x00000000b5a00000, 0x00000000b6f00000, 0x00000000c0000000)
  object space 21504K, 28% used [0x00000000b5a00000,0x00000000b5ff9660,0x00000000b6f00000)
}
Event: 5.495 GC heap before
{Heap before GC invocations=2 (full 0):
 PSYoungGen      total 35840K, used 35811K [0x00000000eaa80000, 0x00000000ef080000, 0x0000000100000000)
  eden space 30720K, 100% used [0x00000000eaa80000,0x00000000ec880000,0x00000000ec880000)
  from space 5120K, 99% used [0x00000000ec880000,0x00000000ecd78d20,0x00000000ecd80000)
  to   space 5120K, 0% used [0x00000000eeb80000,0x00000000eeb80000,0x00000000ef080000)
 ParOldGen       total 81920K, used 676K [0x00000000c0000000, 0x00000000c5000000, 0x00000000eaa80000)
  object space 81920K, 0% used [0x00000000c0000000,0x00000000c00a91d8,0x00000000c5000000)
 PSPermGen       total 21504K, used 6257K [0x00000000b5a00000, 0x00000000b6f00000, 0x00000000c0000000)
  object space 21504K, 29% used [0x00000000b5a00000,0x00000000b601c408,0x00000000b6f00000)
Event: 5.649 GC heap after
Heap after GC invocations=2 (full 0):
 PSYoungGen      total 66560K, used 5105K [0x00000000eaa80000, 0x00000000ef080000, 0x0000000100000000)
  eden space 61440K, 0% used [0x00000000eaa80000,0x00000000eaa80000,0x00000000ee680000)
  from space 5120K, 99% used [0x00000000eeb80000,0x00000000ef07c6a8,0x00000000ef080000)
  to   space 5120K, 0% used [0x00000000ee680000,0x00000000ee680000,0x00000000eeb80000)
 ParOldGen       total 81920K, used 4134K [0x00000000c0000000, 0x00000000c5000000, 0x00000000eaa80000)
  object space 81920K, 5% used [0x00000000c0000000,0x00000000c0409b60,0x00000000c5000000)
 PSPermGen       total 21504K, used 6257K [0x00000000b5a00000, 0x00000000b6f00000, 0x00000000c0000000)
  object space 21504K, 29% used [0x00000000b5a00000,0x00000000b601c408,0x00000000b6f00000)
}
Event: 8.739 GC heap before
{Heap before GC invocations=3 (full 0):
 PSYoungGen      total 66560K, used 66545K [0x00000000eaa80000, 0x00000000ef080000, 0x0000000100000000)
  eden space 61440K, 100% used [0x00000000eaa80000,0x00000000ee680000,0x00000000ee680000)
  from space 5120K, 99% used [0x00000000eeb80000,0x00000000ef07c6a8,0x00000000ef080000)
  to   space 5120K, 0% used [0x00000000ee680000,0x00000000ee680000,0x00000000eeb80000)
 ParOldGen       total 81920K, used 4134K [0x00000000c0000000, 0x00000000c5000000, 0x00000000eaa80000)
  object space 81920K, 5% used [0x00000000c0000000,0x00000000c0409b60,0x00000000c5000000)
 PSPermGen       total 21504K, used 6322K [0x00000000b5a00000, 0x00000000b6f00000, 0x00000000c0000000)
  object space 21504K, 29% used [0x00000000b5a00000,0x00000000b602c930,0x00000000b6f00000)
Event: 8.820 GC heap after
Heap after GC invocations=3 (full 0):
 PSYoungGen      total 66560K, used 5099K [0x00000000eaa80000, 0x00000000f2c80000, 0x0000000100000000)
  eden space 61440K, 0% used [0x00000000eaa80000,0x00000000eaa80000,0x00000000ee680000)
  from space 5120K, 99% used [0x00000000ee680000,0x00000000eeb7ae80,0x00000000eeb80000)
  to   space 5120K, 0% used [0x00000000f2780000,0x00000000f2780000,0x00000000f2c80000)
 ParOldGen       total 81920K, used 13997K [0x00000000c0000000, 0x00000000c5000000, 0x00000000eaa80000)
  object space 81920K, 17% used [0x00000000c0000000,0x00000000c0dab558,0x00000000c5000000)
 PSPermGen       total 21504K, used 6322K [0x00000000b5a00000, 0x00000000b6f00000, 0x00000000c0000000)
  object space 21504K, 29% used [0x00000000b5a00000,0x00000000b602c930,0x00000000b6f00000)
}
Event: 11.911 GC heap before
{Heap before GC invocations=4 (full 0):
 PSYoungGen      total 66560K, used 66539K [0x00000000eaa80000, 0x00000000f2c80000, 0x0000000100000000)
  eden space 61440K, 100% used [0x00000000eaa80000,0x00000000ee680000,0x00000000ee680000)
  from space 5120K, 99% used [0x00000000ee680000,0x00000000eeb7ae80,0x00000000eeb80000)
  to   space 5120K, 0% used [0x00000000f2780000,0x00000000f2780000,0x00000000f2c80000)
 ParOldGen       total 81920K, used 13997K [0x00000000c0000000, 0x00000000c5000000, 0x00000000eaa80000)
  object space 81920K, 17% used [0x00000000c0000000,0x00000000c0dab558,0x00000000c5000000)
 PSPermGen       total 21504K, used 6361K [0x00000000b5a00000, 0x00000000b6f00000, 0x00000000c0000000)
  object space 21504K, 29% used [0x00000000b5a00000,0x00000000b60364f8,0x00000000b6f00000)
Event: 12.019 GC heap after
Heap after GC invocations=4 (full 0):
 PSYoungGen      total 128000K, used 5104K [0x00000000eaa80000, 0x00000000f2c80000, 0x0000000100000000)
  eden space 122880K, 0% used [0x00000000eaa80000,0x00000000eaa80000,0x00000000f2280000)
  from space 5120K, 99% used [0x00000000f2780000,0x00000000f2c7c108,0x00000000f2c80000)
  to   space 5120K, 0% used [0x00000000f2280000,0x00000000f2280000,0x00000000f2780000)
 ParOldGen       total 81920K, used 23143K [0x00000000c0000000, 0x00000000c5000000, 0x00000000eaa80000)
  object space 81920K, 28% used [0x00000000c0000000,0x00000000c1699ca0,0x00000000c5000000)
 PSPermGen       total 21504K, used 6361K [0x00000000b5a00000, 0x00000000b6f00000, 0x00000000c0000000)
  object space 21504K, 29% used [0x00000000b5a00000,0x00000000b60364f8,0x00000000b6f00000)
}
Event: 15.799 GC heap before
{Heap before GC invocations=5 (full 0):
 PSYoungGen      total 128000K, used 127984K [0x00000000eaa80000, 0x00000000f2c80000, 0x0000000100000000)
  eden space 122880K, 100% used [0x00000000eaa80000,0x00000000f2280000,0x00000000f2280000)
  from space 5120K, 99% used [0x00000000f2780000,0x00000000f2c7c108,0x00000000f2c80000)
  to   space 5120K, 0% used [0x00000000f2280000,0x00000000f2280000,0x00000000f2780000)
 ParOldGen       total 81920K, used 23143K [0x00000000c0000000, 0x00000000c5000000, 0x00000000eaa80000)
  object space 81920K, 28% used [0x00000000c0000000,0x00000000c1699ca0,0x00000000c5000000)
 PSPermGen       total 21504K, used 6407K [0x00000000b5a00000, 0x00000000b6f00000, 0x00000000c0000000)
  object space 21504K, 29% used [0x00000000b5a00000,0x00000000b6041c60,0x00000000b6f00000)

Deoptimization events (10 events):
Event: 1.188 Thread 0x00007fb65c00a800 Uncommon trap: reason=unstable_if action=reinterpret pc=0x00007fb659064708 method=java.lang.String.compareTo(Ljava/lang/String;)I @ 38
Event: 2.698 Thread 0x00007fb65c19b000 Uncommon trap: reason=null_check action=make_not_entrant pc=0x00007fb65907e838 method=com.android.dx.rop.code.LocalItem.equals(Ljava/lang/Object;)Z @ 1
Event: 3.457 Thread 0x00007fb65c197000 Uncommon trap: reason=unstable_if action=reinterpret pc=0x00007fb6590895d4 method=com.android.dx.rop.code.RegisterSpec.equals(ILcom/android/dx/rop/type/TypeBearer;Lcom/android/dx/rop/code/LocalItem;)Z @ 42
Event: 5.650 Thread 0x00007fb65c19b000 Uncommon trap: reason=unstable_if action=reinterpret pc=0x00007fb65907b684 method=com.android.dx.rop.cst.Constant.compareTo(Lcom/android/dx/rop/cst/Constant;)I @ 12
Event: 6.086 Thread 0x00007fb65c19c000 Uncommon trap: reason=null_check action=make_not_entrant pc=0x00007fb6590ca110 method=com.android.dx.ssa.SsaRenamer.getLocalForNewReg(I)Lcom/android/dx/rop/code/LocalItem; @ 19
Event: 6.156 Thread 0x00007fb65c19b000 Uncommon trap: reason=unstable_if action=reinterpret pc=0x00007fb6590d679c method=com.android.dx.ssa.LocalVariableExtractor.processBlock(I)V @ 251
Event: 7.141 Thread 0x00007fb65c19c000 Uncommon trap: reason=unstable_if action=reinterpret pc=0x00007fb659094434 method=com.android.dx.util.IntList.binarysearch(I)I @ 105
Event: 7.920 Thread 0x00007fb65c00a800 Uncommon trap: reason=null_check action=make_not_entrant pc=0x00007fb6590e0f84 method=com.android.dx.rop.type.Type.putIntern(Lcom/android/dx/rop/type/Type;)Lcom/android/dx/rop/type/Type; @ 18
Event: 12.956 Thread 0x00007fb65c197000 Uncommon trap: reason=unstable_if action=reinterpret pc=0x00007fb6591474a8 method=com.android.dx.cf.code.Ropper.isSynchronized()Z @ 12
Event: 14.770 Thread 0x00007fb65c197000 Uncommon trap: reason=unstable_if action=reinterpret pc=0x00007fb6590e69c4 method=com.android.dx.ssa.SCCP.simulateBranch(Lcom/android/dx/ssa/SsaInsn;)V @ 548

Internal exceptions (10 events):
Event: 2.526 Thread 0x00007fb65c19c000 Threw 0x00000000ebbebfa8 at /build/openjdk-7-hZgspp/openjdk-7-7u101-2.6.6/build/openjdk/hotspot/src/share/vm/prims/jvm.cpp:1322
Event: 2.698 Thread 0x00007fb65c19b000 Implicit null exception at 0x00007fb65907e5d2 to 0x00007fb65907e811
Event: 3.013 Thread 0x00007fb65c197000 Threw 0x00000000ec08a5b8 at /build/openjdk-7-hZgspp/openjdk-7-7u101-2.6.6/build/openjdk/hotspot/src/share/vm/prims/jvm.cpp:1322
Event: 3.156 Thread 0x00007fb65c19d800 Threw 0x00000000ec01bf08 at /build/openjdk-7-hZgspp/openjdk-7-7u101-2.6.6/build/openjdk/hotspot/src/share/vm/prims/jvm.cpp:1322
Event: 4.257 Thread 0x00007fb65c00a800 Threw 0x00000000eb57aed8 at /build/openjdk-7-hZgspp/openjdk-7-7u101-2.6.6/build/openjdk/hotspot/src/share/vm/prims/jvm.cpp:1322
Event: 6.086 Thread 0x00007fb65c19c000 Implicit null exception at 0x00007fb6590c81b4 to 0x00007fb6590ca0ed
Event: 6.887 Thread 0x00007fb65c19d800 Threw 0x00000000ec38cb10 at /build/openjdk-7-hZgspp/openjdk-7-7u101-2.6.6/build/openjdk/hotspot/src/share/vm/prims/jvm.cpp:1322
Event: 7.311 Thread 0x00007fb65c00a800 Threw 0x00000000ecd16988 at /build/openjdk-7-hZgspp/openjdk-7-7u101-2.6.6/build/openjdk/hotspot/src/share/vm/prims/jvm.cpp:1322
Event: 7.920 Thread 0x00007fb65c00a800 Implicit null exception at 0x00007fb6590e08bf to 0x00007fb6590e0f75
Event: 11.652 Thread 0x00007fb65c00a800 Threw 0x00000000edf637c8 at /build/openjdk-7-hZgspp/openjdk-7-7u101-2.6.6/build/openjdk/hotspot/src/share/vm/prims/jvm.cpp:1322

Events (10 events):
Event: 12.956 Thread 0x00007fb65c197000 Uncommon trap: trap_request=0xffffff75 fr.pc=0x00007fb6591474a8
Event: 12.956 Thread 0x00007fb65c197000 DEOPT PACKING pc=0x00007fb6591474a8 sp=0x00007fb650d142f0
Event: 12.956 Thread 0x00007fb65c197000 DEOPT UNPACKING pc=0x00007fb659039445 sp=0x00007fb650d14258 mode 2
Event: 14.769 Thread 0x00007fb65c197000 Uncommon trap: trap_request=0xffffff75 fr.pc=0x00007fb6590e69c4
Event: 14.771 Thread 0x00007fb65c197000 DEOPT PACKING pc=0x00007fb6590e69c4 sp=0x00007fb650d14190
Event: 14.771 Thread 0x00007fb65c197000 DEOPT UNPACKING pc=0x00007fb659039445 sp=0x00007fb650d14158 mode 2
Event: 15.549 Thread 0x00007fb65c0ab800 flushing nmethod 0x00007fb65907b4d0
Event: 15.668 Thread 0x00007fb65c0ab800 flushing nmethod 0x00007fb6590c7110
Event: 15.668 Thread 0x00007fb65c0ab800 flushing nmethod 0x00007fb6590d4550
Event: 15.778 Executing VM operation: ParallelGCFailedAllocation


Dynamic libraries:
00400000-00401000 r-xp 00000000 08:05 11799176                           /usr/lib/jvm/java-7-openjdk-amd64/jre/bin/java
00600000-00601000 r--p 00000000 08:05 11799176                           /usr/lib/jvm/java-7-openjdk-amd64/jre/bin/java
00601000-00602000 rw-p 00001000 08:05 11799176                           /usr/lib/jvm/java-7-openjdk-amd64/jre/bin/java
01853000-01874000 rw-p 00000000 00:00 0                                  [heap]
b5a00000-b6f00000 rw-p 00000000 00:00 0 
b6f00000-c0000000 rw-p 00000000 00:00 0 
c0000000-c5000000 rw-p 00000000 00:00 0 
c5000000-eaa80000 rw-p 00000000 00:00 0 
eaa80000-f2c80000 rw-p 00000000 00:00 0 
fcc80000-100000000 rw-p 00000000 00:00 0 
7fb60c000000-7fb60c021000 rw-p 00000000 00:00 0 
7fb60c021000-7fb610000000 ---p 00000000 00:00 0 
7fb614000000-7fb614021000 rw-p 00000000 00:00 0 
7fb614021000-7fb618000000 ---p 00000000 00:00 0 
7fb618000000-7fb618033000 rw-p 00000000 00:00 0 
7fb618033000-7fb61c000000 ---p 00000000 00:00 0 
7fb61c000000-7fb61c032000 rw-p 00000000 00:00 0 
7fb61c032000-7fb620000000 ---p 00000000 00:00 0 
7fb620000000-7fb620021000 rw-p 00000000 00:00 0 
7fb620021000-7fb624000000 ---p 00000000 00:00 0 
7fb624000000-7fb624021000 rw-p 00000000 00:00 0 
7fb624021000-7fb628000000 ---p 00000000 00:00 0 
7fb628000000-7fb628021000 rw-p 00000000 00:00 0 
7fb628021000-7fb62c000000 ---p 00000000 00:00 0 
7fb62c000000-7fb62d6a6000 rw-p 00000000 00:00 0 
7fb62d6a6000-7fb630000000 ---p 00000000 00:00 0 
7fb630000000-7fb6311e4000 rw-p 00000000 00:00 0 
7fb6311e4000-7fb634000000 ---p 00000000 00:00 0 
7fb634000000-7fb634021000 rw-p 00000000 00:00 0 
7fb634021000-7fb638000000 ---p 00000000 00:00 0 
7fb638000000-7fb638021000 rw-p 00000000 00:00 0 
7fb638021000-7fb63c000000 ---p 00000000 00:00 0 
7fb63c000000-7fb63c039000 rw-p 00000000 00:00 0 
7fb63c039000-7fb640000000 ---p 00000000 00:00 0 
7fb640000000-7fb640021000 rw-p 00000000 00:00 0 
7fb640021000-7fb644000000 ---p 00000000 00:00 0 
7fb644000000-7fb644021000 rw-p 00000000 00:00 0 
7fb644021000-7fb648000000 ---p 00000000 00:00 0 
7fb648000000-7fb648021000 rw-p 00000000 00:00 0 
7fb648021000-7fb64c000000 ---p 00000000 00:00 0 
7fb64c000000-7fb64c021000 rw-p 00000000 00:00 0 
7fb64c021000-7fb650000000 ---p 00000000 00:00 0 
7fb650811000-7fb650814000 ---p 00000000 00:00 0 
7fb650814000-7fb650912000 rw-p 00000000 00:00 0 
7fb650912000-7fb650915000 ---p 00000000 00:00 0 
7fb650915000-7fb650a13000 rw-p 00000000 00:00 0 
7fb650a13000-7fb650a16000 ---p 00000000 00:00 0 
7fb650a16000-7fb650b14000 rw-p 00000000 00:00 0 
7fb650b14000-7fb650b17000 ---p 00000000 00:00 0 
7fb650b17000-7fb650c15000 rw-p 00000000 00:00 0 
7fb650c15000-7fb650c18000 ---p 00000000 00:00 0 
7fb650c18000-7fb651017000 rw-p 00000000 00:00 0 
7fb651017000-7fb651083000 r-xp 00000000 08:05 12851331                   /lib/x86_64-linux-gnu/libpcre.so.3.13.1
7fb651083000-7fb651283000 ---p 0006c000 08:05 12851331                   /lib/x86_64-linux-gnu/libpcre.so.3.13.1
7fb651283000-7fb651284000 r--p 0006c000 08:05 12851331                   /lib/x86_64-linux-gnu/libpcre.so.3.13.1
7fb651284000-7fb651285000 rw-p 0006d000 08:05 12851331                   /lib/x86_64-linux-gnu/libpcre.so.3.13.1
7fb651285000-7fb65128c000 r-xp 00000000 08:05 11542088                   /usr/lib/x86_64-linux-gnu/libffi.so.6.0.4
7fb65128c000-7fb65148b000 ---p 00007000 08:05 11542088                   /usr/lib/x86_64-linux-gnu/libffi.so.6.0.4
7fb65148b000-7fb65148c000 r--p 00006000 08:05 11542088                   /usr/lib/x86_64-linux-gnu/libffi.so.6.0.4
7fb65148c000-7fb65148d000 rw-p 00007000 08:05 11542088                   /usr/lib/x86_64-linux-gnu/libffi.so.6.0.4
7fb65148d000-7fb6514a4000 r-xp 00000000 08:05 12845240                   /lib/x86_64-linux-gnu/libresolv-2.21.so
7fb6514a4000-7fb6516a4000 ---p 00017000 08:05 12845240                   /lib/x86_64-linux-gnu/libresolv-2.21.so
7fb6516a4000-7fb6516a5000 r--p 00017000 08:05 12845240                   /lib/x86_64-linux-gnu/libresolv-2.21.so
7fb6516a5000-7fb6516a6000 rw-p 00018000 08:05 12845240                   /lib/x86_64-linux-gnu/libresolv-2.21.so
7fb6516a6000-7fb6516a8000 rw-p 00000000 00:00 0 
7fb6516a8000-7fb6516c9000 r-xp 00000000 08:05 12851333                   /lib/x86_64-linux-gnu/libselinux.so.1
7fb6516c9000-7fb6518c8000 ---p 00021000 08:05 12851333                   /lib/x86_64-linux-gnu/libselinux.so.1
7fb6518c8000-7fb6518c9000 r--p 00020000 08:05 12851333                   /lib/x86_64-linux-gnu/libselinux.so.1
7fb6518c9000-7fb6518ca000 rw-p 00021000 08:05 12851333                   /lib/x86_64-linux-gnu/libselinux.so.1
7fb6518ca000-7fb6518cc000 rw-p 00000000 00:00 0 
7fb6518cc000-7fb6518cf000 r-xp 00000000 08:05 11534990                   /usr/lib/x86_64-linux-gnu/libgmodule-2.0.so.0.4600.2
7fb6518cf000-7fb651ace000 ---p 00003000 08:05 11534990                   /usr/lib/x86_64-linux-gnu/libgmodule-2.0.so.0.4600.2
7fb651ace000-7fb651acf000 r--p 00002000 08:05 11534990                   /usr/lib/x86_64-linux-gnu/libgmodule-2.0.so.0.4600.2
7fb651acf000-7fb651ad0000 rw-p 00003000 08:05 11534990                   /usr/lib/x86_64-linux-gnu/libgmodule-2.0.so.0.4600.2
7fb651ad0000-7fb654000000 rw-p 00000000 00:00 0 
7fb654000000-7fb654021000 rw-p 00000000 00:00 0 
7fb654021000-7fb658000000 ---p 00000000 00:00 0 
7fb6580b6000-7fb6581c3000 r-xp 00000000 08:05 12845862                   /lib/x86_64-linux-gnu/libglib-2.0.so.0.4600.2
7fb6581c3000-7fb6583c2000 ---p 0010d000 08:05 12845862                   /lib/x86_64-linux-gnu/libglib-2.0.so.0.4600.2
7fb6583c2000-7fb6583c3000 r--p 0010c000 08:05 12845862                   /lib/x86_64-linux-gnu/libglib-2.0.so.0.4600.2
7fb6583c3000-7fb6583c4000 rw-p 0010d000 08:05 12845862                   /lib/x86_64-linux-gnu/libglib-2.0.so.0.4600.2
7fb6583c4000-7fb6583c5000 rw-p 00000000 00:00 0 
7fb6583c5000-7fb658417000 r-xp 00000000 08:05 11534989                   /usr/lib/x86_64-linux-gnu/libgobject-2.0.so.0.4600.2
7fb658417000-7fb658616000 ---p 00052000 08:05 11534989                   /usr/lib/x86_64-linux-gnu/libgobject-2.0.so.0.4600.2
7fb658616000-7fb658617000 r--p 00051000 08:05 11534989                   /usr/lib/x86_64-linux-gnu/libgobject-2.0.so.0.4600.2
7fb658617000-7fb658618000 rw-p 00052000 08:05 11534989                   /usr/lib/x86_64-linux-gnu/libgobject-2.0.so.0.4600.2
7fb658618000-7fb658792000 r-xp 00000000 08:05 11534988                   /usr/lib/x86_64-linux-gnu/libgio-2.0.so.0.4600.2
7fb658792000-7fb658991000 ---p 0017a000 08:05 11534988                   /usr/lib/x86_64-linux-gnu/libgio-2.0.so.0.4600.2
7fb658991000-7fb658995000 r--p 00179000 08:05 11534988                   /usr/lib/x86_64-linux-gnu/libgio-2.0.so.0.4600.2
7fb658995000-7fb658997000 rw-p 0017d000 08:05 11534988                   /usr/lib/x86_64-linux-gnu/libgio-2.0.so.0.4600.2
7fb658997000-7fb658999000 rw-p 00000000 00:00 0 
7fb65899b000-7fb6589a2000 r--s 00000000 08:05 11799658                   /usr/lib/x86_64-linux-gnu/gconv/gconv-modules.cache
7fb6589a2000-7fb6589b6000 r--p 00000000 08:05 12718168                   /usr/share/locale-langpack/zh_CN/LC_MESSAGES/libc.mo
7fb6589b6000-7fb6589cd000 r-xp 00000000 08:05 11799198                   /usr/lib/jvm/java-7-openjdk-amd64/jre/lib/amd64/libnet.so
7fb6589cd000-7fb658bcd000 ---p 00017000 08:05 11799198                   /usr/lib/jvm/java-7-openjdk-amd64/jre/lib/amd64/libnet.so
7fb658bcd000-7fb658bce000 r--p 00017000 08:05 11799198                   /usr/lib/jvm/java-7-openjdk-amd64/jre/lib/amd64/libnet.so
7fb658bce000-7fb658bcf000 rw-p 00018000 08:05 11799198                   /usr/lib/jvm/java-7-openjdk-amd64/jre/lib/amd64/libnet.so
7fb658bcf000-7fb658be0000 r-xp 00000000 08:05 11799220                   /usr/lib/jvm/java-7-openjdk-amd64/jre/lib/amd64/libnio.so
7fb658be0000-7fb658ddf000 ---p 00011000 08:05 11799220                   /usr/lib/jvm/java-7-openjdk-amd64/jre/lib/amd64/libnio.so
7fb658ddf000-7fb658de0000 r--p 00010000 08:05 11799220                   /usr/lib/jvm/java-7-openjdk-amd64/jre/lib/amd64/libnio.so
7fb658de0000-7fb658de1000 rw-p 00011000 08:05 11799220                   /usr/lib/jvm/java-7-openjdk-amd64/jre/lib/amd64/libnio.so
7fb658de1000-7fb658deb000 r--s 0008b000 08:05 4194346                    /home/zuojj/workdir/filemanager/YMfileManager/app/build/intermediates/exploded-aar/com.android.support/appcompat-v7/23.3.0/jars/classes.jar
7fb658deb000-7fb658dfa000 r--s 000df000 08:05 2098534                    /home/zuojj/Android/Sdk/build-tools/23.0.3/lib/dx.jar
7fb658dfa000-7fb658dfe000 r--s 00034000 08:05 11799245                   /usr/lib/jvm/java-7-openjdk-amd64/jre/lib/ext/sunjce_provider.jar
7fb658dfe000-7fb658dff000 ---p 00000000 00:00 0 
7fb658dff000-7fb658eff000 rw-p 00000000 00:00 0 
7fb658eff000-7fb658f02000 ---p 00000000 00:00 0 
7fb658f02000-7fb659000000 rw-p 00000000 00:00 0 
7fb659000000-7fb659270000 rwxp 00000000 00:00 0 
7fb659270000-7fb65c1ec000 rw-p 00000000 00:00 0 
7fb65c1ec000-7fb660000000 ---p 00000000 00:00 0 
7fb660003000-7fb660006000 ---p 00000000 00:00 0 
7fb660006000-7fb660104000 rw-p 00000000 00:00 0 
7fb660104000-7fb660107000 ---p 00000000 00:00 0 
7fb660107000-7fb660205000 rw-p 00000000 00:00 0 
7fb660205000-7fb660208000 ---p 00000000 00:00 0 
7fb660208000-7fb660306000 rw-p 00000000 00:00 0 
7fb660306000-7fb6609e8000 r--p 00000000 08:05 11541696                   /usr/lib/locale/locale-archive
7fb6609e8000-7fb6609eb000 ---p 00000000 00:00 0 
7fb6609eb000-7fb660ae9000 rw-p 00000000 00:00 0 
7fb660ae9000-7fb660aec000 ---p 00000000 00:00 0 
7fb660aec000-7fb660bea000 rw-p 00000000 00:00 0 
7fb660bea000-7fb660beb000 ---p 00000000 00:00 0 
7fb660beb000-7fb661ce8000 rw-p 00000000 00:00 0 
7fb661ce8000-7fb661e9a000 r--s 01d32000 08:05 11799233                   /usr/lib/jvm/java-7-openjdk-amd64/jre/lib/rt.jar
7fb661e9a000-7fb6621e6000 rw-p 00000000 00:00 0 
7fb6621e6000-7fb6621e7000 ---p 00000000 00:00 0 
7fb6621e7000-7fb6622e7000 rw-p 00000000 00:00 0 
7fb6622e7000-7fb6622e8000 ---p 00000000 00:00 0 
7fb6622e8000-7fb6623e8000 rw-p 00000000 00:00 0 
7fb6623e8000-7fb6623e9000 ---p 00000000 00:00 0 
7fb6623e9000-7fb6624e9000 rw-p 00000000 00:00 0 
7fb6624e9000-7fb6624ea000 ---p 00000000 00:00 0 
7fb6624ea000-7fb6625f5000 rw-p 00000000 00:00 0 
7fb6625f5000-7fb66263d000 rw-p 00000000 00:00 0 
7fb66263d000-7fb662665000 rw-p 00000000 00:00 0 
7fb662665000-7fb662793000 rw-p 00000000 00:00 0 
7fb662793000-7fb66279e000 rw-p 00000000 00:00 0 
7fb66279e000-7fb6627e6000 rw-p 00000000 00:00 0 
7fb6627e6000-7fb66280e000 rw-p 00000000 00:00 0 
7fb66280e000-7fb66293b000 rw-p 00000000 00:00 0 
7fb66293b000-7fb66297d000 rw-p 00000000 00:00 0 
7fb66297d000-7fb6629e6000 rw-p 00000000 00:00 0 
7fb6629e6000-7fb6629e7000 rw-p 00000000 00:00 0 
7fb6629e7000-7fb6629ef000 r-xp 00000000 08:05 11799203                   /usr/lib/jvm/java-7-openjdk-amd64/jre/lib/amd64/libzip.so
7fb6629ef000-7fb662bee000 ---p 00008000 08:05 11799203                   /usr/lib/jvm/java-7-openjdk-amd64/jre/lib/amd64/libzip.so
7fb662bee000-7fb662bef000 r--p 00007000 08:05 11799203                   /usr/lib/jvm/java-7-openjdk-amd64/jre/lib/amd64/libzip.so
7fb662bef000-7fb662bf0000 rw-p 00008000 08:05 11799203                   /usr/lib/jvm/java-7-openjdk-amd64/jre/lib/amd64/libzip.so
7fb662bf0000-7fb662bfa000 r-xp 00000000 08:05 12845228                   /lib/x86_64-linux-gnu/libnss_files-2.21.so
7fb662bfa000-7fb662dfa000 ---p 0000a000 08:05 12845228                   /lib/x86_64-linux-gnu/libnss_files-2.21.so
7fb662dfa000-7fb662dfb000 r--p 0000a000 08:05 12845228                   /lib/x86_64-linux-gnu/libnss_files-2.21.so
7fb662dfb000-7fb662dfc000 rw-p 0000b000 08:05 12845228                   /lib/x86_64-linux-gnu/libnss_files-2.21.so
7fb662dfc000-7fb662e07000 r-xp 00000000 08:05 12845242                   /lib/x86_64-linux-gnu/libnss_nis-2.21.so
7fb662e07000-7fb663006000 ---p 0000b000 08:05 12845242                   /lib/x86_64-linux-gnu/libnss_nis-2.21.so
7fb663006000-7fb663007000 r--p 0000a000 08:05 12845242                   /lib/x86_64-linux-gnu/libnss_nis-2.21.so
7fb663007000-7fb663008000 rw-p 0000b000 08:05 12845242                   /lib/x86_64-linux-gnu/libnss_nis-2.21.so
7fb663008000-7fb66301f000 r-xp 00000000 08:05 12845245                   /lib/x86_64-linux-gnu/libnsl-2.21.so
7fb66301f000-7fb66321e000 ---p 00017000 08:05 12845245                   /lib/x86_64-linux-gnu/libnsl-2.21.so
7fb66321e000-7fb66321f000 r--p 00016000 08:05 12845245                   /lib/x86_64-linux-gnu/libnsl-2.21.so
7fb66321f000-7fb663220000 rw-p 00017000 08:05 12845245                   /lib/x86_64-linux-gnu/libnsl-2.21.so
7fb663220000-7fb663222000 rw-p 00000000 00:00 0 
7fb663222000-7fb66322a000 r-xp 00000000 08:05 12845230                   /lib/x86_64-linux-gnu/libnss_compat-2.21.so
7fb66322a000-7fb663429000 ---p 00008000 08:05 12845230                   /lib/x86_64-linux-gnu/libnss_compat-2.21.so
7fb663429000-7fb66342a000 r--p 00007000 08:05 12845230                   /lib/x86_64-linux-gnu/libnss_compat-2.21.so
7fb66342a000-7fb66342b000 rw-p 00008000 08:05 12845230                   /lib/x86_64-linux-gnu/libnss_compat-2.21.so
7fb66342b000-7fb663457000 r-xp 00000000 08:05 11799189                   /usr/lib/jvm/java-7-openjdk-amd64/jre/lib/amd64/libjava.so
7fb663457000-7fb663656000 ---p 0002c000 08:05 11799189                   /usr/lib/jvm/java-7-openjdk-amd64/jre/lib/amd64/libjava.so
7fb663656000-7fb663657000 r--p 0002b000 08:05 11799189                   /usr/lib/jvm/java-7-openjdk-amd64/jre/lib/amd64/libjava.so
7fb663657000-7fb663659000 rw-p 0002c000 08:05 11799189                   /usr/lib/jvm/java-7-openjdk-amd64/jre/lib/amd64/libjava.so
7fb663659000-7fb663668000 r-xp 00000000 08:05 11799190                   /usr/lib/jvm/java-7-openjdk-amd64/jre/lib/amd64/libverify.so
7fb663668000-7fb663867000 ---p 0000f000 08:05 11799190                   /usr/lib/jvm/java-7-openjdk-amd64/jre/lib/amd64/libverify.so
7fb663867000-7fb663869000 r--p 0000e000 08:05 11799190                   /usr/lib/jvm/java-7-openjdk-amd64/jre/lib/amd64/libverify.so
7fb663869000-7fb66386a000 rw-p 00010000 08:05 11799190                   /usr/lib/jvm/java-7-openjdk-amd64/jre/lib/amd64/libverify.so
7fb66386a000-7fb663871000 r-xp 00000000 08:05 12845229                   /lib/x86_64-linux-gnu/librt-2.21.so
7fb663871000-7fb663a70000 ---p 00007000 08:05 12845229                   /lib/x86_64-linux-gnu/librt-2.21.so
7fb663a70000-7fb663a71000 r--p 00006000 08:05 12845229                   /lib/x86_64-linux-gnu/librt-2.21.so
7fb663a71000-7fb663a72000 rw-p 00007000 08:05 12845229                   /lib/x86_64-linux-gnu/librt-2.21.so
7fb663a72000-7fb663a88000 r-xp 00000000 08:05 12849246                   /lib/x86_64-linux-gnu/libgcc_s.so.1
7fb663a88000-7fb663c87000 ---p 00016000 08:05 12849246                   /lib/x86_64-linux-gnu/libgcc_s.so.1
7fb663c87000-7fb663c88000 r--p 00015000 08:05 12849246                   /lib/x86_64-linux-gnu/libgcc_s.so.1
7fb663c88000-7fb663c89000 rw-p 00016000 08:05 12849246                   /lib/x86_64-linux-gnu/libgcc_s.so.1
7fb663c89000-7fb663d90000 r-xp 00000000 08:05 12845231                   /lib/x86_64-linux-gnu/libm-2.21.so
7fb663d90000-7fb663f8f000 ---p 00107000 08:05 12845231                   /lib/x86_64-linux-gnu/libm-2.21.so
7fb663f8f000-7fb663f90000 r--p 00106000 08:05 12845231                   /lib/x86_64-linux-gnu/libm-2.21.so
7fb663f90000-7fb663f91000 rw-p 00107000 08:05 12845231                   /lib/x86_64-linux-gnu/libm-2.21.so
7fb663f91000-7fb664104000 r-xp 00000000 08:05 11541573                   /usr/lib/x86_64-linux-gnu/libstdc++.so.6.0.21
7fb664104000-7fb664303000 ---p 00173000 08:05 11541573                   /usr/lib/x86_64-linux-gnu/libstdc++.so.6.0.21
7fb664303000-7fb66430d000 r--p 00172000 08:05 11541573                   /usr/lib/x86_64-linux-gnu/libstdc++.so.6.0.21
7fb66430d000-7fb66430f000 rw-p 0017c000 08:05 11541573                   /usr/lib/x86_64-linux-gnu/libstdc++.so.6.0.21
7fb66430f000-7fb664313000 rw-p 00000000 00:00 0 
7fb664313000-7fb664e66000 r-xp 00000000 08:05 11799201                   /usr/lib/jvm/java-7-openjdk-amd64/jre/lib/amd64/server/libjvm.so
7fb664e66000-7fb665065000 ---p 00b53000 08:05 11799201                   /usr/lib/jvm/java-7-openjdk-amd64/jre/lib/amd64/server/libjvm.so
7fb665065000-7fb6650f6000 r--p 00b52000 08:05 11799201                   /usr/lib/jvm/java-7-openjdk-amd64/jre/lib/amd64/server/libjvm.so
7fb6650f6000-7fb665119000 rw-p 00be3000 08:05 11799201                   /usr/lib/jvm/java-7-openjdk-amd64/jre/lib/amd64/server/libjvm.so
7fb665119000-7fb665146000 rw-p 00000000 00:00 0 
7fb665146000-7fb66515f000 r-xp 00000000 08:05 12846150                   /lib/x86_64-linux-gnu/libz.so.1.2.8
7fb66515f000-7fb66535e000 ---p 00019000 08:05 12846150                   /lib/x86_64-linux-gnu/libz.so.1.2.8
7fb66535e000-7fb66535f000 r--p 00018000 08:05 12846150                   /lib/x86_64-linux-gnu/libz.so.1.2.8
7fb66535f000-7fb665360000 rw-p 00019000 08:05 12846150                   /lib/x86_64-linux-gnu/libz.so.1.2.8
7fb665360000-7fb665378000 r-xp 00000000 08:05 12845232                   /lib/x86_64-linux-gnu/libpthread-2.21.so
7fb665378000-7fb665578000 ---p 00018000 08:05 12845232                   /lib/x86_64-linux-gnu/libpthread-2.21.so
7fb665578000-7fb665579000 r--p 00018000 08:05 12845232                   /lib/x86_64-linux-gnu/libpthread-2.21.so
7fb665579000-7fb66557a000 rw-p 00019000 08:05 12845232                   /lib/x86_64-linux-gnu/libpthread-2.21.so
7fb66557a000-7fb66557e000 rw-p 00000000 00:00 0 
7fb66557e000-7fb665581000 r-xp 00000000 08:05 12845235                   /lib/x86_64-linux-gnu/libdl-2.21.so
7fb665581000-7fb665780000 ---p 00003000 08:05 12845235                   /lib/x86_64-linux-gnu/libdl-2.21.so
7fb665780000-7fb665781000 r--p 00002000 08:05 12845235                   /lib/x86_64-linux-gnu/libdl-2.21.so
7fb665781000-7fb665782000 rw-p 00003000 08:05 12845235                   /lib/x86_64-linux-gnu/libdl-2.21.so
7fb665782000-7fb665942000 r-xp 00000000 08:05 12845248                   /lib/x86_64-linux-gnu/libc-2.21.so
7fb665942000-7fb665b42000 ---p 001c0000 08:05 12845248                   /lib/x86_64-linux-gnu/libc-2.21.so
7fb665b42000-7fb665b46000 r--p 001c0000 08:05 12845248                   /lib/x86_64-linux-gnu/libc-2.21.so
7fb665b46000-7fb665b48000 rw-p 001c4000 08:05 12845248                   /lib/x86_64-linux-gnu/libc-2.21.so
7fb665b48000-7fb665b4c000 rw-p 00000000 00:00 0 
7fb665b4c000-7fb665b59000 r-xp 00000000 08:05 11799217                   /usr/lib/jvm/java-7-openjdk-amd64/jre/lib/amd64/jli/libjli.so
7fb665b59000-7fb665d58000 ---p 0000d000 08:05 11799217                   /usr/lib/jvm/java-7-openjdk-amd64/jre/lib/amd64/jli/libjli.so
7fb665d58000-7fb665d59000 r--p 0000c000 08:05 11799217                   /usr/lib/jvm/java-7-openjdk-amd64/jre/lib/amd64/jli/libjli.so
7fb665d59000-7fb665d5a000 rw-p 0000d000 08:05 11799217                   /usr/lib/jvm/java-7-openjdk-amd64/jre/lib/amd64/jli/libjli.so
7fb665d5a000-7fb665d7e000 r-xp 00000000 08:05 12845246                   /lib/x86_64-linux-gnu/ld-2.21.so
7fb665d80000-7fb665da2000 rw-p 00000000 00:00 0 
7fb665da2000-7fb665e58000 rw-p 00000000 00:00 0 
7fb665e58000-7fb665e5b000 ---p 00000000 00:00 0 
7fb665e5b000-7fb665f5e000 rw-p 00000000 00:00 0 
7fb665f60000-7fb665f61000 rw-p 00000000 00:00 0 
7fb665f61000-7fb665f64000 r--s 0000f000 08:05 11799246                   /usr/lib/jvm/java-7-openjdk-amd64/jre/lib/ext/icedtea-sound.jar
7fb665f64000-7fb665f68000 r--s 00085000 08:05 11799247                   /usr/lib/jvm/java-7-openjdk-amd64/jre/lib/ext/localedata.jar
7fb665f68000-7fb665f6c000 r--s 0003c000 08:05 11799248                   /usr/lib/jvm/java-7-openjdk-amd64/jre/lib/ext/sunpkcs11.jar
7fb665f6c000-7fb665f6e000 r--s 00012000 08:05 11799244                   /usr/lib/jvm/java-7-openjdk-amd64/jre/lib/ext/zipfs.jar
7fb665f6e000-7fb665f70000 r--s 00007000 08:05 12061105                   /usr/share/java/java-atk-wrapper.jar
7fb665f70000-7fb665f71000 r--s 00002000 08:05 11799243                   /usr/lib/jvm/java-7-openjdk-amd64/jre/lib/ext/dnsns.jar
7fb665f71000-7fb665f79000 rw-s 00000000 08:05 8651248                    /tmp/hsperfdata_zuojj/17888
7fb665f79000-7fb665f7a000 rw-p 00000000 00:00 0 
7fb665f7a000-7fb665f7b000 ---p 00000000 00:00 0 
7fb665f7b000-7fb665f7d000 rw-p 00000000 00:00 0 
7fb665f7d000-7fb665f7e000 r--p 00023000 08:05 12845246                   /lib/x86_64-linux-gnu/ld-2.21.so
7fb665f7e000-7fb665f7f000 rw-p 00024000 08:05 12845246                   /lib/x86_64-linux-gnu/ld-2.21.so
7fb665f7f000-7fb665f80000 rw-p 00000000 00:00 0 
7ffe6e2dc000-7ffe6e2fd000 rw-p 00000000 00:00 0                          [stack]
7ffe6e311000-7ffe6e313000 r--p 00000000 00:00 0                          [vvar]
7ffe6e313000-7ffe6e315000 r-xp 00000000 00:00 0                          [vdso]
ffffffffff600000-ffffffffff601000 r-xp 00000000 00:00 0                  [vsyscall]

VM Arguments:
jvm_args: -Djava.awt.headless=true -Xmx1024M -Dfile.encoding=UTF-8 -Duser.country=CN -Duser.language=zh -Duser.variant 
java_command: com.android.dx.command.Main --dex --force-jumbo --num-threads=4 --output /home/zuojj/workdir/filemanager/YMfileManager/app/build/intermediates/pre-dexed/debug/com.android.support-appcompat-v7-23.3.0_4e91a91fcd17048636de6eca2f93fb9b948b03af.jar /home/zuojj/workdir/filemanager/YMfileManager/app/build/intermediates/exploded-aar/com.android.support/appcompat-v7/23.3.0/jars/classes.jar
Launcher Type: SUN_STANDARD

Environment Variables:
JAVA_HOME=/usr/local/java/jdk1.7.0_95
JRE_HOME=/usr/local/java/jre1.7.0_95
PATH=/home/zuojj/bin:/usr/local/sbin:/usr/local/bin:/usr/sbin:/usr/bin:/sbin:/bin:/usr/games:/usr/local/games:/usr/local/java/jre1.7.0_95/bin:/usr/local/java/jdk1.7.0_95/bin
LD_LIBRARY_PATH=/opt/android-studio/bin:
SHELL=/usr/bin/zsh
DISPLAY=:0

Signal Handlers:
SIGSEGV: [libjvm.so+0x996e60], sa_mask[0]=0x7ffbfeff, sa_flags=0x10000004
SIGBUS: [libjvm.so+0x996e60], sa_mask[0]=0x7ffbfeff, sa_flags=0x10000004
SIGFPE: [libjvm.so+0x7fdc90], sa_mask[0]=0x7ffbfeff, sa_flags=0x10000004
SIGPIPE: [libjvm.so+0x7fdc90], sa_mask[0]=0x7ffbfeff, sa_flags=0x10000004
SIGXFSZ: [libjvm.so+0x7fdc90], sa_mask[0]=0x7ffbfeff, sa_flags=0x10000004
SIGILL: [libjvm.so+0x7fdc90], sa_mask[0]=0x7ffbfeff, sa_flags=0x10000004
SIGUSR1: SIG_DFL, sa_mask[0]=0x00000000, sa_flags=0x00000000
SIGUSR2: [libjvm.so+0x7fdb10], sa_mask[0]=0x00000004, sa_flags=0x10000004
SIGHUP: [libjvm.so+0x7fdca0], sa_mask[0]=0x7ffbfeff, sa_flags=0x10000004
SIGINT: [libjvm.so+0x7fdca0], sa_mask[0]=0x7ffbfeff, sa_flags=0x10000004
SIGTERM: [libjvm.so+0x7fdca0], sa_mask[0]=0x7ffbfeff, sa_flags=0x10000004
SIGQUIT: [libjvm.so+0x7fdca0], sa_mask[0]=0x7ffbfeff, sa_flags=0x10000004
SIGTRAP: SIG_DFL, sa_mask[0]=0x00000000, sa_flags=0x00000000


---------------  S Y S T E M  ---------------

OS:Ubuntu 15.10 (wily)
uname:Linux 4.2.0-36-generic #42-Ubuntu SMP Thu May 12 22:05:35 UTC 2016 x86_64
libc:glibc 2.21 NPTL 2.21 
rlimit: STACK 8192k, CORE 0k, NPROC 30593, NOFILE 65536, AS infinity
load average:10.25 3.39 2.14

/proc/meminfo:
MemTotal:        7868668 kB
MemFree:           57356 kB
MemAvailable:      82516 kB
Buffers:             588 kB
Cached:          1981308 kB
SwapCached:            0 kB
Active:          5821828 kB
Inactive:        1800700 kB
Active(anon):    5811672 kB
Inactive(anon):  1791432 kB
Active(file):      10156 kB
Inactive(file):     9268 kB
Unevictable:          32 kB
Mlocked:              32 kB
SwapTotal:             0 kB
SwapFree:              0 kB
Dirty:               284 kB
Writeback:             0 kB
AnonPages:       5640804 kB
Mapped:           620876 kB
Shmem:           1962380 kB
Slab:              81020 kB
SReclaimable:      43280 kB
SUnreclaim:        37740 kB
KernelStack:       11264 kB
PageTables:        44856 kB
NFS_Unstable:          0 kB
Bounce:                0 kB
WritebackTmp:          0 kB
CommitLimit:     3934332 kB
Committed_AS:   12576192 kB
VmallocTotal:   34359738367 kB
VmallocUsed:      365572 kB
VmallocChunk:   34358947836 kB
HardwareCorrupted:     0 kB
AnonHugePages:   3770368 kB
CmaTotal:              0 kB
CmaFree:               0 kB
HugePages_Total:       0
HugePages_Free:        0
HugePages_Rsvd:        0
HugePages_Surp:        0
Hugepagesize:       2048 kB
DirectMap4k:      133892 kB
DirectMap2M:     6895616 kB
DirectMap1G:     2097152 kB


CPU:total 4 (2 cores per cpu, 2 threads per core) family 6 model 61 stepping 4, cmov, cx8, fxsr, mmx, sse, sse2, sse3, ssse3, sse4.1, sse4.2, popcnt, avx, avx2, erms, ht, tsc, tscinvbit

/proc/cpuinfo:
processor	: 0
vendor_id	: GenuineIntel
cpu family	: 6
model		: 61
model name	: Intel(R) Core(TM) i5-5200U CPU @ 2.20GHz
stepping	: 4
microcode	: 0x21
cpu MHz		: 2424.726
cache size	: 3072 KB
physical id	: 0
siblings	: 4
core id		: 0
cpu cores	: 2
apicid		: 0
initial apicid	: 0
fpu		: yes
fpu_exception	: yes
cpuid level	: 20
wp		: yes
flags		: fpu vme de pse tsc msr pae mce cx8 apic sep mtrr pge mca cmov pat pse36 clflush dts acpi mmx fxsr sse sse2 ss ht tm pbe syscall nx pdpe1gb rdtscp lm constant_tsc arch_perfmon pebs bts rep_good nopl xtopology nonstop_tsc aperfmperf eagerfpu pni pclmulqdq dtes64 monitor ds_cpl vmx est tm2 ssse3 fma cx16 xtpr pdcm pcid sse4_1 sse4_2 x2apic movbe popcnt tsc_deadline_timer xsave avx f16c rdrand lahf_lm abm 3dnowprefetch ida arat epb pln pts dtherm intel_pt tpr_shadow vnmi flexpriority ept vpid fsgsbase tsc_adjust bmi1 avx2 smep bmi2 erms invpcid rdseed adx smap xsaveopt
bugs		:
bogomips	: 4389.61
clflush size	: 64
cache_alignment	: 64
address sizes	: 39 bits physical, 48 bits virtual
power management:

processor	: 1
vendor_id	: GenuineIntel
cpu family	: 6
model		: 61
model name	: Intel(R) Core(TM) i5-5200U CPU @ 2.20GHz
stepping	: 4
microcode	: 0x21
cpu MHz		: 2165.968
cache size	: 3072 KB
physical id	: 0
siblings	: 4
core id		: 0
cpu cores	: 2
apicid		: 1
initial apicid	: 1
fpu		: yes
fpu_exception	: yes
cpuid level	: 20
wp		: yes
flags		: fpu vme de pse tsc msr pae mce cx8 apic sep mtrr pge mca cmov pat pse36 clflush dts acpi mmx fxsr sse sse2 ss ht tm pbe syscall nx pdpe1gb rdtscp lm constant_tsc arch_perfmon pebs bts rep_good nopl xtopology nonstop_tsc aperfmperf eagerfpu pni pclmulqdq dtes64 monitor ds_cpl vmx est tm2 ssse3 fma cx16 xtpr pdcm pcid sse4_1 sse4_2 x2apic movbe popcnt tsc_deadline_timer xsave avx f16c rdrand lahf_lm abm 3dnowprefetch ida arat epb pln pts dtherm intel_pt tpr_shadow vnmi flexpriority ept vpid fsgsbase tsc_adjust bmi1 avx2 smep bmi2 erms invpcid rdseed adx smap xsaveopt
bugs		:
bogomips	: 4389.61
clflush size	: 64
cache_alignment	: 64
address sizes	: 39 bits physical, 48 bits virtual
power management:

processor	: 2
vendor_id	: GenuineIntel
cpu family	: 6
model		: 61
model name	: Intel(R) Core(TM) i5-5200U CPU @ 2.20GHz
stepping	: 4
microcode	: 0x21
cpu MHz		: 2691.562
cache size	: 3072 KB
physical id	: 0
siblings	: 4
core id		: 1
cpu cores	: 2
apicid		: 2
initial apicid	: 2
fpu		: yes
fpu_exception	: yes
cpuid level	: 20
wp		: yes
flags		: fpu vme de pse tsc msr pae mce cx8 apic sep mtrr pge mca cmov pat pse36 clflush dts acpi mmx fxsr sse sse2 ss ht tm pbe syscall nx pdpe1gb rdtscp lm constant_tsc arch_perfmon pebs bts rep_good nopl xtopology nonstop_tsc aperfmperf eagerfpu pni pclmulqdq dtes64 monitor ds_cpl vmx est tm2 ssse3 fma cx16 xtpr pdcm pcid sse4_1 sse4_2 x2apic movbe popcnt tsc_deadline_timer xsave avx f16c rdrand lahf_lm abm 3dnowprefetch ida arat epb pln pts dtherm intel_pt tpr_shadow vnmi flexpriority ept vpid fsgsbase tsc_adjust bmi1 avx2 smep bmi2 erms invpcid rdseed adx smap xsaveopt
bugs		:
bogomips	: 4389.61
clflush size	: 64
cache_alignment	: 64
address sizes	: 39 bits physical, 48 bits virtual
power management:

processor	: 3
vendor_id	: GenuineIntel
cpu family	: 6
model		: 61
model name	: Intel(R) Core(TM) i5-5200U CPU @ 2.20GHz
stepping	: 4
microcode	: 0x21
cpu MHz		: 2354.945
cache size	: 3072 KB
physical id	: 0
siblings	: 4
core id		: 1
cpu cores	: 2
apicid		: 3
initial apicid	: 3
fpu		: yes
fpu_exception	: yes
cpuid level	: 20
wp		: yes
flags		: fpu vme de pse tsc msr pae mce cx8 apic sep mtrr pge mca cmov pat pse36 clflush dts acpi mmx fxsr sse sse2 ss ht tm pbe syscall nx pdpe1gb rdtscp lm constant_tsc arch_perfmon pebs bts rep_good nopl xtopology nonstop_tsc aperfmperf eagerfpu pni pclmulqdq dtes64 monitor ds_cpl vmx est tm2 ssse3 fma cx16 xtpr pdcm pcid sse4_1 sse4_2 x2apic movbe popcnt tsc_deadline_timer xsave avx f16c rdrand lahf_lm abm 3dnowprefetch ida arat epb pln pts dtherm intel_pt tpr_shadow vnmi flexpriority ept vpid fsgsbase tsc_adjust bmi1 avx2 smep bmi2 erms invpcid rdseed adx smap xsaveopt
bugs		:
bogomips	: 4389.61
clflush size	: 64
cache_alignment	: 64
address sizes	: 39 bits physical, 48 bits virtual
power management:



Memory: 4k page, physical 7868668k(56364k free), swap 0k(0k free)

vm_info: OpenJDK 64-Bit Server VM (24.95-b01) for linux-amd64 JRE (1.7.0_101-b00), built on Apr 24 2016 20:35:58 by "buildd" with gcc 5.2.1 20151010

time: Wed Jun 15 16:19:30 2016
elapsed time: 28 seconds

