#
# There is insufficient memory for the Java Runtime Environment to continue.
# Native memory allocation (malloc) failed to allocate 166723584 bytes for committing reserved memory.
# Possible reasons:
#   The system is out of physical RAM or swap space
#   In 32 bit mode, the process size limit was hit
# Possible solutions:
#   Reduce memory load on the system
#   Increase physical memory or swap space
#   Check if swap backing store is full
#   Use 64 bit Java on a 64 bit OS
#   Decrease Java heap size (-Xmx/-Xms)
#   Decrease number of Java threads
#   Decrease Java thread stack sizes (-Xss)
#   Set larger code cache with -XX:ReservedCodeCacheSize=
# This output file may be truncated or incomplete.
#
#  Out of Memory Error (os_linux.cpp:2827), pid=18240, tid=139744963901184
#
# JRE version: OpenJDK Runtime Environment (7.0_101) (build 1.7.0_101-b00)
# Java VM: OpenJDK 64-Bit Server VM (24.95-b01 mixed mode linux-amd64 compressed oops)
# Derivative: IcedTea 2.6.6
# Distribution: Ubuntu 15.10, package 7u101-2.6.6-0ubuntu0.15.10.1
# Failed to write core dump. Core dumps have been disabled. To enable core dumping, try "ulimit -c unlimited" before starting Java again
#

---------------  T H R E A D  ---------------

Current thread (0x00007f18f0076000):  VMThread [stack: 0x00007f18e8deb000,0x00007f18e8eec000] [id=18249]

Stack: [0x00007f18e8deb000,0x00007f18e8eec000],  sp=0x00007f18e8eea4f0,  free space=1021k
Native frames: (J=compiled Java code, j=interpreted, Vv=VM code, C=native code)
V  [libjvm.so+0x996303]
V  [libjvm.so+0x48b94f]
V  [libjvm.so+0x802a2b]
V  [libjvm.so+0x7fce1e]
V  [libjvm.so+0x872f2b]
V  [libjvm.so+0x874873]
V  [libjvm.so+0x870af8]
V  [libjvm.so+0x870ddc]
V  [libjvm.so+0x8263e3]
V  [libjvm.so+0x997da2]
V  [libjvm.so+0x99cae7]
V  [libjvm.so+0x99a378]
V  [libjvm.so+0x99b6ef]
V  [libjvm.so+0x99bbe1]
V  [libjvm.so+0x7ff952]

VM_Operation (0x00007f18ba2fa0f0): ParallelGCFailedAllocation, mode: safepoint, requested by thread 0x00007f18f019a800


---------------  P R O C E S S  ---------------

Java Threads: ( => current thread )
  0x00007f18f019d800 JavaThread "pool-1-thread-4" [_thread_blocked, id=18261, stack(0x00007f18b9ff9000,0x00007f18ba0fa000)]
  0x00007f18f019c000 JavaThread "pool-1-thread-3" [_thread_blocked, id=18260, stack(0x00007f18ba0fa000,0x00007f18ba1fb000)]
  0x00007f18f019a800 JavaThread "pool-1-thread-2" [_thread_blocked, id=18259, stack(0x00007f18ba1fb000,0x00007f18ba2fc000)]
  0x00007f18f0199000 JavaThread "pool-2-thread-1" [_thread_blocked, id=18258, stack(0x00007f18ba2fc000,0x00007f18ba3fd000)]
  0x00007f18f0197000 JavaThread "pool-1-thread-1" [_thread_blocked, id=18257, stack(0x00007f18ba3fd000,0x00007f18ba4fe000)]
  0x00007f18f00b1000 JavaThread "Service Thread" daemon [_thread_blocked, id=18255, stack(0x00007f18e8103000,0x00007f18e8204000)]
  0x00007f18f00ae800 JavaThread "C2 CompilerThread1" daemon [_thread_blocked, id=18254, stack(0x00007f18e8204000,0x00007f18e8305000)]
  0x00007f18f00ab800 JavaThread "C2 CompilerThread0" daemon [_thread_blocked, id=18253, stack(0x00007f18e8305000,0x00007f18e8406000)]
  0x00007f18f00a9800 JavaThread "Signal Dispatcher" daemon [_thread_blocked, id=18252, stack(0x00007f18e8406000,0x00007f18e8507000)]
  0x00007f18f007c800 JavaThread "Finalizer" daemon [_thread_blocked, id=18251, stack(0x00007f18e8be9000,0x00007f18e8cea000)]
  0x00007f18f007a800 JavaThread "Reference Handler" daemon [_thread_blocked, id=18250, stack(0x00007f18e8cea000,0x00007f18e8deb000)]
  0x00007f18f000a800 JavaThread "main" [_thread_blocked, id=18244, stack(0x00007f18f7589000,0x00007f18f768a000)]

Other Threads:
=>0x00007f18f0076000 VMThread [stack: 0x00007f18e8deb000,0x00007f18e8eec000] [id=18249]
  0x00007f18f00bb800 WatcherThread [stack: 0x00007f18e8002000,0x00007f18e8103000] [id=18256]

VM state:at safepoint (normal execution)

VM Mutex/Monitor currently owned by a thread:  ([mutex/lock_event])
[0x00007f18f0006aa0] Threads_lock - owner thread: 0x00007f18f0076000
[0x00007f18f0006fa0] Heap_lock - owner thread: 0x00007f18f019a800
[0x00007f18f00075a0] MethodData_lock - owner thread: 0x00007f18f019d800

Heap
 PSYoungGen      total 128000K, used 5114K [0x00000000eaa80000, 0x00000000f2c80000, 0x0000000100000000)
  eden space 122880K, 0% used [0x00000000eaa80000,0x00000000eaa80000,0x00000000f2280000)
  from space 5120K, 99% used [0x00000000f2280000,0x00000000f277e8f8,0x00000000f2780000)
  to   space 5120K, 0% used [0x00000000f2780000,0x00000000f2780000,0x00000000f2c80000)
 ParOldGen       total 81920K, used 40016K [0x00000000c0000000, 0x00000000c5000000, 0x00000000eaa80000)
  object space 81920K, 48% used [0x00000000c0000000,0x00000000c2714098,0x00000000c5000000)
 PSPermGen       total 21504K, used 6408K [0x00000000b5a00000, 0x00000000b6f00000, 0x00000000c0000000)
  object space 21504K, 29% used [0x00000000b5a00000,0x00000000b60421b0,0x00000000b6f00000)

Card table byte_map: [0x00007f18ecdac000,0x00007f18ed000000] byte_map_base: 0x00007f18ec7ff000

Polling page: 0x00007f18f76ab000

Code Cache  [0x00007f18ed000000, 0x00007f18ed270000, 0x00007f18f0000000)
 total_blobs=593 nmethods=362 adapters=184 free_code_cache=47495Kb largest_free_block=48576128

Compilation events (10 events):
Event: 15.527 Thread 0x00007f18f00ae800  367   !         com.android.dx.cf.code.Simulator::simulate (74 bytes)
Event: 15.528 Thread 0x00007f18f00ab800 nmethod 366 0x00007f18ed0e9890 code [0x00007f18ed0e99e0, 0x00007f18ed0e9b98]
Event: 15.528 Thread 0x00007f18f00ab800  368             com.android.dx.ssa.MoveParamCombiner$1::visitNonMoveInsn (213 bytes)
Event: 15.544 Thread 0x00007f18f00ae800 nmethod 367 0x00007f18ed18bc10 code [0x00007f18ed18bd80, 0x00007f18ed18bf38]
Event: 15.544 Thread 0x00007f18f00ae800  369             com.android.dx.ssa.LiteralOpUpgrader$1::visitNonMoveInsn (203 bytes)
Event: 15.553 Thread 0x00007f18f00ab800 nmethod 368 0x00007f18ed0df290 code [0x00007f18ed0df4a0, 0x00007f18ed0df9f0]
Event: 15.553 Thread 0x00007f18f00ab800  370             com.android.dx.ssa.LiteralOpUpgrader::access$000 (6 bytes)
Event: 16.653 Thread 0x00007f18f00ab800 nmethod 370 0x00007f18ed1a3bd0 code [0x00007f18ed1a3ee0, 0x00007f18ed1a4ee0]
Event: 16.660 Thread 0x00007f18f00ab800  371             com.android.dx.ssa.back.FirstFitLocalCombiningAllocator$1::processInsn (169 bytes)
Event: 16.654 Thread 0x00007f18f00ae800 nmethod 369 0x00007f18ed1a6fd0 code [0x00007f18ed1a74a0, 0x00007f18ed1a9210]

GC Heap History (9 events):
Event: 3.720 GC heap before
{Heap before GC invocations=1 (full 0):
 PSYoungGen      total 35840K, used 30720K [0x00000000eaa80000, 0x00000000ed280000, 0x0000000100000000)
  eden space 30720K, 100% used [0x00000000eaa80000,0x00000000ec880000,0x00000000ec880000)
  from space 5120K, 0% used [0x00000000ecd80000,0x00000000ecd80000,0x00000000ed280000)
  to   space 5120K, 0% used [0x00000000ec880000,0x00000000ec880000,0x00000000ecd80000)
 ParOldGen       total 81920K, used 0K [0x00000000c0000000, 0x00000000c5000000, 0x00000000eaa80000)
  object space 81920K, 0% used [0x00000000c0000000,0x00000000c0000000,0x00000000c5000000)
 PSPermGen       total 21504K, used 6106K [0x00000000b5a00000, 0x00000000b6f00000, 0x00000000c0000000)
  object space 21504K, 28% used [0x00000000b5a00000,0x00000000b5ff6ad8,0x00000000b6f00000)
Event: 3.786 GC heap after
Heap after GC invocations=1 (full 0):
 PSYoungGen      total 35840K, used 5105K [0x00000000eaa80000, 0x00000000ef080000, 0x0000000100000000)
  eden space 30720K, 0% used [0x00000000eaa80000,0x00000000eaa80000,0x00000000ec880000)
  from space 5120K, 99% used [0x00000000ec880000,0x00000000ecd7c488,0x00000000ecd80000)
  to   space 5120K, 0% used [0x00000000eeb80000,0x00000000eeb80000,0x00000000ef080000)
 ParOldGen       total 81920K, used 592K [0x00000000c0000000, 0x00000000c5000000, 0x00000000eaa80000)
  object space 81920K, 0% used [0x00000000c0000000,0x00000000c0094350,0x00000000c5000000)
 PSPermGen       total 21504K, used 6106K [0x00000000b5a00000, 0x00000000b6f00000, 0x00000000c0000000)
  object space 21504K, 28% used [0x00000000b5a00000,0x00000000b5ff6ad8,0x00000000b6f00000)
}
Event: 5.284 GC heap before
{Heap before GC invocations=2 (full 0):
 PSYoungGen      total 35840K, used 35825K [0x00000000eaa80000, 0x00000000ef080000, 0x0000000100000000)
  eden space 30720K, 100% used [0x00000000eaa80000,0x00000000ec880000,0x00000000ec880000)
  from space 5120K, 99% used [0x00000000ec880000,0x00000000ecd7c488,0x00000000ecd80000)
  to   space 5120K, 0% used [0x00000000eeb80000,0x00000000eeb80000,0x00000000ef080000)
 ParOldGen       total 81920K, used 592K [0x00000000c0000000, 0x00000000c5000000, 0x00000000eaa80000)
  object space 81920K, 0% used [0x00000000c0000000,0x00000000c0094350,0x00000000c5000000)
 PSPermGen       total 21504K, used 6253K [0x00000000b5a00000, 0x00000000b6f00000, 0x00000000c0000000)
  object space 21504K, 29% used [0x00000000b5a00000,0x00000000b601b6d8,0x00000000b6f00000)
Event: 5.349 GC heap after
Heap after GC invocations=2 (full 0):
 PSYoungGen      total 66560K, used 5089K [0x00000000eaa80000, 0x00000000ef080000, 0x0000000100000000)
  eden space 61440K, 0% used [0x00000000eaa80000,0x00000000eaa80000,0x00000000ee680000)
  from space 5120K, 99% used [0x00000000eeb80000,0x00000000ef0786b8,0x00000000ef080000)
  to   space 5120K, 0% used [0x00000000ee680000,0x00000000ee680000,0x00000000eeb80000)
 ParOldGen       total 81920K, used 4132K [0x00000000c0000000, 0x00000000c5000000, 0x00000000eaa80000)
  object space 81920K, 5% used [0x00000000c0000000,0x00000000c0409300,0x00000000c5000000)
 PSPermGen       total 21504K, used 6253K [0x00000000b5a00000, 0x00000000b6f00000, 0x00000000c0000000)
  object space 21504K, 29% used [0x00000000b5a00000,0x00000000b601b6d8,0x00000000b6f00000)
}
Event: 8.664 GC heap before
{Heap before GC invocations=3 (full 0):
 PSYoungGen      total 66560K, used 66529K [0x00000000eaa80000, 0x00000000ef080000, 0x0000000100000000)
  eden space 61440K, 100% used [0x00000000eaa80000,0x00000000ee680000,0x00000000ee680000)
  from space 5120K, 99% used [0x00000000eeb80000,0x00000000ef0786b8,0x00000000ef080000)
  to   space 5120K, 0% used [0x00000000ee680000,0x00000000ee680000,0x00000000eeb80000)
 ParOldGen       total 81920K, used 4132K [0x00000000c0000000, 0x00000000c5000000, 0x00000000eaa80000)
  object space 81920K, 5% used [0x00000000c0000000,0x00000000c0409300,0x00000000c5000000)
 PSPermGen       total 21504K, used 6322K [0x00000000b5a00000, 0x00000000b6f00000, 0x00000000c0000000)
  object space 21504K, 29% used [0x00000000b5a00000,0x00000000b602caa8,0x00000000b6f00000)
Event: 8.727 GC heap after
Heap after GC invocations=3 (full 0):
 PSYoungGen      total 66560K, used 5092K [0x00000000eaa80000, 0x00000000f2c80000, 0x0000000100000000)
  eden space 61440K, 0% used [0x00000000eaa80000,0x00000000eaa80000,0x00000000ee680000)
  from space 5120K, 99% used [0x00000000ee680000,0x00000000eeb793e0,0x00000000eeb80000)
  to   space 5120K, 0% used [0x00000000f2780000,0x00000000f2780000,0x00000000f2c80000)
 ParOldGen       total 81920K, used 13349K [0x00000000c0000000, 0x00000000c5000000, 0x00000000eaa80000)
  object space 81920K, 16% used [0x00000000c0000000,0x00000000c0d09710,0x00000000c5000000)
 PSPermGen       total 21504K, used 6322K [0x00000000b5a00000, 0x00000000b6f00000, 0x00000000c0000000)
  object space 21504K, 29% used [0x00000000b5a00000,0x00000000b602caa8,0x00000000b6f00000)
}
Event: 11.047 GC heap before
{Heap before GC invocations=4 (full 0):
 PSYoungGen      total 66560K, used 66532K [0x00000000eaa80000, 0x00000000f2c80000, 0x0000000100000000)
  eden space 61440K, 100% used [0x00000000eaa80000,0x00000000ee680000,0x00000000ee680000)
  from space 5120K, 99% used [0x00000000ee680000,0x00000000eeb793e0,0x00000000eeb80000)
  to   space 5120K, 0% used [0x00000000f2780000,0x00000000f2780000,0x00000000f2c80000)
 ParOldGen       total 81920K, used 13349K [0x00000000c0000000, 0x00000000c5000000, 0x00000000eaa80000)
  object space 81920K, 16% used [0x00000000c0000000,0x00000000c0d09710,0x00000000c5000000)
 PSPermGen       total 21504K, used 6360K [0x00000000b5a00000, 0x00000000b6f00000, 0x00000000c0000000)
  object space 21504K, 29% used [0x00000000b5a00000,0x00000000b60363f0,0x00000000b6f00000)
Event: 11.142 GC heap after
Heap after GC invocations=4 (full 0):
 PSYoungGen      total 128000K, used 5090K [0x00000000eaa80000, 0x00000000f2c80000, 0x0000000100000000)
  eden space 122880K, 0% used [0x00000000eaa80000,0x00000000eaa80000,0x00000000f2280000)
  from space 5120K, 99% used [0x00000000f2780000,0x00000000f2c788d8,0x00000000f2c80000)
  to   space 5120K, 0% used [0x00000000f2280000,0x00000000f2280000,0x00000000f2780000)
 ParOldGen       total 81920K, used 22328K [0x00000000c0000000, 0x00000000c5000000, 0x00000000eaa80000)
  object space 81920K, 27% used [0x00000000c0000000,0x00000000c15ce130,0x00000000c5000000)
 PSPermGen       total 21504K, used 6360K [0x00000000b5a00000, 0x00000000b6f00000, 0x00000000c0000000)
  object space 21504K, 29% used [0x00000000b5a00000,0x00000000b60363f0,0x00000000b6f00000)
}
Event: 16.990 GC heap before
{Heap before GC invocations=5 (full 0):
 PSYoungGen      total 128000K, used 127970K [0x00000000eaa80000, 0x00000000f2c80000, 0x0000000100000000)
  eden space 122880K, 100% used [0x00000000eaa80000,0x00000000f2280000,0x00000000f2280000)
  from space 5120K, 99% used [0x00000000f2780000,0x00000000f2c788d8,0x00000000f2c80000)
  to   space 5120K, 0% used [0x00000000f2280000,0x00000000f2280000,0x00000000f2780000)
 ParOldGen       total 81920K, used 22328K [0x00000000c0000000, 0x00000000c5000000, 0x00000000eaa80000)
  object space 81920K, 27% used [0x00000000c0000000,0x00000000c15ce130,0x00000000c5000000)
 PSPermGen       total 21504K, used 6408K [0x00000000b5a00000, 0x00000000b6f00000, 0x00000000c0000000)
  object space 21504K, 29% used [0x00000000b5a00000,0x00000000b60421b0,0x00000000b6f00000)

Deoptimization events (10 events):
Event: 5.102 Thread 0x00007f18f000a800 Uncommon trap: reason=unstable_if action=reinterpret pc=0x00007f18ed07b684 method=com.android.dx.rop.cst.Constant.compareTo(Lcom/android/dx/rop/cst/Constant;)I @ 12
Event: 5.148 Thread 0x00007f18f0197000 Uncommon trap: reason=null_check action=make_not_entrant pc=0x00007f18ed0b34a0 method=com.android.dx.ssa.SsaRenamer.getLocalForNewReg(I)Lcom/android/dx/rop/code/LocalItem; @ 19
Event: 6.061 Thread 0x00007f18f019a800 Uncommon trap: reason=unstable_if action=reinterpret pc=0x00007f18ed0c65e4 method=com.android.dx.ssa.LocalVariableExtractor.processBlock(I)V @ 251
Event: 6.519 Thread 0x00007f18f000a800 Uncommon trap: reason=unstable_if action=reinterpret pc=0x00007f18ed09dcb4 method=com.android.dx.util.IntList.binarysearch(I)I @ 105
Event: 7.651 Thread 0x00007f18f000a800 Uncommon trap: reason=unstable_if action=reinterpret pc=0x00007f18ed0e7d04 method=com.android.dx.ssa.Dominators.run()V @ 346
Event: 8.535 Thread 0x00007f18f000a800 Uncommon trap: reason=null_check action=make_not_entrant pc=0x00007f18ed0df804 method=com.android.dx.rop.type.Type.putIntern(Lcom/android/dx/rop/type/Type;)Lcom/android/dx/rop/type/Type; @ 18
Event: 13.545 Thread 0x00007f18f000a800 Uncommon trap: reason=unstable_if action=reinterpret pc=0x00007f18ed13a394 method=java.util.BitSet.ensureCapacity(I)V @ 6
Event: 14.414 Thread 0x00007f18f019a800 Uncommon trap: reason=null_check action=make_not_entrant pc=0x00007f18ed15b694 method=com.android.dx.cf.code.Ropper$CatchInfo.getSetup(Lcom/android/dx/rop/type/Type;)Lcom/android/dx/cf/code/Ropper$ExceptionHandlerSetup; @ 10
Event: 15.030 Thread 0x00007f18f019d800 Uncommon trap: reason=unstable_if action=reinterpret pc=0x00007f18ed0b6718 method=com.android.dx.dex.code.OutputFinisher.hasLocalInfo(Lcom/android/dx/dex/code/DalvInsn;)Z @ 24
Event: 15.237 Thread 0x00007f18f019c000 Uncommon trap: reason=unstable_if action=reinterpret pc=0x00007f18ed0f825c method=com.android.dx.ssa.SCCP.simulateBranch(Lcom/android/dx/ssa/SsaInsn;)V @ 548

Internal exceptions (10 events):
Event: 2.902 Thread 0x00007f18f019d800 Implicit null exception at 0x00007f18ed07dd51 to 0x00007f18ed07df91
Event: 2.980 Thread 0x00007f18f000a800 Threw 0x00000000ebf8e5b8 at /build/openjdk-7-hZgspp/openjdk-7-7u101-2.6.6/build/openjdk/hotspot/src/share/vm/prims/jvm.cpp:1322
Event: 2.998 Thread 0x00007f18f000a800 Threw 0x00000000ebf9fd10 at /build/openjdk-7-hZgspp/openjdk-7-7u101-2.6.6/build/openjdk/hotspot/src/share/vm/prims/jvm.cpp:1322
Event: 4.380 Thread 0x00007f18f000a800 Threw 0x00000000eb759468 at /build/openjdk-7-hZgspp/openjdk-7-7u101-2.6.6/build/openjdk/hotspot/src/share/vm/prims/jvm.cpp:1322
Event: 5.148 Thread 0x00007f18f0197000 Implicit null exception at 0x00007f18ed0b2823 to 0x00007f18ed0b3485
Event: 6.739 Thread 0x00007f18f019d800 Threw 0x00000000ec35dd78 at /build/openjdk-7-hZgspp/openjdk-7-7u101-2.6.6/build/openjdk/hotspot/src/share/vm/prims/jvm.cpp:1322
Event: 7.769 Thread 0x00007f18f019a800 Threw 0x00000000ed7c6720 at /build/openjdk-7-hZgspp/openjdk-7-7u101-2.6.6/build/openjdk/hotspot/src/share/vm/prims/jvm.cpp:1322
Event: 8.535 Thread 0x00007f18f000a800 Implicit null exception at 0x00007f18ed0df13f to 0x00007f18ed0df7f5
Event: 10.684 Thread 0x00007f18f000a800 Threw 0x00000000edb187a0 at /build/openjdk-7-hZgspp/openjdk-7-7u101-2.6.6/build/openjdk/hotspot/src/share/vm/prims/jvm.cpp:1322
Event: 14.414 Thread 0x00007f18f019a800 Implicit null exception at 0x00007f18ed157d1d to 0x00007f18ed15b661

Events (10 events):
Event: 14.414 Thread 0x00007f18f019a800 DEOPT UNPACKING pc=0x00007f18ed039445 sp=0x00007f18ba2fa248 mode 2
Event: 14.757 Thread 0x00007f18f00ab800 flushing nmethod 0x00007f18ed0e5290
Event: 15.030 Thread 0x00007f18f019d800 Uncommon trap: trap_request=0xffffff75 fr.pc=0x00007f18ed0b6718
Event: 15.030 Thread 0x00007f18f019d800 DEOPT PACKING pc=0x00007f18ed0b6718 sp=0x00007f18ba0f8280
Event: 15.030 Thread 0x00007f18f019d800 DEOPT UNPACKING pc=0x00007f18ed039445 sp=0x00007f18ba0f8118 mode 2
Event: 15.237 Thread 0x00007f18f019c000 Uncommon trap: trap_request=0xffffff75 fr.pc=0x00007f18ed0f825c
Event: 15.237 Thread 0x00007f18f019c000 DEOPT PACKING pc=0x00007f18ed0f825c sp=0x00007f18ba1f91a0
Event: 15.237 Thread 0x00007f18f019c000 DEOPT UNPACKING pc=0x00007f18ed039445 sp=0x00007f18ba1f9158 mode 2
Event: 15.520 Thread 0x00007f18f00ae800 flushing nmethod 0x00007f18ed0de8d0
Event: 16.660 Executing VM operation: ParallelGCFailedAllocation


Dynamic libraries:
00400000-00401000 r-xp 00000000 08:05 11799176                           /usr/lib/jvm/java-7-openjdk-amd64/jre/bin/java
00600000-00601000 r--p 00000000 08:05 11799176                           /usr/lib/jvm/java-7-openjdk-amd64/jre/bin/java
00601000-00602000 rw-p 00001000 08:05 11799176                           /usr/lib/jvm/java-7-openjdk-amd64/jre/bin/java
01255000-01276000 rw-p 00000000 00:00 0                                  [heap]
b5a00000-b6f00000 rw-p 00000000 00:00 0 
b6f00000-c0000000 rw-p 00000000 00:00 0 
c0000000-c5000000 rw-p 00000000 00:00 0 
c5000000-eaa80000 rw-p 00000000 00:00 0 
eaa80000-f2c80000 rw-p 00000000 00:00 0 
fcb80000-100000000 rw-p 00000000 00:00 0 
7f18a0000000-7f18a0029000 rw-p 00000000 00:00 0 
7f18a0029000-7f18a4000000 ---p 00000000 00:00 0 
7f18a4000000-7f18a4021000 rw-p 00000000 00:00 0 
7f18a4021000-7f18a8000000 ---p 00000000 00:00 0 
7f18a8000000-7f18a8021000 rw-p 00000000 00:00 0 
7f18a8021000-7f18ac000000 ---p 00000000 00:00 0 
7f18ac000000-7f18ac02c000 rw-p 00000000 00:00 0 
7f18ac02c000-7f18b0000000 ---p 00000000 00:00 0 
7f18b0000000-7f18b0026000 rw-p 00000000 00:00 0 
7f18b0026000-7f18b4000000 ---p 00000000 00:00 0 
7f18b4000000-7f18b4021000 rw-p 00000000 00:00 0 
7f18b4021000-7f18b8000000 ---p 00000000 00:00 0 
7f18b9ff9000-7f18b9ffc000 ---p 00000000 00:00 0 
7f18b9ffc000-7f18ba0fa000 rw-p 00000000 00:00 0 
7f18ba0fa000-7f18ba0fd000 ---p 00000000 00:00 0 
7f18ba0fd000-7f18ba1fb000 rw-p 00000000 00:00 0 
7f18ba1fb000-7f18ba1fe000 ---p 00000000 00:00 0 
7f18ba1fe000-7f18ba2fc000 rw-p 00000000 00:00 0 
7f18ba2fc000-7f18ba2ff000 ---p 00000000 00:00 0 
7f18ba2ff000-7f18ba3fd000 rw-p 00000000 00:00 0 
7f18ba3fd000-7f18ba400000 ---p 00000000 00:00 0 
7f18ba400000-7f18ba7ff000 rw-p 00000000 00:00 0 
7f18ba7ff000-7f18ba86b000 r-xp 00000000 08:05 12851331                   /lib/x86_64-linux-gnu/libpcre.so.3.13.1
7f18ba86b000-7f18baa6b000 ---p 0006c000 08:05 12851331                   /lib/x86_64-linux-gnu/libpcre.so.3.13.1
7f18baa6b000-7f18baa6c000 r--p 0006c000 08:05 12851331                   /lib/x86_64-linux-gnu/libpcre.so.3.13.1
7f18baa6c000-7f18baa6d000 rw-p 0006d000 08:05 12851331                   /lib/x86_64-linux-gnu/libpcre.so.3.13.1
7f18baa6d000-7f18baa74000 r-xp 00000000 08:05 11542088                   /usr/lib/x86_64-linux-gnu/libffi.so.6.0.4
7f18baa74000-7f18bac73000 ---p 00007000 08:05 11542088                   /usr/lib/x86_64-linux-gnu/libffi.so.6.0.4
7f18bac73000-7f18bac74000 r--p 00006000 08:05 11542088                   /usr/lib/x86_64-linux-gnu/libffi.so.6.0.4
7f18bac74000-7f18bac75000 rw-p 00007000 08:05 11542088                   /usr/lib/x86_64-linux-gnu/libffi.so.6.0.4
7f18bac75000-7f18bac8c000 r-xp 00000000 08:05 12845240                   /lib/x86_64-linux-gnu/libresolv-2.21.so
7f18bac8c000-7f18bae8c000 ---p 00017000 08:05 12845240                   /lib/x86_64-linux-gnu/libresolv-2.21.so
7f18bae8c000-7f18bae8d000 r--p 00017000 08:05 12845240                   /lib/x86_64-linux-gnu/libresolv-2.21.so
7f18bae8d000-7f18bae8e000 rw-p 00018000 08:05 12845240                   /lib/x86_64-linux-gnu/libresolv-2.21.so
7f18bae8e000-7f18bae90000 rw-p 00000000 00:00 0 
7f18bae90000-7f18baeb1000 r-xp 00000000 08:05 12851333                   /lib/x86_64-linux-gnu/libselinux.so.1
7f18baeb1000-7f18bb0b0000 ---p 00021000 08:05 12851333                   /lib/x86_64-linux-gnu/libselinux.so.1
7f18bb0b0000-7f18bb0b1000 r--p 00020000 08:05 12851333                   /lib/x86_64-linux-gnu/libselinux.so.1
7f18bb0b1000-7f18bb0b2000 rw-p 00021000 08:05 12851333                   /lib/x86_64-linux-gnu/libselinux.so.1
7f18bb0b2000-7f18bb0b4000 rw-p 00000000 00:00 0 
7f18bb0b4000-7f18bb0b7000 r-xp 00000000 08:05 11534990                   /usr/lib/x86_64-linux-gnu/libgmodule-2.0.so.0.4600.2
7f18bb0b7000-7f18bb2b6000 ---p 00003000 08:05 11534990                   /usr/lib/x86_64-linux-gnu/libgmodule-2.0.so.0.4600.2
7f18bb2b6000-7f18bb2b7000 r--p 00002000 08:05 11534990                   /usr/lib/x86_64-linux-gnu/libgmodule-2.0.so.0.4600.2
7f18bb2b7000-7f18bb2b8000 rw-p 00003000 08:05 11534990                   /usr/lib/x86_64-linux-gnu/libgmodule-2.0.so.0.4600.2
7f18bb2b8000-7f18bb3c5000 r-xp 00000000 08:05 12845862                   /lib/x86_64-linux-gnu/libglib-2.0.so.0.4600.2
7f18bb3c5000-7f18bb5c4000 ---p 0010d000 08:05 12845862                   /lib/x86_64-linux-gnu/libglib-2.0.so.0.4600.2
7f18bb5c4000-7f18bb5c5000 r--p 0010c000 08:05 12845862                   /lib/x86_64-linux-gnu/libglib-2.0.so.0.4600.2
7f18bb5c5000-7f18bb5c6000 rw-p 0010d000 08:05 12845862                   /lib/x86_64-linux-gnu/libglib-2.0.so.0.4600.2
7f18bb5c6000-7f18bb5c7000 rw-p 00000000 00:00 0 
7f18bb5c7000-7f18bb619000 r-xp 00000000 08:05 11534989                   /usr/lib/x86_64-linux-gnu/libgobject-2.0.so.0.4600.2
7f18bb619000-7f18bb818000 ---p 00052000 08:05 11534989                   /usr/lib/x86_64-linux-gnu/libgobject-2.0.so.0.4600.2
7f18bb818000-7f18bb819000 r--p 00051000 08:05 11534989                   /usr/lib/x86_64-linux-gnu/libgobject-2.0.so.0.4600.2
7f18bb819000-7f18bb81a000 rw-p 00052000 08:05 11534989                   /usr/lib/x86_64-linux-gnu/libgobject-2.0.so.0.4600.2
7f18bb81a000-7f18bb994000 r-xp 00000000 08:05 11534988                   /usr/lib/x86_64-linux-gnu/libgio-2.0.so.0.4600.2
7f18bb994000-7f18bbb93000 ---p 0017a000 08:05 11534988                   /usr/lib/x86_64-linux-gnu/libgio-2.0.so.0.4600.2
7f18bbb93000-7f18bbb97000 r--p 00179000 08:05 11534988                   /usr/lib/x86_64-linux-gnu/libgio-2.0.so.0.4600.2
7f18bbb97000-7f18bbb99000 rw-p 0017d000 08:05 11534988                   /usr/lib/x86_64-linux-gnu/libgio-2.0.so.0.4600.2
7f18bbb99000-7f18bbb9b000 rw-p 00000000 00:00 0 
7f18bbb9d000-7f18bbba4000 r--s 00000000 08:05 11799658                   /usr/lib/x86_64-linux-gnu/gconv/gconv-modules.cache
7f18bbba4000-7f18bbbb8000 r--p 00000000 08:05 12718168                   /usr/share/locale-langpack/zh_CN/LC_MESSAGES/libc.mo
7f18bbbb8000-7f18bbbcf000 r-xp 00000000 08:05 11799198                   /usr/lib/jvm/java-7-openjdk-amd64/jre/lib/amd64/libnet.so
7f18bbbcf000-7f18bbdcf000 ---p 00017000 08:05 11799198                   /usr/lib/jvm/java-7-openjdk-amd64/jre/lib/amd64/libnet.so
7f18bbdcf000-7f18bbdd0000 r--p 00017000 08:05 11799198                   /usr/lib/jvm/java-7-openjdk-amd64/jre/lib/amd64/libnet.so
7f18bbdd0000-7f18bbdd1000 rw-p 00018000 08:05 11799198                   /usr/lib/jvm/java-7-openjdk-amd64/jre/lib/amd64/libnet.so
7f18bbdd1000-7f18bbde2000 r-xp 00000000 08:05 11799220                   /usr/lib/jvm/java-7-openjdk-amd64/jre/lib/amd64/libnio.so
7f18bbde2000-7f18bbfe1000 ---p 00011000 08:05 11799220                   /usr/lib/jvm/java-7-openjdk-amd64/jre/lib/amd64/libnio.so
7f18bbfe1000-7f18bbfe2000 r--p 00010000 08:05 11799220                   /usr/lib/jvm/java-7-openjdk-amd64/jre/lib/amd64/libnio.so
7f18bbfe2000-7f18bbfe3000 rw-p 00011000 08:05 11799220                   /usr/lib/jvm/java-7-openjdk-amd64/jre/lib/amd64/libnio.so
7f18bbfe3000-7f18bbfed000 r--s 0008b000 08:05 4194371                    /home/zuojj/workdir/filemanager/YMfileManager/app/build/intermediates/exploded-aar/com.android.support/appcompat-v7/23.3.0/jars/classes.jar
7f18bbfed000-7f18bbffc000 r--s 000df000 08:05 2098534                    /home/zuojj/Android/Sdk/build-tools/23.0.3/lib/dx.jar
7f18bbffc000-7f18bc000000 r--s 00034000 08:05 11799245                   /usr/lib/jvm/java-7-openjdk-amd64/jre/lib/ext/sunjce_provider.jar
7f18bc000000-7f18bd50f000 rw-p 00000000 00:00 0 
7f18bd50f000-7f18c0000000 ---p 00000000 00:00 0 
7f18c0000000-7f18c0021000 rw-p 00000000 00:00 0 
7f18c0021000-7f18c4000000 ---p 00000000 00:00 0 
7f18c4000000-7f18c4021000 rw-p 00000000 00:00 0 
7f18c4021000-7f18c8000000 ---p 00000000 00:00 0 
7f18c8000000-7f18c94b0000 rw-p 00000000 00:00 0 
7f18c94b0000-7f18cc000000 ---p 00000000 00:00 0 
7f18cc000000-7f18cc021000 rw-p 00000000 00:00 0 
7f18cc021000-7f18d0000000 ---p 00000000 00:00 0 
7f18d0000000-7f18d0021000 rw-p 00000000 00:00 0 
7f18d0021000-7f18d4000000 ---p 00000000 00:00 0 
7f18d4000000-7f18d4021000 rw-p 00000000 00:00 0 
7f18d4021000-7f18d8000000 ---p 00000000 00:00 0 
7f18d8000000-7f18d8021000 rw-p 00000000 00:00 0 
7f18d8021000-7f18dc000000 ---p 00000000 00:00 0 
7f18dc000000-7f18dc021000 rw-p 00000000 00:00 0 
7f18dc021000-7f18e0000000 ---p 00000000 00:00 0 
7f18e0000000-7f18e0021000 rw-p 00000000 00:00 0 
7f18e0021000-7f18e4000000 ---p 00000000 00:00 0 
7f18e4000000-7f18e4021000 rw-p 00000000 00:00 0 
7f18e4021000-7f18e8000000 ---p 00000000 00:00 0 
7f18e8002000-7f18e8003000 ---p 00000000 00:00 0 
7f18e8003000-7f18e8103000 rw-p 00000000 00:00 0 
7f18e8103000-7f18e8106000 ---p 00000000 00:00 0 
7f18e8106000-7f18e8204000 rw-p 00000000 00:00 0 
7f18e8204000-7f18e8207000 ---p 00000000 00:00 0 
7f18e8207000-7f18e8305000 rw-p 00000000 00:00 0 
7f18e8305000-7f18e8308000 ---p 00000000 00:00 0 
7f18e8308000-7f18e8406000 rw-p 00000000 00:00 0 
7f18e8406000-7f18e8409000 ---p 00000000 00:00 0 
7f18e8409000-7f18e8507000 rw-p 00000000 00:00 0 
7f18e8507000-7f18e8be9000 r--p 00000000 08:05 11541696                   /usr/lib/locale/locale-archive
7f18e8be9000-7f18e8bec000 ---p 00000000 00:00 0 
7f18e8bec000-7f18e8cea000 rw-p 00000000 00:00 0 
7f18e8cea000-7f18e8ced000 ---p 00000000 00:00 0 
7f18e8ced000-7f18e8deb000 rw-p 00000000 00:00 0 
7f18e8deb000-7f18e8dec000 ---p 00000000 00:00 0 
7f18e8dec000-7f18e9ea7000 rw-p 00000000 00:00 0 
7f18e9ea7000-7f18ea059000 r--s 01d32000 08:05 11799233                   /usr/lib/jvm/java-7-openjdk-amd64/jre/lib/rt.jar
7f18ea059000-7f18ec852000 rw-p 00000000 00:00 0 
7f18ec852000-7f18ec853000 ---p 00000000 00:00 0 
7f18ec853000-7f18ec953000 rw-p 00000000 00:00 0 
7f18ec953000-7f18ec954000 ---p 00000000 00:00 0 
7f18ec954000-7f18eca54000 rw-p 00000000 00:00 0 
7f18eca54000-7f18eca55000 ---p 00000000 00:00 0 
7f18eca55000-7f18ecb55000 rw-p 00000000 00:00 0 
7f18ecb55000-7f18ecb56000 ---p 00000000 00:00 0 
7f18ecb56000-7f18ecc7e000 rw-p 00000000 00:00 0 
7f18ecc7e000-7f18ecdac000 rw-p 00000000 00:00 0 
7f18ecdac000-7f18ecdb7000 rw-p 00000000 00:00 0 
7f18ecdb7000-7f18ecdff000 rw-p 00000000 00:00 0 
7f18ecdff000-7f18ece27000 rw-p 00000000 00:00 0 
7f18ece27000-7f18ecf54000 rw-p 00000000 00:00 0 
7f18ecf54000-7f18ecf96000 rw-p 00000000 00:00 0 
7f18ecf96000-7f18ecfff000 rw-p 00000000 00:00 0 
7f18ecfff000-7f18ed000000 rw-p 00000000 00:00 0 
7f18ed000000-7f18ed270000 rwxp 00000000 00:00 0 
7f18ed270000-7f18f01e8000 rw-p 00000000 00:00 0 
7f18f01e8000-7f18f4000000 ---p 00000000 00:00 0 
7f18f4000000-7f18f40d0000 rw-p 00000000 00:00 0 
7f18f40d0000-7f18f4118000 rw-p 00000000 00:00 0 
7f18f4118000-7f18f4120000 r-xp 00000000 08:05 11799203                   /usr/lib/jvm/java-7-openjdk-amd64/jre/lib/amd64/libzip.so
7f18f4120000-7f18f431f000 ---p 00008000 08:05 11799203                   /usr/lib/jvm/java-7-openjdk-amd64/jre/lib/amd64/libzip.so
7f18f431f000-7f18f4320000 r--p 00007000 08:05 11799203                   /usr/lib/jvm/java-7-openjdk-amd64/jre/lib/amd64/libzip.so
7f18f4320000-7f18f4321000 rw-p 00008000 08:05 11799203                   /usr/lib/jvm/java-7-openjdk-amd64/jre/lib/amd64/libzip.so
7f18f4321000-7f18f432b000 r-xp 00000000 08:05 12845228                   /lib/x86_64-linux-gnu/libnss_files-2.21.so
7f18f432b000-7f18f452b000 ---p 0000a000 08:05 12845228                   /lib/x86_64-linux-gnu/libnss_files-2.21.so
7f18f452b000-7f18f452c000 r--p 0000a000 08:05 12845228                   /lib/x86_64-linux-gnu/libnss_files-2.21.so
7f18f452c000-7f18f452d000 rw-p 0000b000 08:05 12845228                   /lib/x86_64-linux-gnu/libnss_files-2.21.so
7f18f452d000-7f18f4538000 r-xp 00000000 08:05 12845242                   /lib/x86_64-linux-gnu/libnss_nis-2.21.so
7f18f4538000-7f18f4737000 ---p 0000b000 08:05 12845242                   /lib/x86_64-linux-gnu/libnss_nis-2.21.so
7f18f4737000-7f18f4738000 r--p 0000a000 08:05 12845242                   /lib/x86_64-linux-gnu/libnss_nis-2.21.so
7f18f4738000-7f18f4739000 rw-p 0000b000 08:05 12845242                   /lib/x86_64-linux-gnu/libnss_nis-2.21.so
7f18f4739000-7f18f4750000 r-xp 00000000 08:05 12845245                   /lib/x86_64-linux-gnu/libnsl-2.21.so
7f18f4750000-7f18f494f000 ---p 00017000 08:05 12845245                   /lib/x86_64-linux-gnu/libnsl-2.21.so
7f18f494f000-7f18f4950000 r--p 00016000 08:05 12845245                   /lib/x86_64-linux-gnu/libnsl-2.21.so
7f18f4950000-7f18f4951000 rw-p 00017000 08:05 12845245                   /lib/x86_64-linux-gnu/libnsl-2.21.so
7f18f4951000-7f18f4953000 rw-p 00000000 00:00 0 
7f18f4953000-7f18f495b000 r-xp 00000000 08:05 12845230                   /lib/x86_64-linux-gnu/libnss_compat-2.21.so
7f18f495b000-7f18f4b5a000 ---p 00008000 08:05 12845230                   /lib/x86_64-linux-gnu/libnss_compat-2.21.so
7f18f4b5a000-7f18f4b5b000 r--p 00007000 08:05 12845230                   /lib/x86_64-linux-gnu/libnss_compat-2.21.so
7f18f4b5b000-7f18f4b5c000 rw-p 00008000 08:05 12845230                   /lib/x86_64-linux-gnu/libnss_compat-2.21.so
7f18f4b5c000-7f18f4b88000 r-xp 00000000 08:05 11799189                   /usr/lib/jvm/java-7-openjdk-amd64/jre/lib/amd64/libjava.so
7f18f4b88000-7f18f4d87000 ---p 0002c000 08:05 11799189                   /usr/lib/jvm/java-7-openjdk-amd64/jre/lib/amd64/libjava.so
7f18f4d87000-7f18f4d88000 r--p 0002b000 08:05 11799189                   /usr/lib/jvm/java-7-openjdk-amd64/jre/lib/amd64/libjava.so
7f18f4d88000-7f18f4d8a000 rw-p 0002c000 08:05 11799189                   /usr/lib/jvm/java-7-openjdk-amd64/jre/lib/amd64/libjava.so
7f18f4d8a000-7f18f4d99000 r-xp 00000000 08:05 11799190                   /usr/lib/jvm/java-7-openjdk-amd64/jre/lib/amd64/libverify.so
7f18f4d99000-7f18f4f98000 ---p 0000f000 08:05 11799190                   /usr/lib/jvm/java-7-openjdk-amd64/jre/lib/amd64/libverify.so
7f18f4f98000-7f18f4f9a000 r--p 0000e000 08:05 11799190                   /usr/lib/jvm/java-7-openjdk-amd64/jre/lib/amd64/libverify.so
7f18f4f9a000-7f18f4f9b000 rw-p 00010000 08:05 11799190                   /usr/lib/jvm/java-7-openjdk-amd64/jre/lib/amd64/libverify.so
7f18f4f9b000-7f18f4fa2000 r-xp 00000000 08:05 12845229                   /lib/x86_64-linux-gnu/librt-2.21.so
7f18f4fa2000-7f18f51a1000 ---p 00007000 08:05 12845229                   /lib/x86_64-linux-gnu/librt-2.21.so
7f18f51a1000-7f18f51a2000 r--p 00006000 08:05 12845229                   /lib/x86_64-linux-gnu/librt-2.21.so
7f18f51a2000-7f18f51a3000 rw-p 00007000 08:05 12845229                   /lib/x86_64-linux-gnu/librt-2.21.so
7f18f51a3000-7f18f51b9000 r-xp 00000000 08:05 12849246                   /lib/x86_64-linux-gnu/libgcc_s.so.1
7f18f51b9000-7f18f53b8000 ---p 00016000 08:05 12849246                   /lib/x86_64-linux-gnu/libgcc_s.so.1
7f18f53b8000-7f18f53b9000 r--p 00015000 08:05 12849246                   /lib/x86_64-linux-gnu/libgcc_s.so.1
7f18f53b9000-7f18f53ba000 rw-p 00016000 08:05 12849246                   /lib/x86_64-linux-gnu/libgcc_s.so.1
7f18f53ba000-7f18f54c1000 r-xp 00000000 08:05 12845231                   /lib/x86_64-linux-gnu/libm-2.21.so
7f18f54c1000-7f18f56c0000 ---p 00107000 08:05 12845231                   /lib/x86_64-linux-gnu/libm-2.21.so
7f18f56c0000-7f18f56c1000 r--p 00106000 08:05 12845231                   /lib/x86_64-linux-gnu/libm-2.21.so
7f18f56c1000-7f18f56c2000 rw-p 00107000 08:05 12845231                   /lib/x86_64-linux-gnu/libm-2.21.so
7f18f56c2000-7f18f5835000 r-xp 00000000 08:05 11541573                   /usr/lib/x86_64-linux-gnu/libstdc++.so.6.0.21
7f18f5835000-7f18f5a34000 ---p 00173000 08:05 11541573                   /usr/lib/x86_64-linux-gnu/libstdc++.so.6.0.21
7f18f5a34000-7f18f5a3e000 r--p 00172000 08:05 11541573                   /usr/lib/x86_64-linux-gnu/libstdc++.so.6.0.21
7f18f5a3e000-7f18f5a40000 rw-p 0017c000 08:05 11541573                   /usr/lib/x86_64-linux-gnu/libstdc++.so.6.0.21
7f18f5a40000-7f18f5a44000 rw-p 00000000 00:00 0 
7f18f5a44000-7f18f6597000 r-xp 00000000 08:05 11799201                   /usr/lib/jvm/java-7-openjdk-amd64/jre/lib/amd64/server/libjvm.so
7f18f6597000-7f18f6796000 ---p 00b53000 08:05 11799201                   /usr/lib/jvm/java-7-openjdk-amd64/jre/lib/amd64/server/libjvm.so
7f18f6796000-7f18f6827000 r--p 00b52000 08:05 11799201                   /usr/lib/jvm/java-7-openjdk-amd64/jre/lib/amd64/server/libjvm.so
7f18f6827000-7f18f684a000 rw-p 00be3000 08:05 11799201                   /usr/lib/jvm/java-7-openjdk-amd64/jre/lib/amd64/server/libjvm.so
7f18f684a000-7f18f6877000 rw-p 00000000 00:00 0 
7f18f6877000-7f18f6890000 r-xp 00000000 08:05 12846150                   /lib/x86_64-linux-gnu/libz.so.1.2.8
7f18f6890000-7f18f6a8f000 ---p 00019000 08:05 12846150                   /lib/x86_64-linux-gnu/libz.so.1.2.8
7f18f6a8f000-7f18f6a90000 r--p 00018000 08:05 12846150                   /lib/x86_64-linux-gnu/libz.so.1.2.8
7f18f6a90000-7f18f6a91000 rw-p 00019000 08:05 12846150                   /lib/x86_64-linux-gnu/libz.so.1.2.8
7f18f6a91000-7f18f6aa9000 r-xp 00000000 08:05 12845232                   /lib/x86_64-linux-gnu/libpthread-2.21.so
7f18f6aa9000-7f18f6ca9000 ---p 00018000 08:05 12845232                   /lib/x86_64-linux-gnu/libpthread-2.21.so
7f18f6ca9000-7f18f6caa000 r--p 00018000 08:05 12845232                   /lib/x86_64-linux-gnu/libpthread-2.21.so
7f18f6caa000-7f18f6cab000 rw-p 00019000 08:05 12845232                   /lib/x86_64-linux-gnu/libpthread-2.21.so
7f18f6cab000-7f18f6caf000 rw-p 00000000 00:00 0 
7f18f6caf000-7f18f6cb2000 r-xp 00000000 08:05 12845235                   /lib/x86_64-linux-gnu/libdl-2.21.so
7f18f6cb2000-7f18f6eb1000 ---p 00003000 08:05 12845235                   /lib/x86_64-linux-gnu/libdl-2.21.so
7f18f6eb1000-7f18f6eb2000 r--p 00002000 08:05 12845235                   /lib/x86_64-linux-gnu/libdl-2.21.so
7f18f6eb2000-7f18f6eb3000 rw-p 00003000 08:05 12845235                   /lib/x86_64-linux-gnu/libdl-2.21.so
7f18f6eb3000-7f18f7073000 r-xp 00000000 08:05 12845248                   /lib/x86_64-linux-gnu/libc-2.21.so
7f18f7073000-7f18f7273000 ---p 001c0000 08:05 12845248                   /lib/x86_64-linux-gnu/libc-2.21.so
7f18f7273000-7f18f7277000 r--p 001c0000 08:05 12845248                   /lib/x86_64-linux-gnu/libc-2.21.so
7f18f7277000-7f18f7279000 rw-p 001c4000 08:05 12845248                   /lib/x86_64-linux-gnu/libc-2.21.so
7f18f7279000-7f18f727d000 rw-p 00000000 00:00 0 
7f18f727d000-7f18f728a000 r-xp 00000000 08:05 11799217                   /usr/lib/jvm/java-7-openjdk-amd64/jre/lib/amd64/jli/libjli.so
7f18f728a000-7f18f7489000 ---p 0000d000 08:05 11799217                   /usr/lib/jvm/java-7-openjdk-amd64/jre/lib/amd64/jli/libjli.so
7f18f7489000-7f18f748a000 r--p 0000c000 08:05 11799217                   /usr/lib/jvm/java-7-openjdk-amd64/jre/lib/amd64/jli/libjli.so
7f18f748a000-7f18f748b000 rw-p 0000d000 08:05 11799217                   /usr/lib/jvm/java-7-openjdk-amd64/jre/lib/amd64/jli/libjli.so
7f18f748b000-7f18f74af000 r-xp 00000000 08:05 12845246                   /lib/x86_64-linux-gnu/ld-2.21.so
7f18f74b1000-7f18f74d3000 rw-p 00000000 00:00 0 
7f18f74d3000-7f18f7589000 rw-p 00000000 00:00 0 
7f18f7589000-7f18f758c000 ---p 00000000 00:00 0 
7f18f758c000-7f18f768f000 rw-p 00000000 00:00 0 
7f18f7691000-7f18f7692000 rw-p 00000000 00:00 0 
7f18f7692000-7f18f7695000 r--s 0000f000 08:05 11799246                   /usr/lib/jvm/java-7-openjdk-amd64/jre/lib/ext/icedtea-sound.jar
7f18f7695000-7f18f7699000 r--s 00085000 08:05 11799247                   /usr/lib/jvm/java-7-openjdk-amd64/jre/lib/ext/localedata.jar
7f18f7699000-7f18f769d000 r--s 0003c000 08:05 11799248                   /usr/lib/jvm/java-7-openjdk-amd64/jre/lib/ext/sunpkcs11.jar
7f18f769d000-7f18f769f000 r--s 00012000 08:05 11799244                   /usr/lib/jvm/java-7-openjdk-amd64/jre/lib/ext/zipfs.jar
7f18f769f000-7f18f76a1000 r--s 00007000 08:05 12061105                   /usr/share/java/java-atk-wrapper.jar
7f18f76a1000-7f18f76a2000 r--s 00002000 08:05 11799243                   /usr/lib/jvm/java-7-openjdk-amd64/jre/lib/ext/dnsns.jar
7f18f76a2000-7f18f76aa000 rw-s 00000000 08:05 8651258                    /tmp/hsperfdata_zuojj/18240
7f18f76aa000-7f18f76ab000 rw-p 00000000 00:00 0 
7f18f76ab000-7f18f76ac000 ---p 00000000 00:00 0 
7f18f76ac000-7f18f76ae000 rw-p 00000000 00:00 0 
7f18f76ae000-7f18f76af000 r--p 00023000 08:05 12845246                   /lib/x86_64-linux-gnu/ld-2.21.so
7f18f76af000-7f18f76b0000 rw-p 00024000 08:05 12845246                   /lib/x86_64-linux-gnu/ld-2.21.so
7f18f76b0000-7f18f76b1000 rw-p 00000000 00:00 0 
7ffcaca54000-7ffcaca75000 rw-p 00000000 00:00 0                          [stack]
7ffcacb69000-7ffcacb6b000 r--p 00000000 00:00 0                          [vvar]
7ffcacb6b000-7ffcacb6d000 r-xp 00000000 00:00 0                          [vdso]
ffffffffff600000-ffffffffff601000 r-xp 00000000 00:00 0                  [vsyscall]

VM Arguments:
jvm_args: -Djava.awt.headless=true -Xmx1024M -Dfile.encoding=UTF-8 -Duser.country=CN -Duser.language=zh -Duser.variant 
java_command: com.android.dx.command.Main --dex --force-jumbo --num-threads=4 --output /home/zuojj/workdir/filemanager/YMfileManager/app/build/intermediates/pre-dexed/debug/com.android.support-appcompat-v7-23.3.0_4e91a91fcd17048636de6eca2f93fb9b948b03af.jar /home/zuojj/workdir/filemanager/YMfileManager/app/build/intermediates/exploded-aar/com.android.support/appcompat-v7/23.3.0/jars/classes.jar
Launcher Type: SUN_STANDARD

Environment Variables:
JAVA_HOME=/usr/local/java/jdk1.7.0_95
JRE_HOME=/usr/local/java/jre1.7.0_95
PATH=/home/zuojj/bin:/usr/local/sbin:/usr/local/bin:/usr/sbin:/usr/bin:/sbin:/bin:/usr/games:/usr/local/games:/usr/local/java/jre1.7.0_95/bin:/usr/local/java/jdk1.7.0_95/bin
LD_LIBRARY_PATH=/opt/android-studio/bin:
SHELL=/usr/bin/zsh
DISPLAY=:0

Signal Handlers:
SIGSEGV: [libjvm.so+0x996e60], sa_mask[0]=0x7ffbfeff, sa_flags=0x10000004
SIGBUS: [libjvm.so+0x996e60], sa_mask[0]=0x7ffbfeff, sa_flags=0x10000004
SIGFPE: [libjvm.so+0x7fdc90], sa_mask[0]=0x7ffbfeff, sa_flags=0x10000004
SIGPIPE: [libjvm.so+0x7fdc90], sa_mask[0]=0x7ffbfeff, sa_flags=0x10000004
SIGXFSZ: [libjvm.so+0x7fdc90], sa_mask[0]=0x7ffbfeff, sa_flags=0x10000004
SIGILL: [libjvm.so+0x7fdc90], sa_mask[0]=0x7ffbfeff, sa_flags=0x10000004
SIGUSR1: SIG_DFL, sa_mask[0]=0x00000000, sa_flags=0x00000000
SIGUSR2: [libjvm.so+0x7fdb10], sa_mask[0]=0x00000004, sa_flags=0x10000004
SIGHUP: [libjvm.so+0x7fdca0], sa_mask[0]=0x7ffbfeff, sa_flags=0x10000004
SIGINT: [libjvm.so+0x7fdca0], sa_mask[0]=0x7ffbfeff, sa_flags=0x10000004
SIGTERM: [libjvm.so+0x7fdca0], sa_mask[0]=0x7ffbfeff, sa_flags=0x10000004
SIGQUIT: [libjvm.so+0x7fdca0], sa_mask[0]=0x7ffbfeff, sa_flags=0x10000004
SIGTRAP: SIG_DFL, sa_mask[0]=0x00000000, sa_flags=0x00000000


---------------  S Y S T E M  ---------------

OS:Ubuntu 15.10 (wily)
uname:Linux 4.2.0-36-generic #42-Ubuntu SMP Thu May 12 22:05:35 UTC 2016 x86_64
libc:glibc 2.21 NPTL 2.21 
rlimit: STACK 8192k, CORE 0k, NPROC 30593, NOFILE 65536, AS infinity
load average:9.11 2.95 1.64

/proc/meminfo:
MemTotal:        7868668 kB
MemFree:          313208 kB
MemAvailable:     352604 kB
Buffers:            1200 kB
Cached:          1893412 kB
SwapCached:            0 kB
Active:          5692084 kB
Inactive:        1676728 kB
Active(anon):    5673492 kB
Inactive(anon):  1656216 kB
Active(file):      18592 kB
Inactive(file):    20512 kB
Unevictable:          32 kB
Mlocked:              32 kB
SwapTotal:             0 kB
SwapFree:              0 kB
Dirty:               200 kB
Writeback:             0 kB
AnonPages:       5474384 kB
Mapped:           603600 kB
Shmem:           1855356 kB
Slab:              79872 kB
SReclaimable:      42040 kB
SUnreclaim:        37832 kB
KernelStack:       10912 kB
PageTables:        44148 kB
NFS_Unstable:          0 kB
Bounce:                0 kB
WritebackTmp:          0 kB
CommitLimit:     3934332 kB
Committed_AS:   12069664 kB
VmallocTotal:   34359738367 kB
VmallocUsed:      365572 kB
VmallocChunk:   34358947836 kB
HardwareCorrupted:     0 kB
AnonHugePages:   3940352 kB
CmaTotal:              0 kB
CmaFree:               0 kB
HugePages_Total:       0
HugePages_Free:        0
HugePages_Rsvd:        0
HugePages_Surp:        0
Hugepagesize:       2048 kB
DirectMap4k:      113412 kB
DirectMap2M:     4818944 kB
DirectMap1G:     4194304 kB


CPU:total 4 (2 cores per cpu, 2 threads per core) family 6 model 61 stepping 4, cmov, cx8, fxsr, mmx, sse, sse2, sse3, ssse3, sse4.1, sse4.2, popcnt, avx, avx2, erms, ht, tsc, tscinvbit

/proc/cpuinfo:
processor	: 0
vendor_id	: GenuineIntel
cpu family	: 6
model		: 61
model name	: Intel(R) Core(TM) i5-5200U CPU @ 2.20GHz
stepping	: 4
microcode	: 0x21
cpu MHz		: 2695.171
cache size	: 3072 KB
physical id	: 0
siblings	: 4
core id		: 0
cpu cores	: 2
apicid		: 0
initial apicid	: 0
fpu		: yes
fpu_exception	: yes
cpuid level	: 20
wp		: yes
flags		: fpu vme de pse tsc msr pae mce cx8 apic sep mtrr pge mca cmov pat pse36 clflush dts acpi mmx fxsr sse sse2 ss ht tm pbe syscall nx pdpe1gb rdtscp lm constant_tsc arch_perfmon pebs bts rep_good nopl xtopology nonstop_tsc aperfmperf eagerfpu pni pclmulqdq dtes64 monitor ds_cpl vmx est tm2 ssse3 fma cx16 xtpr pdcm pcid sse4_1 sse4_2 x2apic movbe popcnt tsc_deadline_timer xsave avx f16c rdrand lahf_lm abm 3dnowprefetch ida arat epb pln pts dtherm intel_pt tpr_shadow vnmi flexpriority ept vpid fsgsbase tsc_adjust bmi1 avx2 smep bmi2 erms invpcid rdseed adx smap xsaveopt
bugs		:
bogomips	: 4390.23
clflush size	: 64
cache_alignment	: 64
address sizes	: 39 bits physical, 48 bits virtual
power management:

processor	: 1
vendor_id	: GenuineIntel
cpu family	: 6
model		: 61
model name	: Intel(R) Core(TM) i5-5200U CPU @ 2.20GHz
stepping	: 4
microcode	: 0x21
cpu MHz		: 2637.937
cache size	: 3072 KB
physical id	: 0
siblings	: 4
core id		: 0
cpu cores	: 2
apicid		: 1
initial apicid	: 1
fpu		: yes
fpu_exception	: yes
cpuid level	: 20
wp		: yes
flags		: fpu vme de pse tsc msr pae mce cx8 apic sep mtrr pge mca cmov pat pse36 clflush dts acpi mmx fxsr sse sse2 ss ht tm pbe syscall nx pdpe1gb rdtscp lm constant_tsc arch_perfmon pebs bts rep_good nopl xtopology nonstop_tsc aperfmperf eagerfpu pni pclmulqdq dtes64 monitor ds_cpl vmx est tm2 ssse3 fma cx16 xtpr pdcm pcid sse4_1 sse4_2 x2apic movbe popcnt tsc_deadline_timer xsave avx f16c rdrand lahf_lm abm 3dnowprefetch ida arat epb pln pts dtherm intel_pt tpr_shadow vnmi flexpriority ept vpid fsgsbase tsc_adjust bmi1 avx2 smep bmi2 erms invpcid rdseed adx smap xsaveopt
bugs		:
bogomips	: 4390.23
clflush size	: 64
cache_alignment	: 64
address sizes	: 39 bits physical, 48 bits virtual
power management:

processor	: 2
vendor_id	: GenuineIntel
cpu family	: 6
model		: 61
model name	: Intel(R) Core(TM) i5-5200U CPU @ 2.20GHz
stepping	: 4
microcode	: 0x21
cpu MHz		: 2500.007
cache size	: 3072 KB
physical id	: 0
siblings	: 4
core id		: 1
cpu cores	: 2
apicid		: 2
initial apicid	: 2
fpu		: yes
fpu_exception	: yes
cpuid level	: 20
wp		: yes
flags		: fpu vme de pse tsc msr pae mce cx8 apic sep mtrr pge mca cmov pat pse36 clflush dts acpi mmx fxsr sse sse2 ss ht tm pbe syscall nx pdpe1gb rdtscp lm constant_tsc arch_perfmon pebs bts rep_good nopl xtopology nonstop_tsc aperfmperf eagerfpu pni pclmulqdq dtes64 monitor ds_cpl vmx est tm2 ssse3 fma cx16 xtpr pdcm pcid sse4_1 sse4_2 x2apic movbe popcnt tsc_deadline_timer xsave avx f16c rdrand lahf_lm abm 3dnowprefetch ida arat epb pln pts dtherm intel_pt tpr_shadow vnmi flexpriority ept vpid fsgsbase tsc_adjust bmi1 avx2 smep bmi2 erms invpcid rdseed adx smap xsaveopt
bugs		:
bogomips	: 4390.23
clflush size	: 64
cache_alignment	: 64
address sizes	: 39 bits physical, 48 bits virtual
power management:

processor	: 3
vendor_id	: GenuineIntel
cpu family	: 6
model		: 61
model name	: Intel(R) Core(TM) i5-5200U CPU @ 2.20GHz
stepping	: 4
microcode	: 0x21
cpu MHz		: 2500.007
cache size	: 3072 KB
physical id	: 0
siblings	: 4
core id		: 1
cpu cores	: 2
apicid		: 3
initial apicid	: 3
fpu		: yes
fpu_exception	: yes
cpuid level	: 20
wp		: yes
flags		: fpu vme de pse tsc msr pae mce cx8 apic sep mtrr pge mca cmov pat pse36 clflush dts acpi mmx fxsr sse sse2 ss ht tm pbe syscall nx pdpe1gb rdtscp lm constant_tsc arch_perfmon pebs bts rep_good nopl xtopology nonstop_tsc aperfmperf eagerfpu pni pclmulqdq dtes64 monitor ds_cpl vmx est tm2 ssse3 fma cx16 xtpr pdcm pcid sse4_1 sse4_2 x2apic movbe popcnt tsc_deadline_timer xsave avx f16c rdrand lahf_lm abm 3dnowprefetch ida arat epb pln pts dtherm intel_pt tpr_shadow vnmi flexpriority ept vpid fsgsbase tsc_adjust bmi1 avx2 smep bmi2 erms invpcid rdseed adx smap xsaveopt
bugs		:
bogomips	: 4390.23
clflush size	: 64
cache_alignment	: 64
address sizes	: 39 bits physical, 48 bits virtual
power management:



Memory: 4k page, physical 7868668k(313208k free), swap 0k(0k free)

vm_info: OpenJDK 64-Bit Server VM (24.95-b01) for linux-amd64 JRE (1.7.0_101-b00), built on Apr 24 2016 20:35:58 by "buildd" with gcc 5.2.1 20151010

time: Fri Jun 17 18:19:23 2016
elapsed time: 23 seconds

